Welcome to Battle of Slimes 2!
Enemy has Pink, Green and Red, starting with Pink.
You can select three from five (1 for Green, 2 for Red, 3 for Blue, 4 for Yellow, 5 for Pink).
Select your 1st slime: Select your 2nd slime: Select your 3rd slime: You have Yellow, Blue and Green, starting with Yellow
Your Yellow: HP 90 || Enemy's Pink: HP 120
Battle starts!
--------------------------------------------------
Round 1
Select your action (0 for escape, 1 for skill, 2 for change): Select your action (0 for escape, 1 for skill, 2 for change): Select your action (0 for escape, 1 for skill, 2 for change): Select your next slime (0 for back, 2 for Blue-HP100, 3 for Green-HP110): You send Green
Enemy's Pink uses Sing! Your Green falls asleep
Your Green: HP 110 || Enemy's Pink: HP 120
--------------------------------------------------
Round 2
Select your action (0 for escape, 1 for skill, 2 for change): Select your action (0 for escape, 1 for skill, 2 for change): Select your next slime (0 for back, 1 for Yellow-HP90, 2 for Blue-HP100): You send Yellow
Enemy's Pink uses Paint! Your Yellow is painted
Your Yellow: HP 90 || Enemy's Pink: HP 120
--------------------------------------------------
Round 3
Select your action (0 for escape, 1 for skill, 2 for change): Select the skill (0 for back, 1 for Quick, 2 for Volt, 3 for Thunder): Your Yellow uses Volt! Damage: 31
Enemy's Pink uses Sing! Your Yellow falls asleep
Your Yellow: HP 90 || Enemy's Pink: HP 89
--------------------------------------------------
Round 4
Select your action (0 for escape, 1 for skill, 2 for change): Select your next slime (0 for back, 2 for Blue-HP100, 3 for Green-HP110): You send Green
Enemy's Pink uses Slap! Damage: 27
Your Green wakes up
Your Green: HP 83 || Enemy's Pink: HP 89
--------------------------------------------------
Round 5
Select your action (0 for escape, 1 for skill, 2 for change): Select the skill (0 for back, 1 for Tackle, 2 for Leaf, 3 for Synthesis): Your Green uses Tackle! Damage: 25
Enemy's Pink uses Sing! Your Green falls asleep
Your Green: HP 83 || Enemy's Pink: HP 64
--------------------------------------------------
Round 6
Select your action (0 for escape, 1 for skill, 2 for change): Select the skill (0 for back, 1 for Tackle, 2 for Leaf, 3 for Synthesis): Your Green is sleeping
Enemy's Pink uses Paint! Your Green is painted
Your Green: HP 83 || Enemy's Pink: HP 64
--------------------------------------------------
Round 7
Select your action (0 for escape, 1 for skill, 2 for change): Select your next slime (0 for back, 1 for Yellow-HP90, 2 for Blue-HP100): You send Yellow
Enemy's Pink uses Slap! Damage: 54
Your Yellow wakes up
Your Yellow: HP 36 || Enemy's Pink: HP 64
--------------------------------------------------
Round 8
Select your action (0 for escape, 1 for skill, 2 for change): Select your next slime (0 for back, 2 for Blue-HP100, 3 for Green-HP83): Select your next slime (0 for back, 2 for Blue-HP100, 3 for Green-HP83): You send Green
Enemy's Pink uses Sing! Waste
Your Green: HP 83 || Enemy's Pink: HP 64
--------------------------------------------------
Your Green wakes up
Round 9
Select your action (0 for escape, 1 for skill, 2 for change): Select your next slime (0 for back, 1 for Yellow-HP36, 2 for Blue-HP100): You send Yellow
Enemy's Pink uses Sing! Your Yellow falls asleep
Your Yellow: HP 36 || Enemy's Pink: HP 64
--------------------------------------------------
Round 10
Select your action (0 for escape, 1 for skill, 2 for change): Select your action (0 for escape, 1 for skill, 2 for change): Select your action (0 for escape, 1 for skill, 2 for change): Select the skill (0 for back, 1 for Quick, 2 for Volt, 3 for Thunder): Your Yellow is sleeping
Enemy's Pink uses Slap! Damage: 54
Your Yellow is beaten
Select your next slime (2 for Blue-HP100, 3 for Green-HP83): Select your next slime (2 for Blue-HP100, 3 for Green-HP83): You send Green
Your Green: HP 83 || Enemy's Pink: HP 64
--------------------------------------------------
Round 11
Select your action (0 for escape, 1 for skill, 2 for change): Select your next slime (0 for back, 2 for Blue-HP100): You send Blue
Enemy's Pink uses Sing! Your Blue falls asleep
Your Blue: HP 100 || Enemy's Pink: HP 64
--------------------------------------------------
Round 12
Select your action (0 for escape, 1 for skill, 2 for change): Select your next slime (0 for back, 3 for Green-HP83): Select your next slime (0 for back, 3 for Green-HP83): Select your next slime (0 for back, 3 for Green-HP83): You send Green
Enemy's Pink uses Paint! Your Green is painted
Your Green: HP 83 || Enemy's Pink: HP 64
--------------------------------------------------
Round 13
Select your action (0 for escape, 1 for skill, 2 for change): Select your action (0 for escape, 1 for skill, 2 for change): Select the skill (0 for back, 1 for Tackle, 2 for Leaf, 3 for Synthesis): Your Green uses Leaf! Damage: 25
Enemy's Pink uses Sing! Your Green falls asleep
Your Green: HP 83 || Enemy's Pink: HP 39
--------------------------------------------------
Round 14
Select your action (0 for escape, 1 for skill, 2 for change): Select the skill (0 for back, 1 for Tackle, 2 for Leaf, 3 for Synthesis): Your Green is sleeping
Enemy's Pink uses Slap! Damage: 54
Your Green wakes up
Your Green: HP 29 || Enemy's Pink: HP 39
--------------------------------------------------
Round 15
Select your action (0 for escape, 1 for skill, 2 for change): Select the skill (0 for back, 1 for Tackle, 2 for Leaf, 3 for Synthesis): Your Green uses Tackle! Damage: 25
Enemy's Pink uses Slap! Damage: 27
Your Green: HP 2 || Enemy's Pink: HP 14
--------------------------------------------------
Round 16
Select your action (0 for escape, 1 for skill, 2 for change): Select the skill (0 for back, 1 for Tackle, 2 for Leaf, 3 for Synthesis): Your Green uses Tackle! Damage: 25
Enemy's Pink is beaten
Enemy sends Green
Your Green: HP 2 || Enemy's Green: HP 110
--------------------------------------------------
Round 17
Select your action (0 for escape, 1 for skill, 2 for change): Select the skill (0 for back, 1 for Tackle, 2 for Leaf, 3 for Synthesis): Enemy's Green uses Tackle! Damage: 40
Your Green is beaten
Select your next slime (2 for Blue-HP100): Select your next slime (2 for Blue-HP100): Select your next slime (2 for Blue-HP100): Select your next slime (2 for Blue-HP100): Select your next slime (2 for Blue-HP100): You send Blue
Your Blue: HP 100 || Enemy's Green: HP 110
--------------------------------------------------
Round 18
Select your action (0 for escape, 1 for skill): Select the skill (0 for back, 1 for Tackle, 2 for Stream, 3 for Rainy): Enemy's Green uses Leaf! Damage: 29
Your Blue wakes up
Your Blue uses Tackle! Damage: 20
Your Blue: HP 71 || Enemy's Green: HP 90
--------------------------------------------------
Round 19
Select your action (0 for escape, 1 for skill): Select your action (0 for escape, 1 for skill): Select your action (0 for escape, 1 for skill): Select your action (0 for escape, 1 for skill): Select the skill (0 for back, 1 for Tackle, 2 for Stream, 3 for Rainy): Enemy's Green uses Leaf! Damage: 29
Your Blue uses Tackle! Damage: 20
Your Blue: HP 42 || Enemy's Green: HP 70
--------------------------------------------------
Round 20
Select your action (0 for escape, 1 for skill): Select your action (0 for escape, 1 for skill): Select your action (0 for escape, 1 for skill): Select your action (0 for escape, 1 for skill): Select your action (0 for escape, 1 for skill): Select your action (0 for escape, 1 for skill): Select your action (0 for escape, 1 for skill): Select the skill (0 for back, 1 for Tackle, 2 for Stream, 3 for Rainy): Enemy's Green uses Leaf! Damage: 29
Your Blue uses Stream! Damage: 10
Your Blue: HP 13 || Enemy's Green: HP 60
--------------------------------------------------
Round 21
Select your action (0 for escape, 1 for skill): Select your action (0 for escape, 1 for skill): Select your action (0 for escape, 1 for skill): Select your action (0 for escape, 1 for skill): Select your action (0 for escape, 1 for skill): Select the skill (0 for back, 1 for Tackle, 2 for Stream, 3 for Rainy): Enemy's Green uses Leaf! Damage: 29
Your Blue is beaten
You Lose
