Welcome to Battle of Slimes 2!
Enemy has Pink, Green and Red, starting with Pink.
You can select three from five (1 for Green, 2 for Red, 3 for Blue, 4 for Yellow, 5 for Pink).
Select your 1st slime: Select your 2nd slime: Select your 3rd slime: You have Pink, Yellow and Blue, starting with Pink
Your Pink: HP 120 || Enemy's Pink: HP 120
Battle starts!
--------------------------------------------------
Round 1
Select your action (0 for escape, 1 for skill, 2 for change): Select your next slime (0 for back, 2 for Yellow-HP90, 3 for Blue-HP100): You send Yellow
Enemy's Pink uses Sing! Your Yellow falls asleep
Your Yellow: HP 90 || Enemy's Pink: HP 120
--------------------------------------------------
Round 2
Select your action (0 for escape, 1 for skill, 2 for change): Select your next slime (0 for back, 1 for Pink-HP120, 3 for Blue-HP100): You send Blue
Enemy's Pink uses Paint! Your Blue is painted
Your Blue: HP 100 || Enemy's Pink: HP 120
--------------------------------------------------
Round 3
Select your action (0 for escape, 1 for skill, 2 for change): Select your action (0 for escape, 1 for skill, 2 for change): Select the skill (0 for back, 1 for Tackle, 2 for Stream, 3 for Rainy): Your Blue uses Stream! Damage: 25
Enemy's Pink uses Sing! Your Blue falls asleep
Your Blue: HP 100 || Enemy's Pink: HP 95
--------------------------------------------------
Round 4
Select your action (0 for escape, 1 for skill, 2 for change): Select your next slime (0 for back, 1 for Pink-HP120, 2 for Yellow-HP90): You send Pink
Enemy's Pink uses Slap! Damage: 17
Your Pink: HP 103 || Enemy's Pink: HP 95
--------------------------------------------------
Round 5
Select your action (0 for escape, 1 for skill, 2 for change): Select the skill (0 for back, 1 for Slap, 2 for Sing, 3 for Paint): Enemy's Pink uses Sing! Your Pink falls asleep
Your Pink is sleeping
Your Pink: HP 103 || Enemy's Pink: HP 95
--------------------------------------------------
Round 6
Select your action (0 for escape, 1 for skill, 2 for change): Select the skill (0 for back, 1 for Slap, 2 for Sing, 3 for Paint): Enemy's Pink uses Paint! Your Pink is painted
Your Pink is sleeping
Your Pink: HP 103 || Enemy's Pink: HP 95
--------------------------------------------------
Round 7
Select your action (0 for escape, 1 for skill, 2 for change): Select your action (0 for escape, 1 for skill, 2 for change): Select your action (0 for escape, 1 for skill, 2 for change): Select your action (0 for escape, 1 for skill, 2 for change): Select your next slime (0 for back, 2 for Yellow-HP90, 3 for Blue-HP100): Select your next slime (0 for back, 2 for Yellow-HP90, 3 for Blue-HP100): Select your next slime (0 for back, 2 for Yellow-HP90, 3 for Blue-HP100): Select your next slime (0 for back, 2 for Yellow-HP90, 3 for Blue-HP100): Select your next slime (0 for back, 2 for Yellow-HP90, 3 for Blue-HP100): You send Yellow
Enemy's Pink uses Slap! Damage: 27
Your Yellow wakes up
Your Yellow: HP 63 || Enemy's Pink: HP 95
--------------------------------------------------
Round 8
Select your action (0 for escape, 1 for skill, 2 for change): Select the skill (0 for back, 1 for Quick, 2 for Volt, 3 for Thunder): Your Yellow uses Quick! Damage: 19
Enemy's Pink uses Sing! Your Yellow falls asleep
Your Yellow: HP 63 || Enemy's Pink: HP 76
--------------------------------------------------
Round 9
Select your action (0 for escape, 1 for skill, 2 for change): Select your next slime (0 for back, 1 for Pink-HP103, 3 for Blue-HP100): You send Pink
Enemy's Pink uses Paint! Your Pink is painted
Your Pink: HP 103 || Enemy's Pink: HP 76
--------------------------------------------------
Your Pink wakes up
Round 10
Select your action (0 for escape, 1 for skill, 2 for change): Select your next slime (0 for back, 2 for Yellow-HP63, 3 for Blue-HP100): Select your next slime (0 for back, 2 for Yellow-HP63, 3 for Blue-HP100): You send Blue
Enemy's Pink uses Sing! Waste
Your Blue: HP 100 || Enemy's Pink: HP 76
--------------------------------------------------
Round 11
Select your action (0 for escape, 1 for skill, 2 for change): Select your next slime (0 for back, 1 for Pink-HP103, 2 for Yellow-HP63): Select your next slime (0 for back, 1 for Pink-HP103, 2 for Yellow-HP63): Select your next slime (0 for back, 1 for Pink-HP103, 2 for Yellow-HP63): Select your next slime (0 for back, 1 for Pink-HP103, 2 for Yellow-HP63): Select your next slime (0 for back, 1 for Pink-HP103, 2 for Yellow-HP63): You send Pink
Enemy's Pink uses Slap! Damage: 34
Your Pink: HP 69 || Enemy's Pink: HP 76
--------------------------------------------------
Round 12
Select your action (0 for escape, 1 for skill, 2 for change): Select your next slime (0 for back, 2 for Yellow-HP63, 3 for Blue-HP100): Select your next slime (0 for back, 2 for Yellow-HP63, 3 for Blue-HP100): You send Blue
Enemy's Pink uses Sing! Waste
Your Blue: HP 100 || Enemy's Pink: HP 76
--------------------------------------------------
Your Blue wakes up
Round 13
Select your action (0 for escape, 1 for skill, 2 for change): Select the skill (0 for back, 1 for Tackle, 2 for Stream, 3 for Rainy): Your Blue uses Stream! Damage: 25
Enemy's Pink uses Sing! Your Blue falls asleep
Your Blue: HP 100 || Enemy's Pink: HP 51
--------------------------------------------------
Round 14
Select your action (0 for escape, 1 for skill, 2 for change): Select the skill (0 for back, 1 for Tackle, 2 for Stream, 3 for Rainy): Your Blue is sleeping
Enemy's Pink uses Slap! Damage: 39
Your Blue wakes up
Your Blue: HP 61 || Enemy's Pink: HP 51
--------------------------------------------------
Round 15
Select your action (0 for escape, 1 for skill, 2 for change): Select your next slime (0 for back, 1 for Pink-HP69, 2 for Yellow-HP63): You send Yellow
Enemy's Pink uses Sing! Waste
Your Yellow: HP 63 || Enemy's Pink: HP 51
--------------------------------------------------
Round 16
Select your action (0 for escape, 1 for skill, 2 for change): Select the skill (0 for back, 1 for Quick, 2 for Volt, 3 for Thunder): Your Yellow is sleeping
Enemy's Pink uses Paint! Your Yellow is painted
Your Yellow: HP 63 || Enemy's Pink: HP 51
--------------------------------------------------
Your Yellow wakes up
Round 17
Select your action (0 for escape, 1 for skill, 2 for change): Select the skill (0 for back, 1 for Quick, 2 for Volt, 3 for Thunder): Your Yellow uses Quick! Damage: 19
Enemy's Pink uses Sing! Your Yellow falls asleep
Your Yellow: HP 63 || Enemy's Pink: HP 32
--------------------------------------------------
Round 18
Select your action (0 for escape, 1 for skill, 2 for change): Select your next slime (0 for back, 1 for Pink-HP69, 3 for Blue-HP61): Select your next slime (0 for back, 1 for Pink-HP69, 3 for Blue-HP61): Select your next slime (0 for back, 1 for Pink-HP69, 3 for Blue-HP61): You send Pink
Enemy's Pink uses Slap! Damage: 34
Your Pink: HP 35 || Enemy's Pink: HP 32
--------------------------------------------------
Round 19
Select your action (0 for escape, 1 for skill, 2 for change): Select the skill (0 for back, 1 for Slap, 2 for Sing, 3 for Paint): Enemy's Pink uses Slap! Damage: 34
Your Pink uses Slap! Damage: 17
Your Pink: HP 1 || Enemy's Pink: HP 15
--------------------------------------------------
Round 20
Select your action (0 for escape, 1 for skill, 2 for change): Select your next slime (0 for back, 2 for Yellow-HP63, 3 for Blue-HP61): Select your next slime (0 for back, 2 for Yellow-HP63, 3 for Blue-HP61): You send Blue
Enemy's Pink uses Slap! Damage: 19
Your Blue: HP 42 || Enemy's Pink: HP 15
--------------------------------------------------
Round 21
Select your action (0 for escape, 1 for skill, 2 for change): Select the skill (0 for back, 1 for Tackle, 2 for Stream, 3 for Rainy): Your Blue uses Rainy! Weather becomes rainy
Enemy's Pink uses Sing! Your Blue falls asleep
Your Blue: HP 42 || Enemy's Pink: HP 15
--------------------------------------------------
Round 22
Select your action (0 for escape, 1 for skill, 2 for change): Select your next slime (0 for back, 1 for Pink-HP1, 2 for Yellow-HP63): You send Yellow
Enemy's Pink uses Slap! Damage: 54
Your Yellow wakes up
Your Yellow: HP 9 || Enemy's Pink: HP 15
--------------------------------------------------
Round 23
Select your action (0 for escape, 1 for skill, 2 for change): Select the skill (0 for back, 1 for Quick, 2 for Volt, 3 for Thunder): Your Yellow uses Quick! Damage: 19
Enemy's Pink is beaten
Enemy sends Green
Your Yellow: HP 9 || Enemy's Green: HP 110
--------------------------------------------------
Round 24
Select your action (0 for escape, 1 for skill, 2 for change): Select your action (0 for escape, 1 for skill, 2 for change): Select the skill (0 for back, 1 for Quick, 2 for Volt, 3 for Thunder): Your Yellow uses Volt! Damage: 13
Enemy's Green uses Tackle! Damage: 40
Your Yellow is beaten
Select your next slime (1 for Pink-HP1, 3 for Blue-HP42): You send Blue
Your Blue: HP 42 || Enemy's Green: HP 97
--------------------------------------------------
Round 25
Select your action (0 for escape, 1 for skill, 2 for change): Select the skill (0 for back, 1 for Tackle, 2 for Stream, 3 for Rainy): Your Blue is sleeping
Enemy's Green uses Leaf! Damage: 57
Your Blue is beaten
Select your next slime (1 for Pink-HP1): Select your next slime (1 for Pink-HP1): Select your next slime (1 for Pink-HP1): You send Pink
Your Pink: HP 1 || Enemy's Green: HP 97
--------------------------------------------------
Weather becomes normal
Round 26
Select your action (0 for escape, 1 for skill): Select your action (0 for escape, 1 for skill): Select your action (0 for escape, 1 for skill): Select your action (0 for escape, 1 for skill): Select the skill (0 for back, 1 for Slap, 2 for Sing, 3 for Paint): Enemy's Green uses Tackle! Damage: 50
Your Pink is beaten
You Lose
