Welcome to Battle of Slimes 2!
Enemy has Pink, Green and Red, starting with Pink.
You can select three from five (1 for Green, 2 for Red, 3 for Blue, 4 for Yellow, 5 for Pink).
Select your 1st slime: Select your 2nd slime: Select your 3rd slime: You have Pink, Green and Yellow, starting with Pink
Your Pink: HP 120 || Enemy's Pink: HP 120
Battle starts!
--------------------------------------------------
Round 1
Select your action (0 for escape, 1 for skill, 2 for change): Select your action (0 for escape, 1 for skill, 2 for change): Select your next slime (0 for back, 2 for Green-HP110, 3 for Yellow-HP90): You send Green
Enemy's Pink uses Sing! Your Green falls asleep
Your Green: HP 110 || Enemy's Pink: HP 120
--------------------------------------------------
Round 2
Select your action (0 for escape, 1 for skill, 2 for change): Select the skill (0 for back, 1 for Tackle, 2 for Leaf, 3 for Synthesis): Your Green is sleeping
Enemy's Pink uses Paint! Your Green is painted
Your Green: HP 110 || Enemy's Pink: HP 120
--------------------------------------------------
Round 3
Select your action (0 for escape, 1 for skill, 2 for change): Select your action (0 for escape, 1 for skill, 2 for change): Select your next slime (0 for back, 1 for Pink-HP120, 3 for Yellow-HP90): Select your next slime (0 for back, 1 for Pink-HP120, 3 for Yellow-HP90): You send Pink
Enemy's Pink uses Slap! Damage: 17
Your Pink: HP 103 || Enemy's Pink: HP 120
--------------------------------------------------
Round 4
Select your action (0 for escape, 1 for skill, 2 for change): Select your action (0 for escape, 1 for skill, 2 for change): Select the skill (0 for back, 1 for Slap, 2 for Sing, 3 for Paint): Enemy's Pink uses Sing! Your Pink falls asleep
Your Pink is sleeping
Your Pink: HP 103 || Enemy's Pink: HP 120
--------------------------------------------------
Round 5
Select your action (0 for escape, 1 for skill, 2 for change): Select your next slime (0 for back, 2 for Green-HP110, 3 for Yellow-HP90): You send Green
Enemy's Pink uses Paint! Your Green is painted
Your Green: HP 110 || Enemy's Pink: HP 120
--------------------------------------------------
Your Green wakes up
Round 6
Select your action (0 for escape, 1 for skill, 2 for change): Select the skill (0 for back, 1 for Tackle, 2 for Leaf, 3 for Synthesis): Your Green uses Tackle! Damage: 25
Enemy's Pink uses Sing! Your Green falls asleep
Your Green: HP 110 || Enemy's Pink: HP 95
--------------------------------------------------
Round 7
Select your action (0 for escape, 1 for skill, 2 for change): Select your next slime (0 for back, 1 for Pink-HP103, 3 for Yellow-HP90): You send Pink
Enemy's Pink uses Slap! Damage: 34
Your Pink wakes up
Your Pink: HP 69 || Enemy's Pink: HP 95
--------------------------------------------------
Round 8
Select your action (0 for escape, 1 for skill, 2 for change): Select your next slime (0 for back, 2 for Green-HP110, 3 for Yellow-HP90): You send Green
Enemy's Pink uses Sing! Waste
Your Green: HP 110 || Enemy's Pink: HP 95
--------------------------------------------------
Round 9
Select your action (0 for escape, 1 for skill, 2 for change): Select your action (0 for escape, 1 for skill, 2 for change): Select your next slime (0 for back, 1 for Pink-HP69, 3 for Yellow-HP90): Select your next slime (0 for back, 1 for Pink-HP69, 3 for Yellow-HP90): You send Yellow
Enemy's Pink uses Slap! Damage: 14
Your Yellow: HP 76 || Enemy's Pink: HP 95
--------------------------------------------------
Round 10
Select your action (0 for escape, 1 for skill, 2 for change): Select your next slime (0 for back, 1 for Pink-HP69, 2 for Green-HP110): You send Green
Enemy's Pink uses Sing! Waste
Your Green: HP 110 || Enemy's Pink: HP 95
--------------------------------------------------
Your Green wakes up
Round 11
Select your action (0 for escape, 1 for skill, 2 for change): Select your action (0 for escape, 1 for skill, 2 for change): Select your action (0 for escape, 1 for skill, 2 for change): Select your action (0 for escape, 1 for skill, 2 for change): Select your next slime (0 for back, 1 for Pink-HP69, 3 for Yellow-HP76): You send Yellow
Enemy's Pink uses Sing! Your Yellow falls asleep
Your Yellow: HP 76 || Enemy's Pink: HP 95
--------------------------------------------------
Round 12
Select your action (0 for escape, 1 for skill, 2 for change): Select your action (0 for escape, 1 for skill, 2 for change): Select the skill (0 for back, 1 for Quick, 2 for Volt, 3 for Thunder): Your Yellow is sleeping
Enemy's Pink uses Paint! Your Yellow is painted
Your Yellow: HP 76 || Enemy's Pink: HP 95
--------------------------------------------------
Round 13
Select your action (0 for escape, 1 for skill, 2 for change): Select the skill (0 for back, 1 for Quick, 2 for Volt, 3 for Thunder): Your Yellow is sleeping
Enemy's Pink uses Slap! Damage: 54
Your Yellow wakes up
Your Yellow: HP 22 || Enemy's Pink: HP 95
--------------------------------------------------
Round 14
Select your action (0 for escape, 1 for skill, 2 for change): Select your next slime (0 for back, 1 for Pink-HP69, 2 for Green-HP110): Select your next slime (0 for back, 1 for Pink-HP69, 2 for Green-HP110): You send Green
Enemy's Pink uses Slap! Damage: 27
Your Green: HP 83 || Enemy's Pink: HP 95
--------------------------------------------------
Round 15
Select your action (0 for escape, 1 for skill, 2 for change): Select your next slime (0 for back, 1 for Pink-HP69, 3 for Yellow-HP22): You send Pink
Enemy's Pink uses Sing! Your Pink falls asleep
Your Pink: HP 69 || Enemy's Pink: HP 95
--------------------------------------------------
Round 16
Select your action (0 for escape, 1 for skill, 2 for change): Select your next slime (0 for back, 2 for Green-HP83, 3 for Yellow-HP22): Select your next slime (0 for back, 2 for Green-HP83, 3 for Yellow-HP22): Select your next slime (0 for back, 2 for Green-HP83, 3 for Yellow-HP22): Select your next slime (0 for back, 2 for Green-HP83, 3 for Yellow-HP22): Select your next slime (0 for back, 2 for Green-HP83, 3 for Yellow-HP22): You send Yellow
Enemy's Pink uses Paint! Your Yellow is painted
Your Yellow: HP 22 || Enemy's Pink: HP 95
--------------------------------------------------
Round 17
Select your action (0 for escape, 1 for skill, 2 for change): Select the skill (0 for back, 1 for Quick, 2 for Volt, 3 for Thunder): Your Yellow uses Thunder! Failure
Enemy's Pink uses Slap! Damage: 27
Your Yellow is beaten
Select your next slime (1 for Pink-HP69, 2 for Green-HP83): Select your next slime (1 for Pink-HP69, 2 for Green-HP83): You send Pink
Your Pink: HP 69 || Enemy's Pink: HP 95
--------------------------------------------------
Round 18
Select your action (0 for escape, 1 for skill, 2 for change): Select your next slime (0 for back, 2 for Green-HP83): You send Green
Enemy's Pink uses Paint! Your Green is painted
Your Green: HP 83 || Enemy's Pink: HP 95
--------------------------------------------------
Round 19
Select your action (0 for escape, 1 for skill, 2 for change): Select the skill (0 for back, 1 for Tackle, 2 for Leaf, 3 for Synthesis): Your Green uses Synthesis! Recovery: 33
Enemy's Pink uses Sing! Your Green falls asleep
Your Green: HP 110 || Enemy's Pink: HP 95
--------------------------------------------------
Round 20
Select your action (0 for escape, 1 for skill, 2 for change): Select your action (0 for escape, 1 for skill, 2 for change): Select your next slime (0 for back, 1 for Pink-HP69): Select your next slime (0 for back, 1 for Pink-HP69): Select your next slime (0 for back, 1 for Pink-HP69): You send Pink
Enemy's Pink uses Slap! Damage: 34
Your Pink wakes up
Your Pink: HP 35 || Enemy's Pink: HP 95
--------------------------------------------------
Round 21
Select your action (0 for escape, 1 for skill, 2 for change): Select your next slime (0 for back, 2 for Green-HP110): Select your next slime (0 for back, 2 for Green-HP110): Select your next slime (0 for back, 2 for Green-HP110): You send Green
Enemy's Pink uses Sing! Waste
Your Green: HP 110 || Enemy's Pink: HP 95
--------------------------------------------------
Round 22
Select your action (0 for escape, 1 for skill, 2 for change): Select your action (0 for escape, 1 for skill, 2 for change): Select your next slime (0 for back, 1 for Pink-HP35): You send Pink
Enemy's Pink uses Slap! Damage: 17
Your Pink: HP 18 || Enemy's Pink: HP 95
--------------------------------------------------
Round 23
Select your action (0 for escape, 1 for skill, 2 for change): Select the skill (0 for back, 1 for Slap, 2 for Sing, 3 for Paint): Enemy's Pink uses Sing! Your Pink falls asleep
Your Pink is sleeping
Your Pink: HP 18 || Enemy's Pink: HP 95
--------------------------------------------------
Round 24
Select your action (0 for escape, 1 for skill, 2 for change): Select the skill (0 for back, 1 for Slap, 2 for Sing, 3 for Paint): Enemy's Pink uses Slap! Damage: 34
Your Pink is beaten
Select your next slime (2 for Green-HP110): Select your next slime (2 for Green-HP110): You send Green
Your Green: HP 110 || Enemy's Pink: HP 95
--------------------------------------------------
Your Green wakes up
Round 25
Select your action (0 for escape, 1 for skill): Select the skill (0 for back, 1 for Tackle, 2 for Leaf, 3 for Synthesis): Your Green uses Synthesis! Recovery: 33
Enemy's Pink uses Sing! Your Green falls asleep
Your Green: HP 110 || Enemy's Pink: HP 95
--------------------------------------------------
Round 26
Select your action (0 for escape, 1 for skill): Select your action (0 for escape, 1 for skill): Select your action (0 for escape, 1 for skill): Select your action (0 for escape, 1 for skill): Select your action (0 for escape, 1 for skill): Select your action (0 for escape, 1 for skill): Select your action (0 for escape, 1 for skill): Select your action (0 for escape, 1 for skill): Select the skill (0 for back, 1 for Tackle, 2 for Leaf, 3 for Synthesis): Your Green is sleeping
Enemy's Pink uses Slap! Damage: 54
Your Green wakes up
Your Green: HP 56 || Enemy's Pink: HP 95
--------------------------------------------------
Round 27
Select your action (0 for escape, 1 for skill): Select your action (0 for escape, 1 for skill): Select your action (0 for escape, 1 for skill): Select the skill (0 for back, 1 for Tackle, 2 for Leaf, 3 for Synthesis): Your Green uses Synthesis! Recovery: 33
Enemy's Pink uses Sing! Your Green falls asleep
Your Green: HP 89 || Enemy's Pink: HP 95
--------------------------------------------------
Round 28
Select your action (0 for escape, 1 for skill): Select the skill (0 for back, 1 for Tackle, 2 for Leaf, 3 for Synthesis): Your Green is sleeping
Enemy's Pink uses Slap! Damage: 54
Your Green wakes up
Your Green: HP 35 || Enemy's Pink: HP 95
--------------------------------------------------
Round 29
Select your action (0 for escape, 1 for skill): Select your action (0 for escape, 1 for skill): Select your action (0 for escape, 1 for skill): Select your action (0 for escape, 1 for skill): Select your action (0 for escape, 1 for skill): Select your action (0 for escape, 1 for skill): Select your action (0 for escape, 1 for skill): Select your action (0 for escape, 1 for skill): Select the skill (0 for back, 1 for Tackle, 2 for Leaf, 3 for Synthesis): Your Green uses Synthesis! Recovery: 33
Enemy's Pink uses Slap! Damage: 27
Your Green: HP 41 || Enemy's Pink: HP 95
--------------------------------------------------
Round 30
Select your action (0 for escape, 1 for skill): Select your action (0 for escape, 1 for skill): Select your action (0 for escape, 1 for skill): Select your action (0 for escape, 1 for skill): Select the skill (0 for back, 1 for Tackle, 2 for Leaf, 3 for Synthesis): Your Green uses Tackle! Damage: 25
Enemy's Pink uses Sing! Your Green falls asleep
Your Green: HP 41 || Enemy's Pink: HP 70
--------------------------------------------------
Round 31
Select your action (0 for escape, 1 for skill): Select your action (0 for escape, 1 for skill): Select your action (0 for escape, 1 for skill): Select your action (0 for escape, 1 for skill): Select your action (0 for escape, 1 for skill): Select your action (0 for escape, 1 for skill): Select the skill (0 for back, 1 for Tackle, 2 for Leaf, 3 for Synthesis): Your Green is sleeping
Enemy's Pink uses Slap! Damage: 54
Your Green is beaten
You Lose
