Welcome to Battle of Slimes 2!
Enemy has Pink, Green and Red, starting with Pink.
You can select three from five (1 for Green, 2 for Red, 3 for Blue, 4 for Yellow, 5 for Pink).
Select your 1st slime: Select your 2nd slime: Select your 3rd slime: You have Blue, Green and Pink, starting with Blue
Your Blue: HP 100 || Enemy's Pink: HP 120
Battle starts!
--------------------------------------------------
Round 1
Select your action (0 for escape, 1 for skill, 2 for change): Select your action (0 for escape, 1 for skill, 2 for change): Select the skill (0 for back, 1 for Tackle, 2 for Stream, 3 for Rainy): Your Blue uses Stream! Damage: 25
Enemy's Pink uses Sing! Your Blue falls asleep
Your Blue: HP 100 || Enemy's Pink: HP 95
--------------------------------------------------
Round 2
Select your action (0 for escape, 1 for skill, 2 for change): Select the skill (0 for back, 1 for Tackle, 2 for Stream, 3 for Rainy): Your Blue is sleeping
Enemy's Pink uses Paint! Your Blue is painted
Your Blue: HP 100 || Enemy's Pink: HP 95
--------------------------------------------------
Round 3
Select your action (0 for escape, 1 for skill, 2 for change): Select your next slime (0 for back, 2 for Green-HP110, 3 for Pink-HP120): You send Pink
Enemy's Pink uses Slap! Damage: 17
Your Pink: HP 103 || Enemy's Pink: HP 95
--------------------------------------------------
Round 4
Select your action (0 for escape, 1 for skill, 2 for change): Select your action (0 for escape, 1 for skill, 2 for change): Select your next slime (0 for back, 1 for Blue-HP100, 2 for Green-HP110): You send Green
Enemy's Pink uses Sing! Your Green falls asleep
Your Green: HP 110 || Enemy's Pink: HP 95
--------------------------------------------------
Round 5
Select your action (0 for escape, 1 for skill, 2 for change): Select your next slime (0 for back, 1 for Blue-HP100, 3 for Pink-HP103): You send Blue
Enemy's Pink uses Paint! Your Blue is painted
Your Blue: HP 100 || Enemy's Pink: HP 95
--------------------------------------------------
Your Blue wakes up
Round 6
Select your action (0 for escape, 1 for skill, 2 for change): Select your next slime (0 for back, 2 for Green-HP110, 3 for Pink-HP103): Select your next slime (0 for back, 2 for Green-HP110, 3 for Pink-HP103): You send Green
Enemy's Pink uses Sing! Waste
Your Green: HP 110 || Enemy's Pink: HP 95
--------------------------------------------------
Round 7
Select your action (0 for escape, 1 for skill, 2 for change): Select your next slime (0 for back, 1 for Blue-HP100, 3 for Pink-HP103): Select your next slime (0 for back, 1 for Blue-HP100, 3 for Pink-HP103): Select your next slime (0 for back, 1 for Blue-HP100, 3 for Pink-HP103): Select your next slime (0 for back, 1 for Blue-HP100, 3 for Pink-HP103): You send Blue
Enemy's Pink uses Paint! Your Blue is painted
Your Blue: HP 100 || Enemy's Pink: HP 95
--------------------------------------------------
Round 8
Select your action (0 for escape, 1 for skill, 2 for change): Select the skill (0 for back, 1 for Tackle, 2 for Stream, 3 for Rainy): Your Blue uses Tackle! Damage: 25
Enemy's Pink uses Sing! Your Blue falls asleep
Your Blue: HP 100 || Enemy's Pink: HP 70
--------------------------------------------------
Round 9
Select your action (0 for escape, 1 for skill, 2 for change): Select your action (0 for escape, 1 for skill, 2 for change): Select your next slime (0 for back, 2 for Green-HP110, 3 for Pink-HP103): You send Pink
Enemy's Pink uses Slap! Damage: 17
Your Pink: HP 86 || Enemy's Pink: HP 70
--------------------------------------------------
Round 10
Select your action (0 for escape, 1 for skill, 2 for change): Select your action (0 for escape, 1 for skill, 2 for change): Select your next slime (0 for back, 1 for Blue-HP100, 2 for Green-HP110): You send Blue
Enemy's Pink uses Sing! Waste
Your Blue: HP 100 || Enemy's Pink: HP 70
--------------------------------------------------
Round 11
Select your action (0 for escape, 1 for skill, 2 for change): Select your action (0 for escape, 1 for skill, 2 for change): Select your action (0 for escape, 1 for skill, 2 for change): Select your next slime (0 for back, 2 for Green-HP110, 3 for Pink-HP86): Select your next slime (0 for back, 2 for Green-HP110, 3 for Pink-HP86): You send Green
Enemy's Pink uses Slap! Damage: 27
Your Green wakes up
Your Green: HP 83 || Enemy's Pink: HP 70
--------------------------------------------------
Round 12
Select your action (0 for escape, 1 for skill, 2 for change): Select the skill (0 for back, 1 for Tackle, 2 for Leaf, 3 for Synthesis): Your Green uses Tackle! Damage: 25
Enemy's Pink uses Sing! Your Green falls asleep
Your Green: HP 83 || Enemy's Pink: HP 45
--------------------------------------------------
Round 13
Select your action (0 for escape, 1 for skill, 2 for change): Select your action (0 for escape, 1 for skill, 2 for change): Select the skill (0 for back, 1 for Tackle, 2 for Leaf, 3 for Synthesis): Your Green is sleeping
Enemy's Pink uses Paint! Your Green is painted
Your Green: HP 83 || Enemy's Pink: HP 45
--------------------------------------------------
Round 14
Select your action (0 for escape, 1 for skill, 2 for change): Select your next slime (0 for back, 1 for Blue-HP100, 3 for Pink-HP86): You send Pink
Enemy's Pink uses Slap! Damage: 17
Your Pink: HP 69 || Enemy's Pink: HP 45
--------------------------------------------------
Round 15
Select your action (0 for escape, 1 for skill, 2 for change): Select your next slime (0 for back, 1 for Blue-HP100, 2 for Green-HP83): Select your next slime (0 for back, 1 for Blue-HP100, 2 for Green-HP83): You send Green
Enemy's Pink uses Sing! Waste
Your Green: HP 83 || Enemy's Pink: HP 45
--------------------------------------------------
Your Green wakes up
Round 16
Select your action (0 for escape, 1 for skill, 2 for change): Select the skill (0 for back, 1 for Tackle, 2 for Leaf, 3 for Synthesis): Your Green uses Synthesis! Recovery: 33
Enemy's Pink uses Sing! Your Green falls asleep
Your Green: HP 110 || Enemy's Pink: HP 45
--------------------------------------------------
Round 17
Select your action (0 for escape, 1 for skill, 2 for change): Select your action (0 for escape, 1 for skill, 2 for change): Select the skill (0 for back, 1 for Tackle, 2 for Leaf, 3 for Synthesis): Your Green is sleeping
Enemy's Pink uses Slap! Damage: 54
Your Green wakes up
Your Green: HP 56 || Enemy's Pink: HP 45
--------------------------------------------------
Round 18
Select your action (0 for escape, 1 for skill, 2 for change): Select your action (0 for escape, 1 for skill, 2 for change): Select your next slime (0 for back, 1 for Blue-HP100, 3 for Pink-HP69): You send Blue
Enemy's Pink uses Sing! Waste
Your Blue: HP 100 || Enemy's Pink: HP 45
--------------------------------------------------
Your Blue wakes up
Round 19
Select your action (0 for escape, 1 for skill, 2 for change): Select your next slime (0 for back, 2 for Green-HP56, 3 for Pink-HP69): You send Pink
Enemy's Pink uses Sing! Your Pink falls asleep
Your Pink: HP 69 || Enemy's Pink: HP 45
--------------------------------------------------
Round 20
Select your action (0 for escape, 1 for skill, 2 for change): Select your action (0 for escape, 1 for skill, 2 for change): Select your action (0 for escape, 1 for skill, 2 for change): Select your action (0 for escape, 1 for skill, 2 for change): Select your action (0 for escape, 1 for skill, 2 for change): Select the skill (0 for back, 1 for Slap, 2 for Sing, 3 for Paint): Enemy's Pink uses Paint! Your Pink is painted
Your Pink is sleeping
Your Pink: HP 69 || Enemy's Pink: HP 45
--------------------------------------------------
Round 21
Select your action (0 for escape, 1 for skill, 2 for change): Select the skill (0 for back, 1 for Slap, 2 for Sing, 3 for Paint): Enemy's Pink uses Slap! Damage: 68
Your Pink wakes up
Your Pink uses Slap! Damage: 17
Your Pink: HP 1 || Enemy's Pink: HP 28
--------------------------------------------------
Round 22
Select your action (0 for escape, 1 for skill, 2 for change): Select the skill (0 for back, 1 for Slap, 2 for Sing, 3 for Paint): Enemy's Pink uses Slap! Damage: 34
Your Pink is beaten
Select your next slime (1 for Blue-HP100, 2 for Green-HP56): You send Blue
Your Blue: HP 100 || Enemy's Pink: HP 28
--------------------------------------------------
Round 23
Select your action (0 for escape, 1 for skill, 2 for change): Select your action (0 for escape, 1 for skill, 2 for change): Select your next slime (0 for back, 2 for Green-HP56): You send Green
Enemy's Pink uses Sing! Your Green falls asleep
Your Green: HP 56 || Enemy's Pink: HP 28
--------------------------------------------------
Round 24
Select your action (0 for escape, 1 for skill, 2 for change): Select your next slime (0 for back, 1 for Blue-HP100): Select your next slime (0 for back, 1 for Blue-HP100): Select your next slime (0 for back, 1 for Blue-HP100): Select your next slime (0 for back, 1 for Blue-HP100): Select your next slime (0 for back, 1 for Blue-HP100): Select your next slime (0 for back, 1 for Blue-HP100): Select your next slime (0 for back, 1 for Blue-HP100): Select your next slime (0 for back, 1 for Blue-HP100): Select your next slime (0 for back, 1 for Blue-HP100): Select your next slime (0 for back, 1 for Blue-HP100): You send Blue
Enemy's Pink uses Slap! Damage: 19
Your Blue: HP 81 || Enemy's Pink: HP 28
--------------------------------------------------
Round 25
Select your action (0 for escape, 1 for skill, 2 for change): Select the skill (0 for back, 1 for Tackle, 2 for Stream, 3 for Rainy): Your Blue uses Rainy! Weather becomes rainy
Enemy's Pink uses Sing! Your Blue falls asleep
Your Blue: HP 81 || Enemy's Pink: HP 28
--------------------------------------------------
Round 26
Select your action (0 for escape, 1 for skill, 2 for change): Select your action (0 for escape, 1 for skill, 2 for change): Select the skill (0 for back, 1 for Tackle, 2 for Stream, 3 for Rainy): Your Blue is sleeping
Enemy's Pink uses Slap! Damage: 39
Your Blue wakes up
Your Blue: HP 42 || Enemy's Pink: HP 28
--------------------------------------------------
Round 27
Select your action (0 for escape, 1 for skill, 2 for change): Select your next slime (0 for back, 2 for Green-HP56): You send Green
Enemy's Pink uses Sing! Waste
Your Green: HP 56 || Enemy's Pink: HP 28
--------------------------------------------------
Round 28
Select your action (0 for escape, 1 for skill, 2 for change): Select your action (0 for escape, 1 for skill, 2 for change): Select your next slime (0 for back, 1 for Blue-HP42): Select your next slime (0 for back, 1 for Blue-HP42): You send Blue
Enemy's Pink uses Slap! Damage: 19
Your Blue: HP 23 || Enemy's Pink: HP 28
--------------------------------------------------
Round 29
Select your action (0 for escape, 1 for skill, 2 for change): Select your action (0 for escape, 1 for skill, 2 for change): Select your action (0 for escape, 1 for skill, 2 for change): Select the skill (0 for back, 1 for Tackle, 2 for Stream, 3 for Rainy): Your Blue uses Rainy! Weather becomes rainy
Enemy's Pink uses Slap! Damage: 19
Your Blue: HP 4 || Enemy's Pink: HP 28
--------------------------------------------------
Round 30
Select your action (0 for escape, 1 for skill, 2 for change): Select the skill (0 for back, 1 for Tackle, 2 for Stream, 3 for Rainy): Your Blue uses Stream! Damage: 38
Enemy's Pink is beaten
Enemy sends Green
Your Blue: HP 4 || Enemy's Green: HP 110
--------------------------------------------------
Round 31
Select your action (0 for escape, 1 for skill, 2 for change): Select your next slime (0 for back, 2 for Green-HP56): Select your next slime (0 for back, 2 for Green-HP56): Select your next slime (0 for back, 2 for Green-HP56): Select your next slime (0 for back, 2 for Green-HP56): Select your next slime (0 for back, 2 for Green-HP56): You send Green
Enemy's Green uses Leaf! Damage: 20
Your Green wakes up
Your Green: HP 36 || Enemy's Green: HP 110
--------------------------------------------------
Round 32
Select your action (0 for escape, 1 for skill, 2 for change): Select your action (0 for escape, 1 for skill, 2 for change): Select your next slime (0 for back, 1 for Blue-HP4): Select your next slime (0 for back, 1 for Blue-HP4): You send Blue
Enemy's Green uses Tackle! Damage: 29
Your Blue is beaten
Select your next slime (2 for Green-HP36): Select your next slime (2 for Green-HP36): You send Green
Your Green: HP 36 || Enemy's Green: HP 110
--------------------------------------------------
Round 33
Select your action (0 for escape, 1 for skill): Select the skill (0 for back, 1 for Tackle, 2 for Leaf, 3 for Synthesis): Enemy's Green uses Tackle! Damage: 40
Your Green is beaten
You Lose
