Welcome to Battle of Slimes 2!
Enemy has Pink, Green and Red, starting with Pink.
You can select three from five (1 for Green, 2 for Red, 3 for Blue, 4 for Yellow, 5 for Pink).
Select your 1st slime: Select your 2nd slime: Select your 3rd slime: You have Pink, Blue and Green, starting with Pink
Your Pink: HP 120 || Enemy's Pink: HP 120
Battle starts!
--------------------------------------------------
Round 1
Select your action (0 for escape, 1 for skill, 2 for change): Select your next slime (0 for back, 2 for Blue-HP100, 3 for Green-HP110): You send Blue
Enemy's Pink uses Sing! Your Blue falls asleep
Your Blue: HP 100 || Enemy's Pink: HP 120
--------------------------------------------------
Round 2
Select your action (0 for escape, 1 for skill, 2 for change): Select your next slime (0 for back, 1 for Pink-HP120, 3 for Green-HP110): You send Pink
Enemy's Pink uses Paint! Your Pink is painted
Your Pink: HP 120 || Enemy's Pink: HP 120
--------------------------------------------------
Round 3
Select your action (0 for escape, 1 for skill, 2 for change): Select your action (0 for escape, 1 for skill, 2 for change): Select your next slime (0 for back, 2 for Blue-HP100, 3 for Green-HP110): You send Green
Enemy's Pink uses Sing! Your Green falls asleep
Your Green: HP 110 || Enemy's Pink: HP 120
--------------------------------------------------
Round 4
Select your action (0 for escape, 1 for skill, 2 for change): Select your next slime (0 for back, 1 for Pink-HP120, 2 for Blue-HP100): Select your next slime (0 for back, 1 for Pink-HP120, 2 for Blue-HP100): You send Pink
Enemy's Pink uses Paint! Your Pink is painted
Your Pink: HP 120 || Enemy's Pink: HP 120
--------------------------------------------------
Round 5
Select your action (0 for escape, 1 for skill, 2 for change): Select your next slime (0 for back, 2 for Blue-HP100, 3 for Green-HP110): Select your next slime (0 for back, 2 for Blue-HP100, 3 for Green-HP110): You send Green
Enemy's Pink uses Sing! Waste
Your Green: HP 110 || Enemy's Pink: HP 120
--------------------------------------------------
Round 6
Select your action (0 for escape, 1 for skill, 2 for change): Select the skill (0 for back, 1 for Tackle, 2 for Leaf, 3 for Synthesis): Your Green is sleeping
Enemy's Pink uses Paint! Your Green is painted
Your Green: HP 110 || Enemy's Pink: HP 120
--------------------------------------------------
Your Green wakes up
Round 7
Select your action (0 for escape, 1 for skill, 2 for change): Select your action (0 for escape, 1 for skill, 2 for change): Select your next slime (0 for back, 1 for Pink-HP120, 2 for Blue-HP100): Select your next slime (0 for back, 1 for Pink-HP120, 2 for Blue-HP100): You send Pink
Enemy's Pink uses Sing! Your Pink falls asleep
Your Pink: HP 120 || Enemy's Pink: HP 120
--------------------------------------------------
Round 8
Select your action (0 for escape, 1 for skill, 2 for change): Select your next slime (0 for back, 2 for Blue-HP100, 3 for Green-HP110): You send Green
Enemy's Pink uses Slap! Damage: 27
Your Green: HP 83 || Enemy's Pink: HP 120
--------------------------------------------------
Round 9
Select your action (0 for escape, 1 for skill, 2 for change): Select your next slime (0 for back, 1 for Pink-HP120, 2 for Blue-HP100): You send Blue
Enemy's Pink uses Sing! Waste
Your Blue: HP 100 || Enemy's Pink: HP 120
--------------------------------------------------
Round 10
Select your action (0 for escape, 1 for skill, 2 for change): Select your next slime (0 for back, 1 for Pink-HP120, 3 for Green-HP83): Select your next slime (0 for back, 1 for Pink-HP120, 3 for Green-HP83): You send Pink
Enemy's Pink uses Paint! Your Pink is painted
Your Pink: HP 120 || Enemy's Pink: HP 120
--------------------------------------------------
Round 11
Select your action (0 for escape, 1 for skill, 2 for change): Select your next slime (0 for back, 2 for Blue-HP100, 3 for Green-HP83): You send Blue
Enemy's Pink uses Slap! Damage: 19
Your Blue wakes up
Your Blue: HP 81 || Enemy's Pink: HP 120
--------------------------------------------------
Round 12
Select your action (0 for escape, 1 for skill, 2 for change): Select the skill (0 for back, 1 for Tackle, 2 for Stream, 3 for Rainy): Your Blue uses Rainy! Weather becomes rainy
Enemy's Pink uses Sing! Your Blue falls asleep
Your Blue: HP 81 || Enemy's Pink: HP 120
--------------------------------------------------
Round 13
Select your action (0 for escape, 1 for skill, 2 for change): Select your next slime (0 for back, 1 for Pink-HP120, 3 for Green-HP83): You send Pink
Enemy's Pink uses Paint! Your Pink is painted
Your Pink: HP 120 || Enemy's Pink: HP 120
--------------------------------------------------
Your Pink wakes up
Round 14
Select your action (0 for escape, 1 for skill, 2 for change): Select your next slime (0 for back, 2 for Blue-HP81, 3 for Green-HP83): You send Green
Enemy's Pink uses Sing! Your Green falls asleep
Your Green: HP 83 || Enemy's Pink: HP 120
--------------------------------------------------
Round 15
Select your action (0 for escape, 1 for skill, 2 for change): Select your next slime (0 for back, 1 for Pink-HP120, 2 for Blue-HP81): You send Blue
Enemy's Pink uses Slap! Damage: 19
Your Blue wakes up
Your Blue: HP 62 || Enemy's Pink: HP 120
--------------------------------------------------
Round 16
Select your action (0 for escape, 1 for skill, 2 for change): Select your action (0 for escape, 1 for skill, 2 for change): Select your action (0 for escape, 1 for skill, 2 for change): Select your next slime (0 for back, 1 for Pink-HP120, 3 for Green-HP83): Select your next slime (0 for back, 1 for Pink-HP120, 3 for Green-HP83): You send Pink
Enemy's Pink uses Sing! Your Pink falls asleep
Your Pink: HP 120 || Enemy's Pink: HP 120
--------------------------------------------------
Weather becomes normal
Round 17
Select your action (0 for escape, 1 for skill, 2 for change): Select your action (0 for escape, 1 for skill, 2 for change): Select the skill (0 for back, 1 for Slap, 2 for Sing, 3 for Paint): Enemy's Pink uses Slap! Damage: 68
Your Pink wakes up
Your Pink uses Paint! Failure
Your Pink: HP 52 || Enemy's Pink: HP 120
--------------------------------------------------
Round 18
Select your action (0 for escape, 1 for skill, 2 for change): Select the skill (0 for back, 1 for Slap, 2 for Sing, 3 for Paint): Enemy's Pink uses Sing! Your Pink falls asleep
Your Pink is sleeping
Your Pink: HP 52 || Enemy's Pink: HP 120
--------------------------------------------------
Round 19
Select your action (0 for escape, 1 for skill, 2 for change): Select the skill (0 for back, 1 for Slap, 2 for Sing, 3 for Paint): Enemy's Pink uses Slap! Damage: 68
Your Pink is beaten
Select your next slime (2 for Blue-HP62, 3 for Green-HP83): You send Green
Your Green: HP 83 || Enemy's Pink: HP 120
--------------------------------------------------
Round 20
Select your action (0 for escape, 1 for skill, 2 for change): Select your next slime (0 for back, 2 for Blue-HP62): Select your next slime (0 for back, 2 for Blue-HP62): Select your next slime (0 for back, 2 for Blue-HP62): Select your next slime (0 for back, 2 for Blue-HP62): Select your next slime (0 for back, 2 for Blue-HP62): Select your next slime (0 for back, 2 for Blue-HP62): Select your next slime (0 for back, 2 for Blue-HP62): Select your next slime (0 for back, 2 for Blue-HP62): Select your next slime (0 for back, 2 for Blue-HP62): You send Blue
Enemy's Pink uses Slap! Damage: 10
Your Blue: HP 52 || Enemy's Pink: HP 120
--------------------------------------------------
Round 21
Select your action (0 for escape, 1 for skill, 2 for change): Select your action (0 for escape, 1 for skill, 2 for change): Select your next slime (0 for back, 3 for Green-HP83): Select your next slime (0 for back, 3 for Green-HP83): You send Green
Enemy's Pink uses Sing! Waste
Your Green: HP 83 || Enemy's Pink: HP 120
--------------------------------------------------
Your Green wakes up
Round 22
Select your action (0 for escape, 1 for skill, 2 for change): Select your next slime (0 for back, 2 for Blue-HP52): Select your next slime (0 for back, 2 for Blue-HP52): Select your next slime (0 for back, 2 for Blue-HP52): Select your next slime (0 for back, 2 for Blue-HP52): Select your next slime (0 for back, 2 for Blue-HP52): You send Blue
Enemy's Pink uses Sing! Your Blue falls asleep
Your Blue: HP 52 || Enemy's Pink: HP 120
--------------------------------------------------
Round 23
Select your action (0 for escape, 1 for skill, 2 for change): Select your action (0 for escape, 1 for skill, 2 for change): Select your next slime (0 for back, 3 for Green-HP83): Select your next slime (0 for back, 3 for Green-HP83): You send Green
Enemy's Pink uses Paint! Your Green is painted
Your Green: HP 83 || Enemy's Pink: HP 120
--------------------------------------------------
Round 24
Select your action (0 for escape, 1 for skill, 2 for change): Select your action (0 for escape, 1 for skill, 2 for change): Select the skill (0 for back, 1 for Tackle, 2 for Leaf, 3 for Synthesis): Your Green uses Leaf! Damage: 25
Enemy's Pink uses Sing! Your Green falls asleep
Your Green: HP 83 || Enemy's Pink: HP 95
--------------------------------------------------
Round 25
Select your action (0 for escape, 1 for skill, 2 for change): Select the skill (0 for back, 1 for Tackle, 2 for Leaf, 3 for Synthesis): Your Green is sleeping
Enemy's Pink uses Slap! Damage: 54
Your Green wakes up
Your Green: HP 29 || Enemy's Pink: HP 95
--------------------------------------------------
Round 26
Select your action (0 for escape, 1 for skill, 2 for change): Select your action (0 for escape, 1 for skill, 2 for change): Select your next slime (0 for back, 2 for Blue-HP52): Select your next slime (0 for back, 2 for Blue-HP52): Select your next slime (0 for back, 2 for Blue-HP52): You send Blue
Enemy's Pink uses Slap! Damage: 19
Your Blue wakes up
Your Blue: HP 33 || Enemy's Pink: HP 95
--------------------------------------------------
Round 27
Select your action (0 for escape, 1 for skill, 2 for change): Select your action (0 for escape, 1 for skill, 2 for change): Select your action (0 for escape, 1 for skill, 2 for change): Select your next slime (0 for back, 3 for Green-HP29): You send Green
Enemy's Pink uses Sing! Your Green falls asleep
Your Green: HP 29 || Enemy's Pink: HP 95
--------------------------------------------------
Round 28
Select your action (0 for escape, 1 for skill, 2 for change): Select your next slime (0 for back, 2 for Blue-HP33): Select your next slime (0 for back, 2 for Blue-HP33): Select your next slime (0 for back, 2 for Blue-HP33): Select your next slime (0 for back, 2 for Blue-HP33): Select your next slime (0 for back, 2 for Blue-HP33): Select your next slime (0 for back, 2 for Blue-HP33): Select your next slime (0 for back, 2 for Blue-HP33): Select your next slime (0 for back, 2 for Blue-HP33): Select your next slime (0 for back, 2 for Blue-HP33): Select your next slime (0 for back, 2 for Blue-HP33): You send Blue
Enemy's Pink uses Slap! Damage: 10
Your Blue: HP 23 || Enemy's Pink: HP 95
--------------------------------------------------
Round 29
Select your action (0 for escape, 1 for skill, 2 for change): Select your action (0 for escape, 1 for skill, 2 for change): Select your action (0 for escape, 1 for skill, 2 for change): Select your action (0 for escape, 1 for skill, 2 for change): Select your action (0 for escape, 1 for skill, 2 for change): Select your action (0 for escape, 1 for skill, 2 for change): Select your next slime (0 for back, 3 for Green-HP29): You send Green
Enemy's Pink uses Sing! Waste
Your Green: HP 29 || Enemy's Pink: HP 95
--------------------------------------------------
Round 30
Select your action (0 for escape, 1 for skill, 2 for change): Select the skill (0 for back, 1 for Tackle, 2 for Leaf, 3 for Synthesis): Your Green is sleeping
Enemy's Pink uses Slap! Damage: 54
Your Green is beaten
Select your next slime (2 for Blue-HP23): Select your next slime (2 for Blue-HP23): You send Blue
Your Blue: HP 23 || Enemy's Pink: HP 95
--------------------------------------------------
Round 31
Select your action (0 for escape, 1 for skill): Select your action (0 for escape, 1 for skill): Select your action (0 for escape, 1 for skill): Select your action (0 for escape, 1 for skill): Select your action (0 for escape, 1 for skill): Select your action (0 for escape, 1 for skill): Select your action (0 for escape, 1 for skill): Select your action (0 for escape, 1 for skill): Select the skill (0 for back, 1 for Tackle, 2 for Stream, 3 for Rainy): Your Blue uses Tackle! Damage: 25
Enemy's Pink uses Sing! Your Blue falls asleep
Your Blue: HP 23 || Enemy's Pink: HP 70
--------------------------------------------------
Round 32
Select your action (0 for escape, 1 for skill): Select your action (0 for escape, 1 for skill): Select the skill (0 for back, 1 for Tackle, 2 for Stream, 3 for Rainy): Your Blue is sleeping
Enemy's Pink uses Slap! Damage: 19
Your Blue wakes up
Your Blue: HP 4 || Enemy's Pink: HP 70
--------------------------------------------------
Round 33
Select your action (0 for escape, 1 for skill): Select your action (0 for escape, 1 for skill): Select your action (0 for escape, 1 for skill): Select your action (0 for escape, 1 for skill): Select your action (0 for escape, 1 for skill): Select your action (0 for escape, 1 for skill): Select your action (0 for escape, 1 for skill): Select your action (0 for escape, 1 for skill): Select your action (0 for escape, 1 for skill): Select your action (0 for escape, 1 for skill): Select the skill (0 for back, 1 for Tackle, 2 for Stream, 3 for Rainy): Your Blue uses Stream! Damage: 25
Enemy's Pink uses Sing! Your Blue falls asleep
Your Blue: HP 4 || Enemy's Pink: HP 45
--------------------------------------------------
Round 34
Select your action (0 for escape, 1 for skill): Select your action (0 for escape, 1 for skill): Select the skill (0 for back, 1 for Tackle, 2 for Stream, 3 for Rainy): Your Blue is sleeping
Enemy's Pink uses Slap! Damage: 19
Your Blue is beaten
You Lose
