Welcome to Battle of Slimes 2!
Enemy has Pink, Green and Red, starting with Pink.
You can select three from five (1 for Green, 2 for Red, 3 for Blue, 4 for Yellow, 5 for Pink).
Select your 1st slime: Select your 2nd slime: Select your 3rd slime: You have Yellow, Pink and Green, starting with Yellow
Your Yellow: HP 90 || Enemy's Pink: HP 120
Battle starts!
--------------------------------------------------
Round 1
Select your action (0 for escape, 1 for skill, 2 for change): Select your action (0 for escape, 1 for skill, 2 for change): Select your next slime (0 for back, 2 for Pink-HP120, 3 for Green-HP110): You send Pink
Enemy's Pink uses Sing! Your Pink falls asleep
Your Pink: HP 120 || Enemy's Pink: HP 120
--------------------------------------------------
Round 2
Select your action (0 for escape, 1 for skill, 2 for change): Select the skill (0 for back, 1 for Slap, 2 for Sing, 3 for Paint): Enemy's Pink uses Paint! Your Pink is painted
Your Pink is sleeping
Your Pink: HP 120 || Enemy's Pink: HP 120
--------------------------------------------------
Round 3
Select your action (0 for escape, 1 for skill, 2 for change): Select your next slime (0 for back, 1 for Yellow-HP90, 3 for Green-HP110): You send Green
Enemy's Pink uses Slap! Damage: 14
Your Green: HP 96 || Enemy's Pink: HP 120
--------------------------------------------------
Round 4
Select your action (0 for escape, 1 for skill, 2 for change): Select your action (0 for escape, 1 for skill, 2 for change): Select your next slime (0 for back, 1 for Yellow-HP90, 2 for Pink-HP120): You send Yellow
Enemy's Pink uses Sing! Your Yellow falls asleep
Your Yellow: HP 90 || Enemy's Pink: HP 120
--------------------------------------------------
Round 5
Select your action (0 for escape, 1 for skill, 2 for change): Select your action (0 for escape, 1 for skill, 2 for change): Select your action (0 for escape, 1 for skill, 2 for change): Select your next slime (0 for back, 2 for Pink-HP120, 3 for Green-HP96): You send Pink
Enemy's Pink uses Paint! Your Pink is painted
Your Pink: HP 120 || Enemy's Pink: HP 120
--------------------------------------------------
Your Pink wakes up
Round 6
Select your action (0 for escape, 1 for skill, 2 for change): Select the skill (0 for back, 1 for Slap, 2 for Sing, 3 for Paint): Enemy's Pink uses Sing! Your Pink falls asleep
Your Pink is sleeping
Your Pink: HP 120 || Enemy's Pink: HP 120
--------------------------------------------------
Round 7
Select your action (0 for escape, 1 for skill, 2 for change): Select your next slime (0 for back, 1 for Yellow-HP90, 3 for Green-HP96): Select your next slime (0 for back, 1 for Yellow-HP90, 3 for Green-HP96): You send Green
Enemy's Pink uses Slap! Damage: 14
Your Green: HP 82 || Enemy's Pink: HP 120
--------------------------------------------------
Round 8
Select your action (0 for escape, 1 for skill, 2 for change): Select the skill (0 for back, 1 for Tackle, 2 for Leaf, 3 for Synthesis): Your Green uses Synthesis! Recovery: 33
Enemy's Pink uses Sing! Your Green falls asleep
Your Green: HP 110 || Enemy's Pink: HP 120
--------------------------------------------------
Round 9
Select your action (0 for escape, 1 for skill, 2 for change): Select the skill (0 for back, 1 for Tackle, 2 for Leaf, 3 for Synthesis): Your Green is sleeping
Enemy's Pink uses Paint! Your Green is painted
Your Green: HP 110 || Enemy's Pink: HP 120
--------------------------------------------------
Round 10
Select your action (0 for escape, 1 for skill, 2 for change): Select the skill (0 for back, 1 for Tackle, 2 for Leaf, 3 for Synthesis): Your Green is sleeping
Enemy's Pink uses Slap! Damage: 54
Your Green wakes up
Your Green: HP 56 || Enemy's Pink: HP 120
--------------------------------------------------
Round 11
Select your action (0 for escape, 1 for skill, 2 for change): Select the skill (0 for back, 1 for Tackle, 2 for Leaf, 3 for Synthesis): Your Green uses Synthesis! Recovery: 33
Enemy's Pink uses Sing! Your Green falls asleep
Your Green: HP 89 || Enemy's Pink: HP 120
--------------------------------------------------
Round 12
Select your action (0 for escape, 1 for skill, 2 for change): Select your next slime (0 for back, 1 for Yellow-HP90, 2 for Pink-HP120): You send Yellow
Enemy's Pink uses Slap! Damage: 27
Your Yellow wakes up
Your Yellow: HP 63 || Enemy's Pink: HP 120
--------------------------------------------------
Round 13
Select your action (0 for escape, 1 for skill, 2 for change): Select your action (0 for escape, 1 for skill, 2 for change): Select your action (0 for escape, 1 for skill, 2 for change): Select your next slime (0 for back, 2 for Pink-HP120, 3 for Green-HP89): You send Pink
Enemy's Pink uses Sing! Waste
Your Pink: HP 120 || Enemy's Pink: HP 120
--------------------------------------------------
Round 14
Select your action (0 for escape, 1 for skill, 2 for change): Select the skill (0 for back, 1 for Slap, 2 for Sing, 3 for Paint): Enemy's Pink uses Slap! Damage: 68
Your Pink wakes up
Your Pink uses Sing! Enemy's Pink falls asleep
Your Pink: HP 52 || Enemy's Pink: HP 120
--------------------------------------------------
Round 15
Select your action (0 for escape, 1 for skill, 2 for change): Select the skill (0 for back, 1 for Slap, 2 for Sing, 3 for Paint): Enemy's Pink is sleeping
Your Pink uses Sing! Waste
Your Pink: HP 52 || Enemy's Pink: HP 120
--------------------------------------------------
Round 16
Select your action (0 for escape, 1 for skill, 2 for change): Select the skill (0 for back, 1 for Slap, 2 for Sing, 3 for Paint): Enemy's Pink is sleeping
Your Pink uses Slap! Damage: 34
Enemy's Pink wakes up
Your Pink: HP 52 || Enemy's Pink: HP 86
--------------------------------------------------
Round 17
Select your action (0 for escape, 1 for skill, 2 for change): Select your action (0 for escape, 1 for skill, 2 for change): Select your next slime (0 for back, 1 for Yellow-HP63, 3 for Green-HP89): Select your next slime (0 for back, 1 for Yellow-HP63, 3 for Green-HP89): You send Green
Enemy's Pink uses Sing! Waste
Your Green: HP 89 || Enemy's Pink: HP 86
--------------------------------------------------
Round 18
Select your action (0 for escape, 1 for skill, 2 for change): Select your action (0 for escape, 1 for skill, 2 for change): Select your next slime (0 for back, 1 for Yellow-HP63, 2 for Pink-HP52): You send Pink
Enemy's Pink uses Slap! Damage: 34
Your Pink: HP 18 || Enemy's Pink: HP 86
--------------------------------------------------
Round 19
Select your action (0 for escape, 1 for skill, 2 for change): Select your action (0 for escape, 1 for skill, 2 for change): Select your action (0 for escape, 1 for skill, 2 for change): Select your next slime (0 for back, 1 for Yellow-HP63, 3 for Green-HP89): You send Yellow
Enemy's Pink uses Slap! Damage: 14
Your Yellow: HP 49 || Enemy's Pink: HP 86
--------------------------------------------------
Round 20
Select your action (0 for escape, 1 for skill, 2 for change): Select the skill (0 for back, 1 for Quick, 2 for Volt, 3 for Thunder): Your Yellow uses Quick! Damage: 19
Enemy's Pink uses Sing! Your Yellow falls asleep
Your Yellow: HP 49 || Enemy's Pink: HP 67
--------------------------------------------------
Round 21
Select your action (0 for escape, 1 for skill, 2 for change): Select your next slime (0 for back, 2 for Pink-HP18, 3 for Green-HP89): Select your next slime (0 for back, 2 for Pink-HP18, 3 for Green-HP89): You send Green
Enemy's Pink uses Paint! Your Green is painted
Your Green: HP 89 || Enemy's Pink: HP 67
--------------------------------------------------
Your Green wakes up
Round 22
Select your action (0 for escape, 1 for skill, 2 for change): Select your next slime (0 for back, 1 for Yellow-HP49, 2 for Pink-HP18): Select your next slime (0 for back, 1 for Yellow-HP49, 2 for Pink-HP18): You send Yellow
Enemy's Pink uses Sing! Waste
Your Yellow: HP 49 || Enemy's Pink: HP 67
--------------------------------------------------
Round 23
Select your action (0 for escape, 1 for skill, 2 for change): Select your next slime (0 for back, 2 for Pink-HP18, 3 for Green-HP89): You send Pink
Enemy's Pink uses Paint! Your Pink is painted
Your Pink: HP 18 || Enemy's Pink: HP 67
--------------------------------------------------
Round 24
Select your action (0 for escape, 1 for skill, 2 for change): Select the skill (0 for back, 1 for Slap, 2 for Sing, 3 for Paint): Enemy's Pink uses Slap! Damage: 34
Your Pink is beaten
Select your next slime (1 for Yellow-HP49, 3 for Green-HP89): You send Yellow
Your Yellow: HP 49 || Enemy's Pink: HP 67
--------------------------------------------------
Your Yellow wakes up
Round 25
Select your action (0 for escape, 1 for skill, 2 for change): Select your action (0 for escape, 1 for skill, 2 for change): Select your next slime (0 for back, 3 for Green-HP89): Select your next slime (0 for back, 3 for Green-HP89): Select your next slime (0 for back, 3 for Green-HP89): Select your next slime (0 for back, 3 for Green-HP89): You send Green
Enemy's Pink uses Sing! Your Green falls asleep
Your Green: HP 89 || Enemy's Pink: HP 67
--------------------------------------------------
Round 26
Select your action (0 for escape, 1 for skill, 2 for change): Select your next slime (0 for back, 1 for Yellow-HP49): You send Yellow
Enemy's Pink uses Slap! Damage: 14
Your Yellow: HP 35 || Enemy's Pink: HP 67
--------------------------------------------------
Round 27
Select your action (0 for escape, 1 for skill, 2 for change): Select your action (0 for escape, 1 for skill, 2 for change): Select your next slime (0 for back, 3 for Green-HP89): You send Green
Enemy's Pink uses Sing! Waste
Your Green: HP 89 || Enemy's Pink: HP 67
--------------------------------------------------
Round 28
Select your action (0 for escape, 1 for skill, 2 for change): Select the skill (0 for back, 1 for Tackle, 2 for Leaf, 3 for Synthesis): Your Green is sleeping
Enemy's Pink uses Slap! Damage: 54
Your Green wakes up
Your Green: HP 35 || Enemy's Pink: HP 67
--------------------------------------------------
Round 29
Select your action (0 for escape, 1 for skill, 2 for change): Select the skill (0 for back, 1 for Tackle, 2 for Leaf, 3 for Synthesis): Your Green uses Leaf! Damage: 25
Enemy's Pink uses Slap! Damage: 27
Your Green: HP 8 || Enemy's Pink: HP 42
--------------------------------------------------
Round 30
Select your action (0 for escape, 1 for skill, 2 for change): Select your action (0 for escape, 1 for skill, 2 for change): Select your next slime (0 for back, 1 for Yellow-HP35): Select your next slime (0 for back, 1 for Yellow-HP35): Select your next slime (0 for back, 1 for Yellow-HP35): Select your next slime (0 for back, 1 for Yellow-HP35): Select your next slime (0 for back, 1 for Yellow-HP35): Select your next slime (0 for back, 1 for Yellow-HP35): Select your next slime (0 for back, 1 for Yellow-HP35): Select your next slime (0 for back, 1 for Yellow-HP35): You send Yellow
Enemy's Pink uses Slap! Damage: 14
Your Yellow: HP 21 || Enemy's Pink: HP 42
--------------------------------------------------
Round 31
Select your action (0 for escape, 1 for skill, 2 for change): Select your next slime (0 for back, 3 for Green-HP8): Select your next slime (0 for back, 3 for Green-HP8): Select your next slime (0 for back, 3 for Green-HP8): Select your next slime (0 for back, 3 for Green-HP8): You send Green
Enemy's Pink uses Sing! Your Green falls asleep
Your Green: HP 8 || Enemy's Pink: HP 42
--------------------------------------------------
Round 32
Select your action (0 for escape, 1 for skill, 2 for change): Select your action (0 for escape, 1 for skill, 2 for change): Select your next slime (0 for back, 1 for Yellow-HP21): You send Yellow
Enemy's Pink uses Slap! Damage: 14
Your Yellow: HP 7 || Enemy's Pink: HP 42
--------------------------------------------------
Round 33
Select your action (0 for escape, 1 for skill, 2 for change): Select the skill (0 for back, 1 for Quick, 2 for Volt, 3 for Thunder): Your Yellow uses Volt! Damage: 31
Enemy's Pink uses Sing! Your Yellow falls asleep
Your Yellow: HP 7 || Enemy's Pink: HP 11
--------------------------------------------------
Round 34
Select your action (0 for escape, 1 for skill, 2 for change): Select your next slime (0 for back, 3 for Green-HP8): You send Green
Enemy's Pink uses Slap! Damage: 54
Your Green is beaten
Select your next slime (1 for Yellow-HP7): You send Yellow
Your Yellow: HP 7 || Enemy's Pink: HP 11
--------------------------------------------------
Round 35
Select your action (0 for escape, 1 for skill): Select the skill (0 for back, 1 for Quick, 2 for Volt, 3 for Thunder): Your Yellow is sleeping
Enemy's Pink uses Slap! Damage: 27
Your Yellow is beaten
You Lose
