Welcome to Battle of Slimes 2!
Enemy has Pink, Green and Red, starting with Pink.
You can select three from five (1 for Green, 2 for Red, 3 for Blue, 4 for Yellow, 5 for Pink).
Select your 1st slime: Select your 2nd slime: Select your 3rd slime: You have Yellow, Blue and Green, starting with Yellow
Your Yellow: HP 90 || Enemy's Pink: HP 120
Battle starts!
--------------------------------------------------
Round 1
Select your action (0 for escape, 1 for skill, 2 for change): Select your next slime (0 for back, 2 for Blue-HP100, 3 for Green-HP110): You send Green
Enemy's Pink uses Sing! Your Green falls asleep
Your Green: HP 110 || Enemy's Pink: HP 120
--------------------------------------------------
Round 2
Select your action (0 for escape, 1 for skill, 2 for change): Select the skill (0 for back, 1 for Tackle, 2 for Leaf, 3 for Synthesis): Your Green is sleeping
Enemy's Pink uses Paint! Your Green is painted
Your Green: HP 110 || Enemy's Pink: HP 120
--------------------------------------------------
Round 3
Select your action (0 for escape, 1 for skill, 2 for change): Select the skill (0 for back, 1 for Tackle, 2 for Leaf, 3 for Synthesis): Your Green is sleeping
Enemy's Pink uses Slap! Damage: 54
Your Green wakes up
Your Green: HP 56 || Enemy's Pink: HP 120
--------------------------------------------------
Round 4
Select your action (0 for escape, 1 for skill, 2 for change): Select your action (0 for escape, 1 for skill, 2 for change): Select your action (0 for escape, 1 for skill, 2 for change): Select your action (0 for escape, 1 for skill, 2 for change): Select the skill (0 for back, 1 for Tackle, 2 for Leaf, 3 for Synthesis): Your Green uses Synthesis! Recovery: 33
Enemy's Pink uses Sing! Your Green falls asleep
Your Green: HP 89 || Enemy's Pink: HP 120
--------------------------------------------------
Round 5
Select your action (0 for escape, 1 for skill, 2 for change): Select your action (0 for escape, 1 for skill, 2 for change): Select your next slime (0 for back, 1 for Yellow-HP90, 2 for Blue-HP100): Select your next slime (0 for back, 1 for Yellow-HP90, 2 for Blue-HP100): Select your next slime (0 for back, 1 for Yellow-HP90, 2 for Blue-HP100): You send Yellow
Enemy's Pink uses Slap! Damage: 14
Your Yellow: HP 76 || Enemy's Pink: HP 120
--------------------------------------------------
Round 6
Select your action (0 for escape, 1 for skill, 2 for change): Select your next slime (0 for back, 2 for Blue-HP100, 3 for Green-HP89): You send Green
Enemy's Pink uses Sing! Waste
Your Green: HP 89 || Enemy's Pink: HP 120
--------------------------------------------------
Round 7
Select your action (0 for escape, 1 for skill, 2 for change): Select the skill (0 for back, 1 for Tackle, 2 for Leaf, 3 for Synthesis): Your Green is sleeping
Enemy's Pink uses Slap! Damage: 54
Your Green wakes up
Your Green: HP 35 || Enemy's Pink: HP 120
--------------------------------------------------
Round 8
Select your action (0 for escape, 1 for skill, 2 for change): Select your action (0 for escape, 1 for skill, 2 for change): Select the skill (0 for back, 1 for Tackle, 2 for Leaf, 3 for Synthesis): Your Green uses Leaf! Damage: 25
Enemy's Pink uses Slap! Damage: 27
Your Green: HP 8 || Enemy's Pink: HP 95
--------------------------------------------------
Round 9
Select your action (0 for escape, 1 for skill, 2 for change): Select the skill (0 for back, 1 for Tackle, 2 for Leaf, 3 for Synthesis): Your Green uses Synthesis! Recovery: 33
Enemy's Pink uses Slap! Damage: 27
Your Green: HP 14 || Enemy's Pink: HP 95
--------------------------------------------------
Round 10
Select your action (0 for escape, 1 for skill, 2 for change): Select your next slime (0 for back, 1 for Yellow-HP76, 2 for Blue-HP100): You send Blue
Enemy's Pink uses Slap! Damage: 10
Your Blue: HP 90 || Enemy's Pink: HP 95
--------------------------------------------------
Round 11
Select your action (0 for escape, 1 for skill, 2 for change): Select your action (0 for escape, 1 for skill, 2 for change): Select your action (0 for escape, 1 for skill, 2 for change): Select your next slime (0 for back, 1 for Yellow-HP76, 3 for Green-HP14): You send Green
Enemy's Pink uses Sing! Your Green falls asleep
Your Green: HP 14 || Enemy's Pink: HP 95
--------------------------------------------------
Round 12
Select your action (0 for escape, 1 for skill, 2 for change): Select your action (0 for escape, 1 for skill, 2 for change): Select the skill (0 for back, 1 for Tackle, 2 for Leaf, 3 for Synthesis): Your Green is sleeping
Enemy's Pink uses Slap! Damage: 54
Your Green is beaten
Select your next slime (1 for Yellow-HP76, 2 for Blue-HP90): Select your next slime (1 for Yellow-HP76, 2 for Blue-HP90): You send Blue
Your Blue: HP 90 || Enemy's Pink: HP 95
--------------------------------------------------
Round 13
Select your action (0 for escape, 1 for skill, 2 for change): Select the skill (0 for back, 1 for Tackle, 2 for Stream, 3 for Rainy): Your Blue uses Rainy! Weather becomes rainy
Enemy's Pink uses Sing! Your Blue falls asleep
Your Blue: HP 90 || Enemy's Pink: HP 95
--------------------------------------------------
Round 14
Select your action (0 for escape, 1 for skill, 2 for change): Select the skill (0 for back, 1 for Tackle, 2 for Stream, 3 for Rainy): Your Blue is sleeping
Enemy's Pink uses Paint! Your Blue is painted
Your Blue: HP 90 || Enemy's Pink: HP 95
--------------------------------------------------
Round 15
Select your action (0 for escape, 1 for skill, 2 for change): Select the skill (0 for back, 1 for Tackle, 2 for Stream, 3 for Rainy): Your Blue is sleeping
Enemy's Pink uses Slap! Damage: 39
Your Blue wakes up
Your Blue: HP 51 || Enemy's Pink: HP 95
--------------------------------------------------
Round 16
Select your action (0 for escape, 1 for skill, 2 for change): Select the skill (0 for back, 1 for Tackle, 2 for Stream, 3 for Rainy): Your Blue uses Stream! Damage: 38
Enemy's Pink uses Sing! Your Blue falls asleep
Your Blue: HP 51 || Enemy's Pink: HP 57
--------------------------------------------------
Round 17
Select your action (0 for escape, 1 for skill, 2 for change): Select your action (0 for escape, 1 for skill, 2 for change): Select your next slime (0 for back, 1 for Yellow-HP76): You send Yellow
Enemy's Pink uses Slap! Damage: 14
Your Yellow: HP 62 || Enemy's Pink: HP 57
--------------------------------------------------
Weather becomes normal
Round 18
Select your action (0 for escape, 1 for skill, 2 for change): Select your action (0 for escape, 1 for skill, 2 for change): Select your next slime (0 for back, 2 for Blue-HP51): Select your next slime (0 for back, 2 for Blue-HP51): Select your next slime (0 for back, 2 for Blue-HP51): Select your next slime (0 for back, 2 for Blue-HP51): Select your next slime (0 for back, 2 for Blue-HP51): Select your next slime (0 for back, 2 for Blue-HP51): Select your next slime (0 for back, 2 for Blue-HP51): Select your next slime (0 for back, 2 for Blue-HP51): Select your next slime (0 for back, 2 for Blue-HP51): You send Blue
Enemy's Pink uses Sing! Waste
Your Blue: HP 51 || Enemy's Pink: HP 57
--------------------------------------------------
Round 19
Select your action (0 for escape, 1 for skill, 2 for change): Select your next slime (0 for back, 1 for Yellow-HP62): Select your next slime (0 for back, 1 for Yellow-HP62): Select your next slime (0 for back, 1 for Yellow-HP62): You send Yellow
Enemy's Pink uses Slap! Damage: 14
Your Yellow: HP 48 || Enemy's Pink: HP 57
--------------------------------------------------
Round 20
Select your action (0 for escape, 1 for skill, 2 for change): Select your action (0 for escape, 1 for skill, 2 for change): Select the skill (0 for back, 1 for Quick, 2 for Volt, 3 for Thunder): Your Yellow uses Quick! Damage: 19
Enemy's Pink uses Sing! Your Yellow falls asleep
Your Yellow: HP 48 || Enemy's Pink: HP 38
--------------------------------------------------
Round 21
Select your action (0 for escape, 1 for skill, 2 for change): Select your next slime (0 for back, 2 for Blue-HP51): Select your next slime (0 for back, 2 for Blue-HP51): You send Blue
Enemy's Pink uses Paint! Your Blue is painted
Your Blue: HP 51 || Enemy's Pink: HP 38
--------------------------------------------------
Your Blue wakes up
Round 22
Select your action (0 for escape, 1 for skill, 2 for change): Select your next slime (0 for back, 1 for Yellow-HP48): You send Yellow
Enemy's Pink uses Sing! Waste
Your Yellow: HP 48 || Enemy's Pink: HP 38
--------------------------------------------------
Round 23
Select your action (0 for escape, 1 for skill, 2 for change): Select your next slime (0 for back, 2 for Blue-HP51): Select your next slime (0 for back, 2 for Blue-HP51): Select your next slime (0 for back, 2 for Blue-HP51): You send Blue
Enemy's Pink uses Paint! Your Blue is painted
Your Blue: HP 51 || Enemy's Pink: HP 38
--------------------------------------------------
Round 24
Select your action (0 for escape, 1 for skill, 2 for change): Select your next slime (0 for back, 1 for Yellow-HP48): Select your next slime (0 for back, 1 for Yellow-HP48): Select your next slime (0 for back, 1 for Yellow-HP48): You send Yellow
Enemy's Pink uses Sing! Waste
Your Yellow: HP 48 || Enemy's Pink: HP 38
--------------------------------------------------
Your Yellow wakes up
Round 25
Select your action (0 for escape, 1 for skill, 2 for change): Select the skill (0 for back, 1 for Quick, 2 for Volt, 3 for Thunder): Your Yellow uses Volt! Damage: 31
Enemy's Pink uses Sing! Your Yellow falls asleep
Your Yellow: HP 48 || Enemy's Pink: HP 7
--------------------------------------------------
Round 26
Select your action (0 for escape, 1 for skill, 2 for change): Select your next slime (0 for back, 2 for Blue-HP51): Select your next slime (0 for back, 2 for Blue-HP51): Select your next slime (0 for back, 2 for Blue-HP51): Select your next slime (0 for back, 2 for Blue-HP51): Select your next slime (0 for back, 2 for Blue-HP51): Select your next slime (0 for back, 2 for Blue-HP51): Select your next slime (0 for back, 2 for Blue-HP51): You send Blue
Enemy's Pink uses Paint! Your Blue is painted
Your Blue: HP 51 || Enemy's Pink: HP 7
--------------------------------------------------
Round 27
Select your action (0 for escape, 1 for skill, 2 for change): Select your next slime (0 for back, 1 for Yellow-HP48): Select your next slime (0 for back, 1 for Yellow-HP48): Select your next slime (0 for back, 1 for Yellow-HP48): Select your next slime (0 for back, 1 for Yellow-HP48): Select your next slime (0 for back, 1 for Yellow-HP48): Select your next slime (0 for back, 1 for Yellow-HP48): Select your next slime (0 for back, 1 for Yellow-HP48): Select your next slime (0 for back, 1 for Yellow-HP48): You send Yellow
Enemy's Pink uses Sing! Waste
Your Yellow: HP 48 || Enemy's Pink: HP 7
--------------------------------------------------
Round 28
Select your action (0 for escape, 1 for skill, 2 for change): Select your action (0 for escape, 1 for skill, 2 for change): Select your action (0 for escape, 1 for skill, 2 for change): Select your next slime (0 for back, 2 for Blue-HP51): Select your next slime (0 for back, 2 for Blue-HP51): Select your next slime (0 for back, 2 for Blue-HP51): You send Blue
Enemy's Pink uses Paint! Your Blue is painted
Your Blue: HP 51 || Enemy's Pink: HP 7
--------------------------------------------------
Round 29
Select your action (0 for escape, 1 for skill, 2 for change): Select your next slime (0 for back, 1 for Yellow-HP48): Select your next slime (0 for back, 1 for Yellow-HP48): You send Yellow
Enemy's Pink uses Sing! Waste
Your Yellow: HP 48 || Enemy's Pink: HP 7
--------------------------------------------------
Your Yellow wakes up
Round 30
Select your action (0 for escape, 1 for skill, 2 for change): Select your next slime (0 for back, 2 for Blue-HP51): Select your next slime (0 for back, 2 for Blue-HP51): Select your next slime (0 for back, 2 for Blue-HP51): Select your next slime (0 for back, 2 for Blue-HP51): Select your next slime (0 for back, 2 for Blue-HP51): Select your next slime (0 for back, 2 for Blue-HP51): You send Blue
Enemy's Pink uses Sing! Your Blue falls asleep
Your Blue: HP 51 || Enemy's Pink: HP 7
--------------------------------------------------
Round 31
Select your action (0 for escape, 1 for skill, 2 for change): Select your action (0 for escape, 1 for skill, 2 for change): Select the skill (0 for back, 1 for Tackle, 2 for Stream, 3 for Rainy): Your Blue is sleeping
Enemy's Pink uses Slap! Damage: 39
Your Blue wakes up
Your Blue: HP 12 || Enemy's Pink: HP 7
--------------------------------------------------
Round 32
Select your action (0 for escape, 1 for skill, 2 for change): Select the skill (0 for back, 1 for Tackle, 2 for Stream, 3 for Rainy): Your Blue uses Rainy! Weather becomes rainy
Enemy's Pink uses Slap! Damage: 19
Your Blue is beaten
Select your next slime (1 for Yellow-HP48): Select your next slime (1 for Yellow-HP48): Select your next slime (1 for Yellow-HP48): Select your next slime (1 for Yellow-HP48): Select your next slime (1 for Yellow-HP48): Select your next slime (1 for Yellow-HP48): Select your next slime (1 for Yellow-HP48): Select your next slime (1 for Yellow-HP48): Select your next slime (1 for Yellow-HP48): Select your next slime (1 for Yellow-HP48): Select your next slime (1 for Yellow-HP48): Select your next slime (1 for Yellow-HP48): You send Yellow
Your Yellow: HP 48 || Enemy's Pink: HP 7
--------------------------------------------------
Round 33
Select your action (0 for escape, 1 for skill): Select the skill (0 for back, 1 for Quick, 2 for Volt, 3 for Thunder): Your Yellow uses Volt! Damage: 31
Enemy's Pink is beaten
Enemy sends Green
Your Yellow: HP 48 || Enemy's Green: HP 110
--------------------------------------------------
Round 34
Select your action (0 for escape, 1 for skill): Select the skill (0 for back, 1 for Quick, 2 for Volt, 3 for Thunder): Your Yellow uses Thunder! Damage: 25
Enemy's Green uses Tackle! Damage: 20
Your Yellow: HP 28 || Enemy's Green: HP 85
--------------------------------------------------
Round 35
Select your action (0 for escape, 1 for skill): Select your action (0 for escape, 1 for skill): Select the skill (0 for back, 1 for Quick, 2 for Volt, 3 for Thunder): Your Yellow uses Thunder! Damage: 25
Enemy's Green uses Tackle! Damage: 20
Your Yellow: HP 8 || Enemy's Green: HP 60
--------------------------------------------------
Round 36
Select your action (0 for escape, 1 for skill): Select the skill (0 for back, 1 for Quick, 2 for Volt, 3 for Thunder): Your Yellow uses Volt! Damage: 13
Enemy's Green uses Tackle! Damage: 20
Your Yellow is beaten
You Lose
