Welcome to Battle of Slimes 2!
Enemy has Pink, Green and Red, starting with Pink.
You can select three from five (1 for Green, 2 for Red, 3 for Blue, 4 for Yellow, 5 for Pink).
Select your 1st slime: Select your 2nd slime: Select your 3rd slime: You have Blue, Red and Green, starting with Blue
Your Blue: HP 100 || Enemy's Pink: HP 120
Battle starts!
--------------------------------------------------
Round 1
Select your action (0 for escape, 1 for skill, 2 for change): Select your action (0 for escape, 1 for skill, 2 for change): Select your next slime (0 for back, 2 for Red-HP100, 3 for Green-HP110): Select your next slime (0 for back, 2 for Red-HP100, 3 for Green-HP110): Select your next slime (0 for back, 2 for Red-HP100, 3 for Green-HP110): You send Green
Enemy's Pink uses Sing! Your Green falls asleep
Your Green: HP 110 || Enemy's Pink: HP 120
--------------------------------------------------
Round 2
Select your action (0 for escape, 1 for skill, 2 for change): Select the skill (0 for back, 1 for Tackle, 2 for Leaf, 3 for Synthesis): Your Green is sleeping
Enemy's Pink uses Paint! Your Green is painted
Your Green: HP 110 || Enemy's Pink: HP 120
--------------------------------------------------
Round 3
Select your action (0 for escape, 1 for skill, 2 for change): Select your next slime (0 for back, 1 for Blue-HP100, 2 for Red-HP100): You send Blue
Enemy's Pink uses Slap! Damage: 10
Your Blue: HP 90 || Enemy's Pink: HP 120
--------------------------------------------------
Round 4
Select your action (0 for escape, 1 for skill, 2 for change): Select your action (0 for escape, 1 for skill, 2 for change): Select your next slime (0 for back, 2 for Red-HP100, 3 for Green-HP110): You send Green
Enemy's Pink uses Sing! Waste
Your Green: HP 110 || Enemy's Pink: HP 120
--------------------------------------------------
Your Green wakes up
Round 5
Select your action (0 for escape, 1 for skill, 2 for change): Select the skill (0 for back, 1 for Tackle, 2 for Leaf, 3 for Synthesis): Your Green uses Leaf! Damage: 25
Enemy's Pink uses Sing! Your Green falls asleep
Your Green: HP 110 || Enemy's Pink: HP 95
--------------------------------------------------
Round 6
Select your action (0 for escape, 1 for skill, 2 for change): Select your next slime (0 for back, 1 for Blue-HP90, 2 for Red-HP100): You send Blue
Enemy's Pink uses Slap! Damage: 10
Your Blue: HP 80 || Enemy's Pink: HP 95
--------------------------------------------------
Round 7
Select your action (0 for escape, 1 for skill, 2 for change): Select your next slime (0 for back, 2 for Red-HP100, 3 for Green-HP110): You send Red
Enemy's Pink uses Sing! Your Red falls asleep
Your Red: HP 100 || Enemy's Pink: HP 95
--------------------------------------------------
Round 8
Select your action (0 for escape, 1 for skill, 2 for change): Select your action (0 for escape, 1 for skill, 2 for change): Select your action (0 for escape, 1 for skill, 2 for change): Select the skill (0 for back, 1 for Claw, 2 for Flame, 3 for Sunny): Your Red is sleeping
Enemy's Pink uses Paint! Your Red is painted
Your Red: HP 100 || Enemy's Pink: HP 95
--------------------------------------------------
Round 9
Select your action (0 for escape, 1 for skill, 2 for change): Select your next slime (0 for back, 1 for Blue-HP80, 3 for Green-HP110): You send Green
Enemy's Pink uses Slap! Damage: 54
Your Green wakes up
Your Green: HP 56 || Enemy's Pink: HP 95
--------------------------------------------------
Round 10
Select your action (0 for escape, 1 for skill, 2 for change): Select the skill (0 for back, 1 for Tackle, 2 for Leaf, 3 for Synthesis): Your Green uses Synthesis! Recovery: 33
Enemy's Pink uses Sing! Your Green falls asleep
Your Green: HP 89 || Enemy's Pink: HP 95
--------------------------------------------------
Round 11
Select your action (0 for escape, 1 for skill, 2 for change): Select your next slime (0 for back, 1 for Blue-HP80, 2 for Red-HP100): You send Blue
Enemy's Pink uses Slap! Damage: 10
Your Blue: HP 70 || Enemy's Pink: HP 95
--------------------------------------------------
Round 12
Select your action (0 for escape, 1 for skill, 2 for change): Select your action (0 for escape, 1 for skill, 2 for change): Select the skill (0 for back, 1 for Tackle, 2 for Stream, 3 for Rainy): Your Blue uses Rainy! Weather becomes rainy
Enemy's Pink uses Sing! Your Blue falls asleep
Your Blue: HP 70 || Enemy's Pink: HP 95
--------------------------------------------------
Round 13
Select your action (0 for escape, 1 for skill, 2 for change): Select your next slime (0 for back, 2 for Red-HP100, 3 for Green-HP89): You send Red
Enemy's Pink uses Paint! Your Red is painted
Your Red: HP 100 || Enemy's Pink: HP 95
--------------------------------------------------
Your Red wakes up
Round 14
Select your action (0 for escape, 1 for skill, 2 for change): Select your action (0 for escape, 1 for skill, 2 for change): Select your next slime (0 for back, 1 for Blue-HP70, 3 for Green-HP89): You send Blue
Enemy's Pink uses Sing! Waste
Your Blue: HP 70 || Enemy's Pink: HP 95
--------------------------------------------------
Round 15
Select your action (0 for escape, 1 for skill, 2 for change): Select your next slime (0 for back, 2 for Red-HP100, 3 for Green-HP89): Select your next slime (0 for back, 2 for Red-HP100, 3 for Green-HP89): You send Red
Enemy's Pink uses Paint! Your Red is painted
Your Red: HP 100 || Enemy's Pink: HP 95
--------------------------------------------------
Round 16
Select your action (0 for escape, 1 for skill, 2 for change): Select your action (0 for escape, 1 for skill, 2 for change): Select the skill (0 for back, 1 for Claw, 2 for Flame, 3 for Sunny): Your Red uses Claw! Damage: 23
Enemy's Pink uses Sing! Your Red falls asleep
Your Red: HP 100 || Enemy's Pink: HP 72
--------------------------------------------------
Weather becomes normal
Round 17
Select your action (0 for escape, 1 for skill, 2 for change): Select your action (0 for escape, 1 for skill, 2 for change): Select your action (0 for escape, 1 for skill, 2 for change): Select your action (0 for escape, 1 for skill, 2 for change): Select the skill (0 for back, 1 for Claw, 2 for Flame, 3 for Sunny): Your Red is sleeping
Enemy's Pink uses Slap! Damage: 54
Your Red wakes up
Your Red: HP 46 || Enemy's Pink: HP 72
--------------------------------------------------
Round 18
Select your action (0 for escape, 1 for skill, 2 for change): Select your action (0 for escape, 1 for skill, 2 for change): Select the skill (0 for back, 1 for Claw, 2 for Flame, 3 for Sunny): Your Red uses Sunny! Weather becomes sunny
Enemy's Pink uses Sing! Your Red falls asleep
Your Red: HP 46 || Enemy's Pink: HP 72
--------------------------------------------------
Round 19
Select your action (0 for escape, 1 for skill, 2 for change): Select the skill (0 for back, 1 for Claw, 2 for Flame, 3 for Sunny): Your Red is sleeping
Enemy's Pink uses Slap! Damage: 54
Your Red is beaten
Select your next slime (1 for Blue-HP70, 3 for Green-HP89): You send Blue
Your Blue: HP 70 || Enemy's Pink: HP 72
--------------------------------------------------
Your Blue wakes up
Round 20
Select your action (0 for escape, 1 for skill, 2 for change): Select the skill (0 for back, 1 for Tackle, 2 for Stream, 3 for Rainy): Your Blue uses Stream! Damage: 13
Enemy's Pink uses Sing! Your Blue falls asleep
Your Blue: HP 70 || Enemy's Pink: HP 59
--------------------------------------------------
Round 21
Select your action (0 for escape, 1 for skill, 2 for change): Select your next slime (0 for back, 3 for Green-HP89): Select your next slime (0 for back, 3 for Green-HP89): You send Green
Enemy's Pink uses Paint! Your Green is painted
Your Green: HP 89 || Enemy's Pink: HP 59
--------------------------------------------------
Round 22
Select your action (0 for escape, 1 for skill, 2 for change): Select the skill (0 for back, 1 for Tackle, 2 for Leaf, 3 for Synthesis): Your Green is sleeping
Enemy's Pink uses Slap! Damage: 54
Your Green wakes up
Your Green: HP 35 || Enemy's Pink: HP 59
--------------------------------------------------
Weather becomes normal
Round 23
Select your action (0 for escape, 1 for skill, 2 for change): Select your action (0 for escape, 1 for skill, 2 for change): Select the skill (0 for back, 1 for Tackle, 2 for Leaf, 3 for Synthesis): Your Green uses Synthesis! Recovery: 33
Enemy's Pink uses Slap! Damage: 27
Your Green: HP 41 || Enemy's Pink: HP 59
--------------------------------------------------
Round 24
Select your action (0 for escape, 1 for skill, 2 for change): Select your next slime (0 for back, 1 for Blue-HP70): Select your next slime (0 for back, 1 for Blue-HP70): Select your next slime (0 for back, 1 for Blue-HP70): Select your next slime (0 for back, 1 for Blue-HP70): Select your next slime (0 for back, 1 for Blue-HP70): Select your next slime (0 for back, 1 for Blue-HP70): You send Blue
Enemy's Pink uses Sing! Waste
Your Blue: HP 70 || Enemy's Pink: HP 59
--------------------------------------------------
Round 25
Select your action (0 for escape, 1 for skill, 2 for change): Select your next slime (0 for back, 3 for Green-HP41): Select your next slime (0 for back, 3 for Green-HP41): Select your next slime (0 for back, 3 for Green-HP41): Select your next slime (0 for back, 3 for Green-HP41): You send Green
Enemy's Pink uses Paint! Your Green is painted
Your Green: HP 41 || Enemy's Pink: HP 59
--------------------------------------------------
Round 26
Select your action (0 for escape, 1 for skill, 2 for change): Select the skill (0 for back, 1 for Tackle, 2 for Leaf, 3 for Synthesis): Your Green uses Leaf! Damage: 25
Enemy's Pink uses Sing! Your Green falls asleep
Your Green: HP 41 || Enemy's Pink: HP 34
--------------------------------------------------
Round 27
Select your action (0 for escape, 1 for skill, 2 for change): Select your next slime (0 for back, 1 for Blue-HP70): Select your next slime (0 for back, 1 for Blue-HP70): You send Blue
Enemy's Pink uses Slap! Damage: 19
Your Blue wakes up
Your Blue: HP 51 || Enemy's Pink: HP 34
--------------------------------------------------
Round 28
Select your action (0 for escape, 1 for skill, 2 for change): Select the skill (0 for back, 1 for Tackle, 2 for Stream, 3 for Rainy): Your Blue uses Rainy! Weather becomes rainy
Enemy's Pink uses Sing! Your Blue falls asleep
Your Blue: HP 51 || Enemy's Pink: HP 34
--------------------------------------------------
Round 29
Select your action (0 for escape, 1 for skill, 2 for change): Select your next slime (0 for back, 3 for Green-HP41): Select your next slime (0 for back, 3 for Green-HP41): You send Green
Enemy's Pink uses Paint! Your Green is painted
Your Green: HP 41 || Enemy's Pink: HP 34
--------------------------------------------------
Round 30
Select your action (0 for escape, 1 for skill, 2 for change): Select your next slime (0 for back, 1 for Blue-HP51): Select your next slime (0 for back, 1 for Blue-HP51): Select your next slime (0 for back, 1 for Blue-HP51): You send Blue
Enemy's Pink uses Slap! Damage: 19
Your Blue wakes up
Your Blue: HP 32 || Enemy's Pink: HP 34
--------------------------------------------------
Round 31
Select your action (0 for escape, 1 for skill, 2 for change): Select your next slime (0 for back, 3 for Green-HP41): You send Green
Enemy's Pink uses Sing! Waste
Your Green: HP 41 || Enemy's Pink: HP 34
--------------------------------------------------
Your Green wakes up
Round 32
Select your action (0 for escape, 1 for skill, 2 for change): Select the skill (0 for back, 1 for Tackle, 2 for Leaf, 3 for Synthesis): Your Green uses Leaf! Damage: 25
Enemy's Pink uses Sing! Your Green falls asleep
Your Green: HP 41 || Enemy's Pink: HP 9
--------------------------------------------------
Weather becomes normal
Round 33
Select your action (0 for escape, 1 for skill, 2 for change): Select your next slime (0 for back, 1 for Blue-HP32): Select your next slime (0 for back, 1 for Blue-HP32): Select your next slime (0 for back, 1 for Blue-HP32): You send Blue
Enemy's Pink uses Slap! Damage: 10
Your Blue: HP 22 || Enemy's Pink: HP 9
--------------------------------------------------
Round 34
Select your action (0 for escape, 1 for skill, 2 for change): Select your next slime (0 for back, 3 for Green-HP41): Select your next slime (0 for back, 3 for Green-HP41): Select your next slime (0 for back, 3 for Green-HP41): Select your next slime (0 for back, 3 for Green-HP41): You send Green
Enemy's Pink uses Sing! Waste
Your Green: HP 41 || Enemy's Pink: HP 9
--------------------------------------------------
Round 35
Select your action (0 for escape, 1 for skill, 2 for change): Select your next slime (0 for back, 1 for Blue-HP22): You send Blue
Enemy's Pink uses Slap! Damage: 10
Your Blue: HP 12 || Enemy's Pink: HP 9
--------------------------------------------------
Round 36
Select your action (0 for escape, 1 for skill, 2 for change): Select your next slime (0 for back, 3 for Green-HP41): Select your next slime (0 for back, 3 for Green-HP41): Select your next slime (0 for back, 3 for Green-HP41): You send Green
Enemy's Pink uses Sing! Waste
Your Green: HP 41 || Enemy's Pink: HP 9
--------------------------------------------------
Your Green wakes up
Round 37
Select your action (0 for escape, 1 for skill, 2 for change): Select your next slime (0 for back, 1 for Blue-HP12): You send Blue
Enemy's Pink uses Sing! Your Blue falls asleep
Your Blue: HP 12 || Enemy's Pink: HP 9
--------------------------------------------------
Round 38
Select your action (0 for escape, 1 for skill, 2 for change): Select the skill (0 for back, 1 for Tackle, 2 for Stream, 3 for Rainy): Your Blue is sleeping
Enemy's Pink uses Slap! Damage: 19
Your Blue is beaten
Select your next slime (3 for Green-HP41): You send Green
Your Green: HP 41 || Enemy's Pink: HP 9
--------------------------------------------------
Round 39
Select your action (0 for escape, 1 for skill): Select your action (0 for escape, 1 for skill): Select your action (0 for escape, 1 for skill): Select the skill (0 for back, 1 for Tackle, 2 for Leaf, 3 for Synthesis): Your Green uses Tackle! Damage: 25
Enemy's Pink is beaten
Enemy sends Green
Your Green: HP 41 || Enemy's Green: HP 110
--------------------------------------------------
Round 40
Select your action (0 for escape, 1 for skill): Select the skill (0 for back, 1 for Tackle, 2 for Leaf, 3 for Synthesis): Enemy's Green uses Tackle! Damage: 40
Your Green uses Tackle! Damage: 20
Your Green: HP 1 || Enemy's Green: HP 90
--------------------------------------------------
Round 41
Select your action (0 for escape, 1 for skill): Select your action (0 for escape, 1 for skill): Select your action (0 for escape, 1 for skill): Select the skill (0 for back, 1 for Tackle, 2 for Leaf, 3 for Synthesis): Enemy's Green uses Tackle! Damage: 40
Your Green is beaten
You Lose
