Welcome to Battle of Slimes 2!
Enemy has Pink, Green and Red, starting with Pink.
You can select three from five (1 for Green, 2 for Red, 3 for Blue, 4 for Yellow, 5 for Pink).
Select your 1st slime: Select your 2nd slime: Select your 3rd slime: You have Pink, Green and Red, starting with Pink
Your Pink: HP 120 || Enemy's Pink: HP 120
Battle starts!
--------------------------------------------------
Round 1
Select your action (0 for escape, 1 for skill, 2 for change): Select the skill (0 for back, 1 for Slap, 2 for Sing, 3 for Paint): Enemy's Pink uses Sing! Your Pink falls asleep
Your Pink is sleeping
Your Pink: HP 120 || Enemy's Pink: HP 120
--------------------------------------------------
Round 2
Select your action (0 for escape, 1 for skill, 2 for change): Select the skill (0 for back, 1 for Slap, 2 for Sing, 3 for Paint): Enemy's Pink uses Paint! Your Pink is painted
Your Pink is sleeping
Your Pink: HP 120 || Enemy's Pink: HP 120
--------------------------------------------------
Round 3
Select your action (0 for escape, 1 for skill, 2 for change): Select your next slime (0 for back, 2 for Green-HP110, 3 for Red-HP100): Select your next slime (0 for back, 2 for Green-HP110, 3 for Red-HP100): You send Green
Enemy's Pink uses Slap! Damage: 14
Your Green: HP 96 || Enemy's Pink: HP 120
--------------------------------------------------
Round 4
Select your action (0 for escape, 1 for skill, 2 for change): Select your action (0 for escape, 1 for skill, 2 for change): Select the skill (0 for back, 1 for Tackle, 2 for Leaf, 3 for Synthesis): Your Green uses Synthesis! Recovery: 33
Enemy's Pink uses Sing! Your Green falls asleep
Your Green: HP 110 || Enemy's Pink: HP 120
--------------------------------------------------
Round 5
Select your action (0 for escape, 1 for skill, 2 for change): Select your action (0 for escape, 1 for skill, 2 for change): Select your action (0 for escape, 1 for skill, 2 for change): Select your next slime (0 for back, 1 for Pink-HP120, 3 for Red-HP100): Select your next slime (0 for back, 1 for Pink-HP120, 3 for Red-HP100): You send Red
Enemy's Pink uses Paint! Your Red is painted
Your Red: HP 100 || Enemy's Pink: HP 120
--------------------------------------------------
Round 6
Select your action (0 for escape, 1 for skill, 2 for change): Select your next slime (0 for back, 1 for Pink-HP120, 2 for Green-HP110): You send Pink
Enemy's Pink uses Sing! Waste
Your Pink: HP 120 || Enemy's Pink: HP 120
--------------------------------------------------
Your Pink wakes up
Round 7
Select your action (0 for escape, 1 for skill, 2 for change): Select your next slime (0 for back, 2 for Green-HP110, 3 for Red-HP100): You send Green
Enemy's Pink uses Sing! Waste
Your Green: HP 110 || Enemy's Pink: HP 120
--------------------------------------------------
Round 8
Select your action (0 for escape, 1 for skill, 2 for change): Select your next slime (0 for back, 1 for Pink-HP120, 3 for Red-HP100): Select your next slime (0 for back, 1 for Pink-HP120, 3 for Red-HP100): You send Red
Enemy's Pink uses Paint! Your Red is painted
Your Red: HP 100 || Enemy's Pink: HP 120
--------------------------------------------------
Round 9
Select your action (0 for escape, 1 for skill, 2 for change): Select your action (0 for escape, 1 for skill, 2 for change): Select your action (0 for escape, 1 for skill, 2 for change): Select your next slime (0 for back, 1 for Pink-HP120, 2 for Green-HP110): You send Green
Enemy's Pink uses Sing! Waste
Your Green: HP 110 || Enemy's Pink: HP 120
--------------------------------------------------
Your Green wakes up
Round 10
Select your action (0 for escape, 1 for skill, 2 for change): Select your action (0 for escape, 1 for skill, 2 for change): Select your next slime (0 for back, 1 for Pink-HP120, 3 for Red-HP100): You send Red
Enemy's Pink uses Sing! Your Red falls asleep
Your Red: HP 100 || Enemy's Pink: HP 120
--------------------------------------------------
Round 11
Select your action (0 for escape, 1 for skill, 2 for change): Select your action (0 for escape, 1 for skill, 2 for change): Select your action (0 for escape, 1 for skill, 2 for change): Select the skill (0 for back, 1 for Claw, 2 for Flame, 3 for Sunny): Your Red is sleeping
Enemy's Pink uses Slap! Damage: 54
Your Red wakes up
Your Red: HP 46 || Enemy's Pink: HP 120
--------------------------------------------------
Round 12
Select your action (0 for escape, 1 for skill, 2 for change): Select your next slime (0 for back, 1 for Pink-HP120, 2 for Green-HP110): You send Pink
Enemy's Pink uses Sing! Your Pink falls asleep
Your Pink: HP 120 || Enemy's Pink: HP 120
--------------------------------------------------
Round 13
Select your action (0 for escape, 1 for skill, 2 for change): Select the skill (0 for back, 1 for Slap, 2 for Sing, 3 for Paint): Enemy's Pink uses Slap! Damage: 68
Your Pink wakes up
Your Pink uses Sing! Enemy's Pink falls asleep
Your Pink: HP 52 || Enemy's Pink: HP 120
--------------------------------------------------
Round 14
Select your action (0 for escape, 1 for skill, 2 for change): Select your action (0 for escape, 1 for skill, 2 for change): Select your next slime (0 for back, 2 for Green-HP110, 3 for Red-HP46): Select your next slime (0 for back, 2 for Green-HP110, 3 for Red-HP46): You send Green
Enemy's Pink is sleeping
Your Green: HP 110 || Enemy's Pink: HP 120
--------------------------------------------------
Round 15
Select your action (0 for escape, 1 for skill, 2 for change): Select your action (0 for escape, 1 for skill, 2 for change): Select your action (0 for escape, 1 for skill, 2 for change): Select your next slime (0 for back, 1 for Pink-HP52, 3 for Red-HP46): You send Red
Enemy's Pink is sleeping
Your Red: HP 46 || Enemy's Pink: HP 120
--------------------------------------------------
Enemy's Pink wakes up
Round 16
Select your action (0 for escape, 1 for skill, 2 for change): Select your next slime (0 for back, 1 for Pink-HP52, 2 for Green-HP110): Select your next slime (0 for back, 1 for Pink-HP52, 2 for Green-HP110): Select your next slime (0 for back, 1 for Pink-HP52, 2 for Green-HP110): Select your next slime (0 for back, 1 for Pink-HP52, 2 for Green-HP110): You send Pink
Enemy's Pink uses Sing! Your Pink falls asleep
Your Pink: HP 52 || Enemy's Pink: HP 120
--------------------------------------------------
Round 17
Select your action (0 for escape, 1 for skill, 2 for change): Select your action (0 for escape, 1 for skill, 2 for change): Select your action (0 for escape, 1 for skill, 2 for change): Select the skill (0 for back, 1 for Slap, 2 for Sing, 3 for Paint): Enemy's Pink uses Slap! Damage: 68
Your Pink is beaten
Select your next slime (2 for Green-HP110, 3 for Red-HP46): You send Green
Your Green: HP 110 || Enemy's Pink: HP 120
--------------------------------------------------
Round 18
Select your action (0 for escape, 1 for skill, 2 for change): Select the skill (0 for back, 1 for Tackle, 2 for Leaf, 3 for Synthesis): Your Green uses Tackle! Damage: 25
Enemy's Pink uses Sing! Your Green falls asleep
Your Green: HP 110 || Enemy's Pink: HP 95
--------------------------------------------------
Round 19
Select your action (0 for escape, 1 for skill, 2 for change): Select your next slime (0 for back, 3 for Red-HP46): Select your next slime (0 for back, 3 for Red-HP46): You send Red
Enemy's Pink uses Paint! Your Red is painted
Your Red: HP 46 || Enemy's Pink: HP 95
--------------------------------------------------
Round 20
Select your action (0 for escape, 1 for skill, 2 for change): Select your action (0 for escape, 1 for skill, 2 for change): Select the skill (0 for back, 1 for Claw, 2 for Flame, 3 for Sunny): Your Red uses Sunny! Weather becomes sunny
Enemy's Pink uses Sing! Your Red falls asleep
Your Red: HP 46 || Enemy's Pink: HP 95
--------------------------------------------------
Round 21
Select your action (0 for escape, 1 for skill, 2 for change): Select your next slime (0 for back, 2 for Green-HP110): Select your next slime (0 for back, 2 for Green-HP110): You send Green
Enemy's Pink uses Slap! Damage: 27
Your Green wakes up
Your Green: HP 83 || Enemy's Pink: HP 95
--------------------------------------------------
Round 22
Select your action (0 for escape, 1 for skill, 2 for change): Select the skill (0 for back, 1 for Tackle, 2 for Leaf, 3 for Synthesis): Your Green uses Synthesis! Recovery: 44
Enemy's Pink uses Sing! Your Green falls asleep
Your Green: HP 110 || Enemy's Pink: HP 95
--------------------------------------------------
Round 23
Select your action (0 for escape, 1 for skill, 2 for change): Select your action (0 for escape, 1 for skill, 2 for change): Select your action (0 for escape, 1 for skill, 2 for change): Select your next slime (0 for back, 3 for Red-HP46): You send Red
Enemy's Pink uses Paint! Your Red is painted
Your Red: HP 46 || Enemy's Pink: HP 95
--------------------------------------------------
Round 24
Select your action (0 for escape, 1 for skill, 2 for change): Select your next slime (0 for back, 2 for Green-HP110): Select your next slime (0 for back, 2 for Green-HP110): Select your next slime (0 for back, 2 for Green-HP110): Select your next slime (0 for back, 2 for Green-HP110): Select your next slime (0 for back, 2 for Green-HP110): Select your next slime (0 for back, 2 for Green-HP110): Select your next slime (0 for back, 2 for Green-HP110): You send Green
Enemy's Pink uses Slap! Damage: 27
Your Green wakes up
Your Green: HP 83 || Enemy's Pink: HP 95
--------------------------------------------------
Weather becomes normal
Round 25
Select your action (0 for escape, 1 for skill, 2 for change): Select the skill (0 for back, 1 for Tackle, 2 for Leaf, 3 for Synthesis): Your Green uses Leaf! Damage: 25
Enemy's Pink uses Sing! Your Green falls asleep
Your Green: HP 83 || Enemy's Pink: HP 70
--------------------------------------------------
Round 26
Select your action (0 for escape, 1 for skill, 2 for change): Select your action (0 for escape, 1 for skill, 2 for change): Select your next slime (0 for back, 3 for Red-HP46): You send Red
Enemy's Pink uses Paint! Your Red is painted
Your Red: HP 46 || Enemy's Pink: HP 70
--------------------------------------------------
Your Red wakes up
Round 27
Select your action (0 for escape, 1 for skill, 2 for change): Select your action (0 for escape, 1 for skill, 2 for change): Select your next slime (0 for back, 2 for Green-HP83): Select your next slime (0 for back, 2 for Green-HP83): Select your next slime (0 for back, 2 for Green-HP83): You send Green
Enemy's Pink uses Sing! Waste
Your Green: HP 83 || Enemy's Pink: HP 70
--------------------------------------------------
Round 28
Select your action (0 for escape, 1 for skill, 2 for change): Select your next slime (0 for back, 3 for Red-HP46): Select your next slime (0 for back, 3 for Red-HP46): Select your next slime (0 for back, 3 for Red-HP46): You send Red
Enemy's Pink uses Paint! Your Red is painted
Your Red: HP 46 || Enemy's Pink: HP 70
--------------------------------------------------
Round 29
Select your action (0 for escape, 1 for skill, 2 for change): Select your action (0 for escape, 1 for skill, 2 for change): Select your next slime (0 for back, 2 for Green-HP83): Select your next slime (0 for back, 2 for Green-HP83): Select your next slime (0 for back, 2 for Green-HP83): Select your next slime (0 for back, 2 for Green-HP83): Select your next slime (0 for back, 2 for Green-HP83): You send Green
Enemy's Pink uses Sing! Waste
Your Green: HP 83 || Enemy's Pink: HP 70
--------------------------------------------------
Your Green wakes up
Round 30
Select your action (0 for escape, 1 for skill, 2 for change): Select the skill (0 for back, 1 for Tackle, 2 for Leaf, 3 for Synthesis): Your Green uses Leaf! Damage: 25
Enemy's Pink uses Sing! Your Green falls asleep
Your Green: HP 83 || Enemy's Pink: HP 45
--------------------------------------------------
Round 31
Select your action (0 for escape, 1 for skill, 2 for change): Select your next slime (0 for back, 3 for Red-HP46): You send Red
Enemy's Pink uses Paint! Your Red is painted
Your Red: HP 46 || Enemy's Pink: HP 45
--------------------------------------------------
Round 32
Select your action (0 for escape, 1 for skill, 2 for change): Select the skill (0 for back, 1 for Claw, 2 for Flame, 3 for Sunny): Your Red uses Claw! Damage: 23
Enemy's Pink uses Sing! Your Red falls asleep
Your Red: HP 46 || Enemy's Pink: HP 22
--------------------------------------------------
Round 33
Select your action (0 for escape, 1 for skill, 2 for change): Select your action (0 for escape, 1 for skill, 2 for change): Select your action (0 for escape, 1 for skill, 2 for change): Select your action (0 for escape, 1 for skill, 2 for change): Select your action (0 for escape, 1 for skill, 2 for change): Select your next slime (0 for back, 2 for Green-HP83): You send Green
Enemy's Pink uses Slap! Damage: 27
Your Green wakes up
Your Green: HP 56 || Enemy's Pink: HP 22
--------------------------------------------------
Round 34
Select your action (0 for escape, 1 for skill, 2 for change): Select your next slime (0 for back, 3 for Red-HP46): Select your next slime (0 for back, 3 for Red-HP46): Select your next slime (0 for back, 3 for Red-HP46): Select your next slime (0 for back, 3 for Red-HP46): Select your next slime (0 for back, 3 for Red-HP46): Select your next slime (0 for back, 3 for Red-HP46): Select your next slime (0 for back, 3 for Red-HP46): Select your next slime (0 for back, 3 for Red-HP46): You send Red
Enemy's Pink uses Sing! Waste
Your Red: HP 46 || Enemy's Pink: HP 22
--------------------------------------------------
Round 35
Select your action (0 for escape, 1 for skill, 2 for change): Select the skill (0 for back, 1 for Claw, 2 for Flame, 3 for Sunny): Your Red is sleeping
Enemy's Pink uses Slap! Damage: 54
Your Red is beaten
Select your next slime (2 for Green-HP56): You send Green
Your Green: HP 56 || Enemy's Pink: HP 22
--------------------------------------------------
Round 36
Select your action (0 for escape, 1 for skill): Select your action (0 for escape, 1 for skill): Select your action (0 for escape, 1 for skill): Select your action (0 for escape, 1 for skill): Select the skill (0 for back, 1 for Tackle, 2 for Leaf, 3 for Synthesis): Your Green uses Tackle! Damage: 25
Enemy's Pink is beaten
Enemy sends Green
Your Green: HP 56 || Enemy's Green: HP 110
--------------------------------------------------
Round 37
Select your action (0 for escape, 1 for skill): Select the skill (0 for back, 1 for Tackle, 2 for Leaf, 3 for Synthesis): Enemy's Green uses Tackle! Damage: 20
Your Green uses Synthesis! Recovery: 33
Your Green: HP 69 || Enemy's Green: HP 110
--------------------------------------------------
Round 38
Select your action (0 for escape, 1 for skill): Select your action (0 for escape, 1 for skill): Select your action (0 for escape, 1 for skill): Select the skill (0 for back, 1 for Tackle, 2 for Leaf, 3 for Synthesis): Enemy's Green uses Tackle! Damage: 20
Your Green uses Tackle! Damage: 20
Your Green: HP 49 || Enemy's Green: HP 90
--------------------------------------------------
Round 39
Select your action (0 for escape, 1 for skill): Select your action (0 for escape, 1 for skill): Select the skill (0 for back, 1 for Tackle, 2 for Leaf, 3 for Synthesis): Enemy's Green uses Tackle! Damage: 20
Your Green uses Synthesis! Recovery: 33
Your Green: HP 62 || Enemy's Green: HP 90
--------------------------------------------------
Round 40
Select your action (0 for escape, 1 for skill): Select the skill (0 for back, 1 for Tackle, 2 for Leaf, 3 for Synthesis): Enemy's Green uses Tackle! Damage: 20
Your Green uses Leaf! Damage: 10
Your Green: HP 42 || Enemy's Green: HP 80
--------------------------------------------------
Round 41
Select your action (0 for escape, 1 for skill): Select the skill (0 for back, 1 for Tackle, 2 for Leaf, 3 for Synthesis): Enemy's Green uses Tackle! Damage: 20
Your Green uses Synthesis! Recovery: 33
Your Green: HP 55 || Enemy's Green: HP 80
--------------------------------------------------
Round 42
Select your action (0 for escape, 1 for skill): Select your action (0 for escape, 1 for skill): Select your action (0 for escape, 1 for skill): Select your action (0 for escape, 1 for skill): Select your action (0 for escape, 1 for skill): Select your action (0 for escape, 1 for skill): Select your action (0 for escape, 1 for skill): Select your action (0 for escape, 1 for skill): Select your action (0 for escape, 1 for skill): Select the skill (0 for back, 1 for Tackle, 2 for Leaf, 3 for Synthesis): Enemy's Green uses Tackle! Damage: 20
Your Green uses Synthesis! Recovery: 33
Your Green: HP 68 || Enemy's Green: HP 80
--------------------------------------------------
Round 43
Select your action (0 for escape, 1 for skill): Select the skill (0 for back, 1 for Tackle, 2 for Leaf, 3 for Synthesis): Enemy's Green uses Tackle! Damage: 20
Your Green uses Leaf! Damage: 10
Your Green: HP 48 || Enemy's Green: HP 70
--------------------------------------------------
Round 44
Select your action (0 for escape, 1 for skill): Select your action (0 for escape, 1 for skill): Select the skill (0 for back, 1 for Tackle, 2 for Leaf, 3 for Synthesis): Enemy's Green uses Tackle! Damage: 20
Your Green uses Tackle! Damage: 20
Your Green: HP 28 || Enemy's Green: HP 50
--------------------------------------------------
Round 45
Select your action (0 for escape, 1 for skill): Select your action (0 for escape, 1 for skill): Select your action (0 for escape, 1 for skill): Select your action (0 for escape, 1 for skill): Select your action (0 for escape, 1 for skill): Select the skill (0 for back, 1 for Tackle, 2 for Leaf, 3 for Synthesis): Enemy sends Red
Your Green uses Leaf! Damage: 10
Your Green: HP 28 || Enemy's Red: HP 90
--------------------------------------------------
Round 46
Select your action (0 for escape, 1 for skill): Select your action (0 for escape, 1 for skill): Select your action (0 for escape, 1 for skill): Select the skill (0 for back, 1 for Tackle, 2 for Leaf, 3 for Synthesis): Enemy's Red uses Sunny! Weather becomes sunny
Your Green uses Tackle! Damage: 20
Your Green: HP 28 || Enemy's Red: HP 70
--------------------------------------------------
Round 47
Select your action (0 for escape, 1 for skill): Select your action (0 for escape, 1 for skill): Select your action (0 for escape, 1 for skill): Select your action (0 for escape, 1 for skill): Select the skill (0 for back, 1 for Tackle, 2 for Leaf, 3 for Synthesis): Enemy's Red uses Flame! Damage: 72
Your Green is beaten
You Lose
