Welcome to Battle of Slimes 2!
Enemy has Pink, Green and Red, starting with Pink.
You can select three from five (1 for Green, 2 for Red, 3 for Blue, 4 for Yellow, 5 for Pink).
Select your 1st slime: Select your 2nd slime: Select your 3rd slime: You have Green, Blue and Red, starting with Green
Your Green: HP 110 || Enemy's Pink: HP 120
Battle starts!
--------------------------------------------------
Round 1
Select your action (0 for escape, 1 for skill, 2 for change): Select your next slime (0 for back, 2 for Blue-HP100, 3 for Red-HP100): Select your next slime (0 for back, 2 for Blue-HP100, 3 for Red-HP100): Select your next slime (0 for back, 2 for Blue-HP100, 3 for Red-HP100): Select your next slime (0 for back, 2 for Blue-HP100, 3 for Red-HP100): You send Red
Enemy's Pink uses Sing! Your Red falls asleep
Your Red: HP 100 || Enemy's Pink: HP 120
--------------------------------------------------
Round 2
Select your action (0 for escape, 1 for skill, 2 for change): Select your action (0 for escape, 1 for skill, 2 for change): Select your next slime (0 for back, 1 for Green-HP110, 2 for Blue-HP100): Select your next slime (0 for back, 1 for Green-HP110, 2 for Blue-HP100): You send Blue
Enemy's Pink uses Paint! Your Blue is painted
Your Blue: HP 100 || Enemy's Pink: HP 120
--------------------------------------------------
Round 3
Select your action (0 for escape, 1 for skill, 2 for change): Select your next slime (0 for back, 1 for Green-HP110, 3 for Red-HP100): You send Green
Enemy's Pink uses Sing! Your Green falls asleep
Your Green: HP 110 || Enemy's Pink: HP 120
--------------------------------------------------
Round 4
Select your action (0 for escape, 1 for skill, 2 for change): Select your next slime (0 for back, 2 for Blue-HP100, 3 for Red-HP100): Select your next slime (0 for back, 2 for Blue-HP100, 3 for Red-HP100): You send Blue
Enemy's Pink uses Paint! Your Blue is painted
Your Blue: HP 100 || Enemy's Pink: HP 120
--------------------------------------------------
Round 5
Select your action (0 for escape, 1 for skill, 2 for change): Select your action (0 for escape, 1 for skill, 2 for change): Select your next slime (0 for back, 1 for Green-HP110, 3 for Red-HP100): You send Red
Enemy's Pink uses Sing! Waste
Your Red: HP 100 || Enemy's Pink: HP 120
--------------------------------------------------
Round 6
Select your action (0 for escape, 1 for skill, 2 for change): Select your next slime (0 for back, 1 for Green-HP110, 2 for Blue-HP100): Select your next slime (0 for back, 1 for Green-HP110, 2 for Blue-HP100): You send Blue
Enemy's Pink uses Paint! Your Blue is painted
Your Blue: HP 100 || Enemy's Pink: HP 120
--------------------------------------------------
Round 7
Select your action (0 for escape, 1 for skill, 2 for change): Select your action (0 for escape, 1 for skill, 2 for change): Select your next slime (0 for back, 1 for Green-HP110, 3 for Red-HP100): You send Red
Enemy's Pink uses Sing! Waste
Your Red: HP 100 || Enemy's Pink: HP 120
--------------------------------------------------
Your Red wakes up
Round 8
Select your action (0 for escape, 1 for skill, 2 for change): Select the skill (0 for back, 1 for Claw, 2 for Flame, 3 for Sunny): Your Red uses Sunny! Weather becomes sunny
Enemy's Pink uses Sing! Your Red falls asleep
Your Red: HP 100 || Enemy's Pink: HP 120
--------------------------------------------------
Round 9
Select your action (0 for escape, 1 for skill, 2 for change): Select the skill (0 for back, 1 for Claw, 2 for Flame, 3 for Sunny): Your Red is sleeping
Enemy's Pink uses Paint! Your Red is painted
Your Red: HP 100 || Enemy's Pink: HP 120
--------------------------------------------------
Round 10
Select your action (0 for escape, 1 for skill, 2 for change): Select your action (0 for escape, 1 for skill, 2 for change): Select your next slime (0 for back, 1 for Green-HP110, 2 for Blue-HP100): You send Blue
Enemy's Pink uses Slap! Damage: 19
Your Blue: HP 81 || Enemy's Pink: HP 120
--------------------------------------------------
Round 11
Select your action (0 for escape, 1 for skill, 2 for change): Select your next slime (0 for back, 1 for Green-HP110, 3 for Red-HP100): Select your next slime (0 for back, 1 for Green-HP110, 3 for Red-HP100): You send Red
Enemy's Pink uses Sing! Waste
Your Red: HP 100 || Enemy's Pink: HP 120
--------------------------------------------------
Your Red wakes up
Round 12
Select your action (0 for escape, 1 for skill, 2 for change): Select the skill (0 for back, 1 for Claw, 2 for Flame, 3 for Sunny): Your Red uses Flame! Damage: 45
Enemy's Pink uses Sing! Your Red falls asleep
Your Red: HP 100 || Enemy's Pink: HP 75
--------------------------------------------------
Weather becomes normal
Round 13
Select your action (0 for escape, 1 for skill, 2 for change): Select your action (0 for escape, 1 for skill, 2 for change): Select the skill (0 for back, 1 for Claw, 2 for Flame, 3 for Sunny): Your Red is sleeping
Enemy's Pink uses Slap! Damage: 54
Your Red wakes up
Your Red: HP 46 || Enemy's Pink: HP 75
--------------------------------------------------
Round 14
Select your action (0 for escape, 1 for skill, 2 for change): Select the skill (0 for back, 1 for Claw, 2 for Flame, 3 for Sunny): Your Red uses Sunny! Weather becomes sunny
Enemy's Pink uses Sing! Your Red falls asleep
Your Red: HP 46 || Enemy's Pink: HP 75
--------------------------------------------------
Round 15
Select your action (0 for escape, 1 for skill, 2 for change): Select your next slime (0 for back, 1 for Green-HP110, 2 for Blue-HP81): You send Green
Enemy's Pink uses Slap! Damage: 27
Your Green wakes up
Your Green: HP 83 || Enemy's Pink: HP 75
--------------------------------------------------
Round 16
Select your action (0 for escape, 1 for skill, 2 for change): Select the skill (0 for back, 1 for Tackle, 2 for Leaf, 3 for Synthesis): Your Green uses Tackle! Damage: 25
Enemy's Pink uses Sing! Your Green falls asleep
Your Green: HP 83 || Enemy's Pink: HP 50
--------------------------------------------------
Round 17
Select your action (0 for escape, 1 for skill, 2 for change): Select your next slime (0 for back, 2 for Blue-HP81, 3 for Red-HP46): You send Blue
Enemy's Pink uses Paint! Your Blue is painted
Your Blue: HP 81 || Enemy's Pink: HP 50
--------------------------------------------------
Round 18
Select your action (0 for escape, 1 for skill, 2 for change): Select the skill (0 for back, 1 for Tackle, 2 for Stream, 3 for Rainy): Your Blue uses Stream! Damage: 13
Enemy's Pink uses Sing! Your Blue falls asleep
Your Blue: HP 81 || Enemy's Pink: HP 37
--------------------------------------------------
Weather becomes normal
Round 19
Select your action (0 for escape, 1 for skill, 2 for change): Select your next slime (0 for back, 1 for Green-HP83, 3 for Red-HP46): You send Red
Enemy's Pink uses Slap! Damage: 54
Your Red is beaten
Select your next slime (1 for Green-HP83, 2 for Blue-HP81): Select your next slime (1 for Green-HP83, 2 for Blue-HP81): Select your next slime (1 for Green-HP83, 2 for Blue-HP81): Select your next slime (1 for Green-HP83, 2 for Blue-HP81): Select your next slime (1 for Green-HP83, 2 for Blue-HP81): You send Blue
Your Blue: HP 81 || Enemy's Pink: HP 37
--------------------------------------------------
Round 20
Select your action (0 for escape, 1 for skill, 2 for change): Select your next slime (0 for back, 1 for Green-HP83): You send Green
Enemy's Pink uses Slap! Damage: 27
Your Green wakes up
Your Green: HP 56 || Enemy's Pink: HP 37
--------------------------------------------------
Round 21
Select your action (0 for escape, 1 for skill, 2 for change): Select your action (0 for escape, 1 for skill, 2 for change): Select your action (0 for escape, 1 for skill, 2 for change): Select the skill (0 for back, 1 for Tackle, 2 for Leaf, 3 for Synthesis): Your Green uses Synthesis! Recovery: 33
Enemy's Pink uses Sing! Your Green falls asleep
Your Green: HP 89 || Enemy's Pink: HP 37
--------------------------------------------------
Round 22
Select your action (0 for escape, 1 for skill, 2 for change): Select your action (0 for escape, 1 for skill, 2 for change): Select your action (0 for escape, 1 for skill, 2 for change): Select your action (0 for escape, 1 for skill, 2 for change): Select your next slime (0 for back, 2 for Blue-HP81): Select your next slime (0 for back, 2 for Blue-HP81): Select your next slime (0 for back, 2 for Blue-HP81): You send Blue
Enemy's Pink uses Paint! Your Blue is painted
Your Blue: HP 81 || Enemy's Pink: HP 37
--------------------------------------------------
Your Blue wakes up
Round 23
Select your action (0 for escape, 1 for skill, 2 for change): Select your action (0 for escape, 1 for skill, 2 for change): Select your action (0 for escape, 1 for skill, 2 for change): Select your next slime (0 for back, 1 for Green-HP89): Select your next slime (0 for back, 1 for Green-HP89): You send Green
Enemy's Pink uses Sing! Waste
Your Green: HP 89 || Enemy's Pink: HP 37
--------------------------------------------------
Round 24
Select your action (0 for escape, 1 for skill, 2 for change): Select your next slime (0 for back, 2 for Blue-HP81): Select your next slime (0 for back, 2 for Blue-HP81): Select your next slime (0 for back, 2 for Blue-HP81): Select your next slime (0 for back, 2 for Blue-HP81): Select your next slime (0 for back, 2 for Blue-HP81): Select your next slime (0 for back, 2 for Blue-HP81): You send Blue
Enemy's Pink uses Paint! Your Blue is painted
Your Blue: HP 81 || Enemy's Pink: HP 37
--------------------------------------------------
Round 25
Select your action (0 for escape, 1 for skill, 2 for change): Select the skill (0 for back, 1 for Tackle, 2 for Stream, 3 for Rainy): Your Blue uses Tackle! Damage: 25
Enemy's Pink uses Sing! Your Blue falls asleep
Your Blue: HP 81 || Enemy's Pink: HP 12
--------------------------------------------------
Round 26
Select your action (0 for escape, 1 for skill, 2 for change): Select the skill (0 for back, 1 for Tackle, 2 for Stream, 3 for Rainy): Your Blue is sleeping
Enemy's Pink uses Slap! Damage: 39
Your Blue wakes up
Your Blue: HP 42 || Enemy's Pink: HP 12
--------------------------------------------------
Round 27
Select your action (0 for escape, 1 for skill, 2 for change): Select your next slime (0 for back, 1 for Green-HP89): Select your next slime (0 for back, 1 for Green-HP89): You send Green
Enemy's Pink uses Sing! Waste
Your Green: HP 89 || Enemy's Pink: HP 12
--------------------------------------------------
Your Green wakes up
Round 28
Select your action (0 for escape, 1 for skill, 2 for change): Select your next slime (0 for back, 2 for Blue-HP42): You send Blue
Enemy's Pink uses Sing! Your Blue falls asleep
Your Blue: HP 42 || Enemy's Pink: HP 12
--------------------------------------------------
Round 29
Select your action (0 for escape, 1 for skill, 2 for change): Select the skill (0 for back, 1 for Tackle, 2 for Stream, 3 for Rainy): Your Blue is sleeping
Enemy's Pink uses Slap! Damage: 39
Your Blue wakes up
Your Blue: HP 3 || Enemy's Pink: HP 12
--------------------------------------------------
Round 30
Select your action (0 for escape, 1 for skill, 2 for change): Select your next slime (0 for back, 1 for Green-HP89): Select your next slime (0 for back, 1 for Green-HP89): Select your next slime (0 for back, 1 for Green-HP89): Select your next slime (0 for back, 1 for Green-HP89): Select your next slime (0 for back, 1 for Green-HP89): Select your next slime (0 for back, 1 for Green-HP89): Select your next slime (0 for back, 1 for Green-HP89): Select your next slime (0 for back, 1 for Green-HP89): You send Green
Enemy's Pink uses Slap! Damage: 14
Your Green: HP 75 || Enemy's Pink: HP 12
--------------------------------------------------
Round 31
Select your action (0 for escape, 1 for skill, 2 for change): Select your action (0 for escape, 1 for skill, 2 for change): Select your action (0 for escape, 1 for skill, 2 for change): Select the skill (0 for back, 1 for Tackle, 2 for Leaf, 3 for Synthesis): Your Green uses Tackle! Damage: 25
Enemy's Pink is beaten
Enemy sends Green
Your Green: HP 75 || Enemy's Green: HP 110
--------------------------------------------------
Round 32
Select your action (0 for escape, 1 for skill, 2 for change): Select the skill (0 for back, 1 for Tackle, 2 for Leaf, 3 for Synthesis): Enemy's Green uses Tackle! Damage: 20
Your Green uses Leaf! Damage: 10
Your Green: HP 55 || Enemy's Green: HP 100
--------------------------------------------------
Round 33
Select your action (0 for escape, 1 for skill, 2 for change): Select your next slime (0 for back, 2 for Blue-HP3): You send Blue
Enemy's Green uses Tackle! Damage: 29
Your Blue is beaten
Select your next slime (1 for Green-HP55): Select your next slime (1 for Green-HP55): Select your next slime (1 for Green-HP55): Select your next slime (1 for Green-HP55): Select your next slime (1 for Green-HP55): Select your next slime (1 for Green-HP55): You send Green
Your Green: HP 55 || Enemy's Green: HP 100
--------------------------------------------------
Round 34
Select your action (0 for escape, 1 for skill): Select your action (0 for escape, 1 for skill): Select your action (0 for escape, 1 for skill): Select your action (0 for escape, 1 for skill): Select your action (0 for escape, 1 for skill): Select your action (0 for escape, 1 for skill): Select your action (0 for escape, 1 for skill): Select your action (0 for escape, 1 for skill): Select your action (0 for escape, 1 for skill): Select the skill (0 for back, 1 for Tackle, 2 for Leaf, 3 for Synthesis): Enemy's Green uses Tackle! Damage: 20
Your Green uses Synthesis! Recovery: 33
Your Green: HP 68 || Enemy's Green: HP 100
--------------------------------------------------
Round 35
Select your action (0 for escape, 1 for skill): Select the skill (0 for back, 1 for Tackle, 2 for Leaf, 3 for Synthesis): Enemy's Green uses Tackle! Damage: 20
Your Green uses Synthesis! Recovery: 33
Your Green: HP 81 || Enemy's Green: HP 100
--------------------------------------------------
Round 36
Select your action (0 for escape, 1 for skill): Select the skill (0 for back, 1 for Tackle, 2 for Leaf, 3 for Synthesis): Enemy's Green uses Tackle! Damage: 20
Your Green uses Synthesis! Recovery: 33
Your Green: HP 94 || Enemy's Green: HP 100
--------------------------------------------------
Round 37
Select your action (0 for escape, 1 for skill): Select your action (0 for escape, 1 for skill): Select your action (0 for escape, 1 for skill): Select your action (0 for escape, 1 for skill): Select your action (0 for escape, 1 for skill): Select your action (0 for escape, 1 for skill): Select the skill (0 for back, 1 for Tackle, 2 for Leaf, 3 for Synthesis): Enemy's Green uses Tackle! Damage: 20
Your Green uses Synthesis! Recovery: 33
Your Green: HP 107 || Enemy's Green: HP 100
--------------------------------------------------
Round 38
Select your action (0 for escape, 1 for skill): Select the skill (0 for back, 1 for Tackle, 2 for Leaf, 3 for Synthesis): Enemy's Green uses Tackle! Damage: 20
Your Green uses Synthesis! Recovery: 33
Your Green: HP 110 || Enemy's Green: HP 100
--------------------------------------------------
Round 39
Select your action (0 for escape, 1 for skill): Select your action (0 for escape, 1 for skill): Select your action (0 for escape, 1 for skill): Select your action (0 for escape, 1 for skill): Select your action (0 for escape, 1 for skill): Select the skill (0 for back, 1 for Tackle, 2 for Leaf, 3 for Synthesis): Enemy's Green uses Tackle! Damage: 20
Your Green uses Leaf! Damage: 10
Your Green: HP 90 || Enemy's Green: HP 90
--------------------------------------------------
Round 40
Select your action (0 for escape, 1 for skill): Select your action (0 for escape, 1 for skill): Select the skill (0 for back, 1 for Tackle, 2 for Leaf, 3 for Synthesis): Enemy's Green uses Tackle! Damage: 20
Your Green uses Synthesis! Recovery: 33
Your Green: HP 103 || Enemy's Green: HP 90
--------------------------------------------------
Round 41
Select your action (0 for escape, 1 for skill): Select your action (0 for escape, 1 for skill): Select your action (0 for escape, 1 for skill): Select the skill (0 for back, 1 for Tackle, 2 for Leaf, 3 for Synthesis): Enemy's Green uses Tackle! Damage: 20
Your Green uses Synthesis! Recovery: 33
Your Green: HP 110 || Enemy's Green: HP 90
--------------------------------------------------
Round 42
Select your action (0 for escape, 1 for skill): Select the skill (0 for back, 1 for Tackle, 2 for Leaf, 3 for Synthesis): Enemy's Green uses Tackle! Damage: 20
Your Green uses Synthesis! Recovery: 33
Your Green: HP 110 || Enemy's Green: HP 90
--------------------------------------------------
Round 43
Select your action (0 for escape, 1 for skill): Select your action (0 for escape, 1 for skill): Select your action (0 for escape, 1 for skill): Select your action (0 for escape, 1 for skill): Select the skill (0 for back, 1 for Tackle, 2 for Leaf, 3 for Synthesis): Enemy's Green uses Tackle! Damage: 20
Your Green uses Leaf! Damage: 10
Your Green: HP 90 || Enemy's Green: HP 80
--------------------------------------------------
Round 44
Select your action (0 for escape, 1 for skill): Select your action (0 for escape, 1 for skill): Select your action (0 for escape, 1 for skill): Select your action (0 for escape, 1 for skill): Select your action (0 for escape, 1 for skill): Select your action (0 for escape, 1 for skill): Select your action (0 for escape, 1 for skill): Select the skill (0 for back, 1 for Tackle, 2 for Leaf, 3 for Synthesis): Enemy's Green uses Tackle! Damage: 20
Your Green uses Synthesis! Recovery: 33
Your Green: HP 103 || Enemy's Green: HP 80
--------------------------------------------------
Round 45
Select your action (0 for escape, 1 for skill): Select the skill (0 for back, 1 for Tackle, 2 for Leaf, 3 for Synthesis): Enemy's Green uses Tackle! Damage: 20
Your Green uses Leaf! Damage: 10
Your Green: HP 83 || Enemy's Green: HP 70
--------------------------------------------------
Round 46
Select your action (0 for escape, 1 for skill): Select the skill (0 for back, 1 for Tackle, 2 for Leaf, 3 for Synthesis): Enemy's Green uses Tackle! Damage: 20
Your Green uses Leaf! Damage: 10
Your Green: HP 63 || Enemy's Green: HP 60
--------------------------------------------------
Round 47
Select your action (0 for escape, 1 for skill): Select the skill (0 for back, 1 for Tackle, 2 for Leaf, 3 for Synthesis): Enemy's Green uses Tackle! Damage: 20
Your Green uses Tackle! Damage: 20
Your Green: HP 43 || Enemy's Green: HP 40
--------------------------------------------------
Round 48
Select your action (0 for escape, 1 for skill): Select your action (0 for escape, 1 for skill): Select your action (0 for escape, 1 for skill): Select your action (0 for escape, 1 for skill): Select your action (0 for escape, 1 for skill): Select your action (0 for escape, 1 for skill): Select your action (0 for escape, 1 for skill): Select the skill (0 for back, 1 for Tackle, 2 for Leaf, 3 for Synthesis): Enemy sends Red
Your Green uses Tackle! Damage: 20
Your Green: HP 43 || Enemy's Red: HP 80
--------------------------------------------------
Round 49
Select your action (0 for escape, 1 for skill): Select the skill (0 for back, 1 for Tackle, 2 for Leaf, 3 for Synthesis): Enemy's Red uses Sunny! Weather becomes sunny
Your Green uses Tackle! Damage: 20
Your Green: HP 43 || Enemy's Red: HP 60
--------------------------------------------------
Round 50
Select your action (0 for escape, 1 for skill): Select your action (0 for escape, 1 for skill): Select the skill (0 for back, 1 for Tackle, 2 for Leaf, 3 for Synthesis): Enemy's Red uses Flame! Damage: 72
Your Green is beaten
You Lose
