Welcome to Battle of Slimes 2!
Enemy has Pink, Green and Red, starting with Pink.
You can select three from five (1 for Green, 2 for Red, 3 for Blue, 4 for Yellow, 5 for Pink).
Select your 1st slime: Select your 2nd slime: Select your 3rd slime: You have Yellow, Green and Blue, starting with Yellow
Your Yellow: HP 90 || Enemy's Pink: HP 120
Battle starts!
--------------------------------------------------
Round 1
Select your action (0 for escape, 1 for skill, 2 for change): Select your next slime (0 for back, 2 for Green-HP110, 3 for Blue-HP100): You send Green
Enemy's Pink uses Sing! Your Green falls asleep
Your Green: HP 110 || Enemy's Pink: HP 120
--------------------------------------------------
Round 2
Select your action (0 for escape, 1 for skill, 2 for change): Select your next slime (0 for back, 1 for Yellow-HP90, 3 for Blue-HP100): You send Blue
Enemy's Pink uses Paint! Your Blue is painted
Your Blue: HP 100 || Enemy's Pink: HP 120
--------------------------------------------------
Round 3
Select your action (0 for escape, 1 for skill, 2 for change): Select your action (0 for escape, 1 for skill, 2 for change): Select your action (0 for escape, 1 for skill, 2 for change): Select your action (0 for escape, 1 for skill, 2 for change): Select your next slime (0 for back, 1 for Yellow-HP90, 2 for Green-HP110): Select your next slime (0 for back, 1 for Yellow-HP90, 2 for Green-HP110): Select your next slime (0 for back, 1 for Yellow-HP90, 2 for Green-HP110): You send Yellow
Enemy's Pink uses Sing! Your Yellow falls asleep
Your Yellow: HP 90 || Enemy's Pink: HP 120
--------------------------------------------------
Round 4
Select your action (0 for escape, 1 for skill, 2 for change): Select your action (0 for escape, 1 for skill, 2 for change): Select your action (0 for escape, 1 for skill, 2 for change): Select your action (0 for escape, 1 for skill, 2 for change): Select the skill (0 for back, 1 for Quick, 2 for Volt, 3 for Thunder): Your Yellow is sleeping
Enemy's Pink uses Paint! Your Yellow is painted
Your Yellow: HP 90 || Enemy's Pink: HP 120
--------------------------------------------------
Round 5
Select your action (0 for escape, 1 for skill, 2 for change): Select your action (0 for escape, 1 for skill, 2 for change): Select your next slime (0 for back, 2 for Green-HP110, 3 for Blue-HP100): You send Green
Enemy's Pink uses Slap! Damage: 27
Your Green wakes up
Your Green: HP 83 || Enemy's Pink: HP 120
--------------------------------------------------
Round 6
Select your action (0 for escape, 1 for skill, 2 for change): Select your next slime (0 for back, 1 for Yellow-HP90, 3 for Blue-HP100): You send Blue
Enemy's Pink uses Sing! Your Blue falls asleep
Your Blue: HP 100 || Enemy's Pink: HP 120
--------------------------------------------------
Round 7
Select your action (0 for escape, 1 for skill, 2 for change): Select your action (0 for escape, 1 for skill, 2 for change): Select the skill (0 for back, 1 for Tackle, 2 for Stream, 3 for Rainy): Your Blue is sleeping
Enemy's Pink uses Slap! Damage: 39
Your Blue wakes up
Your Blue: HP 61 || Enemy's Pink: HP 120
--------------------------------------------------
Round 8
Select your action (0 for escape, 1 for skill, 2 for change): Select your next slime (0 for back, 1 for Yellow-HP90, 2 for Green-HP83): You send Yellow
Enemy's Pink uses Sing! Waste
Your Yellow: HP 90 || Enemy's Pink: HP 120
--------------------------------------------------
Your Yellow wakes up
Round 9
Select your action (0 for escape, 1 for skill, 2 for change): Select your action (0 for escape, 1 for skill, 2 for change): Select your next slime (0 for back, 2 for Green-HP83, 3 for Blue-HP61): You send Green
Enemy's Pink uses Sing! Your Green falls asleep
Your Green: HP 83 || Enemy's Pink: HP 120
--------------------------------------------------
Round 10
Select your action (0 for escape, 1 for skill, 2 for change): Select your next slime (0 for back, 1 for Yellow-HP90, 3 for Blue-HP61): Select your next slime (0 for back, 1 for Yellow-HP90, 3 for Blue-HP61): You send Blue
Enemy's Pink uses Paint! Your Blue is painted
Your Blue: HP 61 || Enemy's Pink: HP 120
--------------------------------------------------
Round 11
Select your action (0 for escape, 1 for skill, 2 for change): Select the skill (0 for back, 1 for Tackle, 2 for Stream, 3 for Rainy): Your Blue uses Rainy! Weather becomes rainy
Enemy's Pink uses Sing! Your Blue falls asleep
Your Blue: HP 61 || Enemy's Pink: HP 120
--------------------------------------------------
Round 12
Select your action (0 for escape, 1 for skill, 2 for change): Select your action (0 for escape, 1 for skill, 2 for change): Select your next slime (0 for back, 1 for Yellow-HP90, 2 for Green-HP83): You send Yellow
Enemy's Pink uses Slap! Damage: 27
Your Yellow: HP 63 || Enemy's Pink: HP 120
--------------------------------------------------
Round 13
Select your action (0 for escape, 1 for skill, 2 for change): Select your next slime (0 for back, 2 for Green-HP83, 3 for Blue-HP61): Select your next slime (0 for back, 2 for Green-HP83, 3 for Blue-HP61): You send Blue
Enemy's Pink uses Sing! Waste
Your Blue: HP 61 || Enemy's Pink: HP 120
--------------------------------------------------
Round 14
Select your action (0 for escape, 1 for skill, 2 for change): Select your next slime (0 for back, 1 for Yellow-HP63, 2 for Green-HP83): You send Yellow
Enemy's Pink uses Slap! Damage: 27
Your Yellow: HP 36 || Enemy's Pink: HP 120
--------------------------------------------------
Round 15
Select your action (0 for escape, 1 for skill, 2 for change): Select the skill (0 for back, 1 for Quick, 2 for Volt, 3 for Thunder): Your Yellow uses Quick! Damage: 19
Enemy's Pink uses Sing! Your Yellow falls asleep
Your Yellow: HP 36 || Enemy's Pink: HP 101
--------------------------------------------------
Weather becomes normal
Round 16
Select your action (0 for escape, 1 for skill, 2 for change): Select your action (0 for escape, 1 for skill, 2 for change): Select your action (0 for escape, 1 for skill, 2 for change): Select the skill (0 for back, 1 for Quick, 2 for Volt, 3 for Thunder): Your Yellow is sleeping
Enemy's Pink uses Slap! Damage: 54
Your Yellow is beaten
Select your next slime (2 for Green-HP83, 3 for Blue-HP61): You send Blue
Your Blue: HP 61 || Enemy's Pink: HP 101
--------------------------------------------------
Your Blue wakes up
Round 17
Select your action (0 for escape, 1 for skill, 2 for change): Select the skill (0 for back, 1 for Tackle, 2 for Stream, 3 for Rainy): Your Blue uses Stream! Damage: 25
Enemy's Pink uses Sing! Your Blue falls asleep
Your Blue: HP 61 || Enemy's Pink: HP 76
--------------------------------------------------
Round 18
Select your action (0 for escape, 1 for skill, 2 for change): Select your next slime (0 for back, 2 for Green-HP83): You send Green
Enemy's Pink uses Slap! Damage: 27
Your Green wakes up
Your Green: HP 56 || Enemy's Pink: HP 76
--------------------------------------------------
Round 19
Select your action (0 for escape, 1 for skill, 2 for change): Select your action (0 for escape, 1 for skill, 2 for change): Select your next slime (0 for back, 3 for Blue-HP61): Select your next slime (0 for back, 3 for Blue-HP61): You send Blue
Enemy's Pink uses Sing! Waste
Your Blue: HP 61 || Enemy's Pink: HP 76
--------------------------------------------------
Round 20
Select your action (0 for escape, 1 for skill, 2 for change): Select your next slime (0 for back, 2 for Green-HP56): Select your next slime (0 for back, 2 for Green-HP56): Select your next slime (0 for back, 2 for Green-HP56): Select your next slime (0 for back, 2 for Green-HP56): Select your next slime (0 for back, 2 for Green-HP56): Select your next slime (0 for back, 2 for Green-HP56): You send Green
Enemy's Pink uses Slap! Damage: 14
Your Green: HP 42 || Enemy's Pink: HP 76
--------------------------------------------------
Round 21
Select your action (0 for escape, 1 for skill, 2 for change): Select your action (0 for escape, 1 for skill, 2 for change): Select the skill (0 for back, 1 for Tackle, 2 for Leaf, 3 for Synthesis): Your Green uses Synthesis! Recovery: 33
Enemy's Pink uses Sing! Your Green falls asleep
Your Green: HP 75 || Enemy's Pink: HP 76
--------------------------------------------------
Round 22
Select your action (0 for escape, 1 for skill, 2 for change): Select your action (0 for escape, 1 for skill, 2 for change): Select your next slime (0 for back, 3 for Blue-HP61): You send Blue
Enemy's Pink uses Paint! Your Blue is painted
Your Blue: HP 61 || Enemy's Pink: HP 76
--------------------------------------------------
Your Blue wakes up
Round 23
Select your action (0 for escape, 1 for skill, 2 for change): Select your next slime (0 for back, 2 for Green-HP75): Select your next slime (0 for back, 2 for Green-HP75): Select your next slime (0 for back, 2 for Green-HP75): You send Green
Enemy's Pink uses Sing! Waste
Your Green: HP 75 || Enemy's Pink: HP 76
--------------------------------------------------
Round 24
Select your action (0 for escape, 1 for skill, 2 for change): Select your action (0 for escape, 1 for skill, 2 for change): Select your next slime (0 for back, 3 for Blue-HP61): Select your next slime (0 for back, 3 for Blue-HP61): Select your next slime (0 for back, 3 for Blue-HP61): You send Blue
Enemy's Pink uses Paint! Your Blue is painted
Your Blue: HP 61 || Enemy's Pink: HP 76
--------------------------------------------------
Round 25
Select your action (0 for escape, 1 for skill, 2 for change): Select your action (0 for escape, 1 for skill, 2 for change): Select your action (0 for escape, 1 for skill, 2 for change): Select your action (0 for escape, 1 for skill, 2 for change): Select your next slime (0 for back, 2 for Green-HP75): Select your next slime (0 for back, 2 for Green-HP75): Select your next slime (0 for back, 2 for Green-HP75): Select your next slime (0 for back, 2 for Green-HP75): Select your next slime (0 for back, 2 for Green-HP75): Select your next slime (0 for back, 2 for Green-HP75): Select your next slime (0 for back, 2 for Green-HP75): You send Green
Enemy's Pink uses Sing! Waste
Your Green: HP 75 || Enemy's Pink: HP 76
--------------------------------------------------
Your Green wakes up
Round 26
Select your action (0 for escape, 1 for skill, 2 for change): Select the skill (0 for back, 1 for Tackle, 2 for Leaf, 3 for Synthesis): Your Green uses Tackle! Damage: 25
Enemy's Pink uses Sing! Your Green falls asleep
Your Green: HP 75 || Enemy's Pink: HP 51
--------------------------------------------------
Round 27
Select your action (0 for escape, 1 for skill, 2 for change): Select your next slime (0 for back, 3 for Blue-HP61): You send Blue
Enemy's Pink uses Paint! Your Blue is painted
Your Blue: HP 61 || Enemy's Pink: HP 51
--------------------------------------------------
Round 28
Select your action (0 for escape, 1 for skill, 2 for change): Select your action (0 for escape, 1 for skill, 2 for change): Select your next slime (0 for back, 2 for Green-HP75): You send Green
Enemy's Pink uses Sing! Waste
Your Green: HP 75 || Enemy's Pink: HP 51
--------------------------------------------------
Round 29
Select your action (0 for escape, 1 for skill, 2 for change): Select your next slime (0 for back, 3 for Blue-HP61): You send Blue
Enemy's Pink uses Paint! Your Blue is painted
Your Blue: HP 61 || Enemy's Pink: HP 51
--------------------------------------------------
Round 30
Select your action (0 for escape, 1 for skill, 2 for change): Select the skill (0 for back, 1 for Tackle, 2 for Stream, 3 for Rainy): Your Blue uses Stream! Damage: 25
Enemy's Pink uses Sing! Your Blue falls asleep
Your Blue: HP 61 || Enemy's Pink: HP 26
--------------------------------------------------
Round 31
Select your action (0 for escape, 1 for skill, 2 for change): Select your next slime (0 for back, 2 for Green-HP75): Select your next slime (0 for back, 2 for Green-HP75): You send Green
Enemy's Pink uses Slap! Damage: 27
Your Green wakes up
Your Green: HP 48 || Enemy's Pink: HP 26
--------------------------------------------------
Round 32
Select your action (0 for escape, 1 for skill, 2 for change): Select the skill (0 for back, 1 for Tackle, 2 for Leaf, 3 for Synthesis): Your Green uses Tackle! Damage: 25
Enemy's Pink uses Sing! Your Green falls asleep
Your Green: HP 48 || Enemy's Pink: HP 1
--------------------------------------------------
Round 33
Select your action (0 for escape, 1 for skill, 2 for change): Select your next slime (0 for back, 3 for Blue-HP61): You send Blue
Enemy's Pink uses Paint! Your Blue is painted
Your Blue: HP 61 || Enemy's Pink: HP 1
--------------------------------------------------
Round 34
Select your action (0 for escape, 1 for skill, 2 for change): Select your action (0 for escape, 1 for skill, 2 for change): Select your action (0 for escape, 1 for skill, 2 for change): Select your action (0 for escape, 1 for skill, 2 for change): Select the skill (0 for back, 1 for Tackle, 2 for Stream, 3 for Rainy): Your Blue is sleeping
Enemy's Pink uses Slap! Damage: 39
Your Blue wakes up
Your Blue: HP 22 || Enemy's Pink: HP 1
--------------------------------------------------
Round 35
Select your action (0 for escape, 1 for skill, 2 for change): Select the skill (0 for back, 1 for Tackle, 2 for Stream, 3 for Rainy): Your Blue uses Tackle! Damage: 25
Enemy's Pink is beaten
Enemy sends Green
Your Blue: HP 22 || Enemy's Green: HP 110
--------------------------------------------------
Round 36
Select your action (0 for escape, 1 for skill, 2 for change): Select your next slime (0 for back, 2 for Green-HP48): Select your next slime (0 for back, 2 for Green-HP48): Select your next slime (0 for back, 2 for Green-HP48): Select your next slime (0 for back, 2 for Green-HP48): Select your next slime (0 for back, 2 for Green-HP48): Select your next slime (0 for back, 2 for Green-HP48): Select your next slime (0 for back, 2 for Green-HP48): Select your next slime (0 for back, 2 for Green-HP48): Select your next slime (0 for back, 2 for Green-HP48): Select your next slime (0 for back, 2 for Green-HP48): Select your next slime (0 for back, 2 for Green-HP48): You send Green
Enemy's Green uses Leaf! Damage: 10
Your Green wakes up
Your Green: HP 38 || Enemy's Green: HP 110
--------------------------------------------------
Round 37
Select your action (0 for escape, 1 for skill, 2 for change): Select your action (0 for escape, 1 for skill, 2 for change): Select the skill (0 for back, 1 for Tackle, 2 for Leaf, 3 for Synthesis): Enemy's Green uses Tackle! Damage: 20
Your Green uses Synthesis! Recovery: 33
Your Green: HP 51 || Enemy's Green: HP 110
--------------------------------------------------
Round 38
Select your action (0 for escape, 1 for skill, 2 for change): Select the skill (0 for back, 1 for Tackle, 2 for Leaf, 3 for Synthesis): Enemy's Green uses Tackle! Damage: 20
Your Green uses Synthesis! Recovery: 33
Your Green: HP 64 || Enemy's Green: HP 110
--------------------------------------------------
Round 39
Select your action (0 for escape, 1 for skill, 2 for change): Select your next slime (0 for back, 3 for Blue-HP22): Select your next slime (0 for back, 3 for Blue-HP22): You send Blue
Enemy's Green uses Tackle! Damage: 29
Your Blue is beaten
Select your next slime (2 for Green-HP64): Select your next slime (2 for Green-HP64): You send Green
Your Green: HP 64 || Enemy's Green: HP 110
--------------------------------------------------
Round 40
Select your action (0 for escape, 1 for skill): Select the skill (0 for back, 1 for Tackle, 2 for Leaf, 3 for Synthesis): Enemy's Green uses Tackle! Damage: 20
Your Green uses Leaf! Damage: 10
Your Green: HP 44 || Enemy's Green: HP 100
--------------------------------------------------
Round 41
Select your action (0 for escape, 1 for skill): Select your action (0 for escape, 1 for skill): Select the skill (0 for back, 1 for Tackle, 2 for Leaf, 3 for Synthesis): Enemy's Green uses Tackle! Damage: 20
Your Green uses Synthesis! Recovery: 33
Your Green: HP 57 || Enemy's Green: HP 100
--------------------------------------------------
Round 42
Select your action (0 for escape, 1 for skill): Select the skill (0 for back, 1 for Tackle, 2 for Leaf, 3 for Synthesis): Enemy's Green uses Tackle! Damage: 20
Your Green uses Synthesis! Recovery: 33
Your Green: HP 70 || Enemy's Green: HP 100
--------------------------------------------------
Round 43
Select your action (0 for escape, 1 for skill): Select the skill (0 for back, 1 for Tackle, 2 for Leaf, 3 for Synthesis): Enemy's Green uses Tackle! Damage: 20
Your Green uses Synthesis! Recovery: 33
Your Green: HP 83 || Enemy's Green: HP 100
--------------------------------------------------
Round 44
Select your action (0 for escape, 1 for skill): Select your action (0 for escape, 1 for skill): Select your action (0 for escape, 1 for skill): Select your action (0 for escape, 1 for skill): Select the skill (0 for back, 1 for Tackle, 2 for Leaf, 3 for Synthesis): Enemy's Green uses Tackle! Damage: 20
Your Green uses Synthesis! Recovery: 33
Your Green: HP 96 || Enemy's Green: HP 100
--------------------------------------------------
Round 45
Select your action (0 for escape, 1 for skill): Select your action (0 for escape, 1 for skill): Select your action (0 for escape, 1 for skill): Select the skill (0 for back, 1 for Tackle, 2 for Leaf, 3 for Synthesis): Enemy's Green uses Tackle! Damage: 20
Your Green uses Leaf! Damage: 10
Your Green: HP 76 || Enemy's Green: HP 90
--------------------------------------------------
Round 46
Select your action (0 for escape, 1 for skill): Select your action (0 for escape, 1 for skill): Select your action (0 for escape, 1 for skill): Select your action (0 for escape, 1 for skill): Select your action (0 for escape, 1 for skill): Select your action (0 for escape, 1 for skill): Select your action (0 for escape, 1 for skill): Select your action (0 for escape, 1 for skill): Select your action (0 for escape, 1 for skill): Select the skill (0 for back, 1 for Tackle, 2 for Leaf, 3 for Synthesis): Enemy's Green uses Tackle! Damage: 20
Your Green uses Tackle! Damage: 20
Your Green: HP 56 || Enemy's Green: HP 70
--------------------------------------------------
Round 47
Select your action (0 for escape, 1 for skill): Select your action (0 for escape, 1 for skill): Select your action (0 for escape, 1 for skill): Select your action (0 for escape, 1 for skill): Select the skill (0 for back, 1 for Tackle, 2 for Leaf, 3 for Synthesis): Enemy's Green uses Tackle! Damage: 20
Your Green uses Synthesis! Recovery: 33
Your Green: HP 69 || Enemy's Green: HP 70
--------------------------------------------------
Round 48
Select your action (0 for escape, 1 for skill): Select your action (0 for escape, 1 for skill): Select your action (0 for escape, 1 for skill): Select the skill (0 for back, 1 for Tackle, 2 for Leaf, 3 for Synthesis): Enemy's Green uses Tackle! Damage: 20
Your Green uses Tackle! Damage: 20
Your Green: HP 49 || Enemy's Green: HP 50
--------------------------------------------------
Round 49
Select your action (0 for escape, 1 for skill): Select your action (0 for escape, 1 for skill): Select the skill (0 for back, 1 for Tackle, 2 for Leaf, 3 for Synthesis): Enemy sends Red
Your Green uses Synthesis! Recovery: 33
Your Green: HP 82 || Enemy's Red: HP 100
--------------------------------------------------
Round 50
Select your action (0 for escape, 1 for skill): Select your action (0 for escape, 1 for skill): Select the skill (0 for back, 1 for Tackle, 2 for Leaf, 3 for Synthesis): Enemy's Red uses Sunny! Weather becomes sunny
Your Green uses Synthesis! Recovery: 44
Your Green: HP 110 || Enemy's Red: HP 100
--------------------------------------------------
Round 51
Select your action (0 for escape, 1 for skill): Select your action (0 for escape, 1 for skill): Select your action (0 for escape, 1 for skill): Select the skill (0 for back, 1 for Tackle, 2 for Leaf, 3 for Synthesis): Enemy's Red uses Flame! Damage: 72
Your Green uses Synthesis! Recovery: 44
Your Green: HP 82 || Enemy's Red: HP 100
--------------------------------------------------
Round 52
Select your action (0 for escape, 1 for skill): Select your action (0 for escape, 1 for skill): Select your action (0 for escape, 1 for skill): Select the skill (0 for back, 1 for Tackle, 2 for Leaf, 3 for Synthesis): Enemy's Red uses Flame! Damage: 72
Your Green uses Synthesis! Recovery: 44
Your Green: HP 54 || Enemy's Red: HP 100
--------------------------------------------------
Round 53
Select your action (0 for escape, 1 for skill): Select the skill (0 for back, 1 for Tackle, 2 for Leaf, 3 for Synthesis): Enemy's Red uses Flame! Damage: 72
Your Green is beaten
You Lose
