Welcome to Battle of Slimes 2!
Enemy has Pink, Green and Red, starting with Pink.
You can select three from five (1 for Green, 2 for Red, 3 for Blue, 4 for Yellow, 5 for Pink).
Select your 1st slime: Select your 2nd slime: Select your 3rd slime: You have Pink, Yellow and Green, starting with Pink
Your Pink: HP 120 || Enemy's Pink: HP 120
Battle starts!
--------------------------------------------------
Round 1
Select your action (0 for escape, 1 for skill, 2 for change): Select your action (0 for escape, 1 for skill, 2 for change): Select the skill (0 for back, 1 for Slap, 2 for Sing, 3 for Paint): Enemy's Pink uses Sing! Your Pink falls asleep
Your Pink is sleeping
Your Pink: HP 120 || Enemy's Pink: HP 120
--------------------------------------------------
Round 2
Select your action (0 for escape, 1 for skill, 2 for change): Select the skill (0 for back, 1 for Slap, 2 for Sing, 3 for Paint): Enemy's Pink uses Paint! Your Pink is painted
Your Pink is sleeping
Your Pink: HP 120 || Enemy's Pink: HP 120
--------------------------------------------------
Round 3
Select your action (0 for escape, 1 for skill, 2 for change): Select your next slime (0 for back, 2 for Yellow-HP90, 3 for Green-HP110): Select your next slime (0 for back, 2 for Yellow-HP90, 3 for Green-HP110): You send Green
Enemy's Pink uses Slap! Damage: 14
Your Green: HP 96 || Enemy's Pink: HP 120
--------------------------------------------------
Round 4
Select your action (0 for escape, 1 for skill, 2 for change): Select the skill (0 for back, 1 for Tackle, 2 for Leaf, 3 for Synthesis): Your Green uses Synthesis! Recovery: 33
Enemy's Pink uses Sing! Your Green falls asleep
Your Green: HP 110 || Enemy's Pink: HP 120
--------------------------------------------------
Round 5
Select your action (0 for escape, 1 for skill, 2 for change): Select your next slime (0 for back, 1 for Pink-HP120, 2 for Yellow-HP90): Select your next slime (0 for back, 1 for Pink-HP120, 2 for Yellow-HP90): You send Yellow
Enemy's Pink uses Paint! Your Yellow is painted
Your Yellow: HP 90 || Enemy's Pink: HP 120
--------------------------------------------------
Round 6
Select your action (0 for escape, 1 for skill, 2 for change): Select your action (0 for escape, 1 for skill, 2 for change): Select the skill (0 for back, 1 for Quick, 2 for Volt, 3 for Thunder): Your Yellow uses Volt! Damage: 31
Enemy's Pink uses Sing! Your Yellow falls asleep
Your Yellow: HP 90 || Enemy's Pink: HP 89
--------------------------------------------------
Round 7
Select your action (0 for escape, 1 for skill, 2 for change): Select your action (0 for escape, 1 for skill, 2 for change): Select your action (0 for escape, 1 for skill, 2 for change): Select your action (0 for escape, 1 for skill, 2 for change): Select the skill (0 for back, 1 for Quick, 2 for Volt, 3 for Thunder): Your Yellow is sleeping
Enemy's Pink uses Slap! Damage: 54
Your Yellow wakes up
Your Yellow: HP 36 || Enemy's Pink: HP 89
--------------------------------------------------
Round 8
Select your action (0 for escape, 1 for skill, 2 for change): Select your action (0 for escape, 1 for skill, 2 for change): Select your next slime (0 for back, 1 for Pink-HP120, 3 for Green-HP110): Select your next slime (0 for back, 1 for Pink-HP120, 3 for Green-HP110): You send Pink
Enemy's Pink uses Sing! Waste
Your Pink: HP 120 || Enemy's Pink: HP 89
--------------------------------------------------
Your Pink wakes up
Round 9
Select your action (0 for escape, 1 for skill, 2 for change): Select the skill (0 for back, 1 for Slap, 2 for Sing, 3 for Paint): Enemy's Pink uses Sing! Your Pink falls asleep
Your Pink is sleeping
Your Pink: HP 120 || Enemy's Pink: HP 89
--------------------------------------------------
Round 10
Select your action (0 for escape, 1 for skill, 2 for change): Select your action (0 for escape, 1 for skill, 2 for change): Select your action (0 for escape, 1 for skill, 2 for change): Select your next slime (0 for back, 2 for Yellow-HP36, 3 for Green-HP110): You send Green
Enemy's Pink uses Slap! Damage: 27
Your Green wakes up
Your Green: HP 83 || Enemy's Pink: HP 89
--------------------------------------------------
Round 11
Select your action (0 for escape, 1 for skill, 2 for change): Select the skill (0 for back, 1 for Tackle, 2 for Leaf, 3 for Synthesis): Your Green uses Leaf! Damage: 25
Enemy's Pink uses Sing! Your Green falls asleep
Your Green: HP 83 || Enemy's Pink: HP 64
--------------------------------------------------
Round 12
Select your action (0 for escape, 1 for skill, 2 for change): Select your next slime (0 for back, 1 for Pink-HP120, 2 for Yellow-HP36): Select your next slime (0 for back, 1 for Pink-HP120, 2 for Yellow-HP36): Select your next slime (0 for back, 1 for Pink-HP120, 2 for Yellow-HP36): Select your next slime (0 for back, 1 for Pink-HP120, 2 for Yellow-HP36): Select your next slime (0 for back, 1 for Pink-HP120, 2 for Yellow-HP36): You send Pink
Enemy's Pink uses Paint! Your Pink is painted
Your Pink: HP 120 || Enemy's Pink: HP 64
--------------------------------------------------
Round 13
Select your action (0 for escape, 1 for skill, 2 for change): Select your next slime (0 for back, 2 for Yellow-HP36, 3 for Green-HP83): Select your next slime (0 for back, 2 for Yellow-HP36, 3 for Green-HP83): You send Green
Enemy's Pink uses Slap! Damage: 27
Your Green wakes up
Your Green: HP 56 || Enemy's Pink: HP 64
--------------------------------------------------
Round 14
Select your action (0 for escape, 1 for skill, 2 for change): Select your action (0 for escape, 1 for skill, 2 for change): Select your action (0 for escape, 1 for skill, 2 for change): Select your action (0 for escape, 1 for skill, 2 for change): Select the skill (0 for back, 1 for Tackle, 2 for Leaf, 3 for Synthesis): Your Green uses Synthesis! Recovery: 33
Enemy's Pink uses Sing! Your Green falls asleep
Your Green: HP 89 || Enemy's Pink: HP 64
--------------------------------------------------
Round 15
Select your action (0 for escape, 1 for skill, 2 for change): Select your action (0 for escape, 1 for skill, 2 for change): Select your next slime (0 for back, 1 for Pink-HP120, 2 for Yellow-HP36): You send Pink
Enemy's Pink uses Paint! Your Pink is painted
Your Pink: HP 120 || Enemy's Pink: HP 64
--------------------------------------------------
Your Pink wakes up
Round 16
Select your action (0 for escape, 1 for skill, 2 for change): Select your action (0 for escape, 1 for skill, 2 for change): Select your action (0 for escape, 1 for skill, 2 for change): Select your next slime (0 for back, 2 for Yellow-HP36, 3 for Green-HP89): You send Yellow
Enemy's Pink uses Sing! Your Yellow falls asleep
Your Yellow: HP 36 || Enemy's Pink: HP 64
--------------------------------------------------
Round 17
Select your action (0 for escape, 1 for skill, 2 for change): Select the skill (0 for back, 1 for Quick, 2 for Volt, 3 for Thunder): Your Yellow is sleeping
Enemy's Pink uses Slap! Damage: 54
Your Yellow is beaten
Select your next slime (1 for Pink-HP120, 3 for Green-HP89): Select your next slime (1 for Pink-HP120, 3 for Green-HP89): Select your next slime (1 for Pink-HP120, 3 for Green-HP89): You send Green
Your Green: HP 89 || Enemy's Pink: HP 64
--------------------------------------------------
Round 18
Select your action (0 for escape, 1 for skill, 2 for change): Select your next slime (0 for back, 1 for Pink-HP120): Select your next slime (0 for back, 1 for Pink-HP120): You send Pink
Enemy's Pink uses Paint! Your Pink is painted
Your Pink: HP 120 || Enemy's Pink: HP 64
--------------------------------------------------
Round 19
Select your action (0 for escape, 1 for skill, 2 for change): Select the skill (0 for back, 1 for Slap, 2 for Sing, 3 for Paint): Enemy's Pink uses Sing! Your Pink falls asleep
Your Pink is sleeping
Your Pink: HP 120 || Enemy's Pink: HP 64
--------------------------------------------------
Round 20
Select your action (0 for escape, 1 for skill, 2 for change): Select your next slime (0 for back, 3 for Green-HP89): You send Green
Enemy's Pink uses Slap! Damage: 27
Your Green wakes up
Your Green: HP 62 || Enemy's Pink: HP 64
--------------------------------------------------
Round 21
Select your action (0 for escape, 1 for skill, 2 for change): Select your next slime (0 for back, 1 for Pink-HP120): Select your next slime (0 for back, 1 for Pink-HP120): You send Pink
Enemy's Pink uses Sing! Waste
Your Pink: HP 120 || Enemy's Pink: HP 64
--------------------------------------------------
Round 22
Select your action (0 for escape, 1 for skill, 2 for change): Select your next slime (0 for back, 3 for Green-HP62): You send Green
Enemy's Pink uses Slap! Damage: 14
Your Green: HP 48 || Enemy's Pink: HP 64
--------------------------------------------------
Round 23
Select your action (0 for escape, 1 for skill, 2 for change): Select the skill (0 for back, 1 for Tackle, 2 for Leaf, 3 for Synthesis): Your Green uses Tackle! Damage: 25
Enemy's Pink uses Sing! Your Green falls asleep
Your Green: HP 48 || Enemy's Pink: HP 39
--------------------------------------------------
Round 24
Select your action (0 for escape, 1 for skill, 2 for change): Select your next slime (0 for back, 1 for Pink-HP120): Select your next slime (0 for back, 1 for Pink-HP120): Select your next slime (0 for back, 1 for Pink-HP120): You send Pink
Enemy's Pink uses Paint! Your Pink is painted
Your Pink: HP 120 || Enemy's Pink: HP 39
--------------------------------------------------
Your Pink wakes up
Round 25
Select your action (0 for escape, 1 for skill, 2 for change): Select your next slime (0 for back, 3 for Green-HP48): You send Green
Enemy's Pink uses Sing! Waste
Your Green: HP 48 || Enemy's Pink: HP 39
--------------------------------------------------
Round 26
Select your action (0 for escape, 1 for skill, 2 for change): Select your next slime (0 for back, 1 for Pink-HP120): Select your next slime (0 for back, 1 for Pink-HP120): Select your next slime (0 for back, 1 for Pink-HP120): Select your next slime (0 for back, 1 for Pink-HP120): You send Pink
Enemy's Pink uses Paint! Your Pink is painted
Your Pink: HP 120 || Enemy's Pink: HP 39
--------------------------------------------------
Round 27
Select your action (0 for escape, 1 for skill, 2 for change): Select your action (0 for escape, 1 for skill, 2 for change): Select your next slime (0 for back, 3 for Green-HP48): You send Green
Enemy's Pink uses Sing! Waste
Your Green: HP 48 || Enemy's Pink: HP 39
--------------------------------------------------
Your Green wakes up
Round 28
Select your action (0 for escape, 1 for skill, 2 for change): Select your action (0 for escape, 1 for skill, 2 for change): Select your action (0 for escape, 1 for skill, 2 for change): Select the skill (0 for back, 1 for Tackle, 2 for Leaf, 3 for Synthesis): Your Green uses Leaf! Damage: 25
Enemy's Pink uses Sing! Your Green falls asleep
Your Green: HP 48 || Enemy's Pink: HP 14
--------------------------------------------------
Round 29
Select your action (0 for escape, 1 for skill, 2 for change): Select your next slime (0 for back, 1 for Pink-HP120): Select your next slime (0 for back, 1 for Pink-HP120): Select your next slime (0 for back, 1 for Pink-HP120): Select your next slime (0 for back, 1 for Pink-HP120): Select your next slime (0 for back, 1 for Pink-HP120): You send Pink
Enemy's Pink uses Paint! Your Pink is painted
Your Pink: HP 120 || Enemy's Pink: HP 14
--------------------------------------------------
Round 30
Select your action (0 for escape, 1 for skill, 2 for change): Select your action (0 for escape, 1 for skill, 2 for change): Select your next slime (0 for back, 3 for Green-HP48): Select your next slime (0 for back, 3 for Green-HP48): You send Green
Enemy's Pink uses Sing! Waste
Your Green: HP 48 || Enemy's Pink: HP 14
--------------------------------------------------
Round 31
Select your action (0 for escape, 1 for skill, 2 for change): Select your next slime (0 for back, 1 for Pink-HP120): You send Pink
Enemy's Pink uses Paint! Your Pink is painted
Your Pink: HP 120 || Enemy's Pink: HP 14
--------------------------------------------------
Round 32
Select your action (0 for escape, 1 for skill, 2 for change): Select the skill (0 for back, 1 for Slap, 2 for Sing, 3 for Paint): Enemy's Pink uses Sing! Your Pink falls asleep
Your Pink is sleeping
Your Pink: HP 120 || Enemy's Pink: HP 14
--------------------------------------------------
Round 33
Select your action (0 for escape, 1 for skill, 2 for change): Select your action (0 for escape, 1 for skill, 2 for change): Select your action (0 for escape, 1 for skill, 2 for change): Select the skill (0 for back, 1 for Slap, 2 for Sing, 3 for Paint): Enemy's Pink uses Slap! Damage: 68
Your Pink wakes up
Your Pink uses Paint! Failure
Your Pink: HP 52 || Enemy's Pink: HP 14
--------------------------------------------------
Round 34
Select your action (0 for escape, 1 for skill, 2 for change): Select your next slime (0 for back, 3 for Green-HP48): Select your next slime (0 for back, 3 for Green-HP48): You send Green
Enemy's Pink uses Sing! Waste
Your Green: HP 48 || Enemy's Pink: HP 14
--------------------------------------------------
Your Green wakes up
Round 35
Select your action (0 for escape, 1 for skill, 2 for change): Select the skill (0 for back, 1 for Tackle, 2 for Leaf, 3 for Synthesis): Your Green uses Tackle! Damage: 25
Enemy's Pink is beaten
Enemy sends Green
Your Green: HP 48 || Enemy's Green: HP 110
--------------------------------------------------
Round 36
Select your action (0 for escape, 1 for skill, 2 for change): Select your action (0 for escape, 1 for skill, 2 for change): Select the skill (0 for back, 1 for Tackle, 2 for Leaf, 3 for Synthesis): Enemy's Green uses Tackle! Damage: 20
Your Green uses Synthesis! Recovery: 33
Your Green: HP 61 || Enemy's Green: HP 110
--------------------------------------------------
Round 37
Select your action (0 for escape, 1 for skill, 2 for change): Select the skill (0 for back, 1 for Tackle, 2 for Leaf, 3 for Synthesis): Enemy's Green uses Tackle! Damage: 20
Your Green uses Synthesis! Recovery: 33
Your Green: HP 74 || Enemy's Green: HP 110
--------------------------------------------------
Round 38
Select your action (0 for escape, 1 for skill, 2 for change): Select your action (0 for escape, 1 for skill, 2 for change): Select the skill (0 for back, 1 for Tackle, 2 for Leaf, 3 for Synthesis): Enemy's Green uses Tackle! Damage: 20
Your Green uses Synthesis! Recovery: 33
Your Green: HP 87 || Enemy's Green: HP 110
--------------------------------------------------
Round 39
Select your action (0 for escape, 1 for skill, 2 for change): Select your action (0 for escape, 1 for skill, 2 for change): Select your next slime (0 for back, 1 for Pink-HP52): Select your next slime (0 for back, 1 for Pink-HP52): You send Pink
Enemy's Green uses Tackle! Damage: 50
Your Pink: HP 2 || Enemy's Green: HP 110
--------------------------------------------------
Round 40
Select your action (0 for escape, 1 for skill, 2 for change): Select your action (0 for escape, 1 for skill, 2 for change): Select your next slime (0 for back, 3 for Green-HP87): You send Green
Enemy's Green uses Tackle! Damage: 20
Your Green: HP 67 || Enemy's Green: HP 110
--------------------------------------------------
Round 41
Select your action (0 for escape, 1 for skill, 2 for change): Select your next slime (0 for back, 1 for Pink-HP2): You send Pink
Enemy's Green uses Tackle! Damage: 50
Your Pink is beaten
Select your next slime (3 for Green-HP67): You send Green
Your Green: HP 67 || Enemy's Green: HP 110
--------------------------------------------------
Round 42
Select your action (0 for escape, 1 for skill): Select your action (0 for escape, 1 for skill): Select your action (0 for escape, 1 for skill): Select the skill (0 for back, 1 for Tackle, 2 for Leaf, 3 for Synthesis): Enemy's Green uses Tackle! Damage: 20
Your Green uses Tackle! Damage: 20
Your Green: HP 47 || Enemy's Green: HP 90
--------------------------------------------------
Round 43
Select your action (0 for escape, 1 for skill): Select your action (0 for escape, 1 for skill): Select your action (0 for escape, 1 for skill): Select your action (0 for escape, 1 for skill): Select your action (0 for escape, 1 for skill): Select the skill (0 for back, 1 for Tackle, 2 for Leaf, 3 for Synthesis): Enemy's Green uses Tackle! Damage: 20
Your Green uses Synthesis! Recovery: 33
Your Green: HP 60 || Enemy's Green: HP 90
--------------------------------------------------
Round 44
Select your action (0 for escape, 1 for skill): Select the skill (0 for back, 1 for Tackle, 2 for Leaf, 3 for Synthesis): Enemy's Green uses Tackle! Damage: 20
Your Green uses Synthesis! Recovery: 33
Your Green: HP 73 || Enemy's Green: HP 90
--------------------------------------------------
Round 45
Select your action (0 for escape, 1 for skill): Select your action (0 for escape, 1 for skill): Select your action (0 for escape, 1 for skill): Select the skill (0 for back, 1 for Tackle, 2 for Leaf, 3 for Synthesis): Enemy's Green uses Tackle! Damage: 20
Your Green uses Synthesis! Recovery: 33
Your Green: HP 86 || Enemy's Green: HP 90
--------------------------------------------------
Round 46
Select your action (0 for escape, 1 for skill): Select your action (0 for escape, 1 for skill): Select your action (0 for escape, 1 for skill): Select your action (0 for escape, 1 for skill): Select your action (0 for escape, 1 for skill): Select your action (0 for escape, 1 for skill): Select your action (0 for escape, 1 for skill): Select your action (0 for escape, 1 for skill): Select your action (0 for escape, 1 for skill): Select the skill (0 for back, 1 for Tackle, 2 for Leaf, 3 for Synthesis): Enemy's Green uses Tackle! Damage: 20
Your Green uses Synthesis! Recovery: 33
Your Green: HP 99 || Enemy's Green: HP 90
--------------------------------------------------
Round 47
Select your action (0 for escape, 1 for skill): Select your action (0 for escape, 1 for skill): Select your action (0 for escape, 1 for skill): Select your action (0 for escape, 1 for skill): Select the skill (0 for back, 1 for Tackle, 2 for Leaf, 3 for Synthesis): Enemy's Green uses Tackle! Damage: 20
Your Green uses Leaf! Damage: 10
Your Green: HP 79 || Enemy's Green: HP 80
--------------------------------------------------
Round 48
Select your action (0 for escape, 1 for skill): Select your action (0 for escape, 1 for skill): Select the skill (0 for back, 1 for Tackle, 2 for Leaf, 3 for Synthesis): Enemy's Green uses Tackle! Damage: 20
Your Green uses Leaf! Damage: 10
Your Green: HP 59 || Enemy's Green: HP 70
--------------------------------------------------
Round 49
Select your action (0 for escape, 1 for skill): Select your action (0 for escape, 1 for skill): Select your action (0 for escape, 1 for skill): Select your action (0 for escape, 1 for skill): Select your action (0 for escape, 1 for skill): Select your action (0 for escape, 1 for skill): Select your action (0 for escape, 1 for skill): Select the skill (0 for back, 1 for Tackle, 2 for Leaf, 3 for Synthesis): Enemy's Green uses Tackle! Damage: 20
Your Green uses Synthesis! Recovery: 33
Your Green: HP 72 || Enemy's Green: HP 70
--------------------------------------------------
Round 50
Select your action (0 for escape, 1 for skill): Select your action (0 for escape, 1 for skill): Select your action (0 for escape, 1 for skill): Select your action (0 for escape, 1 for skill): Select your action (0 for escape, 1 for skill): Select your action (0 for escape, 1 for skill): Select your action (0 for escape, 1 for skill): Select your action (0 for escape, 1 for skill): Select the skill (0 for back, 1 for Tackle, 2 for Leaf, 3 for Synthesis): Enemy's Green uses Tackle! Damage: 20
Your Green uses Leaf! Damage: 10
Your Green: HP 52 || Enemy's Green: HP 60
--------------------------------------------------
Round 51
Select your action (0 for escape, 1 for skill): Select your action (0 for escape, 1 for skill): Select your action (0 for escape, 1 for skill): Select your action (0 for escape, 1 for skill): Select your action (0 for escape, 1 for skill): Select the skill (0 for back, 1 for Tackle, 2 for Leaf, 3 for Synthesis): Enemy's Green uses Tackle! Damage: 20
Your Green uses Tackle! Damage: 20
Your Green: HP 32 || Enemy's Green: HP 40
--------------------------------------------------
Round 52
Select your action (0 for escape, 1 for skill): Select your action (0 for escape, 1 for skill): Select the skill (0 for back, 1 for Tackle, 2 for Leaf, 3 for Synthesis): Enemy sends Red
Your Green uses Tackle! Damage: 20
Your Green: HP 32 || Enemy's Red: HP 80
--------------------------------------------------
Round 53
Select your action (0 for escape, 1 for skill): Select your action (0 for escape, 1 for skill): Select your action (0 for escape, 1 for skill): Select your action (0 for escape, 1 for skill): Select your action (0 for escape, 1 for skill): Select your action (0 for escape, 1 for skill): Select your action (0 for escape, 1 for skill): Select your action (0 for escape, 1 for skill): Select the skill (0 for back, 1 for Tackle, 2 for Leaf, 3 for Synthesis): Enemy's Red uses Sunny! Weather becomes sunny
Your Green uses Tackle! Damage: 20
Your Green: HP 32 || Enemy's Red: HP 60
--------------------------------------------------
Round 54
Select your action (0 for escape, 1 for skill): Select the skill (0 for back, 1 for Tackle, 2 for Leaf, 3 for Synthesis): Enemy's Red uses Flame! Damage: 72
Your Green is beaten
You Lose
