Welcome to Battle of Slimes 2!
Enemy has Pink, Green and Red, starting with Pink.
You can select three from five (1 for Green, 2 for Red, 3 for Blue, 4 for Yellow, 5 for Pink).
Select your 1st slime: Select your 2nd slime: Select your 3rd slime: You have Yellow, Pink and Green, starting with Yellow
Your Yellow: HP 90 || Enemy's Pink: HP 120
Battle starts!
--------------------------------------------------
Round 1
Select your action (0 for escape, 1 for skill, 2 for change): Select your action (0 for escape, 1 for skill, 2 for change): Select your next slime (0 for back, 2 for Pink-HP120, 3 for Green-HP110): Select your next slime (0 for back, 2 for Pink-HP120, 3 for Green-HP110): You send Green
Enemy's Pink uses Sing! Your Green falls asleep
Your Green: HP 110 || Enemy's Pink: HP 120
--------------------------------------------------
Round 2
Select your action (0 for escape, 1 for skill, 2 for change): Select your next slime (0 for back, 1 for Yellow-HP90, 2 for Pink-HP120): You send Pink
Enemy's Pink uses Paint! Your Pink is painted
Your Pink: HP 120 || Enemy's Pink: HP 120
--------------------------------------------------
Round 3
Select your action (0 for escape, 1 for skill, 2 for change): Select your next slime (0 for back, 1 for Yellow-HP90, 3 for Green-HP110): Select your action (0 for escape, 1 for skill, 2 for change): Select your next slime (0 for back, 1 for Yellow-HP90, 3 for Green-HP110): Select your action (0 for escape, 1 for skill, 2 for change): Select your next slime (0 for back, 1 for Yellow-HP90, 3 for Green-HP110): You send Yellow
Enemy's Pink uses Sing! Your Yellow falls asleep
Your Yellow: HP 90 || Enemy's Pink: HP 120
--------------------------------------------------
Round 4
Select your action (0 for escape, 1 for skill, 2 for change): Select the skill (0 for back, 1 for Quick, 2 for Volt, 3 for Thunder): Select your action (0 for escape, 1 for skill, 2 for change): Select your next slime (0 for back, 2 for Pink-HP120, 3 for Green-HP110): You send Pink
Enemy's Pink uses Paint! Your Pink is painted
Your Pink: HP 120 || Enemy's Pink: HP 120
--------------------------------------------------
Round 5
Select your action (0 for escape, 1 for skill, 2 for change): Select your next slime (0 for back, 1 for Yellow-HP90, 3 for Green-HP110): Select your action (0 for escape, 1 for skill, 2 for change): Select your next slime (0 for back, 1 for Yellow-HP90, 3 for Green-HP110): You send Yellow
Enemy's Pink uses Sing! Waste
Your Yellow: HP 90 || Enemy's Pink: HP 120
--------------------------------------------------
Round 6
Select your action (0 for escape, 1 for skill, 2 for change): Select your next slime (0 for back, 2 for Pink-HP120, 3 for Green-HP110): Select your action (0 for escape, 1 for skill, 2 for change): Select your action (0 for escape, 1 for skill, 2 for change): Select your action (0 for escape, 1 for skill, 2 for change): Select your action (0 for escape, 1 for skill, 2 for change): Select your action (0 for escape, 1 for skill, 2 for change): Select your next slime (0 for back, 2 for Pink-HP120, 3 for Green-HP110): You send Pink
Enemy's Pink uses Paint! Your Pink is painted
Your Pink: HP 120 || Enemy's Pink: HP 120
--------------------------------------------------
Round 7
Select your action (0 for escape, 1 for skill, 2 for change): Select your action (0 for escape, 1 for skill, 2 for change): Select your next slime (0 for back, 1 for Yellow-HP90, 3 for Green-HP110): Select your action (0 for escape, 1 for skill, 2 for change): Select your next slime (0 for back, 1 for Yellow-HP90, 3 for Green-HP110): Select your action (0 for escape, 1 for skill, 2 for change): Select your action (0 for escape, 1 for skill, 2 for change): Select the skill (0 for back, 1 for Slap, 2 for Sing, 3 for Paint): Enemy's Pink uses Sing! Your Pink falls asleep
Your Pink is sleeping
Your Pink: HP 120 || Enemy's Pink: HP 120
--------------------------------------------------
Round 8
Select your action (0 for escape, 1 for skill, 2 for change): Select your next slime (0 for back, 1 for Yellow-HP90, 3 for Green-HP110): You send Green
Enemy's Pink uses Slap! Damage: 27
Your Green wakes up
Your Green: HP 83 || Enemy's Pink: HP 120
--------------------------------------------------
Round 9
Select your action (0 for escape, 1 for skill, 2 for change): Select the skill (0 for back, 1 for Tackle, 2 for Leaf, 3 for Synthesis): Your Green uses Synthesis! Recovery: 33
Enemy's Pink uses Sing! Your Green falls asleep
Your Green: HP 110 || Enemy's Pink: HP 120
--------------------------------------------------
Round 10
Select your action (0 for escape, 1 for skill, 2 for change): Select the skill (0 for back, 1 for Tackle, 2 for Leaf, 3 for Synthesis): Your Green is sleeping
Enemy's Pink uses Paint! Your Green is painted
Your Green: HP 110 || Enemy's Pink: HP 120
--------------------------------------------------
Round 11
Select your action (0 for escape, 1 for skill, 2 for change): You Escape
