Welcome to Battle of Slimes!
You have Green, Red and Blue. So does Enemy.
Select your starting slime (1 for Green, 2 for Red, 3 for Blue): You start with Red
Enemy starts with Blue
Your Red: HP 100 || Enemy's Blue: HP 100
Battle starts!
--------------------------------------------------
Round 1
Select your action (1 for skill, 2 for change): Select your next slime (1 for Green, 3 for Blue): You send Green
Enemy uses Attack Potion on Blue
Your Green: HP 110 || Enemy's Blue: HP 100
--------------------------------------------------
Round 2
Select your action (1 for skill, 2 for change): Select your action (1 for skill, 2 for change): Select the skill (1 for Tackle, 2 for Leaf): Your Green uses Leaf! Damage: 36
Enemy's Blue uses Tackle! Damage: 40
Your Green: HP 70 || Enemy's Blue: HP 64
--------------------------------------------------
Round 3
Select your action (1 for skill, 2 for change): Select your action (1 for skill, 2 for change): Select the skill (1 for Tackle, 2 for Leaf): Your Green uses Leaf! Damage: 36
Enemy's Blue uses Tackle! Damage: 40
Your Green: HP 30 || Enemy's Blue: HP 28
--------------------------------------------------
Round 4
Select your action (1 for skill, 2 for change): Select the skill (1 for Tackle, 2 for Leaf): Select the skill (1 for Tackle, 2 for Leaf): Your Green uses Leaf! Damage: 36
Enemy's Blue is beaten
Enemy sends Red
Your Green: HP 30 || Enemy's Red: HP 100
--------------------------------------------------
Round 5
Select your action (1 for skill, 2 for change): Select your next slime (2 for Red, 3 for Blue): Select your next slime (2 for Red, 3 for Blue): You send Blue
Enemy uses Revival Potion on Blue
Your Blue: HP 100 || Enemy's Red: HP 100
--------------------------------------------------
Round 6
Select your action (1 for skill, 2 for change): Select your next slime (1 for Green, 2 for Red): Select your next slime (1 for Green, 2 for Red): You send Red
Enemy sends Green
Your Red: HP 100 || Enemy's Green: HP 110
--------------------------------------------------
Round 7
Select your action (1 for skill, 2 for change): Select your action (1 for skill, 2 for change): Select your action (1 for skill, 2 for change): Select your action (1 for skill, 2 for change): Select your action (1 for skill, 2 for change): Select your action (1 for skill, 2 for change): Select the skill (1 for Tackle, 2 for Flame): Enemy sends Blue
Your Red uses Tackle! Damage: 20
Your Red: HP 100 || Enemy's Blue: HP 30
--------------------------------------------------
Round 8
Select your action (1 for skill, 2 for change): Select the skill (1 for Tackle, 2 for Flame): Select the skill (1 for Tackle, 2 for Flame): Select the skill (1 for Tackle, 2 for Flame): Enemy uses Attack Potion on Blue
Your Red uses Tackle! Damage: 20
Your Red: HP 100 || Enemy's Blue: HP 10
--------------------------------------------------
Round 9
Select your action (1 for skill, 2 for change): Select your next slime (1 for Green, 3 for Blue): You send Green
Enemy's Blue uses Stream! Damage: 20
Your Green: HP 10 || Enemy's Blue: HP 10
--------------------------------------------------
Round 10
Select your action (1 for skill, 2 for change): Select the skill (1 for Tackle, 2 for Leaf): Your Green uses Tackle! Damage: 18
Enemy's Blue is beaten
Enemy sends Red
Your Green: HP 10 || Enemy's Red: HP 100
--------------------------------------------------
Round 11
Select your action (1 for skill, 2 for change): Select your next slime (2 for Red, 3 for Blue): You send Red
Enemy's Red uses Flame! Damage: 11
Your Red: HP 89 || Enemy's Red: HP 100
--------------------------------------------------
Round 12
Select your action (1 for skill, 2 for change): Select your next slime (1 for Green, 3 for Blue): You send Green
Enemy's Red uses Tackle! Damage: 22
Your Green is beaten
Select your next slime (2 for Red, 3 for Blue): You send Blue
Your Blue: HP 100 || Enemy's Red: HP 100
--------------------------------------------------
Round 13
Select your action (1 for skill, 2 for change): Select the skill (1 for Tackle, 2 for Stream): Enemy sends Green
Your Blue uses Tackle! Damage: 20
Your Blue: HP 100 || Enemy's Green: HP 90
--------------------------------------------------
Round 14
Select your action (1 for skill, 2 for change): Select the skill (1 for Tackle, 2 for Stream): Select the skill (1 for Tackle, 2 for Stream): Enemy's Green uses Leaf! Damage: 36
Your Blue uses Stream! Damage: 10
Your Blue: HP 64 || Enemy's Green: HP 80
--------------------------------------------------
Round 15
Select your action (1 for skill, 2 for change): Select your next slime (2 for Red): Select your next slime (2 for Red): Select your next slime (2 for Red): Select your next slime (2 for Red): You send Red
Enemy's Green uses Leaf! Damage: 10
Your Red: HP 79 || Enemy's Green: HP 80
--------------------------------------------------
Round 16
Select your action (1 for skill, 2 for change): Select your action (1 for skill, 2 for change): Select your action (1 for skill, 2 for change): Select the skill (1 for Tackle, 2 for Flame): Enemy sends Red
Your Red uses Tackle! Damage: 22
Your Red: HP 79 || Enemy's Red: HP 78
--------------------------------------------------
Round 17
Select your action (1 for skill, 2 for change): Select your action (1 for skill, 2 for change): Select your next slime (3 for Blue): Select your next slime (3 for Blue): Select your next slime (3 for Blue): Select your next slime (3 for Blue): You send Blue
Enemy's Red uses Tackle! Damage: 20
Your Blue: HP 44 || Enemy's Red: HP 78
--------------------------------------------------
Round 18
Select your action (1 for skill, 2 for change): Select your action (1 for skill, 2 for change): Select the skill (1 for Tackle, 2 for Stream): Enemy sends Green
Your Blue uses Tackle! Damage: 20
Your Blue: HP 44 || Enemy's Green: HP 60
--------------------------------------------------
Round 19
Select your action (1 for skill, 2 for change): Select your next slime (2 for Red): Select your next slime (2 for Red): You send Red
Enemy's Green uses Leaf! Damage: 10
Your Red: HP 69 || Enemy's Green: HP 60
--------------------------------------------------
Round 20
Select your action (1 for skill, 2 for change): Select your action (1 for skill, 2 for change): Select your action (1 for skill, 2 for change): Select your next slime (3 for Blue): Select your next slime (3 for Blue): Select your next slime (3 for Blue): Select your next slime (3 for Blue): Select your next slime (3 for Blue): Select your next slime (3 for Blue): Select your next slime (3 for Blue): Select your next slime (3 for Blue): Select your next slime (3 for Blue): Select your next slime (3 for Blue): Select your next slime (3 for Blue): You send Blue
Enemy sends Red
Your Blue: HP 44 || Enemy's Red: HP 78
--------------------------------------------------
Round 21
Select your action (1 for skill, 2 for change): Select your next slime (2 for Red): Select your next slime (2 for Red): Select your next slime (2 for Red): Select your next slime (2 for Red): Select your next slime (2 for Red): You send Red
Enemy sends Green
Your Red: HP 69 || Enemy's Green: HP 60
--------------------------------------------------
Round 22
Select your action (1 for skill, 2 for change): Select your next slime (3 for Blue): Select your next slime (3 for Blue): Select your next slime (3 for Blue): You send Blue
Enemy sends Red
Your Blue: HP 44 || Enemy's Red: HP 78
--------------------------------------------------
Round 23
Select your action (1 for skill, 2 for change): Select your next slime (2 for Red): You send Red
Enemy sends Green
Your Red: HP 69 || Enemy's Green: HP 60
--------------------------------------------------
Round 24
Select your action (1 for skill, 2 for change): Select your next slime (3 for Blue): Select your next slime (3 for Blue): You send Blue
Enemy sends Red
Your Blue: HP 44 || Enemy's Red: HP 78
--------------------------------------------------
Round 25
Select your action (1 for skill, 2 for change): Select your action (1 for skill, 2 for change): Select your action (1 for skill, 2 for change): Select your action (1 for skill, 2 for change): Select your next slime (2 for Red): You send Red
Enemy sends Green
Your Red: HP 69 || Enemy's Green: HP 60
--------------------------------------------------
Round 26
Select your action (1 for skill, 2 for change): Select your action (1 for skill, 2 for change): Select your next slime (3 for Blue): Select your next slime (3 for Blue): Select your next slime (3 for Blue): Select your next slime (3 for Blue): Select your next slime (3 for Blue): You send Blue
Enemy sends Red
Your Blue: HP 44 || Enemy's Red: HP 78
--------------------------------------------------
Round 27
Select your action (1 for skill, 2 for change): Select your next slime (2 for Red): You send Red
Enemy sends Green
Your Red: HP 69 || Enemy's Green: HP 60
--------------------------------------------------
Round 28
Select your action (1 for skill, 2 for change): Select your next slime (3 for Blue): Select your next slime (3 for Blue): You send Blue
Enemy sends Red
Your Blue: HP 44 || Enemy's Red: HP 78
--------------------------------------------------
Round 29
Select your action (1 for skill, 2 for change): Select your next slime (2 for Red): Select your next slime (2 for Red): Select your next slime (2 for Red): You send Red
Enemy sends Green
Your Red: HP 69 || Enemy's Green: HP 60
--------------------------------------------------
Round 30
Select your action (1 for skill, 2 for change): Select your next slime (3 for Blue): You send Blue
Enemy sends Red
Your Blue: HP 44 || Enemy's Red: HP 78
--------------------------------------------------
Round 31
Select your action (1 for skill, 2 for change): Select your next slime (2 for Red): Select your next slime (2 for Red): You send Red
Enemy sends Green
Your Red: HP 69 || Enemy's Green: HP 60
--------------------------------------------------
Round 32
Select your action (1 for skill, 2 for change): Select your action (1 for skill, 2 for change): Select the skill (1 for Tackle, 2 for Flame): Select the skill (1 for Tackle, 2 for Flame): Enemy sends Red
Your Red uses Flame! Damage: 11
Your Red: HP 69 || Enemy's Red: HP 67
--------------------------------------------------
Round 33
Select your action (1 for skill, 2 for change): Select your next slime (3 for Blue): Select your next slime (3 for Blue): Select your next slime (3 for Blue): You send Blue
Enemy's Red uses Tackle! Damage: 20
Your Blue: HP 24 || Enemy's Red: HP 67
--------------------------------------------------
Round 34
Select your action (1 for skill, 2 for change): Select your action (1 for skill, 2 for change): Select your action (1 for skill, 2 for change): Select your next slime (2 for Red): Select your next slime (2 for Red): Select your next slime (2 for Red): You send Red
Enemy sends Green
Your Red: HP 69 || Enemy's Green: HP 60
--------------------------------------------------
Round 35
Select your action (1 for skill, 2 for change): Select the skill (1 for Tackle, 2 for Flame): Enemy sends Red
Your Red uses Flame! Damage: 11
Your Red: HP 69 || Enemy's Red: HP 56
--------------------------------------------------
Round 36
Select your action (1 for skill, 2 for change): Select the skill (1 for Tackle, 2 for Flame): Select the skill (1 for Tackle, 2 for Flame): Select the skill (1 for Tackle, 2 for Flame): Enemy's Red uses Tackle! Damage: 22
Your Red uses Flame! Damage: 11
Your Red: HP 47 || Enemy's Red: HP 45
--------------------------------------------------
Round 37
Select your action (1 for skill, 2 for change): Select the skill (1 for Tackle, 2 for Flame): Enemy's Red uses Tackle! Damage: 22
Your Red uses Flame! Damage: 11
Your Red: HP 25 || Enemy's Red: HP 34
--------------------------------------------------
Round 38
Select your action (1 for skill, 2 for change): Select your action (1 for skill, 2 for change): Select your next slime (3 for Blue): Select your next slime (3 for Blue): Select your next slime (3 for Blue): Select your next slime (3 for Blue): Select your next slime (3 for Blue): Select your next slime (3 for Blue): You send Blue
Enemy's Red uses Tackle! Damage: 20
Your Blue: HP 4 || Enemy's Red: HP 34
--------------------------------------------------
Round 39
Select your action (1 for skill, 2 for change): Select your next slime (2 for Red): Select your next slime (2 for Red): You send Red
Enemy sends Green
Your Red: HP 25 || Enemy's Green: HP 60
--------------------------------------------------
Round 40
Select your action (1 for skill, 2 for change): Select the skill (1 for Tackle, 2 for Flame): Select the skill (1 for Tackle, 2 for Flame): Select the skill (1 for Tackle, 2 for Flame): Enemy sends Red
Your Red uses Flame! Damage: 11
Your Red: HP 25 || Enemy's Red: HP 23
--------------------------------------------------
Round 41
Select your action (1 for skill, 2 for change): Select your action (1 for skill, 2 for change): Select the skill (1 for Tackle, 2 for Flame): Enemy's Red uses Tackle! Damage: 22
Your Red uses Tackle! Damage: 22
Your Red: HP 3 || Enemy's Red: HP 1
--------------------------------------------------
Round 42
Select your action (1 for skill, 2 for change): Select the skill (1 for Tackle, 2 for Flame): Enemy's Red uses Tackle! Damage: 22
Your Red is beaten
Select your next slime (3 for Blue): Select your next slime (3 for Blue): You send Blue
Your Blue: HP 4 || Enemy's Red: HP 1
--------------------------------------------------
Round 43
Select your action (1 for skill): Select your action (1 for skill): Select your action (1 for skill): Select your action (1 for skill): Select your action (1 for skill): Select your action (1 for skill): Select your action (1 for skill): Select your action (1 for skill): Select the skill (1 for Tackle, 2 for Stream): Enemy sends Green
Your Blue uses Tackle! Damage: 20
Your Blue: HP 4 || Enemy's Green: HP 40
--------------------------------------------------
Round 44
Select your action (1 for skill): Select your action (1 for skill): Select your action (1 for skill): Select your action (1 for skill): Select your action (1 for skill): Select your action (1 for skill): Select your action (1 for skill): Select your action (1 for skill): Select your action (1 for skill): Select your action (1 for skill): Select the skill (1 for Tackle, 2 for Stream): Select the skill (1 for Tackle, 2 for Stream): Enemy's Green uses Leaf! Damage: 36
Your Blue is beaten
You Lose
