Welcome to Battle of Slimes!
You have Green, Red and Blue. So does Enemy.
Select your starting slime (1 for Green, 2 for Red, 3 for Blue): You start with Blue
Enemy starts with Green
Your Blue: HP 100 || Enemy's Green: HP 110
Battle starts!
--------------------------------------------------
Round 1
Select your action (1 for skill, 2 for change): Select your action (1 for skill, 2 for change): Select your action (1 for skill, 2 for change): Select your action (1 for skill, 2 for change): Select your action (1 for skill, 2 for change): Select your next slime (1 for Green, 2 for Red): Select your next slime (1 for Green, 2 for Red): You send Green
Enemy's Green uses Leaf! Damage: 10
Your Green: HP 100 || Enemy's Green: HP 110
--------------------------------------------------
Round 2
Select your action (1 for skill, 2 for change): Select your action (1 for skill, 2 for change): Select your next slime (2 for Red, 3 for Blue): You send Blue
Enemy sends Red
Your Blue: HP 100 || Enemy's Red: HP 100
--------------------------------------------------
Round 3
Select your action (1 for skill, 2 for change): Select your action (1 for skill, 2 for change): Select your action (1 for skill, 2 for change): Select the skill (1 for Tackle, 2 for Stream): Enemy sends Green
Your Blue uses Stream! Damage: 10
Your Blue: HP 100 || Enemy's Green: HP 100
--------------------------------------------------
Round 4
Select your action (1 for skill, 2 for change): Select your next slime (1 for Green, 2 for Red): Select your next slime (1 for Green, 2 for Red): Select your next slime (1 for Green, 2 for Red): You send Green
Enemy's Green uses Leaf! Damage: 10
Your Green: HP 90 || Enemy's Green: HP 100
--------------------------------------------------
Round 5
Select your action (1 for skill, 2 for change): Select the skill (1 for Tackle, 2 for Leaf): Enemy sends Red
Your Green uses Leaf! Damage: 10
Your Green: HP 90 || Enemy's Red: HP 90
--------------------------------------------------
Round 6
Select your action (1 for skill, 2 for change): Select your next slime (2 for Red, 3 for Blue): You send Blue
Enemy's Red uses Flame! Damage: 10
Your Blue: HP 90 || Enemy's Red: HP 90
--------------------------------------------------
Round 7
Select your action (1 for skill, 2 for change): Select your action (1 for skill, 2 for change): Select your next slime (1 for Green, 2 for Red): You send Green
Enemy sends Green
Your Green: HP 90 || Enemy's Green: HP 100
--------------------------------------------------
Round 8
Select your action (1 for skill, 2 for change): Select the skill (1 for Tackle, 2 for Leaf): Enemy sends Red
Your Green uses Leaf! Damage: 10
Your Green: HP 90 || Enemy's Red: HP 80
--------------------------------------------------
Round 9
Select your action (1 for skill, 2 for change): Select your action (1 for skill, 2 for change): Select your next slime (2 for Red, 3 for Blue): You send Red
Enemy's Red uses Flame! Damage: 11
Your Red: HP 89 || Enemy's Red: HP 80
--------------------------------------------------
Round 10
Select your action (1 for skill, 2 for change): Select the skill (1 for Tackle, 2 for Flame): Enemy sends Blue
Your Red uses Tackle! Damage: 20
Your Red: HP 89 || Enemy's Blue: HP 80
--------------------------------------------------
Round 11
Select your action (1 for skill, 2 for change): Select your action (1 for skill, 2 for change): Select your next slime (1 for Green, 3 for Blue): Select your next slime (1 for Green, 3 for Blue): You send Green
Enemy's Blue uses Stream! Damage: 10
Your Green: HP 80 || Enemy's Blue: HP 80
--------------------------------------------------
Round 12
Select your action (1 for skill, 2 for change): Select your next slime (2 for Red, 3 for Blue): You send Red
Enemy sends Red
Your Red: HP 89 || Enemy's Red: HP 80
--------------------------------------------------
Round 13
Select your action (1 for skill, 2 for change): Select your action (1 for skill, 2 for change): Select the skill (1 for Tackle, 2 for Flame): Enemy sends Blue
Your Red uses Tackle! Damage: 20
Your Red: HP 89 || Enemy's Blue: HP 60
--------------------------------------------------
Round 14
Select your action (1 for skill, 2 for change): Select your next slime (1 for Green, 3 for Blue): Select your next slime (1 for Green, 3 for Blue): Select your next slime (1 for Green, 3 for Blue): You send Blue
Enemy's Blue uses Stream! Damage: 9
Your Blue: HP 81 || Enemy's Blue: HP 60
--------------------------------------------------
Round 15
Select your action (1 for skill, 2 for change): Select your action (1 for skill, 2 for change): Select the skill (1 for Tackle, 2 for Stream): Enemy sends Green
Your Blue uses Tackle! Damage: 20
Your Blue: HP 81 || Enemy's Green: HP 80
--------------------------------------------------
Round 16
Select your action (1 for skill, 2 for change): Select the skill (1 for Tackle, 2 for Stream): Select the skill (1 for Tackle, 2 for Stream): Enemy's Green uses Leaf! Damage: 36
Your Blue uses Tackle! Damage: 20
Your Blue: HP 45 || Enemy's Green: HP 60
--------------------------------------------------
Round 17
Select your action (1 for skill, 2 for change): Select your next slime (1 for Green, 2 for Red): You send Green
Enemy's Green uses Leaf! Damage: 10
Your Green: HP 70 || Enemy's Green: HP 60
--------------------------------------------------
Round 18
Select your action (1 for skill, 2 for change): Select your next slime (2 for Red, 3 for Blue): You send Red
Enemy sends Red
Your Red: HP 89 || Enemy's Red: HP 80
--------------------------------------------------
Round 19
Select your action (1 for skill, 2 for change): Select your action (1 for skill, 2 for change): Select your next slime (1 for Green, 3 for Blue): You send Blue
Enemy sends Blue
Your Blue: HP 45 || Enemy's Blue: HP 60
--------------------------------------------------
Round 20
Select your action (1 for skill, 2 for change): Select your action (1 for skill, 2 for change): Select your next slime (1 for Green, 2 for Red): You send Green
Enemy sends Green
Your Green: HP 70 || Enemy's Green: HP 60
--------------------------------------------------
Round 21
Select your action (1 for skill, 2 for change): Select the skill (1 for Tackle, 2 for Leaf): Select the skill (1 for Tackle, 2 for Leaf): Enemy sends Red
Your Green uses Leaf! Damage: 10
Your Green: HP 70 || Enemy's Red: HP 70
--------------------------------------------------
Round 22
Select your action (1 for skill, 2 for change): Select your next slime (2 for Red, 3 for Blue): You send Red
Enemy's Red uses Flame! Damage: 11
Your Red: HP 78 || Enemy's Red: HP 70
--------------------------------------------------
Round 23
Select your action (1 for skill, 2 for change): Select your action (1 for skill, 2 for change): Select your action (1 for skill, 2 for change): Select your next slime (1 for Green, 3 for Blue): You send Green
Enemy sends Blue
Your Green: HP 70 || Enemy's Blue: HP 60
--------------------------------------------------
Round 24
Select your action (1 for skill, 2 for change): Select your action (1 for skill, 2 for change): Select the skill (1 for Tackle, 2 for Leaf): Enemy sends Red
Your Green uses Leaf! Damage: 10
Your Green: HP 70 || Enemy's Red: HP 60
--------------------------------------------------
Round 25
Select your action (1 for skill, 2 for change): Select your next slime (2 for Red, 3 for Blue): You send Blue
Enemy's Red uses Flame! Damage: 10
Your Blue: HP 35 || Enemy's Red: HP 60
--------------------------------------------------
Round 26
Select your action (1 for skill, 2 for change): Select your next slime (1 for Green, 2 for Red): You send Green
Enemy sends Green
Your Green: HP 70 || Enemy's Green: HP 60
--------------------------------------------------
Round 27
Select your action (1 for skill, 2 for change): Select your next slime (2 for Red, 3 for Blue): You send Blue
Enemy sends Red
Your Blue: HP 35 || Enemy's Red: HP 60
--------------------------------------------------
Round 28
Select your action (1 for skill, 2 for change): Select your next slime (1 for Green, 2 for Red): Select your next slime (1 for Green, 2 for Red): You send Green
Enemy sends Green
Your Green: HP 70 || Enemy's Green: HP 60
--------------------------------------------------
Round 29
Select your action (1 for skill, 2 for change): Select your action (1 for skill, 2 for change): Select your action (1 for skill, 2 for change): Select your next slime (2 for Red, 3 for Blue): You send Red
Enemy sends Red
Your Red: HP 78 || Enemy's Red: HP 60
--------------------------------------------------
Round 30
Select your action (1 for skill, 2 for change): Select your next slime (1 for Green, 3 for Blue): Select your next slime (1 for Green, 3 for Blue): Select your next slime (1 for Green, 3 for Blue): Select your next slime (1 for Green, 3 for Blue): You send Green
Enemy sends Blue
Your Green: HP 70 || Enemy's Blue: HP 60
--------------------------------------------------
Round 31
Select your action (1 for skill, 2 for change): Select your next slime (2 for Red, 3 for Blue): You send Red
Enemy sends Red
Your Red: HP 78 || Enemy's Red: HP 60
--------------------------------------------------
Round 32
Select your action (1 for skill, 2 for change): Select your next slime (1 for Green, 3 for Blue): You send Green
Enemy sends Blue
Your Green: HP 70 || Enemy's Blue: HP 60
--------------------------------------------------
Round 33
Select your action (1 for skill, 2 for change): Select your next slime (2 for Red, 3 for Blue): You send Red
Enemy sends Red
Your Red: HP 78 || Enemy's Red: HP 60
--------------------------------------------------
Round 34
Select your action (1 for skill, 2 for change): Select your next slime (1 for Green, 3 for Blue): You send Blue
Enemy sends Blue
Your Blue: HP 35 || Enemy's Blue: HP 60
--------------------------------------------------
Round 35
Select your action (1 for skill, 2 for change): Select the skill (1 for Tackle, 2 for Stream): Enemy sends Green
Your Blue uses Tackle! Damage: 20
Your Blue: HP 35 || Enemy's Green: HP 40
--------------------------------------------------
Round 36
Select your action (1 for skill, 2 for change): Select your next slime (1 for Green, 2 for Red): Select your next slime (1 for Green, 2 for Red): You send Green
Enemy's Green uses Leaf! Damage: 10
Your Green: HP 60 || Enemy's Green: HP 40
--------------------------------------------------
Round 37
Select your action (1 for skill, 2 for change): Select your next slime (2 for Red, 3 for Blue): You send Red
Enemy sends Red
Your Red: HP 78 || Enemy's Red: HP 60
--------------------------------------------------
Round 38
Select your action (1 for skill, 2 for change): Select your action (1 for skill, 2 for change): Select your next slime (1 for Green, 3 for Blue): You send Green
Enemy sends Blue
Your Green: HP 60 || Enemy's Blue: HP 60
--------------------------------------------------
Round 39
Select your action (1 for skill, 2 for change): Select the skill (1 for Tackle, 2 for Leaf): Enemy sends Red
Your Green uses Leaf! Damage: 10
Your Green: HP 60 || Enemy's Red: HP 50
--------------------------------------------------
Round 40
Select your action (1 for skill, 2 for change): Select your next slime (2 for Red, 3 for Blue): You send Red
Enemy's Red uses Flame! Damage: 11
Your Red: HP 67 || Enemy's Red: HP 50
--------------------------------------------------
Round 41
Select your action (1 for skill, 2 for change): Select your next slime (1 for Green, 3 for Blue): Select your next slime (1 for Green, 3 for Blue): Select your next slime (1 for Green, 3 for Blue): You send Green
Enemy sends Blue
Your Green: HP 60 || Enemy's Blue: HP 60
--------------------------------------------------
Round 42
Select your action (1 for skill, 2 for change): Select your next slime (2 for Red, 3 for Blue): You send Red
Enemy sends Red
Your Red: HP 67 || Enemy's Red: HP 50
--------------------------------------------------
Round 43
Select your action (1 for skill, 2 for change): Select your action (1 for skill, 2 for change): Select your next slime (1 for Green, 3 for Blue): You send Blue
Enemy sends Blue
Your Blue: HP 35 || Enemy's Blue: HP 60
--------------------------------------------------
Round 44
Select your action (1 for skill, 2 for change): Select your next slime (1 for Green, 2 for Red): You send Green
Enemy sends Green
Your Green: HP 60 || Enemy's Green: HP 40
--------------------------------------------------
Round 45
Select your action (1 for skill, 2 for change): Select your action (1 for skill, 2 for change): Select your next slime (2 for Red, 3 for Blue): Select your next slime (2 for Red, 3 for Blue): You send Red
Enemy sends Red
Your Red: HP 67 || Enemy's Red: HP 50
--------------------------------------------------
Round 46
Select your action (1 for skill, 2 for change): Select the skill (1 for Tackle, 2 for Flame): Enemy sends Blue
Your Red uses Flame! Damage: 10
Your Red: HP 67 || Enemy's Blue: HP 50
--------------------------------------------------
Round 47
Select your action (1 for skill, 2 for change): Select your action (1 for skill, 2 for change): Select your next slime (1 for Green, 3 for Blue): You send Green
Enemy's Blue uses Stream! Damage: 10
Your Green: HP 50 || Enemy's Blue: HP 50
--------------------------------------------------
Round 48
Select your action (1 for skill, 2 for change): Select your action (1 for skill, 2 for change): Select the skill (1 for Tackle, 2 for Leaf): Select the skill (1 for Tackle, 2 for Leaf): Select the skill (1 for Tackle, 2 for Leaf): Enemy sends Red
Your Green uses Tackle! Damage: 20
Your Green: HP 50 || Enemy's Red: HP 30
--------------------------------------------------
Round 49
Select your action (1 for skill, 2 for change): Select your next slime (2 for Red, 3 for Blue): Select your next slime (2 for Red, 3 for Blue): Select your next slime (2 for Red, 3 for Blue): You send Blue
Enemy's Red uses Flame! Damage: 10
Your Blue: HP 25 || Enemy's Red: HP 30
--------------------------------------------------
Round 50
Select your action (1 for skill, 2 for change): Select your next slime (1 for Green, 2 for Red): You send Green
Enemy sends Green
Your Green: HP 50 || Enemy's Green: HP 40
--------------------------------------------------
Round 51
Select your action (1 for skill, 2 for change): Select your action (1 for skill, 2 for change): Select your action (1 for skill, 2 for change): Select your next slime (2 for Red, 3 for Blue): You send Red
Enemy sends Red
Your Red: HP 67 || Enemy's Red: HP 30
--------------------------------------------------
Round 52
Select your action (1 for skill, 2 for change): Select the skill (1 for Tackle, 2 for Flame): Enemy sends Blue
Your Red uses Flame! Damage: 10
Your Red: HP 67 || Enemy's Blue: HP 40
--------------------------------------------------
Round 53
Select your action (1 for skill, 2 for change): Select your action (1 for skill, 2 for change): Select your action (1 for skill, 2 for change): Select your action (1 for skill, 2 for change): Select your action (1 for skill, 2 for change): Select your next slime (1 for Green, 3 for Blue): You send Green
Enemy's Blue uses Stream! Damage: 10
Your Green: HP 40 || Enemy's Blue: HP 40
--------------------------------------------------
Round 54
Select your action (1 for skill, 2 for change): Select your action (1 for skill, 2 for change): Select your next slime (2 for Red, 3 for Blue): Select your next slime (2 for Red, 3 for Blue): You send Blue
Enemy sends Red
Your Blue: HP 25 || Enemy's Red: HP 30
--------------------------------------------------
Round 55
Select your action (1 for skill, 2 for change): Select your next slime (1 for Green, 2 for Red): You send Green
Enemy sends Green
Your Green: HP 40 || Enemy's Green: HP 40
--------------------------------------------------
Round 56
Select your action (1 for skill, 2 for change): Select your next slime (2 for Red, 3 for Blue): You send Blue
Enemy sends Red
Your Blue: HP 25 || Enemy's Red: HP 30
--------------------------------------------------
Round 57
Select your action (1 for skill, 2 for change): Select the skill (1 for Tackle, 2 for Stream): Select the skill (1 for Tackle, 2 for Stream): Enemy sends Green
Your Blue uses Stream! Damage: 10
Your Blue: HP 25 || Enemy's Green: HP 30
--------------------------------------------------
Round 58
Select your action (1 for skill, 2 for change): Select your next slime (1 for Green, 2 for Red): You send Green
Enemy's Green uses Leaf! Damage: 10
Your Green: HP 30 || Enemy's Green: HP 30
--------------------------------------------------
Round 59
Select your action (1 for skill, 2 for change): Select your action (1 for skill, 2 for change): Select your next slime (2 for Red, 3 for Blue): You send Blue
Enemy sends Red
Your Blue: HP 25 || Enemy's Red: HP 30
--------------------------------------------------
Round 60
Select your action (1 for skill, 2 for change): Select your next slime (1 for Green, 2 for Red): Select your next slime (1 for Green, 2 for Red): Select your next slime (1 for Green, 2 for Red): You send Red
Enemy sends Green
Your Red: HP 67 || Enemy's Green: HP 30
--------------------------------------------------
Round 61
Select your action (1 for skill, 2 for change): Select your next slime (1 for Green, 3 for Blue): You send Blue
Enemy sends Blue
Your Blue: HP 25 || Enemy's Blue: HP 40
--------------------------------------------------
Round 62
Select your action (1 for skill, 2 for change): Select your next slime (1 for Green, 2 for Red): You send Green
Enemy sends Green
Your Green: HP 30 || Enemy's Green: HP 30
--------------------------------------------------
Round 63
Select your action (1 for skill, 2 for change): Select the skill (1 for Tackle, 2 for Leaf): Enemy sends Red
Your Green uses Leaf! Damage: 10
Your Green: HP 30 || Enemy's Red: HP 20
--------------------------------------------------
Round 64
Select your action (1 for skill, 2 for change): Select the skill (1 for Tackle, 2 for Leaf): Enemy's Red uses Flame! Damage: 44
Your Green is beaten
Select your next slime (2 for Red, 3 for Blue): You send Red
Your Red: HP 67 || Enemy's Red: HP 20
--------------------------------------------------
Round 65
Select your action (1 for skill, 2 for change): Select your action (1 for skill, 2 for change): Select your action (1 for skill, 2 for change): Select the skill (1 for Tackle, 2 for Flame): Enemy sends Blue
Your Red uses Tackle! Damage: 20
Your Red: HP 67 || Enemy's Blue: HP 20
--------------------------------------------------
Round 66
Select your action (1 for skill, 2 for change): Select the skill (1 for Tackle, 2 for Flame): Your Red uses Tackle! Damage: 20
Enemy's Blue is beaten
Enemy sends Red
Your Red: HP 67 || Enemy's Red: HP 20
--------------------------------------------------
Round 67
Select your action (1 for skill, 2 for change): Select the skill (1 for Tackle, 2 for Flame): Select the skill (1 for Tackle, 2 for Flame): Select the skill (1 for Tackle, 2 for Flame): Enemy's Red uses Tackle! Damage: 22
Your Red uses Tackle! Damage: 22
Enemy's Red is beaten
Enemy sends Green
Your Red: HP 45 || Enemy's Green: HP 30
--------------------------------------------------
Round 68
Select your action (1 for skill, 2 for change): Select your action (1 for skill, 2 for change): Select the skill (1 for Tackle, 2 for Flame): Your Red uses Tackle! Damage: 22
Enemy's Green uses Tackle! Damage: 20
Your Red: HP 25 || Enemy's Green: HP 8
--------------------------------------------------
Round 69
Select your action (1 for skill, 2 for change): Select your action (1 for skill, 2 for change): Select your action (1 for skill, 2 for change): Select your next slime (3 for Blue): You send Blue
Enemy's Green uses Tackle! Damage: 18
Your Blue: HP 7 || Enemy's Green: HP 8
--------------------------------------------------
Round 70
Select your action (1 for skill, 2 for change): Select your action (1 for skill, 2 for change): Select the skill (1 for Tackle, 2 for Stream): Select the skill (1 for Tackle, 2 for Stream): Select the skill (1 for Tackle, 2 for Stream): Enemy's Green uses Leaf! Damage: 36
Your Blue is beaten
Select your next slime (2 for Red): You send Red
Your Red: HP 25 || Enemy's Green: HP 8
--------------------------------------------------
Round 71
Select your action (1 for skill): Select your action (1 for skill): Select your action (1 for skill): Select the skill (1 for Tackle, 2 for Flame): Your Red uses Tackle! Damage: 22
Enemy's Green is beaten
You Win
