Welcome to Battle of Slimes!
You have Green, Red and Blue. So does Enemy.
Select your starting slime (1 for Green, 2 for Red, 3 for Blue): You start with Blue
Enemy starts with Green
Your Blue: HP 100 || Enemy's Green: HP 110
Battle starts!
--------------------------------------------------
Round 1
Select your action (1 for skill, 2 for change): Select the skill (1 for Tackle, 2 for Stream): Enemy uses Attack Potion on Green
Your Blue uses Tackle! Damage: 20
Your Blue: HP 100 || Enemy's Green: HP 90
--------------------------------------------------
Round 2
Select your action (1 for skill, 2 for change): Select your action (1 for skill, 2 for change): Select your action (1 for skill, 2 for change): Select your action (1 for skill, 2 for change): Select your action (1 for skill, 2 for change): Select your action (1 for skill, 2 for change): Select your action (1 for skill, 2 for change): Select your next slime (1 for Green, 2 for Red): You send Red
Enemy's Green uses Leaf! Damage: 20
Your Red: HP 80 || Enemy's Green: HP 90
--------------------------------------------------
Round 3
Select your action (1 for skill, 2 for change): Select the skill (1 for Tackle, 2 for Flame): Select the skill (1 for Tackle, 2 for Flame): Your Red uses Flame! Damage: 44
Enemy's Green uses Tackle! Damage: 40
Your Red: HP 40 || Enemy's Green: HP 46
--------------------------------------------------
Round 4
Select your action (1 for skill, 2 for change): Select the skill (1 for Tackle, 2 for Flame): Select the skill (1 for Tackle, 2 for Flame): Select the skill (1 for Tackle, 2 for Flame): Your Red uses Flame! Damage: 44
Enemy's Green uses Tackle! Damage: 40
Your Red is beaten
Select your next slime (1 for Green, 3 for Blue): You send Blue
Your Blue: HP 100 || Enemy's Green: HP 2
--------------------------------------------------
Round 5
Select your action (1 for skill, 2 for change): Select the skill (1 for Tackle, 2 for Stream): Select the skill (1 for Tackle, 2 for Stream): Enemy's Green uses Leaf! Damage: 73
Your Blue uses Tackle! Damage: 20
Enemy's Green is beaten
Enemy sends Blue
Your Blue: HP 27 || Enemy's Blue: HP 100
--------------------------------------------------
Round 6
Select your action (1 for skill, 2 for change): Select your action (1 for skill, 2 for change): Select your next slime (1 for Green): Select your next slime (1 for Green): Select your next slime (1 for Green): You send Green
Enemy uses Revival Potion on Green
Your Green: HP 110 || Enemy's Blue: HP 100
--------------------------------------------------
Round 7
Select your action (1 for skill, 2 for change): Select your next slime (3 for Blue): You send Blue
Enemy sends Red
Your Blue: HP 27 || Enemy's Red: HP 100
--------------------------------------------------
Round 8
Select your action (1 for skill, 2 for change): Select the skill (1 for Tackle, 2 for Stream): Enemy sends Green
Your Blue uses Tackle! Damage: 20
Your Blue: HP 27 || Enemy's Green: HP 35
--------------------------------------------------
Round 9
Select your action (1 for skill, 2 for change): Select your action (1 for skill, 2 for change): Select your next slime (1 for Green): You send Green
Enemy uses Attack Potion on Green
Your Green: HP 110 || Enemy's Green: HP 35
--------------------------------------------------
Round 10
Select your action (1 for skill, 2 for change): Select your action (1 for skill, 2 for change): Select your action (1 for skill, 2 for change): Select the skill (1 for Tackle, 2 for Leaf): Enemy's Green uses Tackle! Damage: 40
Your Green uses Tackle! Damage: 20
Your Green: HP 70 || Enemy's Green: HP 15
--------------------------------------------------
Round 11
Select your action (1 for skill, 2 for change): Select the skill (1 for Tackle, 2 for Leaf): Select the skill (1 for Tackle, 2 for Leaf): Select the skill (1 for Tackle, 2 for Leaf): Enemy's Green uses Tackle! Damage: 40
Your Green uses Leaf! Damage: 10
Your Green: HP 30 || Enemy's Green: HP 5
--------------------------------------------------
Round 12
Select your action (1 for skill, 2 for change): Select your action (1 for skill, 2 for change): Select your next slime (3 for Blue): You send Blue
Enemy's Green uses Tackle! Damage: 36
Your Blue is beaten
Select your next slime (1 for Green): Select your next slime (1 for Green): Select your next slime (1 for Green): Select your next slime (1 for Green): Select your next slime (1 for Green): Select your next slime (1 for Green): Select your next slime (1 for Green): Select your next slime (1 for Green): You send Green
Your Green: HP 30 || Enemy's Green: HP 5
--------------------------------------------------
Round 13
Select your action (1 for skill): Select the skill (1 for Tackle, 2 for Leaf): Enemy's Green uses Tackle! Damage: 40
Your Green is beaten
You Lose
