Welcome to Battle of Slimes!
You have Green, Red and Blue. So does Enemy.
Select your starting slime (1 for Green, 2 for Red, 3 for Blue): You start with Red
Enemy starts with Blue
Your Red: HP 100 || Enemy's Blue: HP 100
Battle starts!
--------------------------------------------------
Round 1
Select your action (1 for skill, 2 for change): Select your action (1 for skill, 2 for change): Select the skill (1 for Tackle, 2 for Flame): Enemy uses Attack Potion on Blue
Your Red uses Flame! Damage: 10
Your Red: HP 100 || Enemy's Blue: HP 90
--------------------------------------------------
Round 2
Select your action (1 for skill, 2 for change): Select your next slime (1 for Green, 3 for Blue): You send Blue
Enemy's Blue uses Stream! Damage: 18
Your Blue: HP 82 || Enemy's Blue: HP 90
--------------------------------------------------
Round 3
Select your action (1 for skill, 2 for change): Select your next slime (1 for Green, 2 for Red): You send Red
Enemy's Blue uses Tackle! Damage: 40
Your Red: HP 60 || Enemy's Blue: HP 90
--------------------------------------------------
Round 4
Select your action (1 for skill, 2 for change): Select your next slime (1 for Green, 3 for Blue): Select your next slime (1 for Green, 3 for Blue): Select your next slime (1 for Green, 3 for Blue): Select your next slime (1 for Green, 3 for Blue): Select your next slime (1 for Green, 3 for Blue): Select your next slime (1 for Green, 3 for Blue): You send Blue
Enemy's Blue uses Stream! Damage: 18
Your Blue: HP 64 || Enemy's Blue: HP 90
--------------------------------------------------
Round 5
Select your action (1 for skill, 2 for change): Select your next slime (1 for Green, 2 for Red): You send Red
Enemy's Blue uses Tackle! Damage: 40
Your Red: HP 20 || Enemy's Blue: HP 90
--------------------------------------------------
Round 6
Select your action (1 for skill, 2 for change): Select your next slime (1 for Green, 3 for Blue): Select your next slime (1 for Green, 3 for Blue): You send Blue
Enemy's Blue uses Stream! Damage: 18
Your Blue: HP 46 || Enemy's Blue: HP 90
--------------------------------------------------
Round 7
Select your action (1 for skill, 2 for change): Select your action (1 for skill, 2 for change): Select your action (1 for skill, 2 for change): Select the skill (1 for Tackle, 2 for Stream): Enemy's Blue uses Tackle! Damage: 36
Your Blue uses Stream! Damage: 9
Your Blue: HP 10 || Enemy's Blue: HP 81
--------------------------------------------------
Round 8
Select your action (1 for skill, 2 for change): Select the skill (1 for Tackle, 2 for Stream): Enemy's Blue uses Tackle! Damage: 36
Your Blue is beaten
Select your next slime (1 for Green, 2 for Red): You send Red
Your Red: HP 20 || Enemy's Blue: HP 81
--------------------------------------------------
Round 9
Select your action (1 for skill, 2 for change): Select your action (1 for skill, 2 for change): Select your action (1 for skill, 2 for change): Select your next slime (1 for Green): Select your next slime (1 for Green): Select your next slime (1 for Green): You send Green
Enemy's Blue uses Stream! Damage: 20
Your Green: HP 90 || Enemy's Blue: HP 81
--------------------------------------------------
Round 10
Select your action (1 for skill, 2 for change): Select your next slime (2 for Red): Select your next slime (2 for Red): You send Red
Enemy's Blue uses Tackle! Damage: 40
Your Red is beaten
Select your next slime (1 for Green): Select your next slime (1 for Green): Select your next slime (1 for Green): Select your next slime (1 for Green): Select your next slime (1 for Green): Select your next slime (1 for Green): Select your next slime (1 for Green): Select your next slime (1 for Green): Select your next slime (1 for Green): Select your next slime (1 for Green): You send Green
Your Green: HP 90 || Enemy's Blue: HP 81
--------------------------------------------------
Round 11
Select your action (1 for skill): Select the skill (1 for Tackle, 2 for Leaf): Select the skill (1 for Tackle, 2 for Leaf): Select the skill (1 for Tackle, 2 for Leaf): Your Green uses Leaf! Damage: 36
Enemy's Blue uses Tackle! Damage: 40
Your Green: HP 50 || Enemy's Blue: HP 45
--------------------------------------------------
Round 12
Select your action (1 for skill): Select your action (1 for skill): Select your action (1 for skill): Select your action (1 for skill): Select the skill (1 for Tackle, 2 for Leaf): Your Green uses Tackle! Damage: 18
Enemy's Blue uses Tackle! Damage: 40
Your Green: HP 10 || Enemy's Blue: HP 27
--------------------------------------------------
Round 13
Select your action (1 for skill): Select the skill (1 for Tackle, 2 for Leaf): Your Green uses Leaf! Damage: 36
Enemy's Blue is beaten
Enemy sends Red
Your Green: HP 10 || Enemy's Red: HP 100
--------------------------------------------------
Round 14
Select your action (1 for skill): Select your action (1 for skill): Select your action (1 for skill): Select your action (1 for skill): Select the skill (1 for Tackle, 2 for Leaf): Enemy uses Revival Potion on Blue
Your Green uses Tackle! Damage: 20
Your Green: HP 10 || Enemy's Red: HP 80
--------------------------------------------------
Round 15
Select your action (1 for skill): Select the skill (1 for Tackle, 2 for Leaf): Select the skill (1 for Tackle, 2 for Leaf): Enemy uses Attack Potion on Red
Your Green uses Leaf! Damage: 10
Your Green: HP 10 || Enemy's Red: HP 70
--------------------------------------------------
Round 16
Select your action (1 for skill): Select your action (1 for skill): Select your action (1 for skill): Select your action (1 for skill): Select your action (1 for skill): Select your action (1 for skill): Select the skill (1 for Tackle, 2 for Leaf): Select the skill (1 for Tackle, 2 for Leaf): Select the skill (1 for Tackle, 2 for Leaf): Select the skill (1 for Tackle, 2 for Leaf): Select the skill (1 for Tackle, 2 for Leaf): Select the skill (1 for Tackle, 2 for Leaf): Select the skill (1 for Tackle, 2 for Leaf): Select the skill (1 for Tackle, 2 for Leaf): Enemy's Red uses Flame! Damage: 88
Your Green is beaten
You Lose
