Welcome to Battle of Slimes!
You have Green, Red and Blue. So does Enemy.
Select your starting slime (1 for Green, 2 for Red, 3 for Blue): You start with Red
Enemy starts with Blue
Your Red: HP 100 || Enemy's Blue: HP 100
Battle starts!
--------------------------------------------------
Round 1
Select your action (1 for skill, 2 for change): Select your next slime (1 for Green, 3 for Blue): You send Green
Enemy uses Attack Potion on Blue
Your Green: HP 110 || Enemy's Blue: HP 100
--------------------------------------------------
Round 2
Select your action (1 for skill, 2 for change): Select the skill (1 for Tackle, 2 for Leaf): Your Green uses Tackle! Damage: 18
Enemy's Blue uses Tackle! Damage: 40
Your Green: HP 70 || Enemy's Blue: HP 82
--------------------------------------------------
Round 3
Select your action (1 for skill, 2 for change): Select the skill (1 for Tackle, 2 for Leaf): Select the skill (1 for Tackle, 2 for Leaf): Your Green uses Leaf! Damage: 36
Enemy's Blue uses Tackle! Damage: 40
Your Green: HP 30 || Enemy's Blue: HP 46
--------------------------------------------------
Round 4
Select your action (1 for skill, 2 for change): Select the skill (1 for Tackle, 2 for Leaf): Your Green uses Leaf! Damage: 36
Enemy's Blue uses Tackle! Damage: 40
Your Green is beaten
Select your next slime (2 for Red, 3 for Blue): You send Red
Your Red: HP 100 || Enemy's Blue: HP 10
--------------------------------------------------
Round 5
Select your action (1 for skill, 2 for change): Select your action (1 for skill, 2 for change): Select your action (1 for skill, 2 for change): Select the skill (1 for Tackle, 2 for Flame): Your Red uses Tackle! Damage: 20
Enemy's Blue is beaten
Enemy sends Red
Your Red: HP 100 || Enemy's Red: HP 100
--------------------------------------------------
Round 6
Select your action (1 for skill, 2 for change): Select your action (1 for skill, 2 for change): Select your next slime (3 for Blue): Select your next slime (3 for Blue): Select your next slime (3 for Blue): You send Blue
Enemy uses Revival Potion on Blue
Your Blue: HP 100 || Enemy's Red: HP 100
--------------------------------------------------
Round 7
Select your action (1 for skill, 2 for change): Select your next slime (2 for Red): Select your next slime (2 for Red): Select your next slime (2 for Red): Select your next slime (2 for Red): Select your next slime (2 for Red): You send Red
Enemy sends Green
Your Red: HP 100 || Enemy's Green: HP 110
--------------------------------------------------
Round 8
Select your action (1 for skill, 2 for change): Select the skill (1 for Tackle, 2 for Flame): Select the skill (1 for Tackle, 2 for Flame): Select the skill (1 for Tackle, 2 for Flame): Enemy sends Blue
Your Red uses Tackle! Damage: 20
Your Red: HP 100 || Enemy's Blue: HP 30
--------------------------------------------------
Round 9
Select your action (1 for skill, 2 for change): Select your next slime (3 for Blue): Select your next slime (3 for Blue): Select your next slime (3 for Blue): You send Blue
Enemy uses Attack Potion on Blue
Your Blue: HP 100 || Enemy's Blue: HP 30
--------------------------------------------------
Round 10
Select your action (1 for skill, 2 for change): Select your action (1 for skill, 2 for change): Select the skill (1 for Tackle, 2 for Stream): Enemy's Blue uses Tackle! Damage: 36
Your Blue uses Tackle! Damage: 18
Your Blue: HP 64 || Enemy's Blue: HP 12
--------------------------------------------------
Round 11
Select your action (1 for skill, 2 for change): Select the skill (1 for Tackle, 2 for Stream): Select the skill (1 for Tackle, 2 for Stream): Enemy's Blue uses Tackle! Damage: 36
Your Blue uses Tackle! Damage: 18
Enemy's Blue is beaten
Enemy sends Green
Your Blue: HP 28 || Enemy's Green: HP 110
--------------------------------------------------
Round 12
Select your action (1 for skill, 2 for change): Select your next slime (2 for Red): Select your next slime (2 for Red): Select your next slime (2 for Red): Select your next slime (2 for Red): You send Red
Enemy's Green uses Leaf! Damage: 10
Your Red: HP 90 || Enemy's Green: HP 110
--------------------------------------------------
Round 13
Select your action (1 for skill, 2 for change): Select the skill (1 for Tackle, 2 for Flame): Enemy sends Red
Your Red uses Tackle! Damage: 22
Your Red: HP 90 || Enemy's Red: HP 78
--------------------------------------------------
Round 14
Select your action (1 for skill, 2 for change): Select your action (1 for skill, 2 for change): Select your next slime (3 for Blue): Select your next slime (3 for Blue): Select your next slime (3 for Blue): Select your next slime (3 for Blue): Select your next slime (3 for Blue): Select your next slime (3 for Blue): Select your next slime (3 for Blue): Select your next slime (3 for Blue): Select your next slime (3 for Blue): You send Blue
Enemy's Red uses Tackle! Damage: 20
Your Blue: HP 8 || Enemy's Red: HP 78
--------------------------------------------------
Round 15
Select your action (1 for skill, 2 for change): Select the skill (1 for Tackle, 2 for Stream): Enemy sends Green
Your Blue uses Tackle! Damage: 20
Your Blue: HP 8 || Enemy's Green: HP 90
--------------------------------------------------
Round 16
Select your action (1 for skill, 2 for change): Select your next slime (2 for Red): Select your next slime (2 for Red): You send Red
Enemy's Green uses Leaf! Damage: 10
Your Red: HP 80 || Enemy's Green: HP 90
--------------------------------------------------
Round 17
Select your action (1 for skill, 2 for change): Select your next slime (3 for Blue): Select your next slime (3 for Blue): Select your next slime (3 for Blue): You send Blue
Enemy sends Red
Your Blue: HP 8 || Enemy's Red: HP 78
--------------------------------------------------
Round 18
Select your action (1 for skill, 2 for change): Select your action (1 for skill, 2 for change): Select your next slime (2 for Red): You send Red
Enemy sends Green
Your Red: HP 80 || Enemy's Green: HP 90
--------------------------------------------------
Round 19
Select your action (1 for skill, 2 for change): Select your next slime (3 for Blue): Select your next slime (3 for Blue): Select your next slime (3 for Blue): You send Blue
Enemy sends Red
Your Blue: HP 8 || Enemy's Red: HP 78
--------------------------------------------------
Round 20
Select your action (1 for skill, 2 for change): Select the skill (1 for Tackle, 2 for Stream): Enemy sends Green
Your Blue uses Stream! Damage: 10
Your Blue: HP 8 || Enemy's Green: HP 80
--------------------------------------------------
Round 21
Select your action (1 for skill, 2 for change): Select your action (1 for skill, 2 for change): Select your action (1 for skill, 2 for change): Select the skill (1 for Tackle, 2 for Stream): Select the skill (1 for Tackle, 2 for Stream): Select the skill (1 for Tackle, 2 for Stream): Enemy's Green uses Leaf! Damage: 36
Your Blue is beaten
Select your next slime (2 for Red): Select your next slime (2 for Red): You send Red
Your Red: HP 80 || Enemy's Green: HP 80
--------------------------------------------------
Round 22
Select your action (1 for skill): Select your action (1 for skill): Select your action (1 for skill): Select the skill (1 for Tackle, 2 for Flame): Enemy sends Red
Your Red uses Tackle! Damage: 22
Your Red: HP 80 || Enemy's Red: HP 56
--------------------------------------------------
Round 23
Select your action (1 for skill): Select the skill (1 for Tackle, 2 for Flame): Enemy's Red uses Tackle! Damage: 22
Your Red uses Tackle! Damage: 22
Your Red: HP 58 || Enemy's Red: HP 34
--------------------------------------------------
Round 24
Select your action (1 for skill): Select the skill (1 for Tackle, 2 for Flame): Select the skill (1 for Tackle, 2 for Flame): Enemy's Red uses Tackle! Damage: 22
Your Red uses Tackle! Damage: 22
Your Red: HP 36 || Enemy's Red: HP 12
--------------------------------------------------
Round 25
Select your action (1 for skill): Select your action (1 for skill): Select your action (1 for skill): Select the skill (1 for Tackle, 2 for Flame): Enemy's Red uses Tackle! Damage: 22
Your Red uses Tackle! Damage: 22
Enemy's Red is beaten
Enemy sends Green
Your Red: HP 14 || Enemy's Green: HP 80
--------------------------------------------------
Round 26
Select your action (1 for skill): Select the skill (1 for Tackle, 2 for Flame): Your Red uses Flame! Damage: 44
Enemy's Green uses Tackle! Damage: 20
Your Red is beaten
You Lose
