Welcome to Battle of Slimes!
You have Green, Red and Blue. So does Enemy.
Select your starting slime (1 for Green, 2 for Red, 3 for Blue): You start with Blue
Enemy starts with Green
Your Blue: HP 100 || Enemy's Green: HP 110
Battle starts!
--------------------------------------------------
Round 1
Select your action (1 for skill, 2 for change): Select your action (1 for skill, 2 for change): Select your next slime (1 for Green, 2 for Red): Select your next slime (1 for Green, 2 for Red): You send Red
Enemy uses Attack Potion on Green
Your Red: HP 100 || Enemy's Green: HP 110
--------------------------------------------------
Round 2
Select your action (1 for skill, 2 for change): Select the skill (1 for Tackle, 2 for Flame): Your Red uses Flame! Damage: 44
Enemy's Green uses Tackle! Damage: 40
Your Red: HP 60 || Enemy's Green: HP 66
--------------------------------------------------
Round 3
Select your action (1 for skill, 2 for change): Select the skill (1 for Tackle, 2 for Flame): Your Red uses Flame! Damage: 44
Enemy's Green uses Tackle! Damage: 40
Your Red: HP 20 || Enemy's Green: HP 22
--------------------------------------------------
Round 4
Select your action (1 for skill, 2 for change): Select the skill (1 for Tackle, 2 for Flame): Your Red uses Flame! Damage: 44
Enemy's Green is beaten
Enemy sends Blue
Your Red: HP 20 || Enemy's Blue: HP 100
--------------------------------------------------
Round 5
Select your action (1 for skill, 2 for change): Select your action (1 for skill, 2 for change): Select your action (1 for skill, 2 for change): Select the skill (1 for Tackle, 2 for Flame): Enemy uses Revival Potion on Green
Your Red uses Tackle! Damage: 20
Your Red: HP 20 || Enemy's Blue: HP 80
--------------------------------------------------
Round 6
Select your action (1 for skill, 2 for change): Select the skill (1 for Tackle, 2 for Flame): Enemy uses Attack Potion on Blue
Your Red uses Flame! Damage: 10
Your Red: HP 20 || Enemy's Blue: HP 70
--------------------------------------------------
Round 7
Select your action (1 for skill, 2 for change): Select your action (1 for skill, 2 for change): Select your next slime (1 for Green, 3 for Blue): Select your next slime (1 for Green, 3 for Blue): You send Green
Enemy's Blue uses Stream! Damage: 20
Your Green: HP 90 || Enemy's Blue: HP 70
--------------------------------------------------
Round 8
Select your action (1 for skill, 2 for change): Select the skill (1 for Tackle, 2 for Leaf): Select the skill (1 for Tackle, 2 for Leaf): Your Green uses Tackle! Damage: 18
Enemy's Blue uses Tackle! Damage: 40
Your Green: HP 50 || Enemy's Blue: HP 52
--------------------------------------------------
Round 9
Select your action (1 for skill, 2 for change): Select the skill (1 for Tackle, 2 for Leaf): Your Green uses Leaf! Damage: 36
Enemy's Blue uses Tackle! Damage: 40
Your Green: HP 10 || Enemy's Blue: HP 16
--------------------------------------------------
Round 10
Select your action (1 for skill, 2 for change): Select the skill (1 for Tackle, 2 for Leaf): Your Green uses Tackle! Damage: 18
Enemy's Blue is beaten
Enemy sends Red
Your Green: HP 10 || Enemy's Red: HP 100
--------------------------------------------------
Round 11
Select your action (1 for skill, 2 for change): Select your action (1 for skill, 2 for change): Select your next slime (2 for Red, 3 for Blue): You send Red
Enemy's Red uses Flame! Damage: 11
Your Red: HP 9 || Enemy's Red: HP 100
--------------------------------------------------
Round 12
Select your action (1 for skill, 2 for change): Select the skill (1 for Tackle, 2 for Flame): Enemy's Red uses Tackle! Damage: 22
Your Red is beaten
Select your next slime (1 for Green, 3 for Blue): You send Blue
Your Blue: HP 100 || Enemy's Red: HP 100
--------------------------------------------------
Round 13
Select your action (1 for skill, 2 for change): Select your action (1 for skill, 2 for change): Select your next slime (1 for Green): Select your next slime (1 for Green): Select your next slime (1 for Green): You send Green
Enemy sends Green
Your Green: HP 10 || Enemy's Green: HP 50
--------------------------------------------------
Round 14
Select your action (1 for skill, 2 for change): Select the skill (1 for Tackle, 2 for Leaf): Enemy sends Red
Your Green uses Tackle! Damage: 20
Your Green: HP 10 || Enemy's Red: HP 80
--------------------------------------------------
Round 15
Select your action (1 for skill, 2 for change): Select your action (1 for skill, 2 for change): Select your next slime (3 for Blue): Select your next slime (3 for Blue): Select your next slime (3 for Blue): You send Blue
Enemy's Red uses Flame! Damage: 10
Your Blue: HP 90 || Enemy's Red: HP 80
--------------------------------------------------
Round 16
Select your action (1 for skill, 2 for change): Select your next slime (1 for Green): Select your next slime (1 for Green): Select your next slime (1 for Green): You send Green
Enemy sends Green
Your Green: HP 10 || Enemy's Green: HP 50
--------------------------------------------------
Round 17
Select your action (1 for skill, 2 for change): Select the skill (1 for Tackle, 2 for Leaf): Enemy sends Red
Your Green uses Leaf! Damage: 10
Your Green: HP 10 || Enemy's Red: HP 70
--------------------------------------------------
Round 18
Select your action (1 for skill, 2 for change): Select your action (1 for skill, 2 for change): Select your next slime (3 for Blue): Select your next slime (3 for Blue): Select your next slime (3 for Blue): You send Blue
Enemy's Red uses Flame! Damage: 10
Your Blue: HP 80 || Enemy's Red: HP 70
--------------------------------------------------
Round 19
Select your action (1 for skill, 2 for change): Select your next slime (1 for Green): Select your next slime (1 for Green): You send Green
Enemy sends Green
Your Green: HP 10 || Enemy's Green: HP 50
--------------------------------------------------
Round 20
Select your action (1 for skill, 2 for change): Select the skill (1 for Tackle, 2 for Leaf): Select the skill (1 for Tackle, 2 for Leaf): Enemy sends Red
Your Green uses Tackle! Damage: 20
Your Green: HP 10 || Enemy's Red: HP 50
--------------------------------------------------
Round 21
Select your action (1 for skill, 2 for change): Select your next slime (3 for Blue): Select your next slime (3 for Blue): Select your next slime (3 for Blue): Select your next slime (3 for Blue): Select your next slime (3 for Blue): Select your next slime (3 for Blue): Select your next slime (3 for Blue): Select your next slime (3 for Blue): You send Blue
Enemy's Red uses Flame! Damage: 10
Your Blue: HP 70 || Enemy's Red: HP 50
--------------------------------------------------
Round 22
Select your action (1 for skill, 2 for change): Select your next slime (1 for Green): You send Green
Enemy sends Green
Your Green: HP 10 || Enemy's Green: HP 50
--------------------------------------------------
Round 23
Select your action (1 for skill, 2 for change): Select your next slime (3 for Blue): Select your next slime (3 for Blue): Select your next slime (3 for Blue): Select your next slime (3 for Blue): Select your next slime (3 for Blue): Select your next slime (3 for Blue): Select your next slime (3 for Blue): Select your next slime (3 for Blue): Select your next slime (3 for Blue): Select your next slime (3 for Blue): Select your next slime (3 for Blue): You send Blue
Enemy sends Red
Your Blue: HP 70 || Enemy's Red: HP 50
--------------------------------------------------
Round 24
Select your action (1 for skill, 2 for change): Select your action (1 for skill, 2 for change): Select your action (1 for skill, 2 for change): Select your action (1 for skill, 2 for change): Select your action (1 for skill, 2 for change): Select the skill (1 for Tackle, 2 for Stream): Select the skill (1 for Tackle, 2 for Stream): Enemy sends Green
Your Blue uses Stream! Damage: 10
Your Blue: HP 70 || Enemy's Green: HP 40
--------------------------------------------------
Round 25
Select your action (1 for skill, 2 for change): Select your next slime (1 for Green): You send Green
Enemy's Green uses Leaf! Damage: 10
Your Green is beaten
Select your next slime (3 for Blue): Select your next slime (3 for Blue): Select your next slime (3 for Blue): Select your next slime (3 for Blue): You send Blue
Your Blue: HP 70 || Enemy's Green: HP 40
--------------------------------------------------
Round 26
Select your action (1 for skill): Select your action (1 for skill): Select your action (1 for skill): Select your action (1 for skill): Select your action (1 for skill): Select your action (1 for skill): Select your action (1 for skill): Select your action (1 for skill): Select your action (1 for skill): Select your action (1 for skill): Select the skill (1 for Tackle, 2 for Stream): Enemy's Green uses Leaf! Damage: 36
Your Blue uses Stream! Damage: 10
Your Blue: HP 34 || Enemy's Green: HP 30
--------------------------------------------------
Round 27
Select your action (1 for skill): Select your action (1 for skill): Select your action (1 for skill): Select the skill (1 for Tackle, 2 for Stream): Select the skill (1 for Tackle, 2 for Stream): Enemy's Green uses Leaf! Damage: 36
Your Blue is beaten
You Lose
