Welcome to Battle of Slimes 2!
Enemy has Green, Blue and Yellow, starting with Blue.
You can select three from five (1 for Green, 2 for Red, 3 for Blue, 4 for Yellow, 5 for Pink).
Select your 1st slime: Select your 2nd slime: Select your 3rd slime: You have Yellow, Pink and Green, starting with Yellow
Your Yellow: HP 90 || Enemy's Blue: HP 100
Battle starts!
--------------------------------------------------
Round 1
Select your action (0 for escape, 1 for skill, 2 for change): Select your action (0 for escape, 1 for skill, 2 for change): Select the skill (0 for back, 1 for Quick, 2 for Volt, 3 for Thunder): Enemy sends Green
Your Yellow uses Thunder! Failure
Your Yellow: HP 90 || Enemy's Green: HP 110
--------------------------------------------------
Round 2
Select your action (0 for escape, 1 for skill, 2 for change): Select your next slime (0 for back, 2 for Pink-HP120, 3 for Green-HP110): Select your next slime (0 for back, 2 for Pink-HP120, 3 for Green-HP110): You send Green
Enemy's Green uses Leaf! Damage: 10
Your Green: HP 100 || Enemy's Green: HP 110
--------------------------------------------------
Round 3
Select your action (0 for escape, 1 for skill, 2 for change): Select the skill (0 for back, 1 for Tackle, 2 for Leaf, 3 for Synthesis): Select your action (0 for escape, 1 for skill, 2 for change): Select the skill (0 for back, 1 for Tackle, 2 for Leaf, 3 for Synthesis): Enemy's Green uses Tackle! Damage: 20
Your Green uses Tackle! Damage: 20
Your Green: HP 80 || Enemy's Green: HP 90
--------------------------------------------------
Round 4
Select your action (0 for escape, 1 for skill, 2 for change): Select the skill (0 for back, 1 for Tackle, 2 for Leaf, 3 for Synthesis): Enemy's Green uses Tackle! Damage: 20
Your Green uses Leaf! Damage: 10
Your Green: HP 60 || Enemy's Green: HP 80
--------------------------------------------------
Round 5
Select your action (0 for escape, 1 for skill, 2 for change): Select the skill (0 for back, 1 for Tackle, 2 for Leaf, 3 for Synthesis): Enemy's Green uses Tackle! Damage: 20
Your Green uses Leaf! Damage: 10
Your Green: HP 40 || Enemy's Green: HP 70
--------------------------------------------------
Round 6
Select your action (0 for escape, 1 for skill, 2 for change): Select the skill (0 for back, 1 for Tackle, 2 for Leaf, 3 for Synthesis): Enemy's Green uses Tackle! Damage: 20
Your Green uses Tackle! Damage: 20
Your Green: HP 20 || Enemy's Green: HP 50
--------------------------------------------------
Round 7
Select your action (0 for escape, 1 for skill, 2 for change): Select your next slime (0 for back, 1 for Yellow-HP90, 2 for Pink-HP120): You send Yellow
Enemy's Green uses Synthesis! Recovery: 33
Your Yellow: HP 90 || Enemy's Green: HP 83
--------------------------------------------------
Round 8
Select your action (0 for escape, 1 for skill, 2 for change): Select your next slime (0 for back, 2 for Pink-HP120, 3 for Green-HP20): You send Pink
Enemy's Green uses Leaf! Damage: 25
Your Pink: HP 95 || Enemy's Green: HP 83
--------------------------------------------------
Round 9
Select your action (0 for escape, 1 for skill, 2 for change): Select the skill (0 for back, 1 for Slap, 2 for Sing, 3 for Paint): Enemy's Green uses Leaf! Damage: 25
Your Pink uses Paint! Failure
Your Pink: HP 70 || Enemy's Green: HP 83
--------------------------------------------------
Round 10
Select your action (0 for escape, 1 for skill, 2 for change): Select the skill (0 for back, 1 for Slap, 2 for Sing, 3 for Paint): Enemy's Green uses Leaf! Damage: 25
Your Pink uses Slap! Damage: 14
Your Pink: HP 45 || Enemy's Green: HP 69
--------------------------------------------------
Round 11
Select your action (0 for escape, 1 for skill, 2 for change): Select your action (0 for escape, 1 for skill, 2 for change): Select your next slime (0 for back, 1 for Yellow-HP90, 3 for Green-HP20): Select your action (0 for escape, 1 for skill, 2 for change): Select your next slime (0 for back, 1 for Yellow-HP90, 3 for Green-HP20): You send Green
Enemy's Green uses Leaf! Damage: 10
Your Green: HP 10 || Enemy's Green: HP 69
--------------------------------------------------
Round 12
Select your action (0 for escape, 1 for skill, 2 for change): Select the skill (0 for back, 1 for Tackle, 2 for Leaf, 3 for Synthesis): Select your action (0 for escape, 1 for skill, 2 for change): Select your action (0 for escape, 1 for skill, 2 for change): Select your next slime (0 for back, 1 for Yellow-HP90, 2 for Pink-HP45): You send Yellow
Enemy's Green uses Tackle! Damage: 20
Your Yellow: HP 70 || Enemy's Green: HP 69
--------------------------------------------------
Round 13
Select your action (0 for escape, 1 for skill, 2 for change): Select your next slime (0 for back, 2 for Pink-HP45, 3 for Green-HP10): Select your next slime (0 for back, 2 for Pink-HP45, 3 for Green-HP10): You send Green
Enemy's Green uses Leaf! Damage: 10
Your Green is beaten
Select your next slime (1 for Yellow-HP70, 2 for Pink-HP45): Select your next slime (1 for Yellow-HP70, 2 for Pink-HP45): Select your next slime (1 for Yellow-HP70, 2 for Pink-HP45): You send Yellow
Your Yellow: HP 70 || Enemy's Green: HP 69
--------------------------------------------------
Round 14
Select your action (0 for escape, 1 for skill, 2 for change): Select the skill (0 for back, 1 for Quick, 2 for Volt, 3 for Thunder): Your Yellow uses Thunder! Failure
Enemy's Green uses Leaf! Damage: 20
Your Yellow: HP 50 || Enemy's Green: HP 69
--------------------------------------------------
Round 15
Select your action (0 for escape, 1 for skill, 2 for change): You Escape
