Welcome to Battle of Slimes 2!
Enemy has Green, Blue and Yellow, starting with Blue.
You can select three from five (1 for Green, 2 for Red, 3 for Blue, 4 for Yellow, 5 for Pink).
Select your 1st slime: Select your 2nd slime: Select your 3rd slime: You have Pink, Yellow and Blue, starting with Pink
Your Pink: HP 120 || Enemy's Blue: HP 100
Battle starts!
--------------------------------------------------
Round 1
Select your action (0 for escape, 1 for skill, 2 for change): Select the skill (0 for back, 1 for Slap, 2 for Sing, 3 for Paint): Enemy's Blue uses Rainy! Weather becomes rainy
Your Pink uses Sing! Enemy's Blue falls asleep
Your Pink: HP 120 || Enemy's Blue: HP 100
--------------------------------------------------
Round 2
Select your action (0 for escape, 1 for skill, 2 for change): Select your action (0 for escape, 1 for skill, 2 for change): Select your action (0 for escape, 1 for skill, 2 for change): Select your next slime (0 for back, 2 for Yellow-HP90, 3 for Blue-HP100): You send Blue
Enemy's Blue is sleeping
Your Blue: HP 100 || Enemy's Blue: HP 100
--------------------------------------------------
Round 3
Select your action (0 for escape, 1 for skill, 2 for change): Select your next slime (0 for back, 1 for Pink-HP120, 2 for Yellow-HP90): Select your next slime (0 for back, 1 for Pink-HP120, 2 for Yellow-HP90): You send Pink
Enemy's Blue is sleeping
Your Pink: HP 120 || Enemy's Blue: HP 100
--------------------------------------------------
Enemy's Blue wakes up
Round 4
Select your action (0 for escape, 1 for skill, 2 for change): Select the skill (0 for back, 1 for Slap, 2 for Sing, 3 for Paint): Enemy's Blue uses Stream! Damage: 38
Your Pink uses Sing! Enemy's Blue falls asleep
Your Pink: HP 82 || Enemy's Blue: HP 100
--------------------------------------------------
Round 5
Select your action (0 for escape, 1 for skill, 2 for change): Select the skill (0 for back, 1 for Slap, 2 for Sing, 3 for Paint): Enemy's Blue is sleeping
Your Pink uses Paint! Enemy's Blue is painted
Your Pink: HP 82 || Enemy's Blue: HP 100
--------------------------------------------------
Weather becomes normal
Round 6
Select your action (0 for escape, 1 for skill, 2 for change): Select the skill (0 for back, 1 for Slap, 2 for Sing, 3 for Paint): Enemy's Blue is sleeping
Your Pink uses Slap! Damage: 39
Enemy's Blue wakes up
Your Pink: HP 82 || Enemy's Blue: HP 61
--------------------------------------------------
Round 7
Select your action (0 for escape, 1 for skill, 2 for change): Select the skill (0 for back, 1 for Slap, 2 for Sing, 3 for Paint): Enemy's Blue uses Rainy! Weather becomes rainy
Your Pink uses Paint! Failure
Your Pink: HP 82 || Enemy's Blue: HP 61
--------------------------------------------------
Round 8
Select your action (0 for escape, 1 for skill, 2 for change): Select your action (0 for escape, 1 for skill, 2 for change): Select the skill (0 for back, 1 for Slap, 2 for Sing, 3 for Paint): Enemy's Blue uses Stream! Damage: 38
Your Pink uses Slap! Damage: 19
Your Pink: HP 44 || Enemy's Blue: HP 42
--------------------------------------------------
Round 9
Select your action (0 for escape, 1 for skill, 2 for change): Select your action (0 for escape, 1 for skill, 2 for change): Select your action (0 for escape, 1 for skill, 2 for change): Select the skill (0 for back, 1 for Slap, 2 for Sing, 3 for Paint): Enemy's Blue uses Stream! Damage: 38
Your Pink uses Paint! Failure
Your Pink: HP 6 || Enemy's Blue: HP 42
--------------------------------------------------
Round 10
Select your action (0 for escape, 1 for skill, 2 for change): Select the skill (0 for back, 1 for Slap, 2 for Sing, 3 for Paint): Enemy's Blue uses Stream! Damage: 38
Your Pink is beaten
Select your next slime (2 for Yellow-HP90, 3 for Blue-HP100): You send Yellow
Your Yellow: HP 90 || Enemy's Blue: HP 42
--------------------------------------------------
Round 11
Select your action (0 for escape, 1 for skill, 2 for change): Select your action (0 for escape, 1 for skill, 2 for change): Select your action (0 for escape, 1 for skill, 2 for change): Select the skill (0 for back, 1 for Quick, 2 for Volt, 3 for Thunder): Enemy sends Green
Your Yellow uses Thunder! Damage: 25
Your Yellow: HP 90 || Enemy's Green: HP 85
--------------------------------------------------
Weather becomes normal
Round 12
Select your action (0 for escape, 1 for skill, 2 for change): Select your next slime (0 for back, 3 for Blue-HP100): Select your next slime (0 for back, 3 for Blue-HP100): Select your next slime (0 for back, 3 for Blue-HP100): You send Blue
Enemy's Green uses Leaf! Damage: 29
Your Blue: HP 71 || Enemy's Green: HP 85
--------------------------------------------------
Round 13
Select your action (0 for escape, 1 for skill, 2 for change): Select your action (0 for escape, 1 for skill, 2 for change): Select the skill (0 for back, 1 for Tackle, 2 for Stream, 3 for Rainy): Your Blue uses Rainy! Weather becomes rainy
Enemy's Green uses Leaf! Damage: 29
Your Blue: HP 42 || Enemy's Green: HP 85
--------------------------------------------------
Round 14
Select your action (0 for escape, 1 for skill, 2 for change): Select your action (0 for escape, 1 for skill, 2 for change): Select your action (0 for escape, 1 for skill, 2 for change): Select your next slime (0 for back, 2 for Yellow-HP90): Select your next slime (0 for back, 2 for Yellow-HP90): Select your next slime (0 for back, 2 for Yellow-HP90): You send Yellow
Enemy's Green uses Leaf! Damage: 20
Your Yellow: HP 70 || Enemy's Green: HP 85
--------------------------------------------------
Round 15
Select your action (0 for escape, 1 for skill, 2 for change): Select the skill (0 for back, 1 for Quick, 2 for Volt, 3 for Thunder): Your Yellow uses Volt! Damage: 13
Enemy's Green uses Leaf! Damage: 20
Your Yellow: HP 50 || Enemy's Green: HP 72
--------------------------------------------------
Round 16
Select your action (0 for escape, 1 for skill, 2 for change): Select the skill (0 for back, 1 for Quick, 2 for Volt, 3 for Thunder): Your Yellow uses Volt! Damage: 13
Enemy's Green uses Leaf! Damage: 20
Your Yellow: HP 30 || Enemy's Green: HP 59
--------------------------------------------------
Round 17
Select your action (0 for escape, 1 for skill, 2 for change): Select your next slime (0 for back, 3 for Blue-HP42): Select your action (0 for escape, 1 for skill, 2 for change): Select your action (0 for escape, 1 for skill, 2 for change): You Escape
