Welcome to Battle of Slimes 2!
Enemy has Green, Blue and Yellow, starting with Green.
You can select three from five (1 for Green, 2 for Red, 3 for Blue, 4 for Yellow, 5 for Pink).
Select your 1st slime: Select your 2nd slime: Select your 3rd slime: You have Yellow, Red and Pink, starting with Yellow
Your Yellow: HP 90 || Enemy's Green: HP 110
Battle starts!
--------------------------------------------------
Round 1
Select your action (0 for escape, 1 for skill, 2 for change): Select your next slime (0 for back, 2 for Red-HP100, 3 for Pink-HP120): Select your next slime (0 for back, 2 for Red-HP100, 3 for Pink-HP120): You send Red
Enemy's Green uses Leaf! Damage: 10
Your Red: HP 90 || Enemy's Green: HP 110
--------------------------------------------------
Round 2
Select your action (0 for escape, 1 for skill, 2 for change): Select the skill (0 for back, 1 for Claw, 2 for Flame, 3 for Sunny): Enemy sends Blue
Your Red uses Sunny! Weather becomes sunny
Your Red: HP 90 || Enemy's Blue: HP 100
--------------------------------------------------
Round 3
Select your action (0 for escape, 1 for skill, 2 for change): Select your action (0 for escape, 1 for skill, 2 for change): Select the skill (0 for back, 1 for Claw, 2 for Flame, 3 for Sunny): Enemy's Blue uses Rainy! Weather becomes rainy
Your Red uses Claw! Damage: 13
Your Red: HP 90 || Enemy's Blue: HP 87
--------------------------------------------------
Round 4
Select your action (0 for escape, 1 for skill, 2 for change): Select your next slime (0 for back, 1 for Yellow-HP90, 3 for Pink-HP120): You send Yellow
Enemy's Blue uses Stream! Damage: 30
Your Yellow: HP 60 || Enemy's Blue: HP 87
--------------------------------------------------
Round 5
Select your action (0 for escape, 1 for skill, 2 for change): Select your action (0 for escape, 1 for skill, 2 for change): Select the skill (0 for back, 1 for Quick, 2 for Volt, 3 for Thunder): Enemy sends Green
Your Yellow uses Thunder! Damage: 25
Your Yellow: HP 60 || Enemy's Green: HP 85
--------------------------------------------------
Round 6
Select your action (0 for escape, 1 for skill, 2 for change): Select your action (0 for escape, 1 for skill, 2 for change): Select your action (0 for escape, 1 for skill, 2 for change): Select the skill (0 for back, 1 for Quick, 2 for Volt, 3 for Thunder): Your Yellow uses Volt! Damage: 13
Enemy's Green uses Leaf! Damage: 20
Your Yellow: HP 40 || Enemy's Green: HP 72
--------------------------------------------------
Round 7
Select your action (0 for escape, 1 for skill, 2 for change): Select the skill (0 for back, 1 for Quick, 2 for Volt, 3 for Thunder): Your Yellow uses Thunder! Damage: 25
Enemy's Green uses Leaf! Damage: 20
Your Yellow: HP 20 || Enemy's Green: HP 47
--------------------------------------------------
Weather becomes normal
Round 8
Select your action (0 for escape, 1 for skill, 2 for change): Select the skill (0 for back, 1 for Quick, 2 for Volt, 3 for Thunder): Your Yellow uses Thunder! Failure
Enemy's Green uses Synthesis! Recovery: 33
Your Yellow: HP 20 || Enemy's Green: HP 80
--------------------------------------------------
Round 9
Select your action (0 for escape, 1 for skill, 2 for change): Select the skill (0 for back, 1 for Quick, 2 for Volt, 3 for Thunder): Your Yellow uses Quick! Damage: 15
Enemy's Green uses Leaf! Damage: 20
Your Yellow is beaten
Select your next slime (2 for Red-HP90, 3 for Pink-HP120): Select your next slime (2 for Red-HP90, 3 for Pink-HP120): You send Red
Your Red: HP 90 || Enemy's Green: HP 65
--------------------------------------------------
Round 10
Select your action (0 for escape, 1 for skill, 2 for change): Select your action (0 for escape, 1 for skill, 2 for change): Select your next slime (0 for back, 3 for Pink-HP120): Select your next slime (0 for back, 3 for Pink-HP120): Select your next slime (0 for back, 3 for Pink-HP120): You send Pink
Enemy sends Blue
Your Pink: HP 120 || Enemy's Blue: HP 87
--------------------------------------------------
Round 11
Select your action (0 for escape, 1 for skill, 2 for change): Select the skill (0 for back, 1 for Slap, 2 for Sing, 3 for Paint): Enemy's Blue uses Rainy! Weather becomes rainy
Your Pink uses Paint! Failure
Your Pink: HP 120 || Enemy's Blue: HP 87
--------------------------------------------------
Round 12
Select your action (0 for escape, 1 for skill, 2 for change): Select the skill (0 for back, 1 for Slap, 2 for Sing, 3 for Paint): Enemy's Blue uses Stream! Damage: 38
Your Pink uses Sing! Enemy's Blue falls asleep
Your Pink: HP 82 || Enemy's Blue: HP 87
--------------------------------------------------
Round 13
Select your action (0 for escape, 1 for skill, 2 for change): Select your next slime (0 for back, 2 for Red-HP90): Select your action (0 for escape, 1 for skill, 2 for change): Select your next slime (0 for back, 2 for Red-HP90): Select your next slime (0 for back, 2 for Red-HP90): Select your next slime (0 for back, 2 for Red-HP90): Select your next slime (0 for back, 2 for Red-HP90): You send Red
Enemy's Blue is sleeping
Your Red: HP 90 || Enemy's Blue: HP 87
--------------------------------------------------
Round 14
Select your action (0 for escape, 1 for skill, 2 for change): Select your next slime (0 for back, 3 for Pink-HP82): Select your next slime (0 for back, 3 for Pink-HP82): Select your next slime (0 for back, 3 for Pink-HP82): Select your action (0 for escape, 1 for skill, 2 for change): Select your next slime (0 for back, 3 for Pink-HP82): Select your next slime (0 for back, 3 for Pink-HP82): You send Pink
Enemy's Blue is sleeping
Your Pink: HP 82 || Enemy's Blue: HP 87
--------------------------------------------------
Enemy's Blue wakes up
Round 15
Select your action (0 for escape, 1 for skill, 2 for change): Select the skill (0 for back, 1 for Slap, 2 for Sing, 3 for Paint): Select your action (0 for escape, 1 for skill, 2 for change): Select the skill (0 for back, 1 for Slap, 2 for Sing, 3 for Paint): Enemy's Blue uses Stream! Damage: 38
Your Pink uses Sing! Enemy's Blue falls asleep
Your Pink: HP 44 || Enemy's Blue: HP 87
--------------------------------------------------
Weather becomes normal
Round 16
Select your action (0 for escape, 1 for skill, 2 for change): Select the skill (0 for back, 1 for Slap, 2 for Sing, 3 for Paint): Enemy's Blue is sleeping
Your Pink uses Slap! Damage: 19
Enemy's Blue wakes up
Your Pink: HP 44 || Enemy's Blue: HP 68
--------------------------------------------------
Round 17
Select your action (0 for escape, 1 for skill, 2 for change): Select the skill (0 for back, 1 for Slap, 2 for Sing, 3 for Paint): Select your action (0 for escape, 1 for skill, 2 for change): Select the skill (0 for back, 1 for Slap, 2 for Sing, 3 for Paint): Enemy's Blue uses Rainy! Weather becomes rainy
Your Pink uses Slap! Damage: 10
Your Pink: HP 44 || Enemy's Blue: HP 58
--------------------------------------------------
Round 18
Select your action (0 for escape, 1 for skill, 2 for change): You Escape
