Welcome to Battle of Slimes 2!
Enemy has Green, Blue and Yellow, starting with Yellow.
You can select three from five (1 for Green, 2 for Red, 3 for Blue, 4 for Yellow, 5 for Pink).
Select your 1st slime: Select your 2nd slime: Select your 3rd slime: You have Blue, Green and Pink, starting with Blue
Your Blue: HP 100 || Enemy's Yellow: HP 90
Battle starts!
--------------------------------------------------
Round 1
Select your action (0 for escape, 1 for skill, 2 for change): Select your action (0 for escape, 1 for skill, 2 for change): Select your next slime (0 for back, 2 for Green-HP110, 3 for Pink-HP120): Select your next slime (0 for back, 2 for Green-HP110, 3 for Pink-HP120): You send Green
Enemy sends Green
Your Green: HP 110 || Enemy's Green: HP 110
--------------------------------------------------
Round 2
Select your action (0 for escape, 1 for skill, 2 for change): Select your action (0 for escape, 1 for skill, 2 for change): Select your action (0 for escape, 1 for skill, 2 for change): Select your next slime (0 for back, 1 for Blue-HP100, 3 for Pink-HP120): You send Blue
Enemy's Green uses Tackle! Damage: 14
Your Blue: HP 86 || Enemy's Green: HP 110
--------------------------------------------------
Round 3
Select your action (0 for escape, 1 for skill, 2 for change): Select your action (0 for escape, 1 for skill, 2 for change): Select your next slime (0 for back, 2 for Green-HP110, 3 for Pink-HP120): Select your next slime (0 for back, 2 for Green-HP110, 3 for Pink-HP120): You send Green
Enemy's Green uses Leaf! Damage: 10
Your Green: HP 100 || Enemy's Green: HP 110
--------------------------------------------------
Round 4
Select your action (0 for escape, 1 for skill, 2 for change): Select the skill (0 for back, 1 for Tackle, 2 for Leaf, 3 for Synthesis): Enemy's Green uses Tackle! Damage: 20
Your Green uses Synthesis! Recovery: 33
Your Green: HP 110 || Enemy's Green: HP 110
--------------------------------------------------
Round 5
Select your action (0 for escape, 1 for skill, 2 for change): Select your next slime (0 for back, 1 for Blue-HP86, 3 for Pink-HP120): Select your next slime (0 for back, 1 for Blue-HP86, 3 for Pink-HP120): Select your next slime (0 for back, 1 for Blue-HP86, 3 for Pink-HP120): You send Blue
Enemy's Green uses Tackle! Damage: 14
Your Blue: HP 72 || Enemy's Green: HP 110
--------------------------------------------------
Round 6
Select your action (0 for escape, 1 for skill, 2 for change): Select your action (0 for escape, 1 for skill, 2 for change): Select the skill (0 for back, 1 for Tackle, 2 for Stream, 3 for Rainy): Your Blue uses Rainy! Weather becomes rainy
Enemy's Green uses Leaf! Damage: 29
Your Blue: HP 43 || Enemy's Green: HP 110
--------------------------------------------------
Round 7
Select your action (0 for escape, 1 for skill, 2 for change): Select your next slime (0 for back, 2 for Green-HP110, 3 for Pink-HP120): Select your next slime (0 for back, 2 for Green-HP110, 3 for Pink-HP120): You send Green
Enemy's Green uses Leaf! Damage: 10
Your Green: HP 100 || Enemy's Green: HP 110
--------------------------------------------------
Round 8
Select your action (0 for escape, 1 for skill, 2 for change): Select the skill (0 for back, 1 for Tackle, 2 for Leaf, 3 for Synthesis): Enemy's Green uses Tackle! Damage: 20
Your Green uses Leaf! Damage: 10
Your Green: HP 80 || Enemy's Green: HP 100
--------------------------------------------------
Round 9
Select your action (0 for escape, 1 for skill, 2 for change): Select your next slime (0 for back, 1 for Blue-HP43, 3 for Pink-HP120): You send Pink
Enemy's Green uses Tackle! Damage: 25
Your Pink: HP 95 || Enemy's Green: HP 100
--------------------------------------------------
Round 10
Select your action (0 for escape, 1 for skill, 2 for change): Select the skill (0 for back, 1 for Slap, 2 for Sing, 3 for Paint): Enemy's Green uses Leaf! Damage: 25
Your Pink uses Sing! Enemy's Green falls asleep
Your Pink: HP 70 || Enemy's Green: HP 100
--------------------------------------------------
Weather becomes normal
Round 11
Select your action (0 for escape, 1 for skill, 2 for change): Select the skill (0 for back, 1 for Slap, 2 for Sing, 3 for Paint): Enemy's Green is sleeping
Your Pink uses Sing! Waste
Your Pink: HP 70 || Enemy's Green: HP 100
--------------------------------------------------
Round 12
Select your action (0 for escape, 1 for skill, 2 for change): Select your action (0 for escape, 1 for skill, 2 for change): Select your action (0 for escape, 1 for skill, 2 for change): Select your next slime (0 for back, 1 for Blue-HP43, 2 for Green-HP80): You send Blue
Enemy's Green is sleeping
Your Blue: HP 43 || Enemy's Green: HP 100
--------------------------------------------------
Enemy's Green wakes up
Round 13
Select your action (0 for escape, 1 for skill, 2 for change): Select your next slime (0 for back, 2 for Green-HP80, 3 for Pink-HP70): Select your next slime (0 for back, 2 for Green-HP80, 3 for Pink-HP70): You send Pink
Enemy's Green uses Leaf! Damage: 25
Your Pink: HP 45 || Enemy's Green: HP 100
--------------------------------------------------
Round 14
Select your action (0 for escape, 1 for skill, 2 for change): Select the skill (0 for back, 1 for Slap, 2 for Sing, 3 for Paint): Enemy's Green uses Leaf! Damage: 25
Your Pink uses Paint! Failure
Your Pink: HP 20 || Enemy's Green: HP 100
--------------------------------------------------
Round 15
Select your action (0 for escape, 1 for skill, 2 for change): Select the skill (0 for back, 1 for Slap, 2 for Sing, 3 for Paint): Enemy's Green uses Leaf! Damage: 25
Your Pink is beaten
Select your next slime (1 for Blue-HP43, 2 for Green-HP80): You send Blue
Your Blue: HP 43 || Enemy's Green: HP 100
--------------------------------------------------
Round 16
Select your action (0 for escape, 1 for skill, 2 for change): Select your action (0 for escape, 1 for skill, 2 for change): Select your next slime (0 for back, 2 for Green-HP80): You send Green
Enemy's Green uses Leaf! Damage: 10
Your Green: HP 70 || Enemy's Green: HP 100
--------------------------------------------------
Round 17
Select your action (0 for escape, 1 for skill, 2 for change): Select the skill (0 for back, 1 for Tackle, 2 for Leaf, 3 for Synthesis): Enemy's Green uses Tackle! Damage: 20
Your Green uses Tackle! Damage: 20
Your Green: HP 50 || Enemy's Green: HP 80
--------------------------------------------------
Round 18
Select your action (0 for escape, 1 for skill, 2 for change): Select your action (0 for escape, 1 for skill, 2 for change): Select the skill (0 for back, 1 for Tackle, 2 for Leaf, 3 for Synthesis): Enemy's Green uses Tackle! Damage: 20
Your Green uses Synthesis! Recovery: 33
Your Green: HP 63 || Enemy's Green: HP 80
--------------------------------------------------
Round 19
Select your action (0 for escape, 1 for skill, 2 for change): Select your next slime (0 for back, 1 for Blue-HP43): You send Blue
Enemy's Green uses Tackle! Damage: 14
Your Blue: HP 29 || Enemy's Green: HP 80
--------------------------------------------------
Round 20
Select your action (0 for escape, 1 for skill, 2 for change): Select your next slime (0 for back, 2 for Green-HP63): Select your next slime (0 for back, 2 for Green-HP63): Select your next slime (0 for back, 2 for Green-HP63): Select your next slime (0 for back, 2 for Green-HP63): Select your next slime (0 for back, 2 for Green-HP63): Select your next slime (0 for back, 2 for Green-HP63): Select your next slime (0 for back, 2 for Green-HP63): You send Green
Enemy's Green uses Leaf! Damage: 10
Your Green: HP 53 || Enemy's Green: HP 80
--------------------------------------------------
Round 21
Select your action (0 for escape, 1 for skill, 2 for change): Select the skill (0 for back, 1 for Tackle, 2 for Leaf, 3 for Synthesis): Enemy's Green uses Tackle! Damage: 20
Your Green uses Synthesis! Recovery: 33
Your Green: HP 66 || Enemy's Green: HP 80
--------------------------------------------------
Round 22
Select your action (0 for escape, 1 for skill, 2 for change): Select your action (0 for escape, 1 for skill, 2 for change): Select the skill (0 for back, 1 for Tackle, 2 for Leaf, 3 for Synthesis): Enemy's Green uses Tackle! Damage: 20
Your Green uses Leaf! Damage: 10
Your Green: HP 46 || Enemy's Green: HP 70
--------------------------------------------------
Round 23
Select your action (0 for escape, 1 for skill, 2 for change): Select your action (0 for escape, 1 for skill, 2 for change): Select your action (0 for escape, 1 for skill, 2 for change): Select the skill (0 for back, 1 for Tackle, 2 for Leaf, 3 for Synthesis): Enemy's Green uses Tackle! Damage: 20
Your Green uses Tackle! Damage: 20
Your Green: HP 26 || Enemy's Green: HP 50
--------------------------------------------------
Round 24
Select your action (0 for escape, 1 for skill, 2 for change): Select the skill (0 for back, 1 for Tackle, 2 for Leaf, 3 for Synthesis): Enemy's Green uses Synthesis! Recovery: 33
Your Green uses Leaf! Damage: 10
Your Green: HP 26 || Enemy's Green: HP 73
--------------------------------------------------
Round 25
Select your action (0 for escape, 1 for skill, 2 for change): Select your action (0 for escape, 1 for skill, 2 for change): Select the skill (0 for back, 1 for Tackle, 2 for Leaf, 3 for Synthesis): Enemy's Green uses Tackle! Damage: 20
Your Green uses Tackle! Damage: 20
Your Green: HP 6 || Enemy's Green: HP 53
--------------------------------------------------
Round 26
Select your action (0 for escape, 1 for skill, 2 for change): Select the skill (0 for back, 1 for Tackle, 2 for Leaf, 3 for Synthesis): Enemy's Green uses Synthesis! Recovery: 33
Your Green uses Tackle! Damage: 20
Your Green: HP 6 || Enemy's Green: HP 66
--------------------------------------------------
Round 27
Select your action (0 for escape, 1 for skill, 2 for change): Select your next slime (0 for back, 1 for Blue-HP29): Select your next slime (0 for back, 1 for Blue-HP29): Select your next slime (0 for back, 1 for Blue-HP29): Select your next slime (0 for back, 1 for Blue-HP29): Select your next slime (0 for back, 1 for Blue-HP29): You send Blue
Enemy's Green uses Tackle! Damage: 14
Your Blue: HP 15 || Enemy's Green: HP 66
--------------------------------------------------
Round 28
Select your action (0 for escape, 1 for skill, 2 for change): Select your action (0 for escape, 1 for skill, 2 for change): Select your next slime (0 for back, 2 for Green-HP6): Select your next slime (0 for back, 2 for Green-HP6): Select your next slime (0 for back, 2 for Green-HP6): Select your next slime (0 for back, 2 for Green-HP6): Select your next slime (0 for back, 2 for Green-HP6): You send Green
Enemy's Green uses Leaf! Damage: 10
Your Green is beaten
Select your next slime (1 for Blue-HP15): Select your next slime (1 for Blue-HP15): Select your next slime (1 for Blue-HP15): You send Blue
Your Blue: HP 15 || Enemy's Green: HP 66
--------------------------------------------------
Round 29
Select your action (0 for escape, 1 for skill): Select the skill (0 for back, 1 for Tackle, 2 for Stream, 3 for Rainy): Your Blue uses Rainy! Weather becomes rainy
Enemy's Green uses Leaf! Damage: 29
Your Blue is beaten
You Lose
