Welcome to Battle of Slimes 2!
Enemy has Green, Blue and Yellow, starting with Green.
You can select three from five (1 for Green, 2 for Red, 3 for Blue, 4 for Yellow, 5 for Pink).
Select your 1st slime: Select your 2nd slime: Select your 3rd slime: You have Pink, Blue and Green, starting with Pink
Your Pink: HP 120 || Enemy's Green: HP 110
Battle starts!
--------------------------------------------------
Round 1
Select your action (0 for escape, 1 for skill, 2 for change): Select your next slime (0 for back, 2 for Blue-HP100, 3 for Green-HP110): You send Blue
Enemy's Green uses Leaf! Damage: 29
Your Blue: HP 71 || Enemy's Green: HP 110
--------------------------------------------------
Round 2
Select your action (0 for escape, 1 for skill, 2 for change): Select the skill (0 for back, 1 for Tackle, 2 for Stream, 3 for Rainy): Your Blue uses Rainy! Weather becomes rainy
Enemy's Green uses Leaf! Damage: 29
Your Blue: HP 42 || Enemy's Green: HP 110
--------------------------------------------------
Round 3
Select your action (0 for escape, 1 for skill, 2 for change): Select the skill (0 for back, 1 for Tackle, 2 for Stream, 3 for Rainy): Your Blue uses Rainy! Weather becomes rainy
Enemy's Green uses Leaf! Damage: 29
Your Blue: HP 13 || Enemy's Green: HP 110
--------------------------------------------------
Round 4
Select your action (0 for escape, 1 for skill, 2 for change): Select the skill (0 for back, 1 for Tackle, 2 for Stream, 3 for Rainy): Your Blue uses Rainy! Weather becomes rainy
Enemy's Green uses Leaf! Damage: 29
Your Blue is beaten
Select your next slime (1 for Pink-HP120, 3 for Green-HP110): You send Green
Your Green: HP 110 || Enemy's Green: HP 110
--------------------------------------------------
Round 5
Select your action (0 for escape, 1 for skill, 2 for change): Select the skill (0 for back, 1 for Tackle, 2 for Leaf, 3 for Synthesis): Enemy's Green uses Tackle! Damage: 20
Your Green uses Tackle! Damage: 20
Your Green: HP 90 || Enemy's Green: HP 90
--------------------------------------------------
Round 6
Select your action (0 for escape, 1 for skill, 2 for change): Select the skill (0 for back, 1 for Tackle, 2 for Leaf, 3 for Synthesis): Enemy's Green uses Tackle! Damage: 20
Your Green uses Leaf! Damage: 10
Your Green: HP 70 || Enemy's Green: HP 80
--------------------------------------------------
Round 7
Select your action (0 for escape, 1 for skill, 2 for change): Select your next slime (0 for back, 1 for Pink-HP120): Select your next slime (0 for back, 1 for Pink-HP120): You send Pink
Enemy's Green uses Tackle! Damage: 25
Your Pink: HP 95 || Enemy's Green: HP 80
--------------------------------------------------
Round 8
Select your action (0 for escape, 1 for skill, 2 for change): Select the skill (0 for back, 1 for Slap, 2 for Sing, 3 for Paint): Enemy's Green uses Leaf! Damage: 25
Your Pink uses Sing! Enemy's Green falls asleep
Your Pink: HP 70 || Enemy's Green: HP 80
--------------------------------------------------
Weather becomes normal
Round 9
Select your action (0 for escape, 1 for skill, 2 for change): Select your action (0 for escape, 1 for skill, 2 for change): Select your next slime (0 for back, 3 for Green-HP70): You send Green
Enemy's Green is sleeping
Your Green: HP 70 || Enemy's Green: HP 80
--------------------------------------------------
Round 10
Select your action (0 for escape, 1 for skill, 2 for change): Select your action (0 for escape, 1 for skill, 2 for change): Select your action (0 for escape, 1 for skill, 2 for change): Select the skill (0 for back, 1 for Tackle, 2 for Leaf, 3 for Synthesis): Enemy's Green is sleeping
Your Green uses Synthesis! Recovery: 33
Your Green: HP 103 || Enemy's Green: HP 80
--------------------------------------------------
Enemy's Green wakes up
Round 11
Select your action (0 for escape, 1 for skill, 2 for change): Select your next slime (0 for back, 1 for Pink-HP70): Select your next slime (0 for back, 1 for Pink-HP70): Select your next slime (0 for back, 1 for Pink-HP70): Select your next slime (0 for back, 1 for Pink-HP70): You send Pink
Enemy's Green uses Tackle! Damage: 25
Your Pink: HP 45 || Enemy's Green: HP 80
--------------------------------------------------
Round 12
Select your action (0 for escape, 1 for skill, 2 for change): Select your next slime (0 for back, 3 for Green-HP103): Select your next slime (0 for back, 3 for Green-HP103): You send Green
Enemy's Green uses Leaf! Damage: 10
Your Green: HP 93 || Enemy's Green: HP 80
--------------------------------------------------
Round 13
Select your action (0 for escape, 1 for skill, 2 for change): Select your action (0 for escape, 1 for skill, 2 for change): Select the skill (0 for back, 1 for Tackle, 2 for Leaf, 3 for Synthesis): Enemy's Green uses Tackle! Damage: 20
Your Green uses Tackle! Damage: 20
Your Green: HP 73 || Enemy's Green: HP 60
--------------------------------------------------
Round 14
Select your action (0 for escape, 1 for skill, 2 for change): Select your action (0 for escape, 1 for skill, 2 for change): Select the skill (0 for back, 1 for Tackle, 2 for Leaf, 3 for Synthesis): Enemy's Green uses Tackle! Damage: 20
Your Green uses Tackle! Damage: 20
Your Green: HP 53 || Enemy's Green: HP 40
--------------------------------------------------
Round 15
Select your action (0 for escape, 1 for skill, 2 for change): Select your next slime (0 for back, 1 for Pink-HP45): Select your next slime (0 for back, 1 for Pink-HP45): Select your next slime (0 for back, 1 for Pink-HP45): You send Pink
Enemy's Green uses Synthesis! Recovery: 33
Your Pink: HP 45 || Enemy's Green: HP 73
--------------------------------------------------
Round 16
Select your action (0 for escape, 1 for skill, 2 for change): Select the skill (0 for back, 1 for Slap, 2 for Sing, 3 for Paint): Enemy's Green uses Leaf! Damage: 25
Your Pink uses Paint! Failure
Your Pink: HP 20 || Enemy's Green: HP 73
--------------------------------------------------
Round 17
Select your action (0 for escape, 1 for skill, 2 for change): Select your next slime (0 for back, 3 for Green-HP53): Select your next slime (0 for back, 3 for Green-HP53): Select your next slime (0 for back, 3 for Green-HP53): Select your next slime (0 for back, 3 for Green-HP53): Select your next slime (0 for back, 3 for Green-HP53): Select your next slime (0 for back, 3 for Green-HP53): Select your next slime (0 for back, 3 for Green-HP53): Select your next slime (0 for back, 3 for Green-HP53): You send Green
Enemy's Green uses Leaf! Damage: 10
Your Green: HP 43 || Enemy's Green: HP 73
--------------------------------------------------
Round 18
Select your action (0 for escape, 1 for skill, 2 for change): Select your action (0 for escape, 1 for skill, 2 for change): Select your next slime (0 for back, 1 for Pink-HP20): Select your next slime (0 for back, 1 for Pink-HP20): You send Pink
Enemy's Green uses Tackle! Damage: 25
Your Pink is beaten
Select your next slime (3 for Green-HP43): Select your next slime (3 for Green-HP43): Select your next slime (3 for Green-HP43): You send Green
Your Green: HP 43 || Enemy's Green: HP 73
--------------------------------------------------
Round 19
Select your action (0 for escape, 1 for skill): Select your action (0 for escape, 1 for skill): Select the skill (0 for back, 1 for Tackle, 2 for Leaf, 3 for Synthesis): Enemy's Green uses Tackle! Damage: 20
Your Green uses Tackle! Damage: 20
Your Green: HP 23 || Enemy's Green: HP 53
--------------------------------------------------
Round 20
Select your action (0 for escape, 1 for skill): Select your action (0 for escape, 1 for skill): Select your action (0 for escape, 1 for skill): Select your action (0 for escape, 1 for skill): Select the skill (0 for back, 1 for Tackle, 2 for Leaf, 3 for Synthesis): Enemy's Green uses Synthesis! Recovery: 33
Your Green uses Leaf! Damage: 10
Your Green: HP 23 || Enemy's Green: HP 76
--------------------------------------------------
Round 21
Select your action (0 for escape, 1 for skill): Select your action (0 for escape, 1 for skill): Select your action (0 for escape, 1 for skill): Select the skill (0 for back, 1 for Tackle, 2 for Leaf, 3 for Synthesis): Enemy's Green uses Tackle! Damage: 20
Your Green uses Synthesis! Recovery: 33
Your Green: HP 36 || Enemy's Green: HP 76
--------------------------------------------------
Round 22
Select your action (0 for escape, 1 for skill): Select your action (0 for escape, 1 for skill): Select your action (0 for escape, 1 for skill): Select your action (0 for escape, 1 for skill): Select your action (0 for escape, 1 for skill): Select your action (0 for escape, 1 for skill): Select the skill (0 for back, 1 for Tackle, 2 for Leaf, 3 for Synthesis): Enemy's Green uses Tackle! Damage: 20
Your Green uses Synthesis! Recovery: 33
Your Green: HP 49 || Enemy's Green: HP 76
--------------------------------------------------
Round 23
Select your action (0 for escape, 1 for skill): Select your action (0 for escape, 1 for skill): Select your action (0 for escape, 1 for skill): Select your action (0 for escape, 1 for skill): Select the skill (0 for back, 1 for Tackle, 2 for Leaf, 3 for Synthesis): Enemy's Green uses Tackle! Damage: 20
Your Green uses Tackle! Damage: 20
Your Green: HP 29 || Enemy's Green: HP 56
--------------------------------------------------
Round 24
Select your action (0 for escape, 1 for skill): Select your action (0 for escape, 1 for skill): Select your action (0 for escape, 1 for skill): Select the skill (0 for back, 1 for Tackle, 2 for Leaf, 3 for Synthesis): Enemy's Green uses Tackle! Damage: 20
Your Green uses Tackle! Damage: 20
Your Green: HP 9 || Enemy's Green: HP 36
--------------------------------------------------
Round 25
Select your action (0 for escape, 1 for skill): Select your action (0 for escape, 1 for skill): Select your action (0 for escape, 1 for skill): Select your action (0 for escape, 1 for skill): Select your action (0 for escape, 1 for skill): Select the skill (0 for back, 1 for Tackle, 2 for Leaf, 3 for Synthesis): Enemy's Green uses Synthesis! Recovery: 33
Your Green uses Synthesis! Recovery: 33
Your Green: HP 42 || Enemy's Green: HP 69
--------------------------------------------------
Round 26
Select your action (0 for escape, 1 for skill): Select the skill (0 for back, 1 for Tackle, 2 for Leaf, 3 for Synthesis): Enemy's Green uses Tackle! Damage: 20
Your Green uses Tackle! Damage: 20
Your Green: HP 22 || Enemy's Green: HP 49
--------------------------------------------------
Round 27
Select your action (0 for escape, 1 for skill): Select your action (0 for escape, 1 for skill): Select your action (0 for escape, 1 for skill): Select the skill (0 for back, 1 for Tackle, 2 for Leaf, 3 for Synthesis): Enemy's Green uses Synthesis! Recovery: 33
Your Green uses Tackle! Damage: 20
Your Green: HP 22 || Enemy's Green: HP 62
--------------------------------------------------
Round 28
Select your action (0 for escape, 1 for skill): Select your action (0 for escape, 1 for skill): Select your action (0 for escape, 1 for skill): Select your action (0 for escape, 1 for skill): Select your action (0 for escape, 1 for skill): Select your action (0 for escape, 1 for skill): Select your action (0 for escape, 1 for skill): Select your action (0 for escape, 1 for skill): Select the skill (0 for back, 1 for Tackle, 2 for Leaf, 3 for Synthesis): Enemy's Green uses Tackle! Damage: 20
Your Green uses Tackle! Damage: 20
Your Green: HP 2 || Enemy's Green: HP 42
--------------------------------------------------
Round 29
Select your action (0 for escape, 1 for skill): Select your action (0 for escape, 1 for skill): Select your action (0 for escape, 1 for skill): Select your action (0 for escape, 1 for skill): Select your action (0 for escape, 1 for skill): Select your action (0 for escape, 1 for skill): Select your action (0 for escape, 1 for skill): Select your action (0 for escape, 1 for skill): Select the skill (0 for back, 1 for Tackle, 2 for Leaf, 3 for Synthesis): Enemy's Green uses Synthesis! Recovery: 33
Your Green uses Leaf! Damage: 10
Your Green: HP 2 || Enemy's Green: HP 65
--------------------------------------------------
Round 30
Select your action (0 for escape, 1 for skill): Select your action (0 for escape, 1 for skill): Select your action (0 for escape, 1 for skill): Select the skill (0 for back, 1 for Tackle, 2 for Leaf, 3 for Synthesis): Enemy's Green uses Tackle! Damage: 20
Your Green is beaten
You Lose
