Welcome to Battle of Slimes 2!
Enemy has Green, Blue and Yellow, starting with Yellow.
You can select three from five (1 for Green, 2 for Red, 3 for Blue, 4 for Yellow, 5 for Pink).
Select your 1st slime: Select your 2nd slime: Select your 3rd slime: You have Yellow, Green and Red, starting with Yellow
Your Yellow: HP 90 || Enemy's Yellow: HP 90
Battle starts!
--------------------------------------------------
Round 1
Select your action (0 for escape, 1 for skill, 2 for change): Select the skill (0 for back, 1 for Quick, 2 for Volt, 3 for Thunder): Enemy sends Green
Your Yellow uses Thunder! Failure
Your Yellow: HP 90 || Enemy's Green: HP 110
--------------------------------------------------
Round 2
Select your action (0 for escape, 1 for skill, 2 for change): Select the skill (0 for back, 1 for Quick, 2 for Volt, 3 for Thunder): Your Yellow uses Quick! Damage: 15
Enemy's Green uses Leaf! Damage: 20
Your Yellow: HP 70 || Enemy's Green: HP 95
--------------------------------------------------
Round 3
Select your action (0 for escape, 1 for skill, 2 for change): Select your next slime (0 for back, 2 for Green-HP110, 3 for Red-HP100): You send Red
Enemy's Green uses Leaf! Damage: 10
Your Red: HP 90 || Enemy's Green: HP 95
--------------------------------------------------
Round 4
Select your action (0 for escape, 1 for skill, 2 for change): Select your action (0 for escape, 1 for skill, 2 for change): Select your next slime (0 for back, 1 for Yellow-HP70, 2 for Green-HP110): You send Green
Enemy sends Blue
Your Green: HP 110 || Enemy's Blue: HP 100
--------------------------------------------------
Round 5
Select your action (0 for escape, 1 for skill, 2 for change): Select your next slime (0 for back, 1 for Yellow-HP70, 3 for Red-HP90): You send Yellow
Enemy's Blue uses Rainy! Weather becomes rainy
Your Yellow: HP 70 || Enemy's Blue: HP 100
--------------------------------------------------
Round 6
Select your action (0 for escape, 1 for skill, 2 for change): Select your next slime (0 for back, 2 for Green-HP110, 3 for Red-HP90): You send Green
Enemy sends Green
Your Green: HP 110 || Enemy's Green: HP 95
--------------------------------------------------
Round 7
Select your action (0 for escape, 1 for skill, 2 for change): Select the skill (0 for back, 1 for Tackle, 2 for Leaf, 3 for Synthesis): Enemy's Green uses Tackle! Damage: 20
Your Green uses Synthesis! Recovery: 22
Your Green: HP 110 || Enemy's Green: HP 95
--------------------------------------------------
Round 8
Select your action (0 for escape, 1 for skill, 2 for change): Select the skill (0 for back, 1 for Tackle, 2 for Leaf, 3 for Synthesis): Enemy's Green uses Tackle! Damage: 20
Your Green uses Tackle! Damage: 20
Your Green: HP 90 || Enemy's Green: HP 75
--------------------------------------------------
Round 9
Select your action (0 for escape, 1 for skill, 2 for change): Select your next slime (0 for back, 1 for Yellow-HP70, 3 for Red-HP90): You send Yellow
Enemy's Green uses Tackle! Damage: 20
Your Yellow: HP 50 || Enemy's Green: HP 75
--------------------------------------------------
Weather becomes normal
Round 10
Select your action (0 for escape, 1 for skill, 2 for change): Select your next slime (0 for back, 2 for Green-HP90, 3 for Red-HP90): Select your next slime (0 for back, 2 for Green-HP90, 3 for Red-HP90): You send Green
Enemy's Green uses Leaf! Damage: 10
Your Green: HP 80 || Enemy's Green: HP 75
--------------------------------------------------
Round 11
Select your action (0 for escape, 1 for skill, 2 for change): Select the skill (0 for back, 1 for Tackle, 2 for Leaf, 3 for Synthesis): Enemy's Green uses Tackle! Damage: 20
Your Green uses Tackle! Damage: 20
Your Green: HP 60 || Enemy's Green: HP 55
--------------------------------------------------
Round 12
Select your action (0 for escape, 1 for skill, 2 for change): Select your action (0 for escape, 1 for skill, 2 for change): Select your next slime (0 for back, 1 for Yellow-HP50, 3 for Red-HP90): Select your next slime (0 for back, 1 for Yellow-HP50, 3 for Red-HP90): Select your next slime (0 for back, 1 for Yellow-HP50, 3 for Red-HP90): You send Red
Enemy's Green uses Tackle! Damage: 20
Your Red: HP 70 || Enemy's Green: HP 55
--------------------------------------------------
Round 13
Select your action (0 for escape, 1 for skill, 2 for change): Select your next slime (0 for back, 1 for Yellow-HP50, 2 for Green-HP60): You send Green
Enemy sends Blue
Your Green: HP 60 || Enemy's Blue: HP 100
--------------------------------------------------
Round 14
Select your action (0 for escape, 1 for skill, 2 for change): Select your action (0 for escape, 1 for skill, 2 for change): Select the skill (0 for back, 1 for Tackle, 2 for Leaf, 3 for Synthesis): Enemy's Blue uses Rainy! Weather becomes rainy
Your Green uses Leaf! Damage: 29
Your Green: HP 60 || Enemy's Blue: HP 71
--------------------------------------------------
Round 15
Select your action (0 for escape, 1 for skill, 2 for change): Select your action (0 for escape, 1 for skill, 2 for change): Select the skill (0 for back, 1 for Tackle, 2 for Leaf, 3 for Synthesis): Enemy sends Green
Your Green uses Leaf! Damage: 10
Your Green: HP 60 || Enemy's Green: HP 45
--------------------------------------------------
Round 16
Select your action (0 for escape, 1 for skill, 2 for change): Select your next slime (0 for back, 1 for Yellow-HP50, 3 for Red-HP70): You send Yellow
Enemy's Green uses Synthesis! Recovery: 22
Your Yellow: HP 50 || Enemy's Green: HP 67
--------------------------------------------------
Round 17
Select your action (0 for escape, 1 for skill, 2 for change): Select your next slime (0 for back, 2 for Green-HP60, 3 for Red-HP70): You send Red
Enemy's Green uses Leaf! Damage: 10
Your Red: HP 60 || Enemy's Green: HP 67
--------------------------------------------------
Round 18
Select your action (0 for escape, 1 for skill, 2 for change): Select the skill (0 for back, 1 for Claw, 2 for Flame, 3 for Sunny): Enemy sends Blue
Your Red uses Flame! Damage: 4
Your Red: HP 60 || Enemy's Blue: HP 67
--------------------------------------------------
Weather becomes normal
Round 19
Select your action (0 for escape, 1 for skill, 2 for change): Select your action (0 for escape, 1 for skill, 2 for change): Select your next slime (0 for back, 1 for Yellow-HP50, 2 for Green-HP60): You send Green
Enemy's Blue uses Rainy! Weather becomes rainy
Your Green: HP 60 || Enemy's Blue: HP 67
--------------------------------------------------
Round 20
Select your action (0 for escape, 1 for skill, 2 for change): Select your next slime (0 for back, 1 for Yellow-HP50, 3 for Red-HP60): You send Yellow
Enemy sends Green
Your Yellow: HP 50 || Enemy's Green: HP 67
--------------------------------------------------
Round 21
Select your action (0 for escape, 1 for skill, 2 for change): Select the skill (0 for back, 1 for Quick, 2 for Volt, 3 for Thunder): Your Yellow uses Thunder! Damage: 25
Enemy's Green uses Leaf! Damage: 20
Your Yellow: HP 30 || Enemy's Green: HP 42
--------------------------------------------------
Round 22
Select your action (0 for escape, 1 for skill, 2 for change): Select your action (0 for escape, 1 for skill, 2 for change): Select your action (0 for escape, 1 for skill, 2 for change): Select your next slime (0 for back, 2 for Green-HP60, 3 for Red-HP60): You send Red
Enemy's Green uses Synthesis! Recovery: 22
Your Red: HP 60 || Enemy's Green: HP 64
--------------------------------------------------
Round 23
Select your action (0 for escape, 1 for skill, 2 for change): Select your action (0 for escape, 1 for skill, 2 for change): Select the skill (0 for back, 1 for Claw, 2 for Flame, 3 for Sunny): Enemy sends Blue
Your Red uses Sunny! Weather becomes sunny
Your Red: HP 60 || Enemy's Blue: HP 67
--------------------------------------------------
Round 24
Select your action (0 for escape, 1 for skill, 2 for change): Select your action (0 for escape, 1 for skill, 2 for change): Select your next slime (0 for back, 1 for Yellow-HP30, 2 for Green-HP60): You send Yellow
Enemy's Blue uses Rainy! Weather becomes rainy
Your Yellow: HP 30 || Enemy's Blue: HP 67
--------------------------------------------------
Round 25
Select your action (0 for escape, 1 for skill, 2 for change): Select the skill (0 for back, 1 for Quick, 2 for Volt, 3 for Thunder): Enemy sends Green
Your Yellow uses Thunder! Damage: 25
Your Yellow: HP 30 || Enemy's Green: HP 39
--------------------------------------------------
Round 26
Select your action (0 for escape, 1 for skill, 2 for change): Select your next slime (0 for back, 2 for Green-HP60, 3 for Red-HP60): Select your next slime (0 for back, 2 for Green-HP60, 3 for Red-HP60): You send Green
Enemy's Green uses Synthesis! Recovery: 22
Your Green: HP 60 || Enemy's Green: HP 61
--------------------------------------------------
Round 27
Select your action (0 for escape, 1 for skill, 2 for change): Select your next slime (0 for back, 1 for Yellow-HP30, 3 for Red-HP60): You send Red
Enemy's Green uses Tackle! Damage: 20
Your Red: HP 40 || Enemy's Green: HP 61
--------------------------------------------------
Round 28
Select your action (0 for escape, 1 for skill, 2 for change): Select your next slime (0 for back, 1 for Yellow-HP30, 2 for Green-HP60): Select your next slime (0 for back, 1 for Yellow-HP30, 2 for Green-HP60): Select your next slime (0 for back, 1 for Yellow-HP30, 2 for Green-HP60): Select your next slime (0 for back, 1 for Yellow-HP30, 2 for Green-HP60): You send Yellow
Enemy sends Blue
Your Yellow: HP 30 || Enemy's Blue: HP 67
--------------------------------------------------
Weather becomes normal
Round 29
Select your action (0 for escape, 1 for skill, 2 for change): Select your next slime (0 for back, 2 for Green-HP60, 3 for Red-HP40): You send Red
Enemy sends Green
Your Red: HP 40 || Enemy's Green: HP 61
--------------------------------------------------
Round 30
Select your action (0 for escape, 1 for skill, 2 for change): Select your next slime (0 for back, 1 for Yellow-HP30, 2 for Green-HP60): You send Yellow
Enemy sends Blue
Your Yellow: HP 30 || Enemy's Blue: HP 67
--------------------------------------------------
Round 31
Select your action (0 for escape, 1 for skill, 2 for change): Select the skill (0 for back, 1 for Quick, 2 for Volt, 3 for Thunder): Enemy sends Green
Your Yellow uses Thunder! Failure
Your Yellow: HP 30 || Enemy's Green: HP 61
--------------------------------------------------
Round 32
Select your action (0 for escape, 1 for skill, 2 for change): Select your action (0 for escape, 1 for skill, 2 for change): Select your action (0 for escape, 1 for skill, 2 for change): Select your next slime (0 for back, 2 for Green-HP60, 3 for Red-HP40): Select your next slime (0 for back, 2 for Green-HP60, 3 for Red-HP40): You send Red
Enemy's Green uses Leaf! Damage: 10
Your Red: HP 30 || Enemy's Green: HP 61
--------------------------------------------------
Round 33
Select your action (0 for escape, 1 for skill, 2 for change): Select your next slime (0 for back, 1 for Yellow-HP30, 2 for Green-HP60): You send Yellow
Enemy sends Blue
Your Yellow: HP 30 || Enemy's Blue: HP 67
--------------------------------------------------
Round 34
Select your action (0 for escape, 1 for skill, 2 for change): Select the skill (0 for back, 1 for Quick, 2 for Volt, 3 for Thunder): Enemy sends Green
Your Yellow uses Quick! Damage: 15
Your Yellow: HP 30 || Enemy's Green: HP 46
--------------------------------------------------
Round 35
Select your action (0 for escape, 1 for skill, 2 for change): Select your next slime (0 for back, 2 for Green-HP60, 3 for Red-HP30): You send Green
Enemy's Green uses Synthesis! Recovery: 33
Your Green: HP 60 || Enemy's Green: HP 79
--------------------------------------------------
Round 36
Select your action (0 for escape, 1 for skill, 2 for change): Select your next slime (0 for back, 1 for Yellow-HP30, 3 for Red-HP30): You send Red
Enemy's Green uses Tackle! Damage: 20
Your Red: HP 10 || Enemy's Green: HP 79
--------------------------------------------------
Round 37
Select your action (0 for escape, 1 for skill, 2 for change): Select your next slime (0 for back, 1 for Yellow-HP30, 2 for Green-HP60): You send Yellow
Enemy sends Blue
Your Yellow: HP 30 || Enemy's Blue: HP 67
--------------------------------------------------
Round 38
Select your action (0 for escape, 1 for skill, 2 for change): Select your action (0 for escape, 1 for skill, 2 for change): Select your action (0 for escape, 1 for skill, 2 for change): Select your action (0 for escape, 1 for skill, 2 for change): Select your action (0 for escape, 1 for skill, 2 for change): Select your action (0 for escape, 1 for skill, 2 for change): Select the skill (0 for back, 1 for Quick, 2 for Volt, 3 for Thunder): Enemy sends Green
Your Yellow uses Thunder! Failure
Your Yellow: HP 30 || Enemy's Green: HP 79
--------------------------------------------------
Round 39
Select your action (0 for escape, 1 for skill, 2 for change): Select your action (0 for escape, 1 for skill, 2 for change): Select your action (0 for escape, 1 for skill, 2 for change): Select your next slime (0 for back, 2 for Green-HP60, 3 for Red-HP10): You send Red
Enemy's Green uses Leaf! Damage: 10
Your Red is beaten
Select your next slime (1 for Yellow-HP30, 2 for Green-HP60): Select your next slime (1 for Yellow-HP30, 2 for Green-HP60): You send Green
Your Green: HP 60 || Enemy's Green: HP 79
--------------------------------------------------
Round 40
Select your action (0 for escape, 1 for skill, 2 for change): Select the skill (0 for back, 1 for Tackle, 2 for Leaf, 3 for Synthesis): Enemy's Green uses Tackle! Damage: 20
Your Green uses Leaf! Damage: 10
Your Green: HP 40 || Enemy's Green: HP 69
--------------------------------------------------
Round 41
Select your action (0 for escape, 1 for skill, 2 for change): Select your next slime (0 for back, 1 for Yellow-HP30): You send Yellow
Enemy's Green uses Tackle! Damage: 20
Your Yellow: HP 10 || Enemy's Green: HP 69
--------------------------------------------------
Round 42
Select your action (0 for escape, 1 for skill, 2 for change): Select your action (0 for escape, 1 for skill, 2 for change): Select your next slime (0 for back, 2 for Green-HP40): You send Green
Enemy's Green uses Leaf! Damage: 10
Your Green: HP 30 || Enemy's Green: HP 69
--------------------------------------------------
Round 43
Select your action (0 for escape, 1 for skill, 2 for change): Select your next slime (0 for back, 1 for Yellow-HP10): You send Yellow
Enemy's Green uses Tackle! Damage: 20
Your Yellow is beaten
Select your next slime (2 for Green-HP30): You send Green
Your Green: HP 30 || Enemy's Green: HP 69
--------------------------------------------------
Round 44
Select your action (0 for escape, 1 for skill): Select your action (0 for escape, 1 for skill): Select your action (0 for escape, 1 for skill): Select the skill (0 for back, 1 for Tackle, 2 for Leaf, 3 for Synthesis): Enemy's Green uses Tackle! Damage: 20
Your Green uses Leaf! Damage: 10
Your Green: HP 10 || Enemy's Green: HP 59
--------------------------------------------------
Round 45
Select your action (0 for escape, 1 for skill): Select your action (0 for escape, 1 for skill): Select your action (0 for escape, 1 for skill): Select your action (0 for escape, 1 for skill): Select the skill (0 for back, 1 for Tackle, 2 for Leaf, 3 for Synthesis): Enemy's Green uses Tackle! Damage: 20
Your Green is beaten
You Lose
