Welcome to Battle of Slimes 2!
Enemy has Green, Blue and Yellow, starting with Blue.
You can select three from five (1 for Green, 2 for Red, 3 for Blue, 4 for Yellow, 5 for Pink).
Select your 1st slime: Select your 2nd slime: Select your 3rd slime: You have Red, Yellow and Green, starting with Red
Your Red: HP 100 || Enemy's Blue: HP 100
Battle starts!
--------------------------------------------------
Round 1
Select your action (0 for escape, 1 for skill, 2 for change): Select your next slime (0 for back, 2 for Yellow-HP90, 3 for Green-HP110): You send Yellow
Enemy's Blue uses Rainy! Weather becomes rainy
Your Yellow: HP 90 || Enemy's Blue: HP 100
--------------------------------------------------
Round 2
Select your action (0 for escape, 1 for skill, 2 for change): Select the skill (0 for back, 1 for Quick, 2 for Volt, 3 for Thunder): Enemy sends Green
Your Yellow uses Volt! Damage: 13
Your Yellow: HP 90 || Enemy's Green: HP 97
--------------------------------------------------
Round 3
Select your action (0 for escape, 1 for skill, 2 for change): Select the skill (0 for back, 1 for Quick, 2 for Volt, 3 for Thunder): Your Yellow uses Quick! Damage: 15
Enemy's Green uses Leaf! Damage: 20
Your Yellow: HP 70 || Enemy's Green: HP 82
--------------------------------------------------
Round 4
Select your action (0 for escape, 1 for skill, 2 for change): Select your next slime (0 for back, 1 for Red-HP100, 3 for Green-HP110): You send Green
Enemy's Green uses Leaf! Damage: 10
Your Green: HP 100 || Enemy's Green: HP 82
--------------------------------------------------
Round 5
Select your action (0 for escape, 1 for skill, 2 for change): Select your action (0 for escape, 1 for skill, 2 for change): Select your next slime (0 for back, 1 for Red-HP100, 2 for Yellow-HP70): Select your next slime (0 for back, 1 for Red-HP100, 2 for Yellow-HP70): You send Yellow
Enemy's Green uses Tackle! Damage: 20
Your Yellow: HP 50 || Enemy's Green: HP 82
--------------------------------------------------
Weather becomes normal
Round 6
Select your action (0 for escape, 1 for skill, 2 for change): Select your action (0 for escape, 1 for skill, 2 for change): Select the skill (0 for back, 1 for Quick, 2 for Volt, 3 for Thunder): Your Yellow uses Quick! Damage: 15
Enemy's Green uses Leaf! Damage: 20
Your Yellow: HP 30 || Enemy's Green: HP 67
--------------------------------------------------
Round 7
Select your action (0 for escape, 1 for skill, 2 for change): Select your action (0 for escape, 1 for skill, 2 for change): Select the skill (0 for back, 1 for Quick, 2 for Volt, 3 for Thunder): Your Yellow uses Volt! Damage: 13
Enemy's Green uses Leaf! Damage: 20
Your Yellow: HP 10 || Enemy's Green: HP 54
--------------------------------------------------
Round 8
Select your action (0 for escape, 1 for skill, 2 for change): Select your next slime (0 for back, 1 for Red-HP100, 3 for Green-HP100): Select your next slime (0 for back, 1 for Red-HP100, 3 for Green-HP100): You send Red
Enemy's Green uses Leaf! Damage: 10
Your Red: HP 90 || Enemy's Green: HP 54
--------------------------------------------------
Round 9
Select your action (0 for escape, 1 for skill, 2 for change): Select your next slime (0 for back, 2 for Yellow-HP10, 3 for Green-HP100): You send Yellow
Enemy sends Blue
Your Yellow: HP 10 || Enemy's Blue: HP 100
--------------------------------------------------
Round 10
Select your action (0 for escape, 1 for skill, 2 for change): Select your action (0 for escape, 1 for skill, 2 for change): Select your action (0 for escape, 1 for skill, 2 for change): Select the skill (0 for back, 1 for Quick, 2 for Volt, 3 for Thunder): Enemy sends Green
Your Yellow uses Volt! Damage: 13
Your Yellow: HP 10 || Enemy's Green: HP 41
--------------------------------------------------
Round 11
Select your action (0 for escape, 1 for skill, 2 for change): Select the skill (0 for back, 1 for Quick, 2 for Volt, 3 for Thunder): Your Yellow uses Volt! Damage: 13
Enemy's Green uses Leaf! Damage: 20
Your Yellow is beaten
Select your next slime (1 for Red-HP90, 3 for Green-HP100): Select your next slime (1 for Red-HP90, 3 for Green-HP100): Select your next slime (1 for Red-HP90, 3 for Green-HP100): Select your next slime (1 for Red-HP90, 3 for Green-HP100): You send Green
Your Green: HP 100 || Enemy's Green: HP 28
--------------------------------------------------
Round 12
Select your action (0 for escape, 1 for skill, 2 for change): Select your next slime (0 for back, 1 for Red-HP90): You send Red
Enemy's Green uses Synthesis! Recovery: 33
Your Red: HP 90 || Enemy's Green: HP 61
--------------------------------------------------
Round 13
Select your action (0 for escape, 1 for skill, 2 for change): Select your next slime (0 for back, 3 for Green-HP100): Select your next slime (0 for back, 3 for Green-HP100): Select your next slime (0 for back, 3 for Green-HP100): Select your next slime (0 for back, 3 for Green-HP100): Select your next slime (0 for back, 3 for Green-HP100): You send Green
Enemy sends Blue
Your Green: HP 100 || Enemy's Blue: HP 100
--------------------------------------------------
Round 14
Select your action (0 for escape, 1 for skill, 2 for change): Select your action (0 for escape, 1 for skill, 2 for change): Select your action (0 for escape, 1 for skill, 2 for change): Select your next slime (0 for back, 1 for Red-HP90): Select your next slime (0 for back, 1 for Red-HP90): You send Red
Enemy's Blue uses Rainy! Weather becomes rainy
Your Red: HP 90 || Enemy's Blue: HP 100
--------------------------------------------------
Round 15
Select your action (0 for escape, 1 for skill, 2 for change): Select your action (0 for escape, 1 for skill, 2 for change): Select your action (0 for escape, 1 for skill, 2 for change): Select the skill (0 for back, 1 for Claw, 2 for Flame, 3 for Sunny): Your Red uses Sunny! Weather becomes sunny
Enemy's Blue uses Stream! Damage: 20
Your Red: HP 70 || Enemy's Blue: HP 100
--------------------------------------------------
Round 16
Select your action (0 for escape, 1 for skill, 2 for change): Select your next slime (0 for back, 3 for Green-HP100): Select your next slime (0 for back, 3 for Green-HP100): Select your next slime (0 for back, 3 for Green-HP100): You send Green
Enemy's Blue uses Rainy! Weather becomes rainy
Your Green: HP 100 || Enemy's Blue: HP 100
--------------------------------------------------
Round 17
Select your action (0 for escape, 1 for skill, 2 for change): Select the skill (0 for back, 1 for Tackle, 2 for Leaf, 3 for Synthesis): Enemy sends Green
Your Green uses Tackle! Damage: 20
Your Green: HP 100 || Enemy's Green: HP 41
--------------------------------------------------
Round 18
Select your action (0 for escape, 1 for skill, 2 for change): Select your action (0 for escape, 1 for skill, 2 for change): Select the skill (0 for back, 1 for Tackle, 2 for Leaf, 3 for Synthesis): Enemy's Green uses Synthesis! Recovery: 22
Your Green uses Synthesis! Recovery: 22
Your Green: HP 110 || Enemy's Green: HP 63
--------------------------------------------------
Round 19
Select your action (0 for escape, 1 for skill, 2 for change): Select your action (0 for escape, 1 for skill, 2 for change): Select your next slime (0 for back, 1 for Red-HP70): Select your next slime (0 for back, 1 for Red-HP70): Select your next slime (0 for back, 1 for Red-HP70): You send Red
Enemy's Green uses Tackle! Damage: 20
Your Red: HP 50 || Enemy's Green: HP 63
--------------------------------------------------
Round 20
Select your action (0 for escape, 1 for skill, 2 for change): Select the skill (0 for back, 1 for Claw, 2 for Flame, 3 for Sunny): Enemy sends Blue
Your Red uses Flame! Damage: 4
Your Red: HP 50 || Enemy's Blue: HP 96
--------------------------------------------------
Weather becomes normal
Round 21
Select your action (0 for escape, 1 for skill, 2 for change): Select your next slime (0 for back, 3 for Green-HP110): You send Green
Enemy's Blue uses Rainy! Weather becomes rainy
Your Green: HP 110 || Enemy's Blue: HP 96
--------------------------------------------------
Round 22
Select your action (0 for escape, 1 for skill, 2 for change): Select your action (0 for escape, 1 for skill, 2 for change): Select the skill (0 for back, 1 for Tackle, 2 for Leaf, 3 for Synthesis): Enemy sends Green
Your Green uses Tackle! Damage: 20
Your Green: HP 110 || Enemy's Green: HP 43
--------------------------------------------------
Round 23
Select your action (0 for escape, 1 for skill, 2 for change): Select the skill (0 for back, 1 for Tackle, 2 for Leaf, 3 for Synthesis): Enemy's Green uses Synthesis! Recovery: 22
Your Green uses Leaf! Damage: 10
Your Green: HP 110 || Enemy's Green: HP 55
--------------------------------------------------
Round 24
Select your action (0 for escape, 1 for skill, 2 for change): Select the skill (0 for back, 1 for Tackle, 2 for Leaf, 3 for Synthesis): Enemy's Green uses Tackle! Damage: 20
Your Green uses Leaf! Damage: 10
Your Green: HP 90 || Enemy's Green: HP 45
--------------------------------------------------
Round 25
Select your action (0 for escape, 1 for skill, 2 for change): Select your action (0 for escape, 1 for skill, 2 for change): Select your action (0 for escape, 1 for skill, 2 for change): Select your action (0 for escape, 1 for skill, 2 for change): Select the skill (0 for back, 1 for Tackle, 2 for Leaf, 3 for Synthesis): Enemy's Green uses Synthesis! Recovery: 22
Your Green uses Synthesis! Recovery: 22
Your Green: HP 110 || Enemy's Green: HP 67
--------------------------------------------------
Weather becomes normal
Round 26
Select your action (0 for escape, 1 for skill, 2 for change): Select your action (0 for escape, 1 for skill, 2 for change): Select your next slime (0 for back, 1 for Red-HP50): You send Red
Enemy's Green uses Tackle! Damage: 20
Your Red: HP 30 || Enemy's Green: HP 67
--------------------------------------------------
Round 27
Select your action (0 for escape, 1 for skill, 2 for change): Select the skill (0 for back, 1 for Claw, 2 for Flame, 3 for Sunny): Enemy sends Blue
Your Red uses Claw! Damage: 13
Your Red: HP 30 || Enemy's Blue: HP 83
--------------------------------------------------
Round 28
Select your action (0 for escape, 1 for skill, 2 for change): Select the skill (0 for back, 1 for Claw, 2 for Flame, 3 for Sunny): Enemy's Blue uses Rainy! Weather becomes rainy
Your Red uses Claw! Damage: 13
Your Red: HP 30 || Enemy's Blue: HP 70
--------------------------------------------------
Round 29
Select your action (0 for escape, 1 for skill, 2 for change): Select your next slime (0 for back, 3 for Green-HP110): Select your next slime (0 for back, 3 for Green-HP110): Select your next slime (0 for back, 3 for Green-HP110): You send Green
Enemy's Blue uses Stream! Damage: 15
Your Green: HP 95 || Enemy's Blue: HP 70
--------------------------------------------------
Round 30
Select your action (0 for escape, 1 for skill, 2 for change): Select your action (0 for escape, 1 for skill, 2 for change): Select the skill (0 for back, 1 for Tackle, 2 for Leaf, 3 for Synthesis): Enemy sends Green
Your Green uses Leaf! Damage: 10
Your Green: HP 95 || Enemy's Green: HP 57
--------------------------------------------------
Round 31
Select your action (0 for escape, 1 for skill, 2 for change): Select the skill (0 for back, 1 for Tackle, 2 for Leaf, 3 for Synthesis): Enemy's Green uses Tackle! Damage: 20
Your Green uses Synthesis! Recovery: 22
Your Green: HP 97 || Enemy's Green: HP 57
--------------------------------------------------
Round 32
Select your action (0 for escape, 1 for skill, 2 for change): Select your action (0 for escape, 1 for skill, 2 for change): Select your next slime (0 for back, 1 for Red-HP30): You send Red
Enemy's Green uses Tackle! Damage: 20
Your Red: HP 10 || Enemy's Green: HP 57
--------------------------------------------------
Weather becomes normal
Round 33
Select your action (0 for escape, 1 for skill, 2 for change): Select your next slime (0 for back, 3 for Green-HP97): Select your next slime (0 for back, 3 for Green-HP97): You send Green
Enemy sends Blue
Your Green: HP 97 || Enemy's Blue: HP 70
--------------------------------------------------
Round 34
Select your action (0 for escape, 1 for skill, 2 for change): Select your next slime (0 for back, 1 for Red-HP10): Select your next slime (0 for back, 1 for Red-HP10): Select your next slime (0 for back, 1 for Red-HP10): You send Red
Enemy's Blue uses Rainy! Weather becomes rainy
Your Red: HP 10 || Enemy's Blue: HP 70
--------------------------------------------------
Round 35
Select your action (0 for escape, 1 for skill, 2 for change): Select your action (0 for escape, 1 for skill, 2 for change): Select your action (0 for escape, 1 for skill, 2 for change): Select your action (0 for escape, 1 for skill, 2 for change): Select your next slime (0 for back, 3 for Green-HP97): Select your next slime (0 for back, 3 for Green-HP97): Select your next slime (0 for back, 3 for Green-HP97): You send Green
Enemy's Blue uses Stream! Damage: 15
Your Green: HP 82 || Enemy's Blue: HP 70
--------------------------------------------------
Round 36
Select your action (0 for escape, 1 for skill, 2 for change): Select your action (0 for escape, 1 for skill, 2 for change): Select your next slime (0 for back, 1 for Red-HP10): Select your next slime (0 for back, 1 for Red-HP10): Select your next slime (0 for back, 1 for Red-HP10): You send Red
Enemy sends Green
Your Red: HP 10 || Enemy's Green: HP 57
--------------------------------------------------
Round 37
Select your action (0 for escape, 1 for skill, 2 for change): Select your action (0 for escape, 1 for skill, 2 for change): Select the skill (0 for back, 1 for Claw, 2 for Flame, 3 for Sunny): Enemy sends Blue
Your Red uses Claw! Damage: 13
Your Red: HP 10 || Enemy's Blue: HP 57
--------------------------------------------------
Round 38
Select your action (0 for escape, 1 for skill, 2 for change): Select your next slime (0 for back, 3 for Green-HP82): You send Green
Enemy's Blue uses Stream! Damage: 15
Your Green: HP 67 || Enemy's Blue: HP 57
--------------------------------------------------
Weather becomes normal
Round 39
Select your action (0 for escape, 1 for skill, 2 for change): Select your action (0 for escape, 1 for skill, 2 for change): Select your next slime (0 for back, 1 for Red-HP10): You send Red
Enemy's Blue uses Rainy! Weather becomes rainy
Your Red: HP 10 || Enemy's Blue: HP 57
--------------------------------------------------
Round 40
Select your action (0 for escape, 1 for skill, 2 for change): Select your action (0 for escape, 1 for skill, 2 for change): Select the skill (0 for back, 1 for Claw, 2 for Flame, 3 for Sunny): Your Red uses Claw! Damage: 13
Enemy's Blue uses Stream! Damage: 60
Your Red is beaten
Select your next slime (3 for Green-HP67): Select your next slime (3 for Green-HP67): Select your next slime (3 for Green-HP67): Select your next slime (3 for Green-HP67): Select your next slime (3 for Green-HP67): Select your next slime (3 for Green-HP67): Select your next slime (3 for Green-HP67): You send Green
Your Green: HP 67 || Enemy's Blue: HP 44
--------------------------------------------------
Round 41
Select your action (0 for escape, 1 for skill): Select the skill (0 for back, 1 for Tackle, 2 for Leaf, 3 for Synthesis): Enemy sends Green
Your Green uses Synthesis! Recovery: 22
Your Green: HP 89 || Enemy's Green: HP 57
--------------------------------------------------
Round 42
Select your action (0 for escape, 1 for skill): Select your action (0 for escape, 1 for skill): Select the skill (0 for back, 1 for Tackle, 2 for Leaf, 3 for Synthesis): Enemy's Green uses Tackle! Damage: 20
Your Green uses Synthesis! Recovery: 22
Your Green: HP 91 || Enemy's Green: HP 57
--------------------------------------------------
Round 43
Select your action (0 for escape, 1 for skill): Select your action (0 for escape, 1 for skill): Select your action (0 for escape, 1 for skill): Select your action (0 for escape, 1 for skill): Select the skill (0 for back, 1 for Tackle, 2 for Leaf, 3 for Synthesis): Enemy's Green uses Tackle! Damage: 20
Your Green uses Tackle! Damage: 20
Your Green: HP 71 || Enemy's Green: HP 37
--------------------------------------------------
Weather becomes normal
Round 44
Select your action (0 for escape, 1 for skill): Select your action (0 for escape, 1 for skill): Select your action (0 for escape, 1 for skill): Select your action (0 for escape, 1 for skill): Select your action (0 for escape, 1 for skill): Select your action (0 for escape, 1 for skill): Select your action (0 for escape, 1 for skill): Select your action (0 for escape, 1 for skill): Select the skill (0 for back, 1 for Tackle, 2 for Leaf, 3 for Synthesis): Enemy's Green uses Synthesis! Recovery: 33
Your Green uses Synthesis! Recovery: 33
Your Green: HP 104 || Enemy's Green: HP 70
--------------------------------------------------
Round 45
Select your action (0 for escape, 1 for skill): Select the skill (0 for back, 1 for Tackle, 2 for Leaf, 3 for Synthesis): Enemy's Green uses Tackle! Damage: 20
Your Green uses Tackle! Damage: 20
Your Green: HP 84 || Enemy's Green: HP 50
--------------------------------------------------
Round 46
Select your action (0 for escape, 1 for skill): Select the skill (0 for back, 1 for Tackle, 2 for Leaf, 3 for Synthesis): Enemy's Green uses Synthesis! Recovery: 33
Your Green uses Leaf! Damage: 10
Your Green: HP 84 || Enemy's Green: HP 73
--------------------------------------------------
Round 47
Select your action (0 for escape, 1 for skill): Select the skill (0 for back, 1 for Tackle, 2 for Leaf, 3 for Synthesis): Enemy's Green uses Tackle! Damage: 20
Your Green uses Leaf! Damage: 10
Your Green: HP 64 || Enemy's Green: HP 63
--------------------------------------------------
Round 48
Select your action (0 for escape, 1 for skill): Select the skill (0 for back, 1 for Tackle, 2 for Leaf, 3 for Synthesis): Enemy's Green uses Tackle! Damage: 20
Your Green uses Synthesis! Recovery: 33
Your Green: HP 77 || Enemy's Green: HP 63
--------------------------------------------------
Round 49
Select your action (0 for escape, 1 for skill): Select your action (0 for escape, 1 for skill): Select your action (0 for escape, 1 for skill): Select your action (0 for escape, 1 for skill): Select your action (0 for escape, 1 for skill): Select the skill (0 for back, 1 for Tackle, 2 for Leaf, 3 for Synthesis): Enemy's Green uses Tackle! Damage: 20
Your Green uses Synthesis! Recovery: 33
Your Green: HP 90 || Enemy's Green: HP 63
--------------------------------------------------
Round 50
Select your action (0 for escape, 1 for skill): Select the skill (0 for back, 1 for Tackle, 2 for Leaf, 3 for Synthesis): Enemy's Green uses Tackle! Damage: 20
Your Green uses Leaf! Damage: 10
Your Green: HP 70 || Enemy's Green: HP 53
--------------------------------------------------
Round 51
Select your action (0 for escape, 1 for skill): Select the skill (0 for back, 1 for Tackle, 2 for Leaf, 3 for Synthesis): Enemy's Green uses Synthesis! Recovery: 33
Your Green uses Tackle! Damage: 20
Your Green: HP 70 || Enemy's Green: HP 66
--------------------------------------------------
Round 52
Select your action (0 for escape, 1 for skill): Select the skill (0 for back, 1 for Tackle, 2 for Leaf, 3 for Synthesis): Enemy's Green uses Tackle! Damage: 20
Your Green uses Tackle! Damage: 20
Your Green: HP 50 || Enemy's Green: HP 46
--------------------------------------------------
Round 53
Select your action (0 for escape, 1 for skill): Select your action (0 for escape, 1 for skill): Select your action (0 for escape, 1 for skill): Select your action (0 for escape, 1 for skill): Select your action (0 for escape, 1 for skill): Select your action (0 for escape, 1 for skill): Select the skill (0 for back, 1 for Tackle, 2 for Leaf, 3 for Synthesis): Enemy's Green uses Synthesis! Recovery: 33
Your Green uses Leaf! Damage: 10
Your Green: HP 50 || Enemy's Green: HP 69
--------------------------------------------------
Round 54
Select your action (0 for escape, 1 for skill): Select your action (0 for escape, 1 for skill): Select your action (0 for escape, 1 for skill): Select the skill (0 for back, 1 for Tackle, 2 for Leaf, 3 for Synthesis): Enemy's Green uses Tackle! Damage: 20
Your Green uses Tackle! Damage: 20
Your Green: HP 30 || Enemy's Green: HP 49
--------------------------------------------------
Round 55
Select your action (0 for escape, 1 for skill): Select your action (0 for escape, 1 for skill): Select your action (0 for escape, 1 for skill): Select your action (0 for escape, 1 for skill): Select your action (0 for escape, 1 for skill): Select the skill (0 for back, 1 for Tackle, 2 for Leaf, 3 for Synthesis): Enemy's Green uses Synthesis! Recovery: 33
Your Green uses Synthesis! Recovery: 33
Your Green: HP 63 || Enemy's Green: HP 82
--------------------------------------------------
Round 56
Select your action (0 for escape, 1 for skill): Select your action (0 for escape, 1 for skill): Select your action (0 for escape, 1 for skill): Select your action (0 for escape, 1 for skill): Select your action (0 for escape, 1 for skill): Select your action (0 for escape, 1 for skill): Select your action (0 for escape, 1 for skill): Select the skill (0 for back, 1 for Tackle, 2 for Leaf, 3 for Synthesis): Enemy's Green uses Tackle! Damage: 20
Your Green uses Leaf! Damage: 10
Your Green: HP 43 || Enemy's Green: HP 72
--------------------------------------------------
Round 57
Select your action (0 for escape, 1 for skill): Select your action (0 for escape, 1 for skill): Select your action (0 for escape, 1 for skill): Select the skill (0 for back, 1 for Tackle, 2 for Leaf, 3 for Synthesis): Enemy's Green uses Tackle! Damage: 20
Your Green uses Tackle! Damage: 20
Your Green: HP 23 || Enemy's Green: HP 52
--------------------------------------------------
Round 58
Select your action (0 for escape, 1 for skill): Select your action (0 for escape, 1 for skill): Select your action (0 for escape, 1 for skill): Select your action (0 for escape, 1 for skill): Select your action (0 for escape, 1 for skill): Select the skill (0 for back, 1 for Tackle, 2 for Leaf, 3 for Synthesis): Enemy's Green uses Synthesis! Recovery: 33
Your Green uses Leaf! Damage: 10
Your Green: HP 23 || Enemy's Green: HP 75
--------------------------------------------------
Round 59
Select your action (0 for escape, 1 for skill): Select your action (0 for escape, 1 for skill): Select your action (0 for escape, 1 for skill): Select your action (0 for escape, 1 for skill): Select your action (0 for escape, 1 for skill): Select your action (0 for escape, 1 for skill): Select your action (0 for escape, 1 for skill): Select your action (0 for escape, 1 for skill): Select your action (0 for escape, 1 for skill): Select your action (0 for escape, 1 for skill): Select the skill (0 for back, 1 for Tackle, 2 for Leaf, 3 for Synthesis): Enemy's Green uses Tackle! Damage: 20
Your Green uses Leaf! Damage: 10
Your Green: HP 3 || Enemy's Green: HP 65
--------------------------------------------------
Round 60
Select your action (0 for escape, 1 for skill): Select your action (0 for escape, 1 for skill): Select your action (0 for escape, 1 for skill): Select your action (0 for escape, 1 for skill): Select your action (0 for escape, 1 for skill): Select your action (0 for escape, 1 for skill): Select the skill (0 for back, 1 for Tackle, 2 for Leaf, 3 for Synthesis): Enemy's Green uses Tackle! Damage: 20
Your Green is beaten
You Lose
