Welcome to Battle of Slimes 2!
Enemy has Green, Blue and Yellow, starting with Blue.
You can select three from five (1 for Green, 2 for Red, 3 for Blue, 4 for Yellow, 5 for Pink).
Select your 1st slime: Select your 2nd slime: Select your 3rd slime: You have Red, Pink and Green, starting with Red
Your Red: HP 100 || Enemy's Blue: HP 100
Battle starts!
--------------------------------------------------
Round 1
Select your action (0 for escape, 1 for skill, 2 for change): Select your next slime (0 for back, 2 for Pink-HP120, 3 for Green-HP110): You send Pink
Enemy's Blue uses Rainy! Weather becomes rainy
Your Pink: HP 120 || Enemy's Blue: HP 100
--------------------------------------------------
Round 2
Select your action (0 for escape, 1 for skill, 2 for change): Select your next slime (0 for back, 1 for Red-HP100, 3 for Green-HP110): You send Green
Enemy's Blue uses Stream! Damage: 15
Your Green: HP 95 || Enemy's Blue: HP 100
--------------------------------------------------
Round 3
Select your action (0 for escape, 1 for skill, 2 for change): Select your next slime (0 for back, 1 for Red-HP100, 2 for Pink-HP120): You send Red
Enemy sends Green
Your Red: HP 100 || Enemy's Green: HP 110
--------------------------------------------------
Round 4
Select your action (0 for escape, 1 for skill, 2 for change): Select your next slime (0 for back, 2 for Pink-HP120, 3 for Green-HP95): Select your next slime (0 for back, 2 for Pink-HP120, 3 for Green-HP95): Select your next slime (0 for back, 2 for Pink-HP120, 3 for Green-HP95): Select your next slime (0 for back, 2 for Pink-HP120, 3 for Green-HP95): You send Pink
Enemy sends Blue
Your Pink: HP 120 || Enemy's Blue: HP 100
--------------------------------------------------
Round 5
Select your action (0 for escape, 1 for skill, 2 for change): Select your action (0 for escape, 1 for skill, 2 for change): Select your next slime (0 for back, 1 for Red-HP100, 3 for Green-HP95): You send Red
Enemy's Blue uses Stream! Damage: 60
Your Red: HP 40 || Enemy's Blue: HP 100
--------------------------------------------------
Weather becomes normal
Round 6
Select your action (0 for escape, 1 for skill, 2 for change): Select your next slime (0 for back, 2 for Pink-HP120, 3 for Green-HP95): You send Green
Enemy's Blue uses Rainy! Weather becomes rainy
Your Green: HP 95 || Enemy's Blue: HP 100
--------------------------------------------------
Round 7
Select your action (0 for escape, 1 for skill, 2 for change): Select your action (0 for escape, 1 for skill, 2 for change): Select your action (0 for escape, 1 for skill, 2 for change): Select the skill (0 for back, 1 for Tackle, 2 for Leaf, 3 for Synthesis): Enemy sends Green
Your Green uses Tackle! Damage: 20
Your Green: HP 95 || Enemy's Green: HP 90
--------------------------------------------------
Round 8
Select your action (0 for escape, 1 for skill, 2 for change): Select your action (0 for escape, 1 for skill, 2 for change): Select the skill (0 for back, 1 for Tackle, 2 for Leaf, 3 for Synthesis): Enemy's Green uses Tackle! Damage: 20
Your Green uses Tackle! Damage: 20
Your Green: HP 75 || Enemy's Green: HP 70
--------------------------------------------------
Round 9
Select your action (0 for escape, 1 for skill, 2 for change): Select your action (0 for escape, 1 for skill, 2 for change): Select your action (0 for escape, 1 for skill, 2 for change): Select the skill (0 for back, 1 for Tackle, 2 for Leaf, 3 for Synthesis): Enemy's Green uses Tackle! Damage: 20
Your Green uses Tackle! Damage: 20
Your Green: HP 55 || Enemy's Green: HP 50
--------------------------------------------------
Round 10
Select your action (0 for escape, 1 for skill, 2 for change): Select your next slime (0 for back, 1 for Red-HP40, 2 for Pink-HP120): You send Pink
Enemy's Green uses Synthesis! Recovery: 22
Your Pink: HP 120 || Enemy's Green: HP 72
--------------------------------------------------
Weather becomes normal
Round 11
Select your action (0 for escape, 1 for skill, 2 for change): Select the skill (0 for back, 1 for Slap, 2 for Sing, 3 for Paint): Enemy's Green uses Leaf! Damage: 25
Your Pink uses Slap! Damage: 14
Your Pink: HP 95 || Enemy's Green: HP 58
--------------------------------------------------
Round 12
Select your action (0 for escape, 1 for skill, 2 for change): Select the skill (0 for back, 1 for Slap, 2 for Sing, 3 for Paint): Enemy's Green uses Leaf! Damage: 25
Your Pink uses Slap! Damage: 14
Your Pink: HP 70 || Enemy's Green: HP 44
--------------------------------------------------
Round 13
Select your action (0 for escape, 1 for skill, 2 for change): Select your next slime (0 for back, 1 for Red-HP40, 3 for Green-HP55): You send Green
Enemy's Green uses Synthesis! Recovery: 33
Your Green: HP 55 || Enemy's Green: HP 77
--------------------------------------------------
Round 14
Select your action (0 for escape, 1 for skill, 2 for change): Select your action (0 for escape, 1 for skill, 2 for change): Select the skill (0 for back, 1 for Tackle, 2 for Leaf, 3 for Synthesis): Enemy's Green uses Tackle! Damage: 20
Your Green uses Tackle! Damage: 20
Your Green: HP 35 || Enemy's Green: HP 57
--------------------------------------------------
Round 15
Select your action (0 for escape, 1 for skill, 2 for change): Select your next slime (0 for back, 1 for Red-HP40, 2 for Pink-HP70): Select your next slime (0 for back, 1 for Red-HP40, 2 for Pink-HP70): You send Red
Enemy's Green uses Tackle! Damage: 20
Your Red: HP 20 || Enemy's Green: HP 57
--------------------------------------------------
Round 16
Select your action (0 for escape, 1 for skill, 2 for change): Select your next slime (0 for back, 2 for Pink-HP70, 3 for Green-HP35): You send Green
Enemy sends Blue
Your Green: HP 35 || Enemy's Blue: HP 100
--------------------------------------------------
Round 17
Select your action (0 for escape, 1 for skill, 2 for change): Select the skill (0 for back, 1 for Tackle, 2 for Leaf, 3 for Synthesis): Enemy's Blue uses Rainy! Weather becomes rainy
Your Green uses Synthesis! Recovery: 22
Your Green: HP 57 || Enemy's Blue: HP 100
--------------------------------------------------
Round 18
Select your action (0 for escape, 1 for skill, 2 for change): Select your next slime (0 for back, 1 for Red-HP20, 2 for Pink-HP70): Select your next slime (0 for back, 1 for Red-HP20, 2 for Pink-HP70): You send Red
Enemy sends Green
Your Red: HP 20 || Enemy's Green: HP 57
--------------------------------------------------
Round 19
Select your action (0 for escape, 1 for skill, 2 for change): Select your next slime (0 for back, 2 for Pink-HP70, 3 for Green-HP57): Select your next slime (0 for back, 2 for Pink-HP70, 3 for Green-HP57): Select your next slime (0 for back, 2 for Pink-HP70, 3 for Green-HP57): You send Green
Enemy sends Blue
Your Green: HP 57 || Enemy's Blue: HP 100
--------------------------------------------------
Round 20
Select your action (0 for escape, 1 for skill, 2 for change): Select your next slime (0 for back, 1 for Red-HP20, 2 for Pink-HP70): You send Red
Enemy sends Green
Your Red: HP 20 || Enemy's Green: HP 57
--------------------------------------------------
Round 21
Select your action (0 for escape, 1 for skill, 2 for change): Select your next slime (0 for back, 2 for Pink-HP70, 3 for Green-HP57): You send Pink
Enemy sends Blue
Your Pink: HP 70 || Enemy's Blue: HP 100
--------------------------------------------------
Weather becomes normal
Round 22
Select your action (0 for escape, 1 for skill, 2 for change): Select your next slime (0 for back, 1 for Red-HP20, 3 for Green-HP57): Select your next slime (0 for back, 1 for Red-HP20, 3 for Green-HP57): Select your next slime (0 for back, 1 for Red-HP20, 3 for Green-HP57): Select your next slime (0 for back, 1 for Red-HP20, 3 for Green-HP57): You send Green
Enemy's Blue uses Rainy! Weather becomes rainy
Your Green: HP 57 || Enemy's Blue: HP 100
--------------------------------------------------
Round 23
Select your action (0 for escape, 1 for skill, 2 for change): Select the skill (0 for back, 1 for Tackle, 2 for Leaf, 3 for Synthesis): Enemy sends Green
Your Green uses Synthesis! Recovery: 22
Your Green: HP 79 || Enemy's Green: HP 57
--------------------------------------------------
Round 24
Select your action (0 for escape, 1 for skill, 2 for change): Select your action (0 for escape, 1 for skill, 2 for change): Select your next slime (0 for back, 1 for Red-HP20, 2 for Pink-HP70): You send Pink
Enemy's Green uses Tackle! Damage: 25
Your Pink: HP 45 || Enemy's Green: HP 57
--------------------------------------------------
Round 25
Select your action (0 for escape, 1 for skill, 2 for change): Select the skill (0 for back, 1 for Slap, 2 for Sing, 3 for Paint): Enemy's Green uses Leaf! Damage: 25
Your Pink uses Sing! Enemy's Green falls asleep
Your Pink: HP 20 || Enemy's Green: HP 57
--------------------------------------------------
Round 26
Select your action (0 for escape, 1 for skill, 2 for change): Select your action (0 for escape, 1 for skill, 2 for change): Select your action (0 for escape, 1 for skill, 2 for change): Select your action (0 for escape, 1 for skill, 2 for change): Select your action (0 for escape, 1 for skill, 2 for change): Select your next slime (0 for back, 1 for Red-HP20, 3 for Green-HP79): You send Red
Enemy's Green is sleeping
Your Red: HP 20 || Enemy's Green: HP 57
--------------------------------------------------
Weather becomes normal
Round 27
Select your action (0 for escape, 1 for skill, 2 for change): Select your action (0 for escape, 1 for skill, 2 for change): Select your next slime (0 for back, 2 for Pink-HP20, 3 for Green-HP79): You send Pink
Enemy sends Blue
Your Pink: HP 20 || Enemy's Blue: HP 100
--------------------------------------------------
Round 28
Select your action (0 for escape, 1 for skill, 2 for change): Select the skill (0 for back, 1 for Slap, 2 for Sing, 3 for Paint): Enemy's Blue uses Rainy! Weather becomes rainy
Your Pink uses Paint! Failure
Your Pink: HP 20 || Enemy's Blue: HP 100
--------------------------------------------------
Round 29
Select your action (0 for escape, 1 for skill, 2 for change): Select your action (0 for escape, 1 for skill, 2 for change): Select your action (0 for escape, 1 for skill, 2 for change): Select the skill (0 for back, 1 for Slap, 2 for Sing, 3 for Paint): Enemy's Blue uses Stream! Damage: 38
Your Pink is beaten
Select your next slime (1 for Red-HP20, 3 for Green-HP79): Select your next slime (1 for Red-HP20, 3 for Green-HP79): Select your next slime (1 for Red-HP20, 3 for Green-HP79): Select your next slime (1 for Red-HP20, 3 for Green-HP79): You send Green
Your Green: HP 79 || Enemy's Blue: HP 100
--------------------------------------------------
Round 30
Select your action (0 for escape, 1 for skill, 2 for change): Select the skill (0 for back, 1 for Tackle, 2 for Leaf, 3 for Synthesis): Enemy sends Green
Your Green uses Tackle! Damage: 20
Enemy's Green wakes up
Your Green: HP 79 || Enemy's Green: HP 37
--------------------------------------------------
Round 31
Select your action (0 for escape, 1 for skill, 2 for change): Select your action (0 for escape, 1 for skill, 2 for change): Select the skill (0 for back, 1 for Tackle, 2 for Leaf, 3 for Synthesis): Enemy's Green uses Synthesis! Recovery: 22
Your Green uses Tackle! Damage: 20
Your Green: HP 79 || Enemy's Green: HP 39
--------------------------------------------------
Round 32
Select your action (0 for escape, 1 for skill, 2 for change): Select your action (0 for escape, 1 for skill, 2 for change): Select your next slime (0 for back, 1 for Red-HP20): Select your next slime (0 for back, 1 for Red-HP20): Select your next slime (0 for back, 1 for Red-HP20): You send Red
Enemy's Green uses Synthesis! Recovery: 22
Your Red: HP 20 || Enemy's Green: HP 61
--------------------------------------------------
Weather becomes normal
Round 33
Select your action (0 for escape, 1 for skill, 2 for change): Select the skill (0 for back, 1 for Claw, 2 for Flame, 3 for Sunny): Enemy sends Blue
Your Red uses Sunny! Weather becomes sunny
Your Red: HP 20 || Enemy's Blue: HP 100
--------------------------------------------------
Round 34
Select your action (0 for escape, 1 for skill, 2 for change): Select your next slime (0 for back, 3 for Green-HP79): Select your next slime (0 for back, 3 for Green-HP79): Select your next slime (0 for back, 3 for Green-HP79): Select your next slime (0 for back, 3 for Green-HP79): Select your next slime (0 for back, 3 for Green-HP79): You send Green
Enemy's Blue uses Rainy! Weather becomes rainy
Your Green: HP 79 || Enemy's Blue: HP 100
--------------------------------------------------
Round 35
Select your action (0 for escape, 1 for skill, 2 for change): Select your action (0 for escape, 1 for skill, 2 for change): Select your action (0 for escape, 1 for skill, 2 for change): Select your next slime (0 for back, 1 for Red-HP20): You send Red
Enemy sends Green
Your Red: HP 20 || Enemy's Green: HP 61
--------------------------------------------------
Round 36
Select your action (0 for escape, 1 for skill, 2 for change): Select the skill (0 for back, 1 for Claw, 2 for Flame, 3 for Sunny): Enemy sends Blue
Your Red uses Sunny! Weather becomes sunny
Your Red: HP 20 || Enemy's Blue: HP 100
--------------------------------------------------
Round 37
Select your action (0 for escape, 1 for skill, 2 for change): Select the skill (0 for back, 1 for Claw, 2 for Flame, 3 for Sunny): Enemy's Blue uses Rainy! Weather becomes rainy
Your Red uses Flame! Damage: 4
Your Red: HP 20 || Enemy's Blue: HP 96
--------------------------------------------------
Round 38
Select your action (0 for escape, 1 for skill, 2 for change): Select the skill (0 for back, 1 for Claw, 2 for Flame, 3 for Sunny): Your Red uses Sunny! Weather becomes sunny
Enemy's Blue uses Stream! Damage: 20
Your Red is beaten
Select your next slime (3 for Green-HP79): Select your next slime (3 for Green-HP79): Select your next slime (3 for Green-HP79): Select your next slime (3 for Green-HP79): Select your next slime (3 for Green-HP79): You send Green
Your Green: HP 79 || Enemy's Blue: HP 96
--------------------------------------------------
Round 39
Select your action (0 for escape, 1 for skill): Select the skill (0 for back, 1 for Tackle, 2 for Leaf, 3 for Synthesis): Enemy's Blue uses Rainy! Weather becomes rainy
Your Green uses Leaf! Damage: 29
Your Green: HP 79 || Enemy's Blue: HP 67
--------------------------------------------------
Round 40
Select your action (0 for escape, 1 for skill): Select your action (0 for escape, 1 for skill): Select your action (0 for escape, 1 for skill): Select your action (0 for escape, 1 for skill): Select the skill (0 for back, 1 for Tackle, 2 for Leaf, 3 for Synthesis): Enemy sends Green
Your Green uses Leaf! Damage: 10
Your Green: HP 79 || Enemy's Green: HP 51
--------------------------------------------------
Round 41
Select your action (0 for escape, 1 for skill): Select the skill (0 for back, 1 for Tackle, 2 for Leaf, 3 for Synthesis): Enemy's Green uses Synthesis! Recovery: 22
Your Green uses Synthesis! Recovery: 22
Your Green: HP 101 || Enemy's Green: HP 73
--------------------------------------------------
Round 42
Select your action (0 for escape, 1 for skill): Select your action (0 for escape, 1 for skill): Select your action (0 for escape, 1 for skill): Select the skill (0 for back, 1 for Tackle, 2 for Leaf, 3 for Synthesis): Enemy's Green uses Tackle! Damage: 20
Your Green uses Tackle! Damage: 20
Your Green: HP 81 || Enemy's Green: HP 53
--------------------------------------------------
Round 43
Select your action (0 for escape, 1 for skill): Select the skill (0 for back, 1 for Tackle, 2 for Leaf, 3 for Synthesis): Enemy's Green uses Synthesis! Recovery: 22
Your Green uses Leaf! Damage: 10
Your Green: HP 81 || Enemy's Green: HP 65
--------------------------------------------------
Weather becomes normal
Round 44
Select your action (0 for escape, 1 for skill): Select your action (0 for escape, 1 for skill): Select your action (0 for escape, 1 for skill): Select your action (0 for escape, 1 for skill): Select your action (0 for escape, 1 for skill): Select your action (0 for escape, 1 for skill): Select your action (0 for escape, 1 for skill): Select your action (0 for escape, 1 for skill): Select your action (0 for escape, 1 for skill): Select the skill (0 for back, 1 for Tackle, 2 for Leaf, 3 for Synthesis): Enemy's Green uses Tackle! Damage: 20
Your Green uses Synthesis! Recovery: 33
Your Green: HP 94 || Enemy's Green: HP 65
--------------------------------------------------
Round 45
Select your action (0 for escape, 1 for skill): Select the skill (0 for back, 1 for Tackle, 2 for Leaf, 3 for Synthesis): Enemy's Green uses Tackle! Damage: 20
Your Green uses Tackle! Damage: 20
Your Green: HP 74 || Enemy's Green: HP 45
--------------------------------------------------
Round 46
Select your action (0 for escape, 1 for skill): Select your action (0 for escape, 1 for skill): Select the skill (0 for back, 1 for Tackle, 2 for Leaf, 3 for Synthesis): Enemy's Green uses Synthesis! Recovery: 33
Your Green uses Tackle! Damage: 20
Your Green: HP 74 || Enemy's Green: HP 58
--------------------------------------------------
Round 47
Select your action (0 for escape, 1 for skill): Select your action (0 for escape, 1 for skill): Select the skill (0 for back, 1 for Tackle, 2 for Leaf, 3 for Synthesis): Enemy's Green uses Tackle! Damage: 20
Your Green uses Tackle! Damage: 20
Your Green: HP 54 || Enemy's Green: HP 38
--------------------------------------------------
Round 48
Select your action (0 for escape, 1 for skill): Select your action (0 for escape, 1 for skill): Select your action (0 for escape, 1 for skill): Select your action (0 for escape, 1 for skill): Select the skill (0 for back, 1 for Tackle, 2 for Leaf, 3 for Synthesis): Enemy's Green uses Synthesis! Recovery: 33
Your Green uses Tackle! Damage: 20
Your Green: HP 54 || Enemy's Green: HP 51
--------------------------------------------------
Round 49
Select your action (0 for escape, 1 for skill): Select the skill (0 for back, 1 for Tackle, 2 for Leaf, 3 for Synthesis): Enemy's Green uses Synthesis! Recovery: 33
Your Green uses Synthesis! Recovery: 33
Your Green: HP 87 || Enemy's Green: HP 84
--------------------------------------------------
Round 50
Select your action (0 for escape, 1 for skill): Select your action (0 for escape, 1 for skill): Select your action (0 for escape, 1 for skill): Select your action (0 for escape, 1 for skill): Select your action (0 for escape, 1 for skill): Select the skill (0 for back, 1 for Tackle, 2 for Leaf, 3 for Synthesis): Enemy's Green uses Tackle! Damage: 20
Your Green uses Synthesis! Recovery: 33
Your Green: HP 100 || Enemy's Green: HP 84
--------------------------------------------------
Round 51
Select your action (0 for escape, 1 for skill): Select your action (0 for escape, 1 for skill): Select the skill (0 for back, 1 for Tackle, 2 for Leaf, 3 for Synthesis): Enemy's Green uses Tackle! Damage: 20
Your Green uses Leaf! Damage: 10
Your Green: HP 80 || Enemy's Green: HP 74
--------------------------------------------------
Round 52
Select your action (0 for escape, 1 for skill): Select your action (0 for escape, 1 for skill): Select the skill (0 for back, 1 for Tackle, 2 for Leaf, 3 for Synthesis): Enemy's Green uses Tackle! Damage: 20
Your Green uses Tackle! Damage: 20
Your Green: HP 60 || Enemy's Green: HP 54
--------------------------------------------------
Round 53
Select your action (0 for escape, 1 for skill): Select your action (0 for escape, 1 for skill): Select your action (0 for escape, 1 for skill): Select the skill (0 for back, 1 for Tackle, 2 for Leaf, 3 for Synthesis): Enemy's Green uses Synthesis! Recovery: 33
Your Green uses Leaf! Damage: 10
Your Green: HP 60 || Enemy's Green: HP 77
--------------------------------------------------
Round 54
Select your action (0 for escape, 1 for skill): Select the skill (0 for back, 1 for Tackle, 2 for Leaf, 3 for Synthesis): Enemy's Green uses Tackle! Damage: 20
Your Green uses Synthesis! Recovery: 33
Your Green: HP 73 || Enemy's Green: HP 77
--------------------------------------------------
Round 55
Select your action (0 for escape, 1 for skill): Select your action (0 for escape, 1 for skill): Select your action (0 for escape, 1 for skill): Select your action (0 for escape, 1 for skill): Select your action (0 for escape, 1 for skill): Select your action (0 for escape, 1 for skill): Select your action (0 for escape, 1 for skill): Select the skill (0 for back, 1 for Tackle, 2 for Leaf, 3 for Synthesis): Enemy's Green uses Tackle! Damage: 20
Your Green uses Tackle! Damage: 20
Your Green: HP 53 || Enemy's Green: HP 57
--------------------------------------------------
Round 56
Select your action (0 for escape, 1 for skill): Select the skill (0 for back, 1 for Tackle, 2 for Leaf, 3 for Synthesis): Enemy's Green uses Tackle! Damage: 20
Your Green uses Tackle! Damage: 20
Your Green: HP 33 || Enemy's Green: HP 37
--------------------------------------------------
Round 57
Select your action (0 for escape, 1 for skill): Select your action (0 for escape, 1 for skill): Select the skill (0 for back, 1 for Tackle, 2 for Leaf, 3 for Synthesis): Enemy's Green uses Synthesis! Recovery: 33
Your Green uses Tackle! Damage: 20
Your Green: HP 33 || Enemy's Green: HP 50
--------------------------------------------------
Round 58
Select your action (0 for escape, 1 for skill): Select the skill (0 for back, 1 for Tackle, 2 for Leaf, 3 for Synthesis): Enemy's Green uses Synthesis! Recovery: 33
Your Green uses Synthesis! Recovery: 33
Your Green: HP 66 || Enemy's Green: HP 83
--------------------------------------------------
Round 59
Select your action (0 for escape, 1 for skill): Select your action (0 for escape, 1 for skill): Select your action (0 for escape, 1 for skill): Select the skill (0 for back, 1 for Tackle, 2 for Leaf, 3 for Synthesis): Enemy's Green uses Tackle! Damage: 20
Your Green uses Leaf! Damage: 10
Your Green: HP 46 || Enemy's Green: HP 73
--------------------------------------------------
Round 60
Select your action (0 for escape, 1 for skill): Select your action (0 for escape, 1 for skill): Select your action (0 for escape, 1 for skill): Select the skill (0 for back, 1 for Tackle, 2 for Leaf, 3 for Synthesis): Enemy's Green uses Tackle! Damage: 20
Your Green uses Synthesis! Recovery: 33
Your Green: HP 59 || Enemy's Green: HP 73
--------------------------------------------------
Round 61
Select your action (0 for escape, 1 for skill): Select the skill (0 for back, 1 for Tackle, 2 for Leaf, 3 for Synthesis): Enemy's Green uses Tackle! Damage: 20
Your Green uses Tackle! Damage: 20
Your Green: HP 39 || Enemy's Green: HP 53
--------------------------------------------------
Round 62
Select your action (0 for escape, 1 for skill): Select your action (0 for escape, 1 for skill): Select your action (0 for escape, 1 for skill): Select your action (0 for escape, 1 for skill): Select your action (0 for escape, 1 for skill): Select your action (0 for escape, 1 for skill): Select your action (0 for escape, 1 for skill): Select your action (0 for escape, 1 for skill): Select the skill (0 for back, 1 for Tackle, 2 for Leaf, 3 for Synthesis): Enemy's Green uses Synthesis! Recovery: 33
Your Green uses Synthesis! Recovery: 33
Your Green: HP 72 || Enemy's Green: HP 86
--------------------------------------------------
Round 63
Select your action (0 for escape, 1 for skill): Select your action (0 for escape, 1 for skill): Select the skill (0 for back, 1 for Tackle, 2 for Leaf, 3 for Synthesis): Enemy's Green uses Tackle! Damage: 20
Your Green uses Leaf! Damage: 10
Your Green: HP 52 || Enemy's Green: HP 76
--------------------------------------------------
Round 64
Select your action (0 for escape, 1 for skill): Select your action (0 for escape, 1 for skill): Select your action (0 for escape, 1 for skill): Select your action (0 for escape, 1 for skill): Select your action (0 for escape, 1 for skill): Select the skill (0 for back, 1 for Tackle, 2 for Leaf, 3 for Synthesis): Enemy's Green uses Tackle! Damage: 20
Your Green uses Leaf! Damage: 10
Your Green: HP 32 || Enemy's Green: HP 66
--------------------------------------------------
Round 65
Select your action (0 for escape, 1 for skill): Select your action (0 for escape, 1 for skill): Select the skill (0 for back, 1 for Tackle, 2 for Leaf, 3 for Synthesis): Enemy's Green uses Tackle! Damage: 20
Your Green uses Synthesis! Recovery: 33
Your Green: HP 45 || Enemy's Green: HP 66
--------------------------------------------------
Round 66
Select your action (0 for escape, 1 for skill): Select your action (0 for escape, 1 for skill): Select your action (0 for escape, 1 for skill): Select your action (0 for escape, 1 for skill): Select the skill (0 for back, 1 for Tackle, 2 for Leaf, 3 for Synthesis): Enemy's Green uses Tackle! Damage: 20
Your Green uses Tackle! Damage: 20
Your Green: HP 25 || Enemy's Green: HP 46
--------------------------------------------------
Round 67
Select your action (0 for escape, 1 for skill): Select your action (0 for escape, 1 for skill): Select your action (0 for escape, 1 for skill): Select your action (0 for escape, 1 for skill): Select your action (0 for escape, 1 for skill): Select your action (0 for escape, 1 for skill): Select your action (0 for escape, 1 for skill): Select your action (0 for escape, 1 for skill): Select your action (0 for escape, 1 for skill): Select the skill (0 for back, 1 for Tackle, 2 for Leaf, 3 for Synthesis): Enemy's Green uses Synthesis! Recovery: 33
Your Green uses Leaf! Damage: 10
Your Green: HP 25 || Enemy's Green: HP 69
--------------------------------------------------
Round 68
Select your action (0 for escape, 1 for skill): Select the skill (0 for back, 1 for Tackle, 2 for Leaf, 3 for Synthesis): Enemy's Green uses Tackle! Damage: 20
Your Green uses Tackle! Damage: 20
Your Green: HP 5 || Enemy's Green: HP 49
--------------------------------------------------
Round 69
Select your action (0 for escape, 1 for skill): Select the skill (0 for back, 1 for Tackle, 2 for Leaf, 3 for Synthesis): Enemy's Green uses Synthesis! Recovery: 33
Your Green uses Leaf! Damage: 10
Your Green: HP 5 || Enemy's Green: HP 72
--------------------------------------------------
Round 70
Select your action (0 for escape, 1 for skill): Select the skill (0 for back, 1 for Tackle, 2 for Leaf, 3 for Synthesis): Enemy's Green uses Tackle! Damage: 20
Your Green is beaten
You Lose
