Welcome to Battle of Slimes 2!
Enemy has Green, Blue and Yellow, starting with Blue.
You can select three from five (1 for Green, 2 for Red, 3 for Blue, 4 for Yellow, 5 for Pink).
Select your 1st slime: Select your 2nd slime: Select your 3rd slime: You have Yellow, Red and Green, starting with Yellow
Your Yellow: HP 90 || Enemy's Blue: HP 100
Battle starts!
--------------------------------------------------
Round 1
Select your action (0 for escape, 1 for skill, 2 for change): Select your next slime (0 for back, 2 for Red-HP100, 3 for Green-HP110): You send Green
Enemy sends Green
Your Green: HP 110 || Enemy's Green: HP 110
--------------------------------------------------
Round 2
Select your action (0 for escape, 1 for skill, 2 for change): Select the skill (0 for back, 1 for Tackle, 2 for Leaf, 3 for Synthesis): Enemy's Green uses Tackle! Damage: 20
Your Green uses Tackle! Damage: 20
Your Green: HP 90 || Enemy's Green: HP 90
--------------------------------------------------
Round 3
Select your action (0 for escape, 1 for skill, 2 for change): Select your next slime (0 for back, 1 for Yellow-HP90, 2 for Red-HP100): You send Yellow
Enemy's Green uses Tackle! Damage: 20
Your Yellow: HP 70 || Enemy's Green: HP 90
--------------------------------------------------
Round 4
Select your action (0 for escape, 1 for skill, 2 for change): Select your next slime (0 for back, 2 for Red-HP100, 3 for Green-HP90): You send Green
Enemy's Green uses Leaf! Damage: 10
Your Green: HP 80 || Enemy's Green: HP 90
--------------------------------------------------
Round 5
Select your action (0 for escape, 1 for skill, 2 for change): Select your next slime (0 for back, 1 for Yellow-HP70, 2 for Red-HP100): You send Red
Enemy's Green uses Tackle! Damage: 20
Your Red: HP 80 || Enemy's Green: HP 90
--------------------------------------------------
Round 6
Select your action (0 for escape, 1 for skill, 2 for change): Select your next slime (0 for back, 1 for Yellow-HP70, 3 for Green-HP80): Select your next slime (0 for back, 1 for Yellow-HP70, 3 for Green-HP80): You send Yellow
Enemy sends Blue
Your Yellow: HP 70 || Enemy's Blue: HP 100
--------------------------------------------------
Round 7
Select your action (0 for escape, 1 for skill, 2 for change): Select the skill (0 for back, 1 for Quick, 2 for Volt, 3 for Thunder): Enemy sends Green
Your Yellow uses Thunder! Failure
Your Yellow: HP 70 || Enemy's Green: HP 90
--------------------------------------------------
Round 8
Select your action (0 for escape, 1 for skill, 2 for change): Select the skill (0 for back, 1 for Quick, 2 for Volt, 3 for Thunder): Your Yellow uses Volt! Damage: 13
Enemy's Green uses Leaf! Damage: 20
Your Yellow: HP 50 || Enemy's Green: HP 77
--------------------------------------------------
Round 9
Select your action (0 for escape, 1 for skill, 2 for change): Select your action (0 for escape, 1 for skill, 2 for change): Select the skill (0 for back, 1 for Quick, 2 for Volt, 3 for Thunder): Your Yellow uses Quick! Damage: 15
Enemy's Green uses Leaf! Damage: 20
Your Yellow: HP 30 || Enemy's Green: HP 62
--------------------------------------------------
Round 10
Select your action (0 for escape, 1 for skill, 2 for change): Select your next slime (0 for back, 2 for Red-HP80, 3 for Green-HP80): You send Red
Enemy's Green uses Leaf! Damage: 10
Your Red: HP 70 || Enemy's Green: HP 62
--------------------------------------------------
Round 11
Select your action (0 for escape, 1 for skill, 2 for change): Select your action (0 for escape, 1 for skill, 2 for change): Select your action (0 for escape, 1 for skill, 2 for change): Select the skill (0 for back, 1 for Claw, 2 for Flame, 3 for Sunny): Enemy sends Blue
Your Red uses Sunny! Weather becomes sunny
Your Red: HP 70 || Enemy's Blue: HP 100
--------------------------------------------------
Round 12
Select your action (0 for escape, 1 for skill, 2 for change): Select your action (0 for escape, 1 for skill, 2 for change): Select the skill (0 for back, 1 for Claw, 2 for Flame, 3 for Sunny): Your Red uses Sunny! Weather becomes sunny
Enemy's Blue uses Rainy! Weather becomes rainy
Your Red: HP 70 || Enemy's Blue: HP 100
--------------------------------------------------
Round 13
Select your action (0 for escape, 1 for skill, 2 for change): Select your next slime (0 for back, 1 for Yellow-HP30, 3 for Green-HP80): You send Yellow
Enemy's Blue uses Stream! Damage: 30
Your Yellow is beaten
Select your next slime (2 for Red-HP70, 3 for Green-HP80): Select your next slime (2 for Red-HP70, 3 for Green-HP80): Select your next slime (2 for Red-HP70, 3 for Green-HP80): You send Green
Your Green: HP 80 || Enemy's Blue: HP 100
--------------------------------------------------
Round 14
Select your action (0 for escape, 1 for skill, 2 for change): Select your action (0 for escape, 1 for skill, 2 for change): Select your action (0 for escape, 1 for skill, 2 for change): Select the skill (0 for back, 1 for Tackle, 2 for Leaf, 3 for Synthesis): Enemy sends Green
Your Green uses Tackle! Damage: 20
Your Green: HP 80 || Enemy's Green: HP 42
--------------------------------------------------
Round 15
Select your action (0 for escape, 1 for skill, 2 for change): Select your action (0 for escape, 1 for skill, 2 for change): Select your action (0 for escape, 1 for skill, 2 for change): Select your next slime (0 for back, 2 for Red-HP70): You send Red
Enemy's Green uses Synthesis! Recovery: 22
Your Red: HP 70 || Enemy's Green: HP 64
--------------------------------------------------
Round 16
Select your action (0 for escape, 1 for skill, 2 for change): Select your next slime (0 for back, 3 for Green-HP80): Select your next slime (0 for back, 3 for Green-HP80): Select your next slime (0 for back, 3 for Green-HP80): Select your next slime (0 for back, 3 for Green-HP80): Select your next slime (0 for back, 3 for Green-HP80): Select your next slime (0 for back, 3 for Green-HP80): Select your next slime (0 for back, 3 for Green-HP80): You send Green
Enemy sends Blue
Your Green: HP 80 || Enemy's Blue: HP 100
--------------------------------------------------
Weather becomes normal
Round 17
Select your action (0 for escape, 1 for skill, 2 for change): Select your next slime (0 for back, 2 for Red-HP70): Select your next slime (0 for back, 2 for Red-HP70): Select your next slime (0 for back, 2 for Red-HP70): Select your next slime (0 for back, 2 for Red-HP70): Select your next slime (0 for back, 2 for Red-HP70): Select your next slime (0 for back, 2 for Red-HP70): Select your next slime (0 for back, 2 for Red-HP70): Select your next slime (0 for back, 2 for Red-HP70): Select your next slime (0 for back, 2 for Red-HP70): You send Red
Enemy's Blue uses Rainy! Weather becomes rainy
Your Red: HP 70 || Enemy's Blue: HP 100
--------------------------------------------------
Round 18
Select your action (0 for escape, 1 for skill, 2 for change): Select your next slime (0 for back, 3 for Green-HP80): You send Green
Enemy's Blue uses Stream! Damage: 15
Your Green: HP 65 || Enemy's Blue: HP 100
--------------------------------------------------
Round 19
Select your action (0 for escape, 1 for skill, 2 for change): Select the skill (0 for back, 1 for Tackle, 2 for Leaf, 3 for Synthesis): Enemy sends Green
Your Green uses Leaf! Damage: 10
Your Green: HP 65 || Enemy's Green: HP 54
--------------------------------------------------
Round 20
Select your action (0 for escape, 1 for skill, 2 for change): Select your action (0 for escape, 1 for skill, 2 for change): Select your next slime (0 for back, 2 for Red-HP70): Select your next slime (0 for back, 2 for Red-HP70): You send Red
Enemy's Green uses Synthesis! Recovery: 22
Your Red: HP 70 || Enemy's Green: HP 76
--------------------------------------------------
Round 21
Select your action (0 for escape, 1 for skill, 2 for change): Select your next slime (0 for back, 3 for Green-HP65): You send Green
Enemy sends Blue
Your Green: HP 65 || Enemy's Blue: HP 100
--------------------------------------------------
Weather becomes normal
Round 22
Select your action (0 for escape, 1 for skill, 2 for change): Select the skill (0 for back, 1 for Tackle, 2 for Leaf, 3 for Synthesis): Enemy's Blue uses Rainy! Weather becomes rainy
Your Green uses Synthesis! Recovery: 22
Your Green: HP 87 || Enemy's Blue: HP 100
--------------------------------------------------
Round 23
Select your action (0 for escape, 1 for skill, 2 for change): Select the skill (0 for back, 1 for Tackle, 2 for Leaf, 3 for Synthesis): Enemy sends Green
Your Green uses Leaf! Damage: 10
Your Green: HP 87 || Enemy's Green: HP 66
--------------------------------------------------
Round 24
Select your action (0 for escape, 1 for skill, 2 for change): Select the skill (0 for back, 1 for Tackle, 2 for Leaf, 3 for Synthesis): Enemy's Green uses Tackle! Damage: 20
Your Green uses Leaf! Damage: 10
Your Green: HP 67 || Enemy's Green: HP 56
--------------------------------------------------
Round 25
Select your action (0 for escape, 1 for skill, 2 for change): Select your action (0 for escape, 1 for skill, 2 for change): Select your action (0 for escape, 1 for skill, 2 for change): Select your next slime (0 for back, 2 for Red-HP70): Select your next slime (0 for back, 2 for Red-HP70): Select your next slime (0 for back, 2 for Red-HP70): Select your next slime (0 for back, 2 for Red-HP70): Select your next slime (0 for back, 2 for Red-HP70): You send Red
Enemy's Green uses Tackle! Damage: 20
Your Red: HP 50 || Enemy's Green: HP 56
--------------------------------------------------
Round 26
Select your action (0 for escape, 1 for skill, 2 for change): Select your next slime (0 for back, 3 for Green-HP67): Select your next slime (0 for back, 3 for Green-HP67): Select your next slime (0 for back, 3 for Green-HP67): You send Green
Enemy sends Blue
Your Green: HP 67 || Enemy's Blue: HP 100
--------------------------------------------------
Weather becomes normal
Round 27
Select your action (0 for escape, 1 for skill, 2 for change): Select your action (0 for escape, 1 for skill, 2 for change): Select the skill (0 for back, 1 for Tackle, 2 for Leaf, 3 for Synthesis): Enemy's Blue uses Rainy! Weather becomes rainy
Your Green uses Leaf! Damage: 29
Your Green: HP 67 || Enemy's Blue: HP 71
--------------------------------------------------
Round 28
Select your action (0 for escape, 1 for skill, 2 for change): Select your action (0 for escape, 1 for skill, 2 for change): Select the skill (0 for back, 1 for Tackle, 2 for Leaf, 3 for Synthesis): Enemy sends Green
Your Green uses Leaf! Damage: 10
Your Green: HP 67 || Enemy's Green: HP 46
--------------------------------------------------
Round 29
Select your action (0 for escape, 1 for skill, 2 for change): Select the skill (0 for back, 1 for Tackle, 2 for Leaf, 3 for Synthesis): Enemy's Green uses Synthesis! Recovery: 22
Your Green uses Synthesis! Recovery: 22
Your Green: HP 89 || Enemy's Green: HP 68
--------------------------------------------------
Round 30
Select your action (0 for escape, 1 for skill, 2 for change): Select your action (0 for escape, 1 for skill, 2 for change): Select your next slime (0 for back, 2 for Red-HP50): Select your next slime (0 for back, 2 for Red-HP50): You send Red
Enemy's Green uses Tackle! Damage: 20
Your Red: HP 30 || Enemy's Green: HP 68
--------------------------------------------------
Round 31
Select your action (0 for escape, 1 for skill, 2 for change): Select the skill (0 for back, 1 for Claw, 2 for Flame, 3 for Sunny): Enemy sends Blue
Your Red uses Flame! Damage: 4
Your Red: HP 30 || Enemy's Blue: HP 67
--------------------------------------------------
Weather becomes normal
Round 32
Select your action (0 for escape, 1 for skill, 2 for change): Select your next slime (0 for back, 3 for Green-HP89): Select your next slime (0 for back, 3 for Green-HP89): Select your next slime (0 for back, 3 for Green-HP89): You send Green
Enemy's Blue uses Rainy! Weather becomes rainy
Your Green: HP 89 || Enemy's Blue: HP 67
--------------------------------------------------
Round 33
Select your action (0 for escape, 1 for skill, 2 for change): Select your action (0 for escape, 1 for skill, 2 for change): Select the skill (0 for back, 1 for Tackle, 2 for Leaf, 3 for Synthesis): Enemy sends Green
Your Green uses Synthesis! Recovery: 22
Your Green: HP 110 || Enemy's Green: HP 68
--------------------------------------------------
Round 34
Select your action (0 for escape, 1 for skill, 2 for change): Select your next slime (0 for back, 2 for Red-HP30): You send Red
Enemy's Green uses Tackle! Damage: 20
Your Red: HP 10 || Enemy's Green: HP 68
--------------------------------------------------
Round 35
Select your action (0 for escape, 1 for skill, 2 for change): Select your next slime (0 for back, 3 for Green-HP110): Select your next slime (0 for back, 3 for Green-HP110): Select your next slime (0 for back, 3 for Green-HP110): Select your next slime (0 for back, 3 for Green-HP110): Select your next slime (0 for back, 3 for Green-HP110): Select your next slime (0 for back, 3 for Green-HP110): You send Green
Enemy sends Blue
Your Green: HP 110 || Enemy's Blue: HP 67
--------------------------------------------------
Round 36
Select your action (0 for escape, 1 for skill, 2 for change): Select the skill (0 for back, 1 for Tackle, 2 for Leaf, 3 for Synthesis): Enemy sends Green
Your Green uses Tackle! Damage: 20
Your Green: HP 110 || Enemy's Green: HP 48
--------------------------------------------------
Weather becomes normal
Round 37
Select your action (0 for escape, 1 for skill, 2 for change): Select your next slime (0 for back, 2 for Red-HP10): You send Red
Enemy's Green uses Synthesis! Recovery: 33
Your Red: HP 10 || Enemy's Green: HP 81
--------------------------------------------------
Round 38
Select your action (0 for escape, 1 for skill, 2 for change): Select your next slime (0 for back, 3 for Green-HP110): Select your next slime (0 for back, 3 for Green-HP110): Select your next slime (0 for back, 3 for Green-HP110): You send Green
Enemy sends Blue
Your Green: HP 110 || Enemy's Blue: HP 67
--------------------------------------------------
Round 39
Select your action (0 for escape, 1 for skill, 2 for change): Select your action (0 for escape, 1 for skill, 2 for change): Select your action (0 for escape, 1 for skill, 2 for change): Select the skill (0 for back, 1 for Tackle, 2 for Leaf, 3 for Synthesis): Enemy's Blue uses Rainy! Weather becomes rainy
Your Green uses Synthesis! Recovery: 22
Your Green: HP 110 || Enemy's Blue: HP 67
--------------------------------------------------
Round 40
Select your action (0 for escape, 1 for skill, 2 for change): Select the skill (0 for back, 1 for Tackle, 2 for Leaf, 3 for Synthesis): Enemy sends Green
Your Green uses Synthesis! Recovery: 22
Your Green: HP 110 || Enemy's Green: HP 81
--------------------------------------------------
Round 41
Select your action (0 for escape, 1 for skill, 2 for change): Select the skill (0 for back, 1 for Tackle, 2 for Leaf, 3 for Synthesis): Enemy's Green uses Tackle! Damage: 20
Your Green uses Synthesis! Recovery: 22
Your Green: HP 110 || Enemy's Green: HP 81
--------------------------------------------------
Round 42
Select your action (0 for escape, 1 for skill, 2 for change): Select your action (0 for escape, 1 for skill, 2 for change): Select your action (0 for escape, 1 for skill, 2 for change): Select the skill (0 for back, 1 for Tackle, 2 for Leaf, 3 for Synthesis): Enemy's Green uses Tackle! Damage: 20
Your Green uses Leaf! Damage: 10
Your Green: HP 90 || Enemy's Green: HP 71
--------------------------------------------------
Round 43
Select your action (0 for escape, 1 for skill, 2 for change): Select your next slime (0 for back, 2 for Red-HP10): You send Red
Enemy's Green uses Tackle! Damage: 20
Your Red is beaten
Select your next slime (3 for Green-HP90): Select your next slime (3 for Green-HP90): Select your next slime (3 for Green-HP90): Select your next slime (3 for Green-HP90): You send Green
Your Green: HP 90 || Enemy's Green: HP 71
--------------------------------------------------
Weather becomes normal
Round 44
Select your action (0 for escape, 1 for skill): Select your action (0 for escape, 1 for skill): Select the skill (0 for back, 1 for Tackle, 2 for Leaf, 3 for Synthesis): Enemy's Green uses Tackle! Damage: 20
Your Green uses Synthesis! Recovery: 33
Your Green: HP 103 || Enemy's Green: HP 71
--------------------------------------------------
Round 45
Select your action (0 for escape, 1 for skill): Select your action (0 for escape, 1 for skill): Select your action (0 for escape, 1 for skill): Select your action (0 for escape, 1 for skill): Select your action (0 for escape, 1 for skill): Select your action (0 for escape, 1 for skill): Select your action (0 for escape, 1 for skill): Select your action (0 for escape, 1 for skill): Select your action (0 for escape, 1 for skill): Select your action (0 for escape, 1 for skill): Select the skill (0 for back, 1 for Tackle, 2 for Leaf, 3 for Synthesis): Enemy's Green uses Tackle! Damage: 20
Your Green uses Synthesis! Recovery: 33
Your Green: HP 110 || Enemy's Green: HP 71
--------------------------------------------------
Round 46
Select your action (0 for escape, 1 for skill): Select your action (0 for escape, 1 for skill): Select the skill (0 for back, 1 for Tackle, 2 for Leaf, 3 for Synthesis): Enemy's Green uses Tackle! Damage: 20
Your Green uses Leaf! Damage: 10
Your Green: HP 90 || Enemy's Green: HP 61
--------------------------------------------------
Round 47
Select your action (0 for escape, 1 for skill): Select your action (0 for escape, 1 for skill): Select your action (0 for escape, 1 for skill): Select your action (0 for escape, 1 for skill): Select your action (0 for escape, 1 for skill): Select your action (0 for escape, 1 for skill): Select your action (0 for escape, 1 for skill): Select your action (0 for escape, 1 for skill): Select the skill (0 for back, 1 for Tackle, 2 for Leaf, 3 for Synthesis): Enemy's Green uses Tackle! Damage: 20
Your Green uses Synthesis! Recovery: 33
Your Green: HP 103 || Enemy's Green: HP 61
--------------------------------------------------
Round 48
Select your action (0 for escape, 1 for skill): Select the skill (0 for back, 1 for Tackle, 2 for Leaf, 3 for Synthesis): Enemy's Green uses Tackle! Damage: 20
Your Green uses Synthesis! Recovery: 33
Your Green: HP 110 || Enemy's Green: HP 61
--------------------------------------------------
Round 49
Select your action (0 for escape, 1 for skill): Select your action (0 for escape, 1 for skill): Select your action (0 for escape, 1 for skill): Select your action (0 for escape, 1 for skill): Select your action (0 for escape, 1 for skill): Select your action (0 for escape, 1 for skill): Select your action (0 for escape, 1 for skill): Select your action (0 for escape, 1 for skill): Select the skill (0 for back, 1 for Tackle, 2 for Leaf, 3 for Synthesis): Enemy's Green uses Tackle! Damage: 20
Your Green uses Tackle! Damage: 20
Your Green: HP 90 || Enemy's Green: HP 41
--------------------------------------------------
Round 50
Select your action (0 for escape, 1 for skill): Select your action (0 for escape, 1 for skill): Select the skill (0 for back, 1 for Tackle, 2 for Leaf, 3 for Synthesis): Enemy's Green uses Synthesis! Recovery: 33
Your Green uses Synthesis! Recovery: 33
Your Green: HP 110 || Enemy's Green: HP 74
--------------------------------------------------
Round 51
Select your action (0 for escape, 1 for skill): Select the skill (0 for back, 1 for Tackle, 2 for Leaf, 3 for Synthesis): Enemy's Green uses Tackle! Damage: 20
Your Green uses Synthesis! Recovery: 33
Your Green: HP 110 || Enemy's Green: HP 74
--------------------------------------------------
Round 52
Select your action (0 for escape, 1 for skill): Select your action (0 for escape, 1 for skill): Select the skill (0 for back, 1 for Tackle, 2 for Leaf, 3 for Synthesis): Enemy's Green uses Tackle! Damage: 20
Your Green uses Tackle! Damage: 20
Your Green: HP 90 || Enemy's Green: HP 54
--------------------------------------------------
Round 53
Select your action (0 for escape, 1 for skill): Select the skill (0 for back, 1 for Tackle, 2 for Leaf, 3 for Synthesis): Enemy's Green uses Synthesis! Recovery: 33
Your Green uses Synthesis! Recovery: 33
Your Green: HP 110 || Enemy's Green: HP 87
--------------------------------------------------
Round 54
Select your action (0 for escape, 1 for skill): Select the skill (0 for back, 1 for Tackle, 2 for Leaf, 3 for Synthesis): Enemy's Green uses Tackle! Damage: 20
Your Green uses Leaf! Damage: 10
Your Green: HP 90 || Enemy's Green: HP 77
--------------------------------------------------
Round 55
Select your action (0 for escape, 1 for skill): Select your action (0 for escape, 1 for skill): Select your action (0 for escape, 1 for skill): Select your action (0 for escape, 1 for skill): Select your action (0 for escape, 1 for skill): Select your action (0 for escape, 1 for skill): Select your action (0 for escape, 1 for skill): Select the skill (0 for back, 1 for Tackle, 2 for Leaf, 3 for Synthesis): Enemy's Green uses Tackle! Damage: 20
Your Green uses Tackle! Damage: 20
Your Green: HP 70 || Enemy's Green: HP 57
--------------------------------------------------
Round 56
Select your action (0 for escape, 1 for skill): Select your action (0 for escape, 1 for skill): Select your action (0 for escape, 1 for skill): Select your action (0 for escape, 1 for skill): Select your action (0 for escape, 1 for skill): Select the skill (0 for back, 1 for Tackle, 2 for Leaf, 3 for Synthesis): Enemy's Green uses Tackle! Damage: 20
Your Green uses Synthesis! Recovery: 33
Your Green: HP 83 || Enemy's Green: HP 57
--------------------------------------------------
Round 57
Select your action (0 for escape, 1 for skill): Select your action (0 for escape, 1 for skill): Select the skill (0 for back, 1 for Tackle, 2 for Leaf, 3 for Synthesis): Enemy's Green uses Tackle! Damage: 20
Your Green uses Leaf! Damage: 10
Your Green: HP 63 || Enemy's Green: HP 47
--------------------------------------------------
Round 58
Select your action (0 for escape, 1 for skill): Select your action (0 for escape, 1 for skill): Select your action (0 for escape, 1 for skill): Select the skill (0 for back, 1 for Tackle, 2 for Leaf, 3 for Synthesis): Enemy's Green uses Synthesis! Recovery: 33
Your Green uses Leaf! Damage: 10
Your Green: HP 63 || Enemy's Green: HP 70
--------------------------------------------------
Round 59
Select your action (0 for escape, 1 for skill): Select your action (0 for escape, 1 for skill): Select your action (0 for escape, 1 for skill): Select your action (0 for escape, 1 for skill): Select your action (0 for escape, 1 for skill): Select the skill (0 for back, 1 for Tackle, 2 for Leaf, 3 for Synthesis): Enemy's Green uses Tackle! Damage: 20
Your Green uses Tackle! Damage: 20
Your Green: HP 43 || Enemy's Green: HP 50
--------------------------------------------------
Round 60
Select your action (0 for escape, 1 for skill): Select the skill (0 for back, 1 for Tackle, 2 for Leaf, 3 for Synthesis): Enemy's Green uses Synthesis! Recovery: 33
Your Green uses Tackle! Damage: 20
Your Green: HP 43 || Enemy's Green: HP 63
--------------------------------------------------
Round 61
Select your action (0 for escape, 1 for skill): Select your action (0 for escape, 1 for skill): Select your action (0 for escape, 1 for skill): Select your action (0 for escape, 1 for skill): Select your action (0 for escape, 1 for skill): Select your action (0 for escape, 1 for skill): Select your action (0 for escape, 1 for skill): Select your action (0 for escape, 1 for skill): Select your action (0 for escape, 1 for skill): Select your action (0 for escape, 1 for skill): Select your action (0 for escape, 1 for skill): Select your action (0 for escape, 1 for skill): Select the skill (0 for back, 1 for Tackle, 2 for Leaf, 3 for Synthesis): Enemy's Green uses Tackle! Damage: 20
Your Green uses Tackle! Damage: 20
Your Green: HP 23 || Enemy's Green: HP 43
--------------------------------------------------
Round 62
Select your action (0 for escape, 1 for skill): Select your action (0 for escape, 1 for skill): Select your action (0 for escape, 1 for skill): Select your action (0 for escape, 1 for skill): Select your action (0 for escape, 1 for skill): Select your action (0 for escape, 1 for skill): Select the skill (0 for back, 1 for Tackle, 2 for Leaf, 3 for Synthesis): Enemy's Green uses Synthesis! Recovery: 33
Your Green uses Leaf! Damage: 10
Your Green: HP 23 || Enemy's Green: HP 66
--------------------------------------------------
Round 63
Select your action (0 for escape, 1 for skill): Select your action (0 for escape, 1 for skill): Select the skill (0 for back, 1 for Tackle, 2 for Leaf, 3 for Synthesis): Enemy's Green uses Tackle! Damage: 20
Your Green uses Synthesis! Recovery: 33
Your Green: HP 36 || Enemy's Green: HP 66
--------------------------------------------------
Round 64
Select your action (0 for escape, 1 for skill): Select your action (0 for escape, 1 for skill): Select your action (0 for escape, 1 for skill): Select your action (0 for escape, 1 for skill): Select the skill (0 for back, 1 for Tackle, 2 for Leaf, 3 for Synthesis): Enemy's Green uses Tackle! Damage: 20
Your Green uses Synthesis! Recovery: 33
Your Green: HP 49 || Enemy's Green: HP 66
--------------------------------------------------
Round 65
Select your action (0 for escape, 1 for skill): Select the skill (0 for back, 1 for Tackle, 2 for Leaf, 3 for Synthesis): Enemy's Green uses Tackle! Damage: 20
Your Green uses Tackle! Damage: 20
Your Green: HP 29 || Enemy's Green: HP 46
--------------------------------------------------
Round 66
Select your action (0 for escape, 1 for skill): Select the skill (0 for back, 1 for Tackle, 2 for Leaf, 3 for Synthesis): Enemy's Green uses Synthesis! Recovery: 33
Your Green uses Tackle! Damage: 20
Your Green: HP 29 || Enemy's Green: HP 59
--------------------------------------------------
Round 67
Select your action (0 for escape, 1 for skill): Select your action (0 for escape, 1 for skill): Select your action (0 for escape, 1 for skill): Select your action (0 for escape, 1 for skill): Select your action (0 for escape, 1 for skill): Select your action (0 for escape, 1 for skill): Select the skill (0 for back, 1 for Tackle, 2 for Leaf, 3 for Synthesis): Enemy's Green uses Tackle! Damage: 20
Your Green uses Synthesis! Recovery: 33
Your Green: HP 42 || Enemy's Green: HP 59
--------------------------------------------------
Round 68
Select your action (0 for escape, 1 for skill): Select your action (0 for escape, 1 for skill): Select the skill (0 for back, 1 for Tackle, 2 for Leaf, 3 for Synthesis): Enemy's Green uses Tackle! Damage: 20
Your Green uses Leaf! Damage: 10
Your Green: HP 22 || Enemy's Green: HP 49
--------------------------------------------------
Round 69
Select your action (0 for escape, 1 for skill): Select your action (0 for escape, 1 for skill): Select your action (0 for escape, 1 for skill): Select your action (0 for escape, 1 for skill): Select your action (0 for escape, 1 for skill): Select the skill (0 for back, 1 for Tackle, 2 for Leaf, 3 for Synthesis): Enemy's Green uses Synthesis! Recovery: 33
Your Green uses Synthesis! Recovery: 33
Your Green: HP 55 || Enemy's Green: HP 82
--------------------------------------------------
Round 70
Select your action (0 for escape, 1 for skill): Select the skill (0 for back, 1 for Tackle, 2 for Leaf, 3 for Synthesis): Enemy's Green uses Tackle! Damage: 20
Your Green uses Synthesis! Recovery: 33
Your Green: HP 68 || Enemy's Green: HP 82
--------------------------------------------------
Round 71
Select your action (0 for escape, 1 for skill): Select your action (0 for escape, 1 for skill): Select your action (0 for escape, 1 for skill): Select your action (0 for escape, 1 for skill): Select your action (0 for escape, 1 for skill): Select the skill (0 for back, 1 for Tackle, 2 for Leaf, 3 for Synthesis): Enemy's Green uses Tackle! Damage: 20
Your Green uses Leaf! Damage: 10
Your Green: HP 48 || Enemy's Green: HP 72
--------------------------------------------------
Round 72
Select your action (0 for escape, 1 for skill): Select the skill (0 for back, 1 for Tackle, 2 for Leaf, 3 for Synthesis): Enemy's Green uses Tackle! Damage: 20
Your Green uses Tackle! Damage: 20
Your Green: HP 28 || Enemy's Green: HP 52
--------------------------------------------------
Round 73
Select your action (0 for escape, 1 for skill): Select your action (0 for escape, 1 for skill): Select the skill (0 for back, 1 for Tackle, 2 for Leaf, 3 for Synthesis): Enemy's Green uses Synthesis! Recovery: 33
Your Green uses Tackle! Damage: 20
Your Green: HP 28 || Enemy's Green: HP 65
--------------------------------------------------
Round 74
Select your action (0 for escape, 1 for skill): Select the skill (0 for back, 1 for Tackle, 2 for Leaf, 3 for Synthesis): Enemy's Green uses Tackle! Damage: 20
Your Green uses Leaf! Damage: 10
Your Green: HP 8 || Enemy's Green: HP 55
--------------------------------------------------
Round 75
Select your action (0 for escape, 1 for skill): Select your action (0 for escape, 1 for skill): Select the skill (0 for back, 1 for Tackle, 2 for Leaf, 3 for Synthesis): Enemy's Green uses Tackle! Damage: 20
Your Green is beaten
You Lose
