Welcome to Battle of Slimes 2!
Enemy has Green, Blue and Yellow, starting with Blue.
You can select three from five (1 for Green, 2 for Red, 3 for Blue, 4 for Yellow, 5 for Pink).
Select your 1st slime: Select your 2nd slime: Select your 3rd slime: You have Yellow, Green and Red, starting with Yellow
Your Yellow: HP 90 || Enemy's Blue: HP 100
Battle starts!
--------------------------------------------------
Round 1
Select your action (0 for escape, 1 for skill, 2 for change): Select the skill (0 for back, 1 for Quick, 2 for Volt, 3 for Thunder): Enemy sends Green
Your Yellow uses Thunder! Failure
Your Yellow: HP 90 || Enemy's Green: HP 110
--------------------------------------------------
Round 2
Select your action (0 for escape, 1 for skill, 2 for change): Select your action (0 for escape, 1 for skill, 2 for change): Select the skill (0 for back, 1 for Quick, 2 for Volt, 3 for Thunder): Your Yellow uses Thunder! Failure
Enemy's Green uses Leaf! Damage: 20
Your Yellow: HP 70 || Enemy's Green: HP 110
--------------------------------------------------
Round 3
Select your action (0 for escape, 1 for skill, 2 for change): Select your action (0 for escape, 1 for skill, 2 for change): Select the skill (0 for back, 1 for Quick, 2 for Volt, 3 for Thunder): Your Yellow uses Quick! Damage: 15
Enemy's Green uses Leaf! Damage: 20
Your Yellow: HP 50 || Enemy's Green: HP 95
--------------------------------------------------
Round 4
Select your action (0 for escape, 1 for skill, 2 for change): Select your action (0 for escape, 1 for skill, 2 for change): Select the skill (0 for back, 1 for Quick, 2 for Volt, 3 for Thunder): Your Yellow uses Thunder! Failure
Enemy's Green uses Leaf! Damage: 20
Your Yellow: HP 30 || Enemy's Green: HP 95
--------------------------------------------------
Round 5
Select your action (0 for escape, 1 for skill, 2 for change): Select your next slime (0 for back, 2 for Green-HP110, 3 for Red-HP100): You send Red
Enemy's Green uses Leaf! Damage: 10
Your Red: HP 90 || Enemy's Green: HP 95
--------------------------------------------------
Round 6
Select your action (0 for escape, 1 for skill, 2 for change): Select your action (0 for escape, 1 for skill, 2 for change): Select the skill (0 for back, 1 for Claw, 2 for Flame, 3 for Sunny): Enemy sends Blue
Your Red uses Claw! Damage: 13
Your Red: HP 90 || Enemy's Blue: HP 87
--------------------------------------------------
Round 7
Select your action (0 for escape, 1 for skill, 2 for change): Select your next slime (0 for back, 1 for Yellow-HP30, 2 for Green-HP110): You send Yellow
Enemy's Blue uses Rainy! Weather becomes rainy
Your Yellow: HP 30 || Enemy's Blue: HP 87
--------------------------------------------------
Round 8
Select your action (0 for escape, 1 for skill, 2 for change): Select your next slime (0 for back, 2 for Green-HP110, 3 for Red-HP90): Select your next slime (0 for back, 2 for Green-HP110, 3 for Red-HP90): Select your next slime (0 for back, 2 for Green-HP110, 3 for Red-HP90): You send Green
Enemy sends Green
Your Green: HP 110 || Enemy's Green: HP 95
--------------------------------------------------
Round 9
Select your action (0 for escape, 1 for skill, 2 for change): Select your next slime (0 for back, 1 for Yellow-HP30, 3 for Red-HP90): You send Yellow
Enemy's Green uses Tackle! Damage: 20
Your Yellow: HP 10 || Enemy's Green: HP 95
--------------------------------------------------
Round 10
Select your action (0 for escape, 1 for skill, 2 for change): Select the skill (0 for back, 1 for Quick, 2 for Volt, 3 for Thunder): Your Yellow uses Thunder! Damage: 25
Enemy's Green uses Leaf! Damage: 20
Your Yellow is beaten
Select your next slime (2 for Green-HP110, 3 for Red-HP90): You send Red
Your Red: HP 90 || Enemy's Green: HP 70
--------------------------------------------------
Round 11
Select your action (0 for escape, 1 for skill, 2 for change): Select your next slime (0 for back, 2 for Green-HP110): You send Green
Enemy sends Blue
Your Green: HP 110 || Enemy's Blue: HP 87
--------------------------------------------------
Weather becomes normal
Round 12
Select your action (0 for escape, 1 for skill, 2 for change): Select your next slime (0 for back, 3 for Red-HP90): Select your next slime (0 for back, 3 for Red-HP90): You send Red
Enemy's Blue uses Rainy! Weather becomes rainy
Your Red: HP 90 || Enemy's Blue: HP 87
--------------------------------------------------
Round 13
Select your action (0 for escape, 1 for skill, 2 for change): Select your next slime (0 for back, 2 for Green-HP110): Select your next slime (0 for back, 2 for Green-HP110): You send Green
Enemy's Blue uses Stream! Damage: 15
Your Green: HP 95 || Enemy's Blue: HP 87
--------------------------------------------------
Round 14
Select your action (0 for escape, 1 for skill, 2 for change): Select the skill (0 for back, 1 for Tackle, 2 for Leaf, 3 for Synthesis): Enemy sends Green
Your Green uses Tackle! Damage: 20
Your Green: HP 95 || Enemy's Green: HP 50
--------------------------------------------------
Round 15
Select your action (0 for escape, 1 for skill, 2 for change): Select your action (0 for escape, 1 for skill, 2 for change): Select your next slime (0 for back, 3 for Red-HP90): Select your next slime (0 for back, 3 for Red-HP90): You send Red
Enemy's Green uses Synthesis! Recovery: 22
Your Red: HP 90 || Enemy's Green: HP 72
--------------------------------------------------
Round 16
Select your action (0 for escape, 1 for skill, 2 for change): Select your next slime (0 for back, 2 for Green-HP95): You send Green
Enemy sends Blue
Your Green: HP 95 || Enemy's Blue: HP 87
--------------------------------------------------
Weather becomes normal
Round 17
Select your action (0 for escape, 1 for skill, 2 for change): Select the skill (0 for back, 1 for Tackle, 2 for Leaf, 3 for Synthesis): Enemy's Blue uses Rainy! Weather becomes rainy
Your Green uses Synthesis! Recovery: 22
Your Green: HP 110 || Enemy's Blue: HP 87
--------------------------------------------------
Round 18
Select your action (0 for escape, 1 for skill, 2 for change): Select your action (0 for escape, 1 for skill, 2 for change): Select your action (0 for escape, 1 for skill, 2 for change): Select your next slime (0 for back, 3 for Red-HP90): You send Red
Enemy sends Green
Your Red: HP 90 || Enemy's Green: HP 72
--------------------------------------------------
Round 19
Select your action (0 for escape, 1 for skill, 2 for change): Select the skill (0 for back, 1 for Claw, 2 for Flame, 3 for Sunny): Enemy sends Blue
Your Red uses Sunny! Weather becomes sunny
Your Red: HP 90 || Enemy's Blue: HP 87
--------------------------------------------------
Round 20
Select your action (0 for escape, 1 for skill, 2 for change): Select your action (0 for escape, 1 for skill, 2 for change): Select your action (0 for escape, 1 for skill, 2 for change): Select your next slime (0 for back, 2 for Green-HP110): Select your next slime (0 for back, 2 for Green-HP110): Select your next slime (0 for back, 2 for Green-HP110): Select your next slime (0 for back, 2 for Green-HP110): Select your next slime (0 for back, 2 for Green-HP110): You send Green
Enemy's Blue uses Rainy! Weather becomes rainy
Your Green: HP 110 || Enemy's Blue: HP 87
--------------------------------------------------
Round 21
Select your action (0 for escape, 1 for skill, 2 for change): Select the skill (0 for back, 1 for Tackle, 2 for Leaf, 3 for Synthesis): Enemy sends Green
Your Green uses Synthesis! Recovery: 22
Your Green: HP 110 || Enemy's Green: HP 72
--------------------------------------------------
Round 22
Select your action (0 for escape, 1 for skill, 2 for change): Select your next slime (0 for back, 3 for Red-HP90): Select your next slime (0 for back, 3 for Red-HP90): Select your next slime (0 for back, 3 for Red-HP90): Select your next slime (0 for back, 3 for Red-HP90): You send Red
Enemy's Green uses Tackle! Damage: 20
Your Red: HP 70 || Enemy's Green: HP 72
--------------------------------------------------
Round 23
Select your action (0 for escape, 1 for skill, 2 for change): Select the skill (0 for back, 1 for Claw, 2 for Flame, 3 for Sunny): Enemy sends Blue
Your Red uses Flame! Damage: 4
Your Red: HP 70 || Enemy's Blue: HP 83
--------------------------------------------------
Round 24
Select your action (0 for escape, 1 for skill, 2 for change): Select your next slime (0 for back, 2 for Green-HP110): You send Green
Enemy's Blue uses Stream! Damage: 15
Your Green: HP 95 || Enemy's Blue: HP 83
--------------------------------------------------
Weather becomes normal
Round 25
Select your action (0 for escape, 1 for skill, 2 for change): Select your action (0 for escape, 1 for skill, 2 for change): Select your next slime (0 for back, 3 for Red-HP70): Select your next slime (0 for back, 3 for Red-HP70): You send Red
Enemy's Blue uses Rainy! Weather becomes rainy
Your Red: HP 70 || Enemy's Blue: HP 83
--------------------------------------------------
Round 26
Select your action (0 for escape, 1 for skill, 2 for change): Select your action (0 for escape, 1 for skill, 2 for change): Select the skill (0 for back, 1 for Claw, 2 for Flame, 3 for Sunny): Your Red uses Claw! Damage: 13
Enemy's Blue uses Stream! Damage: 60
Your Red: HP 10 || Enemy's Blue: HP 70
--------------------------------------------------
Round 27
Select your action (0 for escape, 1 for skill, 2 for change): Select your next slime (0 for back, 2 for Green-HP95): Select your next slime (0 for back, 2 for Green-HP95): You send Green
Enemy's Blue uses Stream! Damage: 15
Your Green: HP 80 || Enemy's Blue: HP 70
--------------------------------------------------
Round 28
Select your action (0 for escape, 1 for skill, 2 for change): Select your next slime (0 for back, 3 for Red-HP10): Select your next slime (0 for back, 3 for Red-HP10): You send Red
Enemy sends Green
Your Red: HP 10 || Enemy's Green: HP 72
--------------------------------------------------
Round 29
Select your action (0 for escape, 1 for skill, 2 for change): Select your action (0 for escape, 1 for skill, 2 for change): Select your next slime (0 for back, 2 for Green-HP80): Select your next slime (0 for back, 2 for Green-HP80): Select your next slime (0 for back, 2 for Green-HP80): You send Green
Enemy sends Blue
Your Green: HP 80 || Enemy's Blue: HP 70
--------------------------------------------------
Weather becomes normal
Round 30
Select your action (0 for escape, 1 for skill, 2 for change): Select your action (0 for escape, 1 for skill, 2 for change): Select your action (0 for escape, 1 for skill, 2 for change): Select your next slime (0 for back, 3 for Red-HP10): Select your next slime (0 for back, 3 for Red-HP10): Select your next slime (0 for back, 3 for Red-HP10): Select your next slime (0 for back, 3 for Red-HP10): Select your next slime (0 for back, 3 for Red-HP10): You send Red
Enemy's Blue uses Rainy! Weather becomes rainy
Your Red: HP 10 || Enemy's Blue: HP 70
--------------------------------------------------
Round 31
Select your action (0 for escape, 1 for skill, 2 for change): Select your next slime (0 for back, 2 for Green-HP80): Select your next slime (0 for back, 2 for Green-HP80): Select your next slime (0 for back, 2 for Green-HP80): Select your next slime (0 for back, 2 for Green-HP80): Select your next slime (0 for back, 2 for Green-HP80): Select your next slime (0 for back, 2 for Green-HP80): Select your next slime (0 for back, 2 for Green-HP80): Select your next slime (0 for back, 2 for Green-HP80): You send Green
Enemy's Blue uses Stream! Damage: 15
Your Green: HP 65 || Enemy's Blue: HP 70
--------------------------------------------------
Round 32
Select your action (0 for escape, 1 for skill, 2 for change): Select your next slime (0 for back, 3 for Red-HP10): Select your next slime (0 for back, 3 for Red-HP10): Select your next slime (0 for back, 3 for Red-HP10): You send Red
Enemy sends Green
Your Red: HP 10 || Enemy's Green: HP 72
--------------------------------------------------
Round 33
Select your action (0 for escape, 1 for skill, 2 for change): Select the skill (0 for back, 1 for Claw, 2 for Flame, 3 for Sunny): Enemy sends Blue
Your Red uses Flame! Damage: 4
Your Red: HP 10 || Enemy's Blue: HP 66
--------------------------------------------------
Round 34
Select your action (0 for escape, 1 for skill, 2 for change): Select your next slime (0 for back, 2 for Green-HP65): Select your next slime (0 for back, 2 for Green-HP65): Select your next slime (0 for back, 2 for Green-HP65): Select your next slime (0 for back, 2 for Green-HP65): Select your next slime (0 for back, 2 for Green-HP65): Select your next slime (0 for back, 2 for Green-HP65): You send Green
Enemy's Blue uses Stream! Damage: 15
Your Green: HP 50 || Enemy's Blue: HP 66
--------------------------------------------------
Weather becomes normal
Round 35
Select your action (0 for escape, 1 for skill, 2 for change): Select the skill (0 for back, 1 for Tackle, 2 for Leaf, 3 for Synthesis): Enemy's Blue uses Rainy! Weather becomes rainy
Your Green uses Leaf! Damage: 29
Your Green: HP 50 || Enemy's Blue: HP 37
--------------------------------------------------
Round 36
Select your action (0 for escape, 1 for skill, 2 for change): Select your action (0 for escape, 1 for skill, 2 for change): Select your next slime (0 for back, 3 for Red-HP10): Select your next slime (0 for back, 3 for Red-HP10): Select your next slime (0 for back, 3 for Red-HP10): Select your next slime (0 for back, 3 for Red-HP10): Select your next slime (0 for back, 3 for Red-HP10): You send Red
Enemy sends Green
Your Red: HP 10 || Enemy's Green: HP 72
--------------------------------------------------
Round 37
Select your action (0 for escape, 1 for skill, 2 for change): Select your action (0 for escape, 1 for skill, 2 for change): Select the skill (0 for back, 1 for Claw, 2 for Flame, 3 for Sunny): Enemy sends Blue
Your Red uses Sunny! Weather becomes sunny
Your Red: HP 10 || Enemy's Blue: HP 37
--------------------------------------------------
Round 38
Select your action (0 for escape, 1 for skill, 2 for change): Select the skill (0 for back, 1 for Claw, 2 for Flame, 3 for Sunny): Enemy's Blue uses Rainy! Weather becomes rainy
Your Red uses Flame! Damage: 4
Your Red: HP 10 || Enemy's Blue: HP 33
--------------------------------------------------
Round 39
Select your action (0 for escape, 1 for skill, 2 for change): Select your next slime (0 for back, 2 for Green-HP50): You send Green
Enemy's Blue uses Stream! Damage: 15
Your Green: HP 35 || Enemy's Blue: HP 33
--------------------------------------------------
Round 40
Select your action (0 for escape, 1 for skill, 2 for change): Select your next slime (0 for back, 3 for Red-HP10): You send Red
Enemy sends Green
Your Red: HP 10 || Enemy's Green: HP 72
--------------------------------------------------
Round 41
Select your action (0 for escape, 1 for skill, 2 for change): Select your next slime (0 for back, 2 for Green-HP35): Select your next slime (0 for back, 2 for Green-HP35): Select your next slime (0 for back, 2 for Green-HP35): Select your next slime (0 for back, 2 for Green-HP35): You send Green
Enemy sends Blue
Your Green: HP 35 || Enemy's Blue: HP 33
--------------------------------------------------
Round 42
Select your action (0 for escape, 1 for skill, 2 for change): Select your next slime (0 for back, 3 for Red-HP10): Select your next slime (0 for back, 3 for Red-HP10): Select your next slime (0 for back, 3 for Red-HP10): Select your next slime (0 for back, 3 for Red-HP10): You send Red
Enemy sends Green
Your Red: HP 10 || Enemy's Green: HP 72
--------------------------------------------------
Weather becomes normal
Round 43
Select your action (0 for escape, 1 for skill, 2 for change): Select your next slime (0 for back, 2 for Green-HP35): Select your next slime (0 for back, 2 for Green-HP35): Select your next slime (0 for back, 2 for Green-HP35): Select your next slime (0 for back, 2 for Green-HP35): Select your next slime (0 for back, 2 for Green-HP35): Select your next slime (0 for back, 2 for Green-HP35): Select your next slime (0 for back, 2 for Green-HP35): You send Green
Enemy sends Blue
Your Green: HP 35 || Enemy's Blue: HP 33
--------------------------------------------------
Round 44
Select your action (0 for escape, 1 for skill, 2 for change): Select the skill (0 for back, 1 for Tackle, 2 for Leaf, 3 for Synthesis): Enemy's Blue uses Rainy! Weather becomes rainy
Your Green uses Synthesis! Recovery: 22
Your Green: HP 57 || Enemy's Blue: HP 33
--------------------------------------------------
Round 45
Select your action (0 for escape, 1 for skill, 2 for change): Select your next slime (0 for back, 3 for Red-HP10): You send Red
Enemy sends Green
Your Red: HP 10 || Enemy's Green: HP 72
--------------------------------------------------
Round 46
Select your action (0 for escape, 1 for skill, 2 for change): Select your next slime (0 for back, 2 for Green-HP57): Select your next slime (0 for back, 2 for Green-HP57): You send Green
Enemy sends Blue
Your Green: HP 57 || Enemy's Blue: HP 33
--------------------------------------------------
Round 47
Select your action (0 for escape, 1 for skill, 2 for change): Select your next slime (0 for back, 3 for Red-HP10): You send Red
Enemy sends Green
Your Red: HP 10 || Enemy's Green: HP 72
--------------------------------------------------
Round 48
Select your action (0 for escape, 1 for skill, 2 for change): Select your action (0 for escape, 1 for skill, 2 for change): Select your action (0 for escape, 1 for skill, 2 for change): Select your next slime (0 for back, 2 for Green-HP57): Select your next slime (0 for back, 2 for Green-HP57): You send Green
Enemy sends Blue
Your Green: HP 57 || Enemy's Blue: HP 33
--------------------------------------------------
Weather becomes normal
Round 49
Select your action (0 for escape, 1 for skill, 2 for change): Select your action (0 for escape, 1 for skill, 2 for change): Select your next slime (0 for back, 3 for Red-HP10): Select your next slime (0 for back, 3 for Red-HP10): You send Red
Enemy's Blue uses Rainy! Weather becomes rainy
Your Red: HP 10 || Enemy's Blue: HP 33
--------------------------------------------------
Round 50
Select your action (0 for escape, 1 for skill, 2 for change): Select your action (0 for escape, 1 for skill, 2 for change): Select your action (0 for escape, 1 for skill, 2 for change): Select the skill (0 for back, 1 for Claw, 2 for Flame, 3 for Sunny): Your Red uses Sunny! Weather becomes sunny
Enemy's Blue uses Stream! Damage: 20
Your Red is beaten
Select your next slime (2 for Green-HP57): Select your next slime (2 for Green-HP57): You send Green
Your Green: HP 57 || Enemy's Blue: HP 33
--------------------------------------------------
Round 51
Select your action (0 for escape, 1 for skill): Select your action (0 for escape, 1 for skill): Select the skill (0 for back, 1 for Tackle, 2 for Leaf, 3 for Synthesis): Enemy's Blue uses Rainy! Weather becomes rainy
Your Green uses Tackle! Damage: 14
Your Green: HP 57 || Enemy's Blue: HP 19
--------------------------------------------------
Round 52
Select your action (0 for escape, 1 for skill): Select your action (0 for escape, 1 for skill): Select your action (0 for escape, 1 for skill): Select the skill (0 for back, 1 for Tackle, 2 for Leaf, 3 for Synthesis): Enemy sends Green
Your Green uses Synthesis! Recovery: 22
Your Green: HP 79 || Enemy's Green: HP 72
--------------------------------------------------
Round 53
Select your action (0 for escape, 1 for skill): Select the skill (0 for back, 1 for Tackle, 2 for Leaf, 3 for Synthesis): Enemy's Green uses Tackle! Damage: 20
Your Green uses Synthesis! Recovery: 22
Your Green: HP 81 || Enemy's Green: HP 72
--------------------------------------------------
Round 54
Select your action (0 for escape, 1 for skill): Select your action (0 for escape, 1 for skill): Select your action (0 for escape, 1 for skill): Select your action (0 for escape, 1 for skill): Select your action (0 for escape, 1 for skill): Select the skill (0 for back, 1 for Tackle, 2 for Leaf, 3 for Synthesis): Enemy's Green uses Tackle! Damage: 20
Your Green uses Synthesis! Recovery: 22
Your Green: HP 83 || Enemy's Green: HP 72
--------------------------------------------------
Round 55
Select your action (0 for escape, 1 for skill): Select your action (0 for escape, 1 for skill): Select the skill (0 for back, 1 for Tackle, 2 for Leaf, 3 for Synthesis): Enemy's Green uses Tackle! Damage: 20
Your Green uses Synthesis! Recovery: 22
Your Green: HP 85 || Enemy's Green: HP 72
--------------------------------------------------
Weather becomes normal
Round 56
Select your action (0 for escape, 1 for skill): Select your action (0 for escape, 1 for skill): Select your action (0 for escape, 1 for skill): Select your action (0 for escape, 1 for skill): Select the skill (0 for back, 1 for Tackle, 2 for Leaf, 3 for Synthesis): Enemy's Green uses Tackle! Damage: 20
Your Green uses Tackle! Damage: 20
Your Green: HP 65 || Enemy's Green: HP 52
--------------------------------------------------
Round 57
Select your action (0 for escape, 1 for skill): Select the skill (0 for back, 1 for Tackle, 2 for Leaf, 3 for Synthesis): Enemy's Green uses Synthesis! Recovery: 33
Your Green uses Tackle! Damage: 20
Your Green: HP 65 || Enemy's Green: HP 65
--------------------------------------------------
Round 58
Select your action (0 for escape, 1 for skill): Select your action (0 for escape, 1 for skill): Select your action (0 for escape, 1 for skill): Select your action (0 for escape, 1 for skill): Select your action (0 for escape, 1 for skill): Select your action (0 for escape, 1 for skill): Select your action (0 for escape, 1 for skill): Select your action (0 for escape, 1 for skill): Select the skill (0 for back, 1 for Tackle, 2 for Leaf, 3 for Synthesis): Enemy's Green uses Tackle! Damage: 20
Your Green uses Leaf! Damage: 10
Your Green: HP 45 || Enemy's Green: HP 55
--------------------------------------------------
Round 59
Select your action (0 for escape, 1 for skill): Select your action (0 for escape, 1 for skill): Select the skill (0 for back, 1 for Tackle, 2 for Leaf, 3 for Synthesis): Enemy's Green uses Tackle! Damage: 20
Your Green uses Tackle! Damage: 20
Your Green: HP 25 || Enemy's Green: HP 35
--------------------------------------------------
Round 60
Select your action (0 for escape, 1 for skill): Select your action (0 for escape, 1 for skill): Select your action (0 for escape, 1 for skill): Select your action (0 for escape, 1 for skill): Select your action (0 for escape, 1 for skill): Select your action (0 for escape, 1 for skill): Select your action (0 for escape, 1 for skill): Select the skill (0 for back, 1 for Tackle, 2 for Leaf, 3 for Synthesis): Enemy's Green uses Synthesis! Recovery: 33
Your Green uses Synthesis! Recovery: 33
Your Green: HP 58 || Enemy's Green: HP 68
--------------------------------------------------
Round 61
Select your action (0 for escape, 1 for skill): Select your action (0 for escape, 1 for skill): Select the skill (0 for back, 1 for Tackle, 2 for Leaf, 3 for Synthesis): Enemy's Green uses Tackle! Damage: 20
Your Green uses Tackle! Damage: 20
Your Green: HP 38 || Enemy's Green: HP 48
--------------------------------------------------
Round 62
Select your action (0 for escape, 1 for skill): Select the skill (0 for back, 1 for Tackle, 2 for Leaf, 3 for Synthesis): Enemy's Green uses Synthesis! Recovery: 33
Your Green uses Tackle! Damage: 20
Your Green: HP 38 || Enemy's Green: HP 61
--------------------------------------------------
Round 63
Select your action (0 for escape, 1 for skill): Select the skill (0 for back, 1 for Tackle, 2 for Leaf, 3 for Synthesis): Enemy's Green uses Tackle! Damage: 20
Your Green uses Synthesis! Recovery: 33
Your Green: HP 51 || Enemy's Green: HP 61
--------------------------------------------------
Round 64
Select your action (0 for escape, 1 for skill): Select the skill (0 for back, 1 for Tackle, 2 for Leaf, 3 for Synthesis): Enemy's Green uses Tackle! Damage: 20
Your Green uses Tackle! Damage: 20
Your Green: HP 31 || Enemy's Green: HP 41
--------------------------------------------------
Round 65
Select your action (0 for escape, 1 for skill): Select the skill (0 for back, 1 for Tackle, 2 for Leaf, 3 for Synthesis): Enemy's Green uses Synthesis! Recovery: 33
Your Green uses Synthesis! Recovery: 33
Your Green: HP 64 || Enemy's Green: HP 74
--------------------------------------------------
Round 66
Select your action (0 for escape, 1 for skill): Select your action (0 for escape, 1 for skill): Select your action (0 for escape, 1 for skill): Select the skill (0 for back, 1 for Tackle, 2 for Leaf, 3 for Synthesis): Enemy's Green uses Tackle! Damage: 20
Your Green uses Synthesis! Recovery: 33
Your Green: HP 77 || Enemy's Green: HP 74
--------------------------------------------------
Round 67
Select your action (0 for escape, 1 for skill): Select your action (0 for escape, 1 for skill): Select your action (0 for escape, 1 for skill): Select the skill (0 for back, 1 for Tackle, 2 for Leaf, 3 for Synthesis): Enemy's Green uses Tackle! Damage: 20
Your Green uses Synthesis! Recovery: 33
Your Green: HP 90 || Enemy's Green: HP 74
--------------------------------------------------
Round 68
Select your action (0 for escape, 1 for skill): Select the skill (0 for back, 1 for Tackle, 2 for Leaf, 3 for Synthesis): Enemy's Green uses Tackle! Damage: 20
Your Green uses Leaf! Damage: 10
Your Green: HP 70 || Enemy's Green: HP 64
--------------------------------------------------
Round 69
Select your action (0 for escape, 1 for skill): Select the skill (0 for back, 1 for Tackle, 2 for Leaf, 3 for Synthesis): Enemy's Green uses Tackle! Damage: 20
Your Green uses Synthesis! Recovery: 33
Your Green: HP 83 || Enemy's Green: HP 64
--------------------------------------------------
Round 70
Select your action (0 for escape, 1 for skill): Select your action (0 for escape, 1 for skill): Select your action (0 for escape, 1 for skill): Select your action (0 for escape, 1 for skill): Select your action (0 for escape, 1 for skill): Select the skill (0 for back, 1 for Tackle, 2 for Leaf, 3 for Synthesis): Enemy's Green uses Tackle! Damage: 20
Your Green uses Leaf! Damage: 10
Your Green: HP 63 || Enemy's Green: HP 54
--------------------------------------------------
Round 71
Select your action (0 for escape, 1 for skill): Select your action (0 for escape, 1 for skill): Select your action (0 for escape, 1 for skill): Select your action (0 for escape, 1 for skill): Select your action (0 for escape, 1 for skill): Select the skill (0 for back, 1 for Tackle, 2 for Leaf, 3 for Synthesis): Enemy's Green uses Synthesis! Recovery: 33
Your Green uses Leaf! Damage: 10
Your Green: HP 63 || Enemy's Green: HP 77
--------------------------------------------------
Round 72
Select your action (0 for escape, 1 for skill): Select the skill (0 for back, 1 for Tackle, 2 for Leaf, 3 for Synthesis): Enemy's Green uses Tackle! Damage: 20
Your Green uses Leaf! Damage: 10
Your Green: HP 43 || Enemy's Green: HP 67
--------------------------------------------------
Round 73
Select your action (0 for escape, 1 for skill): Select your action (0 for escape, 1 for skill): Select the skill (0 for back, 1 for Tackle, 2 for Leaf, 3 for Synthesis): Enemy's Green uses Tackle! Damage: 20
Your Green uses Synthesis! Recovery: 33
Your Green: HP 56 || Enemy's Green: HP 67
--------------------------------------------------
Round 74
Select your action (0 for escape, 1 for skill): Select your action (0 for escape, 1 for skill): Select your action (0 for escape, 1 for skill): Select your action (0 for escape, 1 for skill): Select your action (0 for escape, 1 for skill): Select your action (0 for escape, 1 for skill): Select your action (0 for escape, 1 for skill): Select the skill (0 for back, 1 for Tackle, 2 for Leaf, 3 for Synthesis): Enemy's Green uses Tackle! Damage: 20
Your Green uses Leaf! Damage: 10
Your Green: HP 36 || Enemy's Green: HP 57
--------------------------------------------------
Round 75
Select your action (0 for escape, 1 for skill): Select your action (0 for escape, 1 for skill): Select your action (0 for escape, 1 for skill): Select your action (0 for escape, 1 for skill): Select the skill (0 for back, 1 for Tackle, 2 for Leaf, 3 for Synthesis): Enemy's Green uses Tackle! Damage: 20
Your Green uses Leaf! Damage: 10
Your Green: HP 16 || Enemy's Green: HP 47
--------------------------------------------------
Round 76
Select your action (0 for escape, 1 for skill): Select the skill (0 for back, 1 for Tackle, 2 for Leaf, 3 for Synthesis): Enemy's Green uses Synthesis! Recovery: 33
Your Green uses Tackle! Damage: 20
Your Green: HP 16 || Enemy's Green: HP 60
--------------------------------------------------
Round 77
Select your action (0 for escape, 1 for skill): Select your action (0 for escape, 1 for skill): Select your action (0 for escape, 1 for skill): Select your action (0 for escape, 1 for skill): Select the skill (0 for back, 1 for Tackle, 2 for Leaf, 3 for Synthesis): Enemy's Green uses Tackle! Damage: 20
Your Green is beaten
You Lose
