Welcome to Battle of Slimes 2!
Enemy has Green, Blue and Yellow, starting with Blue.
You can select three from five (1 for Green, 2 for Red, 3 for Blue, 4 for Yellow, 5 for Pink).
Select your 1st slime: Select your 2nd slime: Select your 3rd slime: You have Green, Blue and Red, starting with Green
Your Green: HP 110 || Enemy's Blue: HP 100
Battle starts!
--------------------------------------------------
Round 1
Select your action (0 for escape, 1 for skill, 2 for change): Select your next slime (0 for back, 2 for Blue-HP100, 3 for Red-HP100): You send Red
Enemy's Blue uses Rainy! Weather becomes rainy
Your Red: HP 100 || Enemy's Blue: HP 100
--------------------------------------------------
Round 2
Select your action (0 for escape, 1 for skill, 2 for change): Select your next slime (0 for back, 1 for Green-HP110, 2 for Blue-HP100): You send Blue
Enemy's Blue uses Stream! Damage: 11
Your Blue: HP 89 || Enemy's Blue: HP 100
--------------------------------------------------
Round 3
Select your action (0 for escape, 1 for skill, 2 for change): Select the skill (0 for back, 1 for Tackle, 2 for Stream, 3 for Rainy): Enemy's Blue uses Tackle! Damage: 14
Your Blue uses Stream! Damage: 11
Your Blue: HP 75 || Enemy's Blue: HP 89
--------------------------------------------------
Round 4
Select your action (0 for escape, 1 for skill, 2 for change): Select your next slime (0 for back, 1 for Green-HP110, 3 for Red-HP100): You send Green
Enemy's Blue uses Tackle! Damage: 20
Your Green: HP 90 || Enemy's Blue: HP 89
--------------------------------------------------
Round 5
Select your action (0 for escape, 1 for skill, 2 for change): Select your action (0 for escape, 1 for skill, 2 for change): Select your next slime (0 for back, 2 for Blue-HP75, 3 for Red-HP100): You send Blue
Enemy sends Green
Your Blue: HP 75 || Enemy's Green: HP 110
--------------------------------------------------
Weather becomes normal
Round 6
Select your action (0 for escape, 1 for skill, 2 for change): Select your action (0 for escape, 1 for skill, 2 for change): Select the skill (0 for back, 1 for Tackle, 2 for Stream, 3 for Rainy): Enemy's Green uses Leaf! Damage: 29
Your Blue uses Stream! Damage: 10
Your Blue: HP 46 || Enemy's Green: HP 100
--------------------------------------------------
Round 7
Select your action (0 for escape, 1 for skill, 2 for change): Select your next slime (0 for back, 1 for Green-HP90, 3 for Red-HP100): You send Red
Enemy's Green uses Leaf! Damage: 10
Your Red: HP 90 || Enemy's Green: HP 100
--------------------------------------------------
Round 8
Select your action (0 for escape, 1 for skill, 2 for change): Select your action (0 for escape, 1 for skill, 2 for change): Select your next slime (0 for back, 1 for Green-HP90, 2 for Blue-HP46): You send Blue
Enemy sends Blue
Your Blue: HP 46 || Enemy's Blue: HP 89
--------------------------------------------------
Round 9
Select your action (0 for escape, 1 for skill, 2 for change): Select your next slime (0 for back, 1 for Green-HP90, 3 for Red-HP90): Select your next slime (0 for back, 1 for Green-HP90, 3 for Red-HP90): Select your next slime (0 for back, 1 for Green-HP90, 3 for Red-HP90): Select your next slime (0 for back, 1 for Green-HP90, 3 for Red-HP90): You send Green
Enemy's Blue uses Tackle! Damage: 20
Your Green: HP 70 || Enemy's Blue: HP 89
--------------------------------------------------
Round 10
Select your action (0 for escape, 1 for skill, 2 for change): Select your action (0 for escape, 1 for skill, 2 for change): Select the skill (0 for back, 1 for Tackle, 2 for Leaf, 3 for Synthesis): Enemy's Blue uses Rainy! Weather becomes rainy
Your Green uses Tackle! Damage: 14
Your Green: HP 70 || Enemy's Blue: HP 75
--------------------------------------------------
Round 11
Select your action (0 for escape, 1 for skill, 2 for change): Select the skill (0 for back, 1 for Tackle, 2 for Leaf, 3 for Synthesis): Enemy sends Green
Your Green uses Synthesis! Recovery: 22
Your Green: HP 92 || Enemy's Green: HP 100
--------------------------------------------------
Round 12
Select your action (0 for escape, 1 for skill, 2 for change): Select your action (0 for escape, 1 for skill, 2 for change): Select your action (0 for escape, 1 for skill, 2 for change): Select your next slime (0 for back, 2 for Blue-HP46, 3 for Red-HP90): You send Blue
Enemy's Green uses Tackle! Damage: 14
Your Blue: HP 32 || Enemy's Green: HP 100
--------------------------------------------------
Round 13
Select your action (0 for escape, 1 for skill, 2 for change): Select the skill (0 for back, 1 for Tackle, 2 for Stream, 3 for Rainy): Enemy's Green uses Leaf! Damage: 29
Your Blue uses Tackle! Damage: 20
Your Blue: HP 3 || Enemy's Green: HP 80
--------------------------------------------------
Round 14
Select your action (0 for escape, 1 for skill, 2 for change): Select your next slime (0 for back, 1 for Green-HP92, 3 for Red-HP90): You send Green
Enemy's Green uses Leaf! Damage: 10
Your Green: HP 82 || Enemy's Green: HP 80
--------------------------------------------------
Weather becomes normal
Round 15
Select your action (0 for escape, 1 for skill, 2 for change): Select your action (0 for escape, 1 for skill, 2 for change): Select your next slime (0 for back, 2 for Blue-HP3, 3 for Red-HP90): You send Red
Enemy's Green uses Tackle! Damage: 20
Your Red: HP 70 || Enemy's Green: HP 80
--------------------------------------------------
Round 16
Select your action (0 for escape, 1 for skill, 2 for change): Select your next slime (0 for back, 1 for Green-HP82, 2 for Blue-HP3): You send Green
Enemy sends Blue
Your Green: HP 82 || Enemy's Blue: HP 75
--------------------------------------------------
Round 17
Select your action (0 for escape, 1 for skill, 2 for change): Select the skill (0 for back, 1 for Tackle, 2 for Leaf, 3 for Synthesis): Enemy's Blue uses Rainy! Weather becomes rainy
Your Green uses Synthesis! Recovery: 22
Your Green: HP 104 || Enemy's Blue: HP 75
--------------------------------------------------
Round 18
Select your action (0 for escape, 1 for skill, 2 for change): Select the skill (0 for back, 1 for Tackle, 2 for Leaf, 3 for Synthesis): Enemy sends Green
Your Green uses Tackle! Damage: 20
Your Green: HP 104 || Enemy's Green: HP 60
--------------------------------------------------
Round 19
Select your action (0 for escape, 1 for skill, 2 for change): Select your next slime (0 for back, 2 for Blue-HP3, 3 for Red-HP70): You send Red
Enemy's Green uses Tackle! Damage: 20
Your Red: HP 50 || Enemy's Green: HP 60
--------------------------------------------------
Round 20
Select your action (0 for escape, 1 for skill, 2 for change): Select the skill (0 for back, 1 for Claw, 2 for Flame, 3 for Sunny): Enemy sends Blue
Your Red uses Flame! Damage: 4
Your Red: HP 50 || Enemy's Blue: HP 71
--------------------------------------------------
Round 21
Select your action (0 for escape, 1 for skill, 2 for change): Select the skill (0 for back, 1 for Claw, 2 for Flame, 3 for Sunny): Your Red uses Sunny! Weather becomes sunny
Enemy's Blue uses Stream! Damage: 20
Your Red: HP 30 || Enemy's Blue: HP 71
--------------------------------------------------
Round 22
Select your action (0 for escape, 1 for skill, 2 for change): Select the skill (0 for back, 1 for Claw, 2 for Flame, 3 for Sunny): Enemy's Blue uses Rainy! Weather becomes rainy
Your Red uses Flame! Damage: 4
Your Red: HP 30 || Enemy's Blue: HP 67
--------------------------------------------------
Round 23
Select your action (0 for escape, 1 for skill, 2 for change): Select your action (0 for escape, 1 for skill, 2 for change): Select your action (0 for escape, 1 for skill, 2 for change): Select your action (0 for escape, 1 for skill, 2 for change): Select your next slime (0 for back, 1 for Green-HP104, 2 for Blue-HP3): You send Green
Enemy's Blue uses Stream! Damage: 15
Your Green: HP 89 || Enemy's Blue: HP 67
--------------------------------------------------
Round 24
Select your action (0 for escape, 1 for skill, 2 for change): Select the skill (0 for back, 1 for Tackle, 2 for Leaf, 3 for Synthesis): Enemy sends Green
Your Green uses Tackle! Damage: 20
Your Green: HP 89 || Enemy's Green: HP 40
--------------------------------------------------
Round 25
Select your action (0 for escape, 1 for skill, 2 for change): Select your action (0 for escape, 1 for skill, 2 for change): Select the skill (0 for back, 1 for Tackle, 2 for Leaf, 3 for Synthesis): Enemy's Green uses Synthesis! Recovery: 22
Your Green uses Synthesis! Recovery: 22
Your Green: HP 110 || Enemy's Green: HP 62
--------------------------------------------------
Round 26
Select your action (0 for escape, 1 for skill, 2 for change): Select your action (0 for escape, 1 for skill, 2 for change): Select your next slime (0 for back, 2 for Blue-HP3, 3 for Red-HP30): You send Red
Enemy's Green uses Tackle! Damage: 20
Your Red: HP 10 || Enemy's Green: HP 62
--------------------------------------------------
Weather becomes normal
Round 27
Select your action (0 for escape, 1 for skill, 2 for change): Select your next slime (0 for back, 1 for Green-HP110, 2 for Blue-HP3): You send Green
Enemy sends Blue
Your Green: HP 110 || Enemy's Blue: HP 67
--------------------------------------------------
Round 28
Select your action (0 for escape, 1 for skill, 2 for change): Select your action (0 for escape, 1 for skill, 2 for change): Select your action (0 for escape, 1 for skill, 2 for change): Select your next slime (0 for back, 2 for Blue-HP3, 3 for Red-HP10): You send Red
Enemy's Blue uses Rainy! Weather becomes rainy
Your Red: HP 10 || Enemy's Blue: HP 67
--------------------------------------------------
Round 29
Select your action (0 for escape, 1 for skill, 2 for change): Select your next slime (0 for back, 1 for Green-HP110, 2 for Blue-HP3): Select your next slime (0 for back, 1 for Green-HP110, 2 for Blue-HP3): You send Green
Enemy's Blue uses Stream! Damage: 15
Your Green: HP 95 || Enemy's Blue: HP 67
--------------------------------------------------
Round 30
Select your action (0 for escape, 1 for skill, 2 for change): Select your action (0 for escape, 1 for skill, 2 for change): Select the skill (0 for back, 1 for Tackle, 2 for Leaf, 3 for Synthesis): Enemy sends Green
Your Green uses Leaf! Damage: 10
Your Green: HP 95 || Enemy's Green: HP 52
--------------------------------------------------
Round 31
Select your action (0 for escape, 1 for skill, 2 for change): Select the skill (0 for back, 1 for Tackle, 2 for Leaf, 3 for Synthesis): Enemy's Green uses Synthesis! Recovery: 22
Your Green uses Leaf! Damage: 10
Your Green: HP 95 || Enemy's Green: HP 64
--------------------------------------------------
Round 32
Select your action (0 for escape, 1 for skill, 2 for change): Select your next slime (0 for back, 2 for Blue-HP3, 3 for Red-HP10): Select your next slime (0 for back, 2 for Blue-HP3, 3 for Red-HP10): Select your next slime (0 for back, 2 for Blue-HP3, 3 for Red-HP10): Select your next slime (0 for back, 2 for Blue-HP3, 3 for Red-HP10): You send Blue
Enemy's Green uses Tackle! Damage: 14
Your Blue is beaten
Select your next slime (1 for Green-HP95, 3 for Red-HP10): Select your next slime (1 for Green-HP95, 3 for Red-HP10): You send Green
Your Green: HP 95 || Enemy's Green: HP 64
--------------------------------------------------
Weather becomes normal
Round 33
Select your action (0 for escape, 1 for skill, 2 for change): Select the skill (0 for back, 1 for Tackle, 2 for Leaf, 3 for Synthesis): Enemy's Green uses Tackle! Damage: 20
Your Green uses Leaf! Damage: 10
Your Green: HP 75 || Enemy's Green: HP 54
--------------------------------------------------
Round 34
Select your action (0 for escape, 1 for skill, 2 for change): Select your action (0 for escape, 1 for skill, 2 for change): Select the skill (0 for back, 1 for Tackle, 2 for Leaf, 3 for Synthesis): Enemy's Green uses Synthesis! Recovery: 33
Your Green uses Synthesis! Recovery: 33
Your Green: HP 108 || Enemy's Green: HP 87
--------------------------------------------------
Round 35
Select your action (0 for escape, 1 for skill, 2 for change): Select your action (0 for escape, 1 for skill, 2 for change): Select your next slime (0 for back, 3 for Red-HP10): You send Red
Enemy's Green uses Tackle! Damage: 20
Your Red is beaten
Select your next slime (1 for Green-HP108): You send Green
Your Green: HP 108 || Enemy's Green: HP 87
--------------------------------------------------
Round 36
Select your action (0 for escape, 1 for skill): Select your action (0 for escape, 1 for skill): Select your action (0 for escape, 1 for skill): Select the skill (0 for back, 1 for Tackle, 2 for Leaf, 3 for Synthesis): Enemy's Green uses Tackle! Damage: 20
Your Green uses Synthesis! Recovery: 33
Your Green: HP 110 || Enemy's Green: HP 87
--------------------------------------------------
Round 37
Select your action (0 for escape, 1 for skill): Select your action (0 for escape, 1 for skill): Select the skill (0 for back, 1 for Tackle, 2 for Leaf, 3 for Synthesis): Enemy's Green uses Tackle! Damage: 20
Your Green uses Tackle! Damage: 20
Your Green: HP 90 || Enemy's Green: HP 67
--------------------------------------------------
Round 38
Select your action (0 for escape, 1 for skill): Select the skill (0 for back, 1 for Tackle, 2 for Leaf, 3 for Synthesis): Enemy's Green uses Tackle! Damage: 20
Your Green uses Synthesis! Recovery: 33
Your Green: HP 103 || Enemy's Green: HP 67
--------------------------------------------------
Round 39
Select your action (0 for escape, 1 for skill): Select your action (0 for escape, 1 for skill): Select your action (0 for escape, 1 for skill): Select the skill (0 for back, 1 for Tackle, 2 for Leaf, 3 for Synthesis): Enemy's Green uses Tackle! Damage: 20
Your Green uses Tackle! Damage: 20
Your Green: HP 83 || Enemy's Green: HP 47
--------------------------------------------------
Round 40
Select your action (0 for escape, 1 for skill): Select your action (0 for escape, 1 for skill): Select the skill (0 for back, 1 for Tackle, 2 for Leaf, 3 for Synthesis): Enemy's Green uses Synthesis! Recovery: 33
Your Green uses Leaf! Damage: 10
Your Green: HP 83 || Enemy's Green: HP 70
--------------------------------------------------
Round 41
Select your action (0 for escape, 1 for skill): Select the skill (0 for back, 1 for Tackle, 2 for Leaf, 3 for Synthesis): Enemy's Green uses Tackle! Damage: 20
Your Green uses Tackle! Damage: 20
Your Green: HP 63 || Enemy's Green: HP 50
--------------------------------------------------
Round 42
Select your action (0 for escape, 1 for skill): Select your action (0 for escape, 1 for skill): Select your action (0 for escape, 1 for skill): Select your action (0 for escape, 1 for skill): Select your action (0 for escape, 1 for skill): Select your action (0 for escape, 1 for skill): Select the skill (0 for back, 1 for Tackle, 2 for Leaf, 3 for Synthesis): Enemy's Green uses Synthesis! Recovery: 33
Your Green uses Tackle! Damage: 20
Your Green: HP 63 || Enemy's Green: HP 63
--------------------------------------------------
Round 43
Select your action (0 for escape, 1 for skill): Select the skill (0 for back, 1 for Tackle, 2 for Leaf, 3 for Synthesis): Enemy's Green uses Tackle! Damage: 20
Your Green uses Synthesis! Recovery: 33
Your Green: HP 76 || Enemy's Green: HP 63
--------------------------------------------------
Round 44
Select your action (0 for escape, 1 for skill): Select the skill (0 for back, 1 for Tackle, 2 for Leaf, 3 for Synthesis): Enemy's Green uses Tackle! Damage: 20
Your Green uses Leaf! Damage: 10
Your Green: HP 56 || Enemy's Green: HP 53
--------------------------------------------------
Round 45
Select your action (0 for escape, 1 for skill): Select the skill (0 for back, 1 for Tackle, 2 for Leaf, 3 for Synthesis): Enemy's Green uses Synthesis! Recovery: 33
Your Green uses Tackle! Damage: 20
Your Green: HP 56 || Enemy's Green: HP 66
--------------------------------------------------
Round 46
Select your action (0 for escape, 1 for skill): Select the skill (0 for back, 1 for Tackle, 2 for Leaf, 3 for Synthesis): Enemy's Green uses Tackle! Damage: 20
Your Green uses Synthesis! Recovery: 33
Your Green: HP 69 || Enemy's Green: HP 66
--------------------------------------------------
Round 47
Select your action (0 for escape, 1 for skill): Select your action (0 for escape, 1 for skill): Select your action (0 for escape, 1 for skill): Select your action (0 for escape, 1 for skill): Select your action (0 for escape, 1 for skill): Select your action (0 for escape, 1 for skill): Select your action (0 for escape, 1 for skill): Select the skill (0 for back, 1 for Tackle, 2 for Leaf, 3 for Synthesis): Enemy's Green uses Tackle! Damage: 20
Your Green uses Tackle! Damage: 20
Your Green: HP 49 || Enemy's Green: HP 46
--------------------------------------------------
Round 48
Select your action (0 for escape, 1 for skill): Select your action (0 for escape, 1 for skill): Select your action (0 for escape, 1 for skill): Select the skill (0 for back, 1 for Tackle, 2 for Leaf, 3 for Synthesis): Enemy's Green uses Synthesis! Recovery: 33
Your Green uses Synthesis! Recovery: 33
Your Green: HP 82 || Enemy's Green: HP 79
--------------------------------------------------
Round 49
Select your action (0 for escape, 1 for skill): Select your action (0 for escape, 1 for skill): Select your action (0 for escape, 1 for skill): Select your action (0 for escape, 1 for skill): Select your action (0 for escape, 1 for skill): Select your action (0 for escape, 1 for skill): Select your action (0 for escape, 1 for skill): Select your action (0 for escape, 1 for skill): Select the skill (0 for back, 1 for Tackle, 2 for Leaf, 3 for Synthesis): Enemy's Green uses Tackle! Damage: 20
Your Green uses Tackle! Damage: 20
Your Green: HP 62 || Enemy's Green: HP 59
--------------------------------------------------
Round 50
Select your action (0 for escape, 1 for skill): Select the skill (0 for back, 1 for Tackle, 2 for Leaf, 3 for Synthesis): Enemy's Green uses Tackle! Damage: 20
Your Green uses Tackle! Damage: 20
Your Green: HP 42 || Enemy's Green: HP 39
--------------------------------------------------
Round 51
Select your action (0 for escape, 1 for skill): Select your action (0 for escape, 1 for skill): Select your action (0 for escape, 1 for skill): Select the skill (0 for back, 1 for Tackle, 2 for Leaf, 3 for Synthesis): Enemy's Green uses Synthesis! Recovery: 33
Your Green uses Leaf! Damage: 10
Your Green: HP 42 || Enemy's Green: HP 62
--------------------------------------------------
Round 52
Select your action (0 for escape, 1 for skill): Select your action (0 for escape, 1 for skill): Select your action (0 for escape, 1 for skill): Select your action (0 for escape, 1 for skill): Select your action (0 for escape, 1 for skill): Select the skill (0 for back, 1 for Tackle, 2 for Leaf, 3 for Synthesis): Enemy's Green uses Tackle! Damage: 20
Your Green uses Synthesis! Recovery: 33
Your Green: HP 55 || Enemy's Green: HP 62
--------------------------------------------------
Round 53
Select your action (0 for escape, 1 for skill): Select your action (0 for escape, 1 for skill): Select your action (0 for escape, 1 for skill): Select your action (0 for escape, 1 for skill): Select the skill (0 for back, 1 for Tackle, 2 for Leaf, 3 for Synthesis): Enemy's Green uses Tackle! Damage: 20
Your Green uses Tackle! Damage: 20
Your Green: HP 35 || Enemy's Green: HP 42
--------------------------------------------------
Round 54
Select your action (0 for escape, 1 for skill): Select your action (0 for escape, 1 for skill): Select your action (0 for escape, 1 for skill): Select your action (0 for escape, 1 for skill): Select the skill (0 for back, 1 for Tackle, 2 for Leaf, 3 for Synthesis): Enemy's Green uses Synthesis! Recovery: 33
Your Green uses Synthesis! Recovery: 33
Your Green: HP 68 || Enemy's Green: HP 75
--------------------------------------------------
Round 55
Select your action (0 for escape, 1 for skill): Select your action (0 for escape, 1 for skill): Select your action (0 for escape, 1 for skill): Select the skill (0 for back, 1 for Tackle, 2 for Leaf, 3 for Synthesis): Enemy's Green uses Tackle! Damage: 20
Your Green uses Tackle! Damage: 20
Your Green: HP 48 || Enemy's Green: HP 55
--------------------------------------------------
Round 56
Select your action (0 for escape, 1 for skill): Select the skill (0 for back, 1 for Tackle, 2 for Leaf, 3 for Synthesis): Enemy's Green uses Tackle! Damage: 20
Your Green uses Synthesis! Recovery: 33
Your Green: HP 61 || Enemy's Green: HP 55
--------------------------------------------------
Round 57
Select your action (0 for escape, 1 for skill): Select the skill (0 for back, 1 for Tackle, 2 for Leaf, 3 for Synthesis): Enemy's Green uses Tackle! Damage: 20
Your Green uses Synthesis! Recovery: 33
Your Green: HP 74 || Enemy's Green: HP 55
--------------------------------------------------
Round 58
Select your action (0 for escape, 1 for skill): Select your action (0 for escape, 1 for skill): Select your action (0 for escape, 1 for skill): Select the skill (0 for back, 1 for Tackle, 2 for Leaf, 3 for Synthesis): Enemy's Green uses Tackle! Damage: 20
Your Green uses Synthesis! Recovery: 33
Your Green: HP 87 || Enemy's Green: HP 55
--------------------------------------------------
Round 59
Select your action (0 for escape, 1 for skill): Select the skill (0 for back, 1 for Tackle, 2 for Leaf, 3 for Synthesis): Enemy's Green uses Tackle! Damage: 20
Your Green uses Synthesis! Recovery: 33
Your Green: HP 100 || Enemy's Green: HP 55
--------------------------------------------------
Round 60
Select your action (0 for escape, 1 for skill): Select your action (0 for escape, 1 for skill): Select the skill (0 for back, 1 for Tackle, 2 for Leaf, 3 for Synthesis): Enemy's Green uses Tackle! Damage: 20
Your Green uses Tackle! Damage: 20
Your Green: HP 80 || Enemy's Green: HP 35
--------------------------------------------------
Round 61
Select your action (0 for escape, 1 for skill): Select your action (0 for escape, 1 for skill): Select your action (0 for escape, 1 for skill): Select your action (0 for escape, 1 for skill): Select the skill (0 for back, 1 for Tackle, 2 for Leaf, 3 for Synthesis): Enemy's Green uses Synthesis! Recovery: 33
Your Green uses Synthesis! Recovery: 33
Your Green: HP 110 || Enemy's Green: HP 68
--------------------------------------------------
Round 62
Select your action (0 for escape, 1 for skill): Select your action (0 for escape, 1 for skill): Select your action (0 for escape, 1 for skill): Select your action (0 for escape, 1 for skill): Select your action (0 for escape, 1 for skill): Select your action (0 for escape, 1 for skill): Select the skill (0 for back, 1 for Tackle, 2 for Leaf, 3 for Synthesis): Enemy's Green uses Tackle! Damage: 20
Your Green uses Synthesis! Recovery: 33
Your Green: HP 110 || Enemy's Green: HP 68
--------------------------------------------------
Round 63
Select your action (0 for escape, 1 for skill): Select your action (0 for escape, 1 for skill): Select your action (0 for escape, 1 for skill): Select the skill (0 for back, 1 for Tackle, 2 for Leaf, 3 for Synthesis): Enemy's Green uses Tackle! Damage: 20
Your Green uses Synthesis! Recovery: 33
Your Green: HP 110 || Enemy's Green: HP 68
--------------------------------------------------
Round 64
Select your action (0 for escape, 1 for skill): Select the skill (0 for back, 1 for Tackle, 2 for Leaf, 3 for Synthesis): Enemy's Green uses Tackle! Damage: 20
Your Green uses Synthesis! Recovery: 33
Your Green: HP 110 || Enemy's Green: HP 68
--------------------------------------------------
Round 65
Select your action (0 for escape, 1 for skill): Select the skill (0 for back, 1 for Tackle, 2 for Leaf, 3 for Synthesis): Enemy's Green uses Tackle! Damage: 20
Your Green uses Leaf! Damage: 10
Your Green: HP 90 || Enemy's Green: HP 58
--------------------------------------------------
Round 66
Select your action (0 for escape, 1 for skill): Select your action (0 for escape, 1 for skill): Select the skill (0 for back, 1 for Tackle, 2 for Leaf, 3 for Synthesis): Enemy's Green uses Tackle! Damage: 20
Your Green uses Synthesis! Recovery: 33
Your Green: HP 103 || Enemy's Green: HP 58
--------------------------------------------------
Round 67
Select your action (0 for escape, 1 for skill): Select the skill (0 for back, 1 for Tackle, 2 for Leaf, 3 for Synthesis): Enemy's Green uses Tackle! Damage: 20
Your Green uses Leaf! Damage: 10
Your Green: HP 83 || Enemy's Green: HP 48
--------------------------------------------------
Round 68
Select your action (0 for escape, 1 for skill): Select the skill (0 for back, 1 for Tackle, 2 for Leaf, 3 for Synthesis): Enemy's Green uses Synthesis! Recovery: 33
Your Green uses Synthesis! Recovery: 33
Your Green: HP 110 || Enemy's Green: HP 81
--------------------------------------------------
Round 69
Select your action (0 for escape, 1 for skill): Select the skill (0 for back, 1 for Tackle, 2 for Leaf, 3 for Synthesis): Enemy's Green uses Tackle! Damage: 20
Your Green uses Tackle! Damage: 20
Your Green: HP 90 || Enemy's Green: HP 61
--------------------------------------------------
Round 70
Select your action (0 for escape, 1 for skill): Select the skill (0 for back, 1 for Tackle, 2 for Leaf, 3 for Synthesis): Enemy's Green uses Tackle! Damage: 20
Your Green uses Leaf! Damage: 10
Your Green: HP 70 || Enemy's Green: HP 51
--------------------------------------------------
Round 71
Select your action (0 for escape, 1 for skill): Select your action (0 for escape, 1 for skill): Select your action (0 for escape, 1 for skill): Select your action (0 for escape, 1 for skill): Select your action (0 for escape, 1 for skill): Select your action (0 for escape, 1 for skill): Select the skill (0 for back, 1 for Tackle, 2 for Leaf, 3 for Synthesis): Enemy's Green uses Synthesis! Recovery: 33
Your Green uses Tackle! Damage: 20
Your Green: HP 70 || Enemy's Green: HP 64
--------------------------------------------------
Round 72
Select your action (0 for escape, 1 for skill): Select the skill (0 for back, 1 for Tackle, 2 for Leaf, 3 for Synthesis): Enemy's Green uses Tackle! Damage: 20
Your Green uses Tackle! Damage: 20
Your Green: HP 50 || Enemy's Green: HP 44
--------------------------------------------------
Round 73
Select your action (0 for escape, 1 for skill): Select the skill (0 for back, 1 for Tackle, 2 for Leaf, 3 for Synthesis): Enemy's Green uses Synthesis! Recovery: 33
Your Green uses Tackle! Damage: 20
Your Green: HP 50 || Enemy's Green: HP 57
--------------------------------------------------
Round 74
Select your action (0 for escape, 1 for skill): Select your action (0 for escape, 1 for skill): Select your action (0 for escape, 1 for skill): Select the skill (0 for back, 1 for Tackle, 2 for Leaf, 3 for Synthesis): Enemy's Green uses Tackle! Damage: 20
Your Green uses Tackle! Damage: 20
Your Green: HP 30 || Enemy's Green: HP 37
--------------------------------------------------
Round 75
Select your action (0 for escape, 1 for skill): Select your action (0 for escape, 1 for skill): Select the skill (0 for back, 1 for Tackle, 2 for Leaf, 3 for Synthesis): Enemy's Green uses Synthesis! Recovery: 33
Your Green uses Leaf! Damage: 10
Your Green: HP 30 || Enemy's Green: HP 60
--------------------------------------------------
Round 76
Select your action (0 for escape, 1 for skill): Select your action (0 for escape, 1 for skill): Select the skill (0 for back, 1 for Tackle, 2 for Leaf, 3 for Synthesis): Enemy's Green uses Tackle! Damage: 20
Your Green uses Synthesis! Recovery: 33
Your Green: HP 43 || Enemy's Green: HP 60
--------------------------------------------------
Round 77
Select your action (0 for escape, 1 for skill): Select the skill (0 for back, 1 for Tackle, 2 for Leaf, 3 for Synthesis): Enemy's Green uses Tackle! Damage: 20
Your Green uses Leaf! Damage: 10
Your Green: HP 23 || Enemy's Green: HP 50
--------------------------------------------------
Round 78
Select your action (0 for escape, 1 for skill): Select the skill (0 for back, 1 for Tackle, 2 for Leaf, 3 for Synthesis): Enemy's Green uses Synthesis! Recovery: 33
Your Green uses Leaf! Damage: 10
Your Green: HP 23 || Enemy's Green: HP 73
--------------------------------------------------
Round 79
Select your action (0 for escape, 1 for skill): Select your action (0 for escape, 1 for skill): Select your action (0 for escape, 1 for skill): Select your action (0 for escape, 1 for skill): Select the skill (0 for back, 1 for Tackle, 2 for Leaf, 3 for Synthesis): Enemy's Green uses Tackle! Damage: 20
Your Green uses Tackle! Damage: 20
Your Green: HP 3 || Enemy's Green: HP 53
--------------------------------------------------
Round 80
Select your action (0 for escape, 1 for skill): Select your action (0 for escape, 1 for skill): Select the skill (0 for back, 1 for Tackle, 2 for Leaf, 3 for Synthesis): Enemy's Green uses Synthesis! Recovery: 33
Your Green uses Synthesis! Recovery: 33
Your Green: HP 36 || Enemy's Green: HP 86
--------------------------------------------------
Round 81
Select your action (0 for escape, 1 for skill): Select your action (0 for escape, 1 for skill): Select your action (0 for escape, 1 for skill): Select your action (0 for escape, 1 for skill): Select your action (0 for escape, 1 for skill): Select your action (0 for escape, 1 for skill): Select the skill (0 for back, 1 for Tackle, 2 for Leaf, 3 for Synthesis): Enemy's Green uses Tackle! Damage: 20
Your Green uses Synthesis! Recovery: 33
Your Green: HP 49 || Enemy's Green: HP 86
--------------------------------------------------
Round 82
Select your action (0 for escape, 1 for skill): Select the skill (0 for back, 1 for Tackle, 2 for Leaf, 3 for Synthesis): Enemy's Green uses Tackle! Damage: 20
Your Green uses Leaf! Damage: 10
Your Green: HP 29 || Enemy's Green: HP 76
--------------------------------------------------
Round 83
Select your action (0 for escape, 1 for skill): Select your action (0 for escape, 1 for skill): Select your action (0 for escape, 1 for skill): Select your action (0 for escape, 1 for skill): Select the skill (0 for back, 1 for Tackle, 2 for Leaf, 3 for Synthesis): Enemy's Green uses Tackle! Damage: 20
Your Green uses Tackle! Damage: 20
Your Green: HP 9 || Enemy's Green: HP 56
--------------------------------------------------
Round 84
Select your action (0 for escape, 1 for skill): Select your action (0 for escape, 1 for skill): Select the skill (0 for back, 1 for Tackle, 2 for Leaf, 3 for Synthesis): Enemy's Green uses Tackle! Damage: 20
Your Green is beaten
You Lose
