Welcome to Battle of Slimes 2!
Enemy has Green, Blue and Yellow, starting with Yellow.
You can select three from five (1 for Green, 2 for Red, 3 for Blue, 4 for Yellow, 5 for Pink).
Select your 1st slime: Select your 2nd slime: Select your 3rd slime: You have Red, Yellow and Green, starting with Red
Your Red: HP 100 || Enemy's Yellow: HP 90
Battle starts!
--------------------------------------------------
Round 1
Select your action (0 for escape, 1 for skill, 2 for change): Select your action (0 for escape, 1 for skill, 2 for change): Select your action (0 for escape, 1 for skill, 2 for change): Select your action (0 for escape, 1 for skill, 2 for change): Select your next slime (0 for back, 2 for Yellow-HP90, 3 for Green-HP110): You send Yellow
Enemy sends Blue
Your Yellow: HP 90 || Enemy's Blue: HP 100
--------------------------------------------------
Round 2
Select your action (0 for escape, 1 for skill, 2 for change): Select the skill (0 for back, 1 for Quick, 2 for Volt, 3 for Thunder): Enemy sends Green
Your Yellow uses Thunder! Failure
Your Yellow: HP 90 || Enemy's Green: HP 110
--------------------------------------------------
Round 3
Select your action (0 for escape, 1 for skill, 2 for change): Select the skill (0 for back, 1 for Quick, 2 for Volt, 3 for Thunder): Your Yellow uses Volt! Damage: 13
Enemy's Green uses Leaf! Damage: 20
Your Yellow: HP 70 || Enemy's Green: HP 97
--------------------------------------------------
Round 4
Select your action (0 for escape, 1 for skill, 2 for change): Select the skill (0 for back, 1 for Quick, 2 for Volt, 3 for Thunder): Your Yellow uses Volt! Damage: 13
Enemy's Green uses Leaf! Damage: 20
Your Yellow: HP 50 || Enemy's Green: HP 84
--------------------------------------------------
Round 5
Select your action (0 for escape, 1 for skill, 2 for change): Select the skill (0 for back, 1 for Quick, 2 for Volt, 3 for Thunder): Your Yellow uses Thunder! Failure
Enemy's Green uses Leaf! Damage: 20
Your Yellow: HP 30 || Enemy's Green: HP 84
--------------------------------------------------
Round 6
Select your action (0 for escape, 1 for skill, 2 for change): Select your next slime (0 for back, 1 for Red-HP100, 3 for Green-HP110): You send Red
Enemy's Green uses Leaf! Damage: 10
Your Red: HP 90 || Enemy's Green: HP 84
--------------------------------------------------
Round 7
Select your action (0 for escape, 1 for skill, 2 for change): Select your next slime (0 for back, 2 for Yellow-HP30, 3 for Green-HP110): You send Green
Enemy sends Blue
Your Green: HP 110 || Enemy's Blue: HP 100
--------------------------------------------------
Round 8
Select your action (0 for escape, 1 for skill, 2 for change): Select your action (0 for escape, 1 for skill, 2 for change): Select your next slime (0 for back, 1 for Red-HP90, 2 for Yellow-HP30): You send Yellow
Enemy's Blue uses Rainy! Weather becomes rainy
Your Yellow: HP 30 || Enemy's Blue: HP 100
--------------------------------------------------
Round 9
Select your action (0 for escape, 1 for skill, 2 for change): Select your action (0 for escape, 1 for skill, 2 for change): Select the skill (0 for back, 1 for Quick, 2 for Volt, 3 for Thunder): Enemy sends Green
Your Yellow uses Thunder! Damage: 25
Your Yellow: HP 30 || Enemy's Green: HP 59
--------------------------------------------------
Round 10
Select your action (0 for escape, 1 for skill, 2 for change): Select your next slime (0 for back, 1 for Red-HP90, 3 for Green-HP110): Select your next slime (0 for back, 1 for Red-HP90, 3 for Green-HP110): Select your next slime (0 for back, 1 for Red-HP90, 3 for Green-HP110): You send Green
Enemy's Green uses Leaf! Damage: 10
Your Green: HP 100 || Enemy's Green: HP 59
--------------------------------------------------
Round 11
Select your action (0 for escape, 1 for skill, 2 for change): Select the skill (0 for back, 1 for Tackle, 2 for Leaf, 3 for Synthesis): Enemy's Green uses Tackle! Damage: 20
Your Green uses Leaf! Damage: 10
Your Green: HP 80 || Enemy's Green: HP 49
--------------------------------------------------
Round 12
Select your action (0 for escape, 1 for skill, 2 for change): Select your next slime (0 for back, 1 for Red-HP90, 2 for Yellow-HP30): Select your next slime (0 for back, 1 for Red-HP90, 2 for Yellow-HP30): You send Yellow
Enemy's Green uses Synthesis! Recovery: 22
Your Yellow: HP 30 || Enemy's Green: HP 71
--------------------------------------------------
Weather becomes normal
Round 13
Select your action (0 for escape, 1 for skill, 2 for change): Select your action (0 for escape, 1 for skill, 2 for change): Select your next slime (0 for back, 1 for Red-HP90, 3 for Green-HP80): You send Green
Enemy's Green uses Leaf! Damage: 10
Your Green: HP 70 || Enemy's Green: HP 71
--------------------------------------------------
Round 14
Select your action (0 for escape, 1 for skill, 2 for change): Select your action (0 for escape, 1 for skill, 2 for change): Select your action (0 for escape, 1 for skill, 2 for change): Select your next slime (0 for back, 1 for Red-HP90, 2 for Yellow-HP30): You send Yellow
Enemy's Green uses Tackle! Damage: 20
Your Yellow: HP 10 || Enemy's Green: HP 71
--------------------------------------------------
Round 15
Select your action (0 for escape, 1 for skill, 2 for change): Select your next slime (0 for back, 1 for Red-HP90, 3 for Green-HP70): Select your next slime (0 for back, 1 for Red-HP90, 3 for Green-HP70): Select your next slime (0 for back, 1 for Red-HP90, 3 for Green-HP70): Select your next slime (0 for back, 1 for Red-HP90, 3 for Green-HP70): You send Green
Enemy's Green uses Leaf! Damage: 10
Your Green: HP 60 || Enemy's Green: HP 71
--------------------------------------------------
Round 16
Select your action (0 for escape, 1 for skill, 2 for change): Select the skill (0 for back, 1 for Tackle, 2 for Leaf, 3 for Synthesis): Enemy's Green uses Tackle! Damage: 20
Your Green uses Synthesis! Recovery: 33
Your Green: HP 73 || Enemy's Green: HP 71
--------------------------------------------------
Round 17
Select your action (0 for escape, 1 for skill, 2 for change): Select the skill (0 for back, 1 for Tackle, 2 for Leaf, 3 for Synthesis): Enemy's Green uses Tackle! Damage: 20
Your Green uses Leaf! Damage: 10
Your Green: HP 53 || Enemy's Green: HP 61
--------------------------------------------------
Round 18
Select your action (0 for escape, 1 for skill, 2 for change): Select the skill (0 for back, 1 for Tackle, 2 for Leaf, 3 for Synthesis): Enemy's Green uses Tackle! Damage: 20
Your Green uses Leaf! Damage: 10
Your Green: HP 33 || Enemy's Green: HP 51
--------------------------------------------------
Round 19
Select your action (0 for escape, 1 for skill, 2 for change): Select the skill (0 for back, 1 for Tackle, 2 for Leaf, 3 for Synthesis): Enemy's Green uses Synthesis! Recovery: 33
Your Green uses Leaf! Damage: 10
Your Green: HP 33 || Enemy's Green: HP 74
--------------------------------------------------
Round 20
Select your action (0 for escape, 1 for skill, 2 for change): Select your action (0 for escape, 1 for skill, 2 for change): Select the skill (0 for back, 1 for Tackle, 2 for Leaf, 3 for Synthesis): Enemy's Green uses Tackle! Damage: 20
Your Green uses Synthesis! Recovery: 33
Your Green: HP 46 || Enemy's Green: HP 74
--------------------------------------------------
Round 21
Select your action (0 for escape, 1 for skill, 2 for change): Select your next slime (0 for back, 1 for Red-HP90, 2 for Yellow-HP10): You send Red
Enemy's Green uses Tackle! Damage: 20
Your Red: HP 70 || Enemy's Green: HP 74
--------------------------------------------------
Round 22
Select your action (0 for escape, 1 for skill, 2 for change): Select your next slime (0 for back, 2 for Yellow-HP10, 3 for Green-HP46): You send Green
Enemy sends Blue
Your Green: HP 46 || Enemy's Blue: HP 100
--------------------------------------------------
Round 23
Select your action (0 for escape, 1 for skill, 2 for change): Select your action (0 for escape, 1 for skill, 2 for change): Select the skill (0 for back, 1 for Tackle, 2 for Leaf, 3 for Synthesis): Enemy's Blue uses Rainy! Weather becomes rainy
Your Green uses Leaf! Damage: 29
Your Green: HP 46 || Enemy's Blue: HP 71
--------------------------------------------------
Round 24
Select your action (0 for escape, 1 for skill, 2 for change): Select the skill (0 for back, 1 for Tackle, 2 for Leaf, 3 for Synthesis): Enemy sends Green
Your Green uses Synthesis! Recovery: 22
Your Green: HP 68 || Enemy's Green: HP 74
--------------------------------------------------
Round 25
Select your action (0 for escape, 1 for skill, 2 for change): Select your next slime (0 for back, 1 for Red-HP70, 2 for Yellow-HP10): You send Red
Enemy's Green uses Tackle! Damage: 20
Your Red: HP 50 || Enemy's Green: HP 74
--------------------------------------------------
Round 26
Select your action (0 for escape, 1 for skill, 2 for change): Select your action (0 for escape, 1 for skill, 2 for change): Select your next slime (0 for back, 2 for Yellow-HP10, 3 for Green-HP68): Select your next slime (0 for back, 2 for Yellow-HP10, 3 for Green-HP68): You send Yellow
Enemy sends Blue
Your Yellow: HP 10 || Enemy's Blue: HP 71
--------------------------------------------------
Round 27
Select your action (0 for escape, 1 for skill, 2 for change): Select your next slime (0 for back, 1 for Red-HP50, 3 for Green-HP68): Select your next slime (0 for back, 1 for Red-HP50, 3 for Green-HP68): You send Red
Enemy sends Green
Your Red: HP 50 || Enemy's Green: HP 74
--------------------------------------------------
Weather becomes normal
Round 28
Select your action (0 for escape, 1 for skill, 2 for change): Select your next slime (0 for back, 2 for Yellow-HP10, 3 for Green-HP68): Select your next slime (0 for back, 2 for Yellow-HP10, 3 for Green-HP68): You send Yellow
Enemy sends Blue
Your Yellow: HP 10 || Enemy's Blue: HP 71
--------------------------------------------------
Round 29
Select your action (0 for escape, 1 for skill, 2 for change): Select your action (0 for escape, 1 for skill, 2 for change): Select your action (0 for escape, 1 for skill, 2 for change): Select your action (0 for escape, 1 for skill, 2 for change): Select the skill (0 for back, 1 for Quick, 2 for Volt, 3 for Thunder): Enemy sends Green
Your Yellow uses Volt! Damage: 13
Your Yellow: HP 10 || Enemy's Green: HP 61
--------------------------------------------------
Round 30
Select your action (0 for escape, 1 for skill, 2 for change): Select the skill (0 for back, 1 for Quick, 2 for Volt, 3 for Thunder): Your Yellow uses Volt! Damage: 13
Enemy's Green uses Leaf! Damage: 20
Your Yellow is beaten
Select your next slime (1 for Red-HP50, 3 for Green-HP68): Select your next slime (1 for Red-HP50, 3 for Green-HP68): You send Red
Your Red: HP 50 || Enemy's Green: HP 48
--------------------------------------------------
Round 31
Select your action (0 for escape, 1 for skill, 2 for change): Select the skill (0 for back, 1 for Claw, 2 for Flame, 3 for Sunny): Enemy sends Blue
Your Red uses Claw! Damage: 13
Your Red: HP 50 || Enemy's Blue: HP 58
--------------------------------------------------
Round 32
Select your action (0 for escape, 1 for skill, 2 for change): Select your action (0 for escape, 1 for skill, 2 for change): Select the skill (0 for back, 1 for Claw, 2 for Flame, 3 for Sunny): Enemy's Blue uses Rainy! Weather becomes rainy
Your Red uses Flame! Damage: 4
Your Red: HP 50 || Enemy's Blue: HP 54
--------------------------------------------------
Round 33
Select your action (0 for escape, 1 for skill, 2 for change): Select your next slime (0 for back, 3 for Green-HP68): You send Green
Enemy's Blue uses Stream! Damage: 15
Your Green: HP 53 || Enemy's Blue: HP 54
--------------------------------------------------
Round 34
Select your action (0 for escape, 1 for skill, 2 for change): Select the skill (0 for back, 1 for Tackle, 2 for Leaf, 3 for Synthesis): Enemy sends Green
Your Green uses Tackle! Damage: 20
Your Green: HP 53 || Enemy's Green: HP 28
--------------------------------------------------
Round 35
Select your action (0 for escape, 1 for skill, 2 for change): Select your next slime (0 for back, 1 for Red-HP50): Select your next slime (0 for back, 1 for Red-HP50): You send Red
Enemy's Green uses Synthesis! Recovery: 22
Your Red: HP 50 || Enemy's Green: HP 50
--------------------------------------------------
Round 36
Select your action (0 for escape, 1 for skill, 2 for change): Select your next slime (0 for back, 3 for Green-HP53): Select your next slime (0 for back, 3 for Green-HP53): You send Green
Enemy sends Blue
Your Green: HP 53 || Enemy's Blue: HP 54
--------------------------------------------------
Weather becomes normal
Round 37
Select your action (0 for escape, 1 for skill, 2 for change): Select your next slime (0 for back, 1 for Red-HP50): Select your next slime (0 for back, 1 for Red-HP50): Select your next slime (0 for back, 1 for Red-HP50): Select your next slime (0 for back, 1 for Red-HP50): Select your next slime (0 for back, 1 for Red-HP50): You send Red
Enemy's Blue uses Rainy! Weather becomes rainy
Your Red: HP 50 || Enemy's Blue: HP 54
--------------------------------------------------
Round 38
Select your action (0 for escape, 1 for skill, 2 for change): Select your next slime (0 for back, 3 for Green-HP53): Select your next slime (0 for back, 3 for Green-HP53): Select your next slime (0 for back, 3 for Green-HP53): You send Green
Enemy's Blue uses Stream! Damage: 15
Your Green: HP 38 || Enemy's Blue: HP 54
--------------------------------------------------
Round 39
Select your action (0 for escape, 1 for skill, 2 for change): Select the skill (0 for back, 1 for Tackle, 2 for Leaf, 3 for Synthesis): Enemy sends Green
Your Green uses Tackle! Damage: 20
Your Green: HP 38 || Enemy's Green: HP 30
--------------------------------------------------
Round 40
Select your action (0 for escape, 1 for skill, 2 for change): Select your next slime (0 for back, 1 for Red-HP50): Select your next slime (0 for back, 1 for Red-HP50): Select your next slime (0 for back, 1 for Red-HP50): Select your next slime (0 for back, 1 for Red-HP50): Select your next slime (0 for back, 1 for Red-HP50): You send Red
Enemy's Green uses Synthesis! Recovery: 22
Your Red: HP 50 || Enemy's Green: HP 52
--------------------------------------------------
Round 41
Select your action (0 for escape, 1 for skill, 2 for change): Select your action (0 for escape, 1 for skill, 2 for change): Select the skill (0 for back, 1 for Claw, 2 for Flame, 3 for Sunny): Enemy sends Blue
Your Red uses Claw! Damage: 13
Your Red: HP 50 || Enemy's Blue: HP 41
--------------------------------------------------
Weather becomes normal
Round 42
Select your action (0 for escape, 1 for skill, 2 for change): Select the skill (0 for back, 1 for Claw, 2 for Flame, 3 for Sunny): Enemy's Blue uses Rainy! Weather becomes rainy
Your Red uses Claw! Damage: 13
Your Red: HP 50 || Enemy's Blue: HP 28
--------------------------------------------------
Round 43
Select your action (0 for escape, 1 for skill, 2 for change): Select your next slime (0 for back, 3 for Green-HP38): You send Green
Enemy's Blue uses Stream! Damage: 15
Your Green: HP 23 || Enemy's Blue: HP 28
--------------------------------------------------
Round 44
Select your action (0 for escape, 1 for skill, 2 for change): Select your next slime (0 for back, 1 for Red-HP50): Select your next slime (0 for back, 1 for Red-HP50): You send Red
Enemy sends Green
Your Red: HP 50 || Enemy's Green: HP 52
--------------------------------------------------
Round 45
Select your action (0 for escape, 1 for skill, 2 for change): Select your next slime (0 for back, 3 for Green-HP23): Select your next slime (0 for back, 3 for Green-HP23): Select your next slime (0 for back, 3 for Green-HP23): Select your next slime (0 for back, 3 for Green-HP23): You send Green
Enemy sends Blue
Your Green: HP 23 || Enemy's Blue: HP 28
--------------------------------------------------
Round 46
Select your action (0 for escape, 1 for skill, 2 for change): Select your next slime (0 for back, 1 for Red-HP50): Select your next slime (0 for back, 1 for Red-HP50): Select your next slime (0 for back, 1 for Red-HP50): You send Red
Enemy sends Green
Your Red: HP 50 || Enemy's Green: HP 52
--------------------------------------------------
Weather becomes normal
Round 47
Select your action (0 for escape, 1 for skill, 2 for change): Select your action (0 for escape, 1 for skill, 2 for change): Select the skill (0 for back, 1 for Claw, 2 for Flame, 3 for Sunny): Enemy sends Blue
Your Red uses Claw! Damage: 13
Your Red: HP 50 || Enemy's Blue: HP 15
--------------------------------------------------
Round 48
Select your action (0 for escape, 1 for skill, 2 for change): Select your action (0 for escape, 1 for skill, 2 for change): Select the skill (0 for back, 1 for Claw, 2 for Flame, 3 for Sunny): Enemy's Blue uses Rainy! Weather becomes rainy
Your Red uses Flame! Damage: 4
Your Red: HP 50 || Enemy's Blue: HP 11
--------------------------------------------------
Round 49
Select your action (0 for escape, 1 for skill, 2 for change): Select your next slime (0 for back, 3 for Green-HP23): You send Green
Enemy's Blue uses Stream! Damage: 15
Your Green: HP 8 || Enemy's Blue: HP 11
--------------------------------------------------
Round 50
Select your action (0 for escape, 1 for skill, 2 for change): Select your action (0 for escape, 1 for skill, 2 for change): Select the skill (0 for back, 1 for Tackle, 2 for Leaf, 3 for Synthesis): Enemy sends Green
Your Green uses Leaf! Damage: 10
Your Green: HP 8 || Enemy's Green: HP 42
--------------------------------------------------
Round 51
Select your action (0 for escape, 1 for skill, 2 for change): Select the skill (0 for back, 1 for Tackle, 2 for Leaf, 3 for Synthesis): Enemy's Green uses Synthesis! Recovery: 22
Your Green uses Synthesis! Recovery: 22
Your Green: HP 30 || Enemy's Green: HP 64
--------------------------------------------------
Round 52
Select your action (0 for escape, 1 for skill, 2 for change): Select your next slime (0 for back, 1 for Red-HP50): Select your next slime (0 for back, 1 for Red-HP50): You send Red
Enemy's Green uses Tackle! Damage: 20
Your Red: HP 30 || Enemy's Green: HP 64
--------------------------------------------------
Weather becomes normal
Round 53
Select your action (0 for escape, 1 for skill, 2 for change): Select your next slime (0 for back, 3 for Green-HP30): Select your next slime (0 for back, 3 for Green-HP30): You send Green
Enemy sends Blue
Your Green: HP 30 || Enemy's Blue: HP 11
--------------------------------------------------
Round 54
Select your action (0 for escape, 1 for skill, 2 for change): Select the skill (0 for back, 1 for Tackle, 2 for Leaf, 3 for Synthesis): Enemy's Blue uses Rainy! Weather becomes rainy
Your Green uses Synthesis! Recovery: 22
Your Green: HP 52 || Enemy's Blue: HP 11
--------------------------------------------------
Round 55
Select your action (0 for escape, 1 for skill, 2 for change): Select the skill (0 for back, 1 for Tackle, 2 for Leaf, 3 for Synthesis): Enemy sends Green
Your Green uses Leaf! Damage: 10
Your Green: HP 52 || Enemy's Green: HP 54
--------------------------------------------------
Round 56
Select your action (0 for escape, 1 for skill, 2 for change): Select your action (0 for escape, 1 for skill, 2 for change): Select the skill (0 for back, 1 for Tackle, 2 for Leaf, 3 for Synthesis): Enemy's Green uses Synthesis! Recovery: 22
Your Green uses Synthesis! Recovery: 22
Your Green: HP 74 || Enemy's Green: HP 76
--------------------------------------------------
Round 57
Select your action (0 for escape, 1 for skill, 2 for change): Select the skill (0 for back, 1 for Tackle, 2 for Leaf, 3 for Synthesis): Enemy's Green uses Tackle! Damage: 20
Your Green uses Synthesis! Recovery: 22
Your Green: HP 76 || Enemy's Green: HP 76
--------------------------------------------------
Round 58
Select your action (0 for escape, 1 for skill, 2 for change): Select the skill (0 for back, 1 for Tackle, 2 for Leaf, 3 for Synthesis): Enemy's Green uses Tackle! Damage: 20
Your Green uses Tackle! Damage: 20
Your Green: HP 56 || Enemy's Green: HP 56
--------------------------------------------------
Weather becomes normal
Round 59
Select your action (0 for escape, 1 for skill, 2 for change): Select your next slime (0 for back, 1 for Red-HP30): Select your next slime (0 for back, 1 for Red-HP30): You send Red
Enemy's Green uses Tackle! Damage: 20
Your Red: HP 10 || Enemy's Green: HP 56
--------------------------------------------------
Round 60
Select your action (0 for escape, 1 for skill, 2 for change): Select the skill (0 for back, 1 for Claw, 2 for Flame, 3 for Sunny): Enemy sends Blue
Your Red uses Sunny! Weather becomes sunny
Your Red: HP 10 || Enemy's Blue: HP 11
--------------------------------------------------
Round 61
Select your action (0 for escape, 1 for skill, 2 for change): Select the skill (0 for back, 1 for Claw, 2 for Flame, 3 for Sunny): Your Red uses Sunny! Weather becomes sunny
Enemy's Blue uses Rainy! Weather becomes rainy
Your Red: HP 10 || Enemy's Blue: HP 11
--------------------------------------------------
Round 62
Select your action (0 for escape, 1 for skill, 2 for change): Select your action (0 for escape, 1 for skill, 2 for change): Select your action (0 for escape, 1 for skill, 2 for change): Select your next slime (0 for back, 3 for Green-HP56): Select your next slime (0 for back, 3 for Green-HP56): You send Green
Enemy's Blue uses Stream! Damage: 15
Your Green: HP 41 || Enemy's Blue: HP 11
--------------------------------------------------
Round 63
Select your action (0 for escape, 1 for skill, 2 for change): Select the skill (0 for back, 1 for Tackle, 2 for Leaf, 3 for Synthesis): Enemy sends Green
Your Green uses Tackle! Damage: 20
Your Green: HP 41 || Enemy's Green: HP 36
--------------------------------------------------
Round 64
Select your action (0 for escape, 1 for skill, 2 for change): Select your next slime (0 for back, 1 for Red-HP10): You send Red
Enemy's Green uses Synthesis! Recovery: 22
Your Red: HP 10 || Enemy's Green: HP 58
--------------------------------------------------
Round 65
Select your action (0 for escape, 1 for skill, 2 for change): Select the skill (0 for back, 1 for Claw, 2 for Flame, 3 for Sunny): Enemy sends Blue
Your Red uses Flame! Damage: 4
Your Red: HP 10 || Enemy's Blue: HP 7
--------------------------------------------------
Weather becomes normal
Round 66
Select your action (0 for escape, 1 for skill, 2 for change): Select the skill (0 for back, 1 for Claw, 2 for Flame, 3 for Sunny): Your Red uses Sunny! Weather becomes sunny
Enemy's Blue uses Rainy! Weather becomes rainy
Your Red: HP 10 || Enemy's Blue: HP 7
--------------------------------------------------
Round 67
Select your action (0 for escape, 1 for skill, 2 for change): Select the skill (0 for back, 1 for Claw, 2 for Flame, 3 for Sunny): Your Red uses Flame! Damage: 4
Enemy's Blue uses Stream! Damage: 60
Your Red is beaten
Select your next slime (3 for Green-HP41): Select your next slime (3 for Green-HP41): Select your next slime (3 for Green-HP41): Select your next slime (3 for Green-HP41): Select your next slime (3 for Green-HP41): Select your next slime (3 for Green-HP41): Select your next slime (3 for Green-HP41): Select your next slime (3 for Green-HP41): Select your next slime (3 for Green-HP41): Select your next slime (3 for Green-HP41): Select your next slime (3 for Green-HP41): Select your next slime (3 for Green-HP41): Select your next slime (3 for Green-HP41): Select your next slime (3 for Green-HP41): Select your next slime (3 for Green-HP41): Select your next slime (3 for Green-HP41): Select your next slime (3 for Green-HP41): Select your next slime (3 for Green-HP41): Select your next slime (3 for Green-HP41): Select your next slime (3 for Green-HP41): You send Green
Your Green: HP 41 || Enemy's Blue: HP 3
--------------------------------------------------
Round 68
Select your action (0 for escape, 1 for skill): Select your action (0 for escape, 1 for skill): Select your action (0 for escape, 1 for skill): Select your action (0 for escape, 1 for skill): Select your action (0 for escape, 1 for skill): Select your action (0 for escape, 1 for skill): Select the skill (0 for back, 1 for Tackle, 2 for Leaf, 3 for Synthesis): Enemy sends Green
Your Green uses Synthesis! Recovery: 22
Your Green: HP 63 || Enemy's Green: HP 58
--------------------------------------------------
Round 69
Select your action (0 for escape, 1 for skill): Select your action (0 for escape, 1 for skill): Select the skill (0 for back, 1 for Tackle, 2 for Leaf, 3 for Synthesis): Enemy's Green uses Tackle! Damage: 20
Your Green uses Tackle! Damage: 20
Your Green: HP 43 || Enemy's Green: HP 38
--------------------------------------------------
Round 70
Select your action (0 for escape, 1 for skill): Select your action (0 for escape, 1 for skill): Select your action (0 for escape, 1 for skill): Select your action (0 for escape, 1 for skill): Select your action (0 for escape, 1 for skill): Select your action (0 for escape, 1 for skill): Select your action (0 for escape, 1 for skill): Select your action (0 for escape, 1 for skill): Select your action (0 for escape, 1 for skill): Select your action (0 for escape, 1 for skill): Select your action (0 for escape, 1 for skill): Select the skill (0 for back, 1 for Tackle, 2 for Leaf, 3 for Synthesis): Enemy's Green uses Synthesis! Recovery: 22
Your Green uses Tackle! Damage: 20
Your Green: HP 43 || Enemy's Green: HP 40
--------------------------------------------------
Weather becomes normal
Round 71
Select your action (0 for escape, 1 for skill): Select the skill (0 for back, 1 for Tackle, 2 for Leaf, 3 for Synthesis): Enemy's Green uses Synthesis! Recovery: 33
Your Green uses Tackle! Damage: 20
Your Green: HP 43 || Enemy's Green: HP 53
--------------------------------------------------
Round 72
Select your action (0 for escape, 1 for skill): Select your action (0 for escape, 1 for skill): Select your action (0 for escape, 1 for skill): Select the skill (0 for back, 1 for Tackle, 2 for Leaf, 3 for Synthesis): Enemy's Green uses Synthesis! Recovery: 33
Your Green uses Tackle! Damage: 20
Your Green: HP 43 || Enemy's Green: HP 66
--------------------------------------------------
Round 73
Select your action (0 for escape, 1 for skill): Select your action (0 for escape, 1 for skill): Select your action (0 for escape, 1 for skill): Select your action (0 for escape, 1 for skill): Select your action (0 for escape, 1 for skill): Select the skill (0 for back, 1 for Tackle, 2 for Leaf, 3 for Synthesis): Enemy's Green uses Tackle! Damage: 20
Your Green uses Tackle! Damage: 20
Your Green: HP 23 || Enemy's Green: HP 46
--------------------------------------------------
Round 74
Select your action (0 for escape, 1 for skill): Select the skill (0 for back, 1 for Tackle, 2 for Leaf, 3 for Synthesis): Enemy's Green uses Synthesis! Recovery: 33
Your Green uses Tackle! Damage: 20
Your Green: HP 23 || Enemy's Green: HP 59
--------------------------------------------------
Round 75
Select your action (0 for escape, 1 for skill): Select your action (0 for escape, 1 for skill): Select your action (0 for escape, 1 for skill): Select the skill (0 for back, 1 for Tackle, 2 for Leaf, 3 for Synthesis): Enemy's Green uses Tackle! Damage: 20
Your Green uses Synthesis! Recovery: 33
Your Green: HP 36 || Enemy's Green: HP 59
--------------------------------------------------
Round 76
Select your action (0 for escape, 1 for skill): Select your action (0 for escape, 1 for skill): Select your action (0 for escape, 1 for skill): Select your action (0 for escape, 1 for skill): Select the skill (0 for back, 1 for Tackle, 2 for Leaf, 3 for Synthesis): Enemy's Green uses Tackle! Damage: 20
Your Green uses Tackle! Damage: 20
Your Green: HP 16 || Enemy's Green: HP 39
--------------------------------------------------
Round 77
Select your action (0 for escape, 1 for skill): Select your action (0 for escape, 1 for skill): Select your action (0 for escape, 1 for skill): Select your action (0 for escape, 1 for skill): Select your action (0 for escape, 1 for skill): Select your action (0 for escape, 1 for skill): Select your action (0 for escape, 1 for skill): Select the skill (0 for back, 1 for Tackle, 2 for Leaf, 3 for Synthesis): Enemy's Green uses Synthesis! Recovery: 33
Your Green uses Synthesis! Recovery: 33
Your Green: HP 49 || Enemy's Green: HP 72
--------------------------------------------------
Round 78
Select your action (0 for escape, 1 for skill): Select the skill (0 for back, 1 for Tackle, 2 for Leaf, 3 for Synthesis): Enemy's Green uses Tackle! Damage: 20
Your Green uses Tackle! Damage: 20
Your Green: HP 29 || Enemy's Green: HP 52
--------------------------------------------------
Round 79
Select your action (0 for escape, 1 for skill): Select your action (0 for escape, 1 for skill): Select the skill (0 for back, 1 for Tackle, 2 for Leaf, 3 for Synthesis): Enemy's Green uses Synthesis! Recovery: 33
Your Green uses Tackle! Damage: 20
Your Green: HP 29 || Enemy's Green: HP 65
--------------------------------------------------
Round 80
Select your action (0 for escape, 1 for skill): Select the skill (0 for back, 1 for Tackle, 2 for Leaf, 3 for Synthesis): Enemy's Green uses Tackle! Damage: 20
Your Green uses Synthesis! Recovery: 33
Your Green: HP 42 || Enemy's Green: HP 65
--------------------------------------------------
Round 81
Select your action (0 for escape, 1 for skill): Select the skill (0 for back, 1 for Tackle, 2 for Leaf, 3 for Synthesis): Enemy's Green uses Tackle! Damage: 20
Your Green uses Leaf! Damage: 10
Your Green: HP 22 || Enemy's Green: HP 55
--------------------------------------------------
Round 82
Select your action (0 for escape, 1 for skill): Select your action (0 for escape, 1 for skill): Select your action (0 for escape, 1 for skill): Select your action (0 for escape, 1 for skill): Select your action (0 for escape, 1 for skill): Select the skill (0 for back, 1 for Tackle, 2 for Leaf, 3 for Synthesis): Enemy's Green uses Tackle! Damage: 20
Your Green uses Tackle! Damage: 20
Your Green: HP 2 || Enemy's Green: HP 35
--------------------------------------------------
Round 83
Select your action (0 for escape, 1 for skill): Select your action (0 for escape, 1 for skill): Select your action (0 for escape, 1 for skill): Select your action (0 for escape, 1 for skill): Select your action (0 for escape, 1 for skill): Select the skill (0 for back, 1 for Tackle, 2 for Leaf, 3 for Synthesis): Enemy's Green uses Synthesis! Recovery: 33
Your Green uses Tackle! Damage: 20
Your Green: HP 2 || Enemy's Green: HP 48
--------------------------------------------------
Round 84
Select your action (0 for escape, 1 for skill): Select your action (0 for escape, 1 for skill): Select your action (0 for escape, 1 for skill): Select your action (0 for escape, 1 for skill): Select the skill (0 for back, 1 for Tackle, 2 for Leaf, 3 for Synthesis): Enemy's Green uses Synthesis! Recovery: 33
Your Green uses Leaf! Damage: 10
Your Green: HP 2 || Enemy's Green: HP 71
--------------------------------------------------
Round 85
Select your action (0 for escape, 1 for skill): Select the skill (0 for back, 1 for Tackle, 2 for Leaf, 3 for Synthesis): Enemy's Green uses Tackle! Damage: 20
Your Green is beaten
You Lose
